[6.618s] Invoking command in '/home/zaynap/project_ws/src/gap_follower': PYTHONPATH=/home/zaynap/project_ws/build/gap_follower/prefix_override:/usr/lib/python3/dist-packages/colcon_core/task/python/colcon_distutils_commands:/home/zaynap/project_ws/install/gap_follower/lib/python3.10/site-packages:${PYTHONPATH} /usr/bin/python3 -W ignore:setup.py install is deprecated -W ignore:easy_install command is deprecated setup.py egg_info --egg-base ../../build/gap_follower build --build-base /home/zaynap/project_ws/build/gap_follower/build install --record /home/zaynap/project_ws/build/gap_follower/install.log --single-version-externally-managed install_data
[6.822s] /home/zaynap/.local/lib/python3.10/site-packages/setuptools/_distutils/dist.py:270: UserWarning: Unknown distribution option: 'tests_require'
[6.822s]   warnings.warn(msg)
[6.979s] running egg_info
[7.005s] writing ../../build/gap_follower/gap_follower.egg-info/PKG-INFO
[7.006s] writing dependency_links to ../../build/gap_follower/gap_follower.egg-info/dependency_links.txt
[7.006s] writing entry points to ../../build/gap_follower/gap_follower.egg-info/entry_points.txt
[7.007s] writing requirements to ../../build/gap_follower/gap_follower.egg-info/requires.txt
[7.007s] writing top-level names to ../../build/gap_follower/gap_follower.egg-info/top_level.txt
[7.061s] reading manifest file '../../build/gap_follower/gap_follower.egg-info/SOURCES.txt'
[7.087s] writing manifest file '../../build/gap_follower/gap_follower.egg-info/SOURCES.txt'
[7.087s] running build
[7.087s] running build_py
[7.087s] copying gap_follower/__init__.py -> /home/zaynap/project_ws/build/gap_follower/build/lib/gap_follower
[7.087s] copying gap_follower/naive_gap_follower.py -> /home/zaynap/project_ws/build/gap_follower/build/lib/gap_follower
[7.087s] running install
[7.093s] running install_lib
[7.119s] copying /home/zaynap/project_ws/build/gap_follower/build/lib/gap_follower/naive_gap_follower.py -> /home/zaynap/project_ws/install/gap_follower/lib/python3.10/site-packages/gap_follower
[7.119s] byte-compiling /home/zaynap/project_ws/install/gap_follower/lib/python3.10/site-packages/gap_follower/naive_gap_follower.py to naive_gap_follower.cpython-310.pyc
[7.121s] running install_data
[7.121s] copying resource/gap_follower -> /home/zaynap/project_ws/install/gap_follower/share/ament_index/resource_index/packages
[7.122s] copying package.xml -> /home/zaynap/project_ws/install/gap_follower/share/gap_follower
[7.122s] running install_egg_info
[7.149s] removing '/home/zaynap/project_ws/install/gap_follower/lib/python3.10/site-packages/gap_follower-0.0.0-py3.10.egg-info' (and everything under it)
[7.150s] Copying ../../build/gap_follower/gap_follower.egg-info to /home/zaynap/project_ws/install/gap_follower/lib/python3.10/site-packages/gap_follower-0.0.0-py3.10.egg-info
[7.178s] running install_scripts
[7.501s] Installing naive_gap_follower script to /home/zaynap/project_ws/install/gap_follower/lib/gap_follower
[7.501s] writing list of installed files to '/home/zaynap/project_ws/build/gap_follower/install.log'
[7.544s] Invoked command in '/home/zaynap/project_ws/src/gap_follower' returned '0': PYTHONPATH=/home/zaynap/project_ws/build/gap_follower/prefix_override:/usr/lib/python3/dist-packages/colcon_core/task/python/colcon_distutils_commands:/home/zaynap/project_ws/install/gap_follower/lib/python3.10/site-packages:${PYTHONPATH} /usr/bin/python3 -W ignore:setup.py install is deprecated -W ignore:easy_install command is deprecated setup.py egg_info --egg-base ../../build/gap_follower build --build-base /home/zaynap/project_ws/build/gap_follower/build install --record /home/zaynap/project_ws/build/gap_follower/install.log --single-version-externally-managed install_data
