[0.011s] Invoking command in '/home/zaynap/project_ws/build/dynamixel_sdk_examples': AMENT_PREFIX_PATH=/home/zaynap/project_ws/install/dynamixel_sdk_custom_interfaces:/home/zaynap/project_ws/install/dynamixel_sdk:${AMENT_PREFIX_PATH} CMAKE_PREFIX_PATH=/home/zaynap/project_ws/install/dynamixel_sdk_custom_interfaces:/home/zaynap/project_ws/install/dynamixel_sdk:/home/zaynap/project_ws/install/model_description:/home/zaynap/project_ws/install/robot_bringup:/opt/ros/humble LD_LIBRARY_PATH=/home/zaynap/project_ws/install/dynamixel_sdk_custom_interfaces/lib:/home/zaynap/project_ws/install/dynamixel_sdk/lib:${LD_LIBRARY_PATH} PYTHONPATH=/home/zaynap/project_ws/install/dynamixel_sdk_custom_interfaces/local/lib/python3.10/dist-packages:${PYTHONPATH} /usr/bin/cmake /home/zaynap/project_ws/src/DynamixelSDK/dynamixel_sdk_examples -DCMAKE_INSTALL_PREFIX=/home/zaynap/project_ws/install/dynamixel_sdk_examples
[0.059s] -- The C compiler identification is GNU 11.4.0
[0.117s] -- The CXX compiler identification is GNU 11.4.0
[0.125s] -- Detecting C compiler ABI info
[0.190s] -- Detecting C compiler ABI info - done
[0.198s] -- Check for working C compiler: /usr/bin/cc - skipped
[0.198s] -- Detecting C compile features
[0.199s] -- Detecting C compile features - done
[0.202s] -- Detecting CXX compiler ABI info
[0.269s] -- Detecting CXX compiler ABI info - done
[0.278s] -- Check for working CXX compiler: /usr/bin/c++ - skipped
[0.278s] -- Detecting CXX compile features
[0.278s] -- Detecting CXX compile features - done
[0.282s] -- Found ament_cmake: 1.3.11 (/opt/ros/humble/share/ament_cmake/cmake)
[0.643s] -- Found Python3: /usr/bin/python3 (found version "3.10.12") found components: Interpreter 
[0.747s] -- Found dynamixel_sdk: 3.7.60 (/home/zaynap/project_ws/install/dynamixel_sdk/share/dynamixel_sdk/cmake)
[0.748s] -- Found dynamixel_sdk_custom_interfaces: 3.7.60 (/home/zaynap/project_ws/install/dynamixel_sdk_custom_interfaces/share/dynamixel_sdk_custom_interfaces/cmake)
[0.787s] -- Found rosidl_generator_c: 3.1.6 (/opt/ros/humble/share/rosidl_generator_c/cmake)
[0.792s] -- Found rosidl_adapter: 3.1.6 (/opt/ros/humble/share/rosidl_adapter/cmake)
[0.801s] -- Found rosidl_generator_cpp: 3.1.6 (/opt/ros/humble/share/rosidl_generator_cpp/cmake)
[0.813s] -- Using all available rosidl_typesupport_c: rosidl_typesupport_fastrtps_c;rosidl_typesupport_introspection_c
[0.829s] -- Using all available rosidl_typesupport_cpp: rosidl_typesupport_fastrtps_cpp;rosidl_typesupport_introspection_cpp
[0.855s] -- Found rclcpp: 16.0.11 (/opt/ros/humble/share/rclcpp/cmake)
[0.894s] -- Found rmw_implementation_cmake: 6.1.2 (/opt/ros/humble/share/rmw_implementation_cmake/cmake)
[0.897s] -- Found rmw_fastrtps_cpp: 6.2.7 (/opt/ros/humble/share/rmw_fastrtps_cpp/cmake)
[0.975s] -- Found OpenSSL: /usr/lib/x86_64-linux-gnu/libcrypto.so (found version "3.0.2")  
[1.007s] -- Found FastRTPS: /opt/ros/humble/include  
[1.048s] -- Using RMW implementation 'rmw_fastrtps_cpp' as default
[1.057s] -- Looking for pthread.h
[1.121s] -- Looking for pthread.h - found
[1.121s] -- Performing Test CMAKE_HAVE_LIBC_PTHREAD
[1.186s] -- Performing Test CMAKE_HAVE_LIBC_PTHREAD - Success
[1.187s] -- Found Threads: TRUE  
[1.245s] -- Found ament_lint_auto: 0.12.11 (/opt/ros/humble/share/ament_lint_auto/cmake)
[1.431s] -- Added test 'copyright' to check source files copyright and LICENSE
[1.432s] -- Added test 'cppcheck' to perform static code analysis on C / C++ code
[1.432s] -- Configured cppcheck include dirs: /home/zaynap/project_ws/src/DynamixelSDK/dynamixel_sdk_examples/include
[1.432s] -- Configured cppcheck exclude dirs and/or files: 
[1.458s] -- Added test 'cpplint' to check C / C++ code against the Google style
[1.458s] -- Configured cpplint exclude dirs and/or files: 
[1.459s] -- Added test 'lint_cmake' to check CMake code style
[1.460s] -- Added test 'uncrustify' to check C / C++ code style
[1.460s] -- Configured uncrustify additional arguments: 
[1.461s] -- Added test 'xmllint' to check XML markup files
[1.462s] -- Configuring done
[1.475s] -- Generating done
[1.481s] -- Build files have been written to: /home/zaynap/project_ws/build/dynamixel_sdk_examples
[1.494s] Invoked command in '/home/zaynap/project_ws/build/dynamixel_sdk_examples' returned '0': AMENT_PREFIX_PATH=/home/zaynap/project_ws/install/dynamixel_sdk_custom_interfaces:/home/zaynap/project_ws/install/dynamixel_sdk:${AMENT_PREFIX_PATH} CMAKE_PREFIX_PATH=/home/zaynap/project_ws/install/dynamixel_sdk_custom_interfaces:/home/zaynap/project_ws/install/dynamixel_sdk:/home/zaynap/project_ws/install/model_description:/home/zaynap/project_ws/install/robot_bringup:/opt/ros/humble LD_LIBRARY_PATH=/home/zaynap/project_ws/install/dynamixel_sdk_custom_interfaces/lib:/home/zaynap/project_ws/install/dynamixel_sdk/lib:${LD_LIBRARY_PATH} PYTHONPATH=/home/zaynap/project_ws/install/dynamixel_sdk_custom_interfaces/local/lib/python3.10/dist-packages:${PYTHONPATH} /usr/bin/cmake /home/zaynap/project_ws/src/DynamixelSDK/dynamixel_sdk_examples -DCMAKE_INSTALL_PREFIX=/home/zaynap/project_ws/install/dynamixel_sdk_examples
[1.495s] Invoking command in '/home/zaynap/project_ws/build/dynamixel_sdk_examples': AMENT_PREFIX_PATH=/home/zaynap/project_ws/install/dynamixel_sdk_custom_interfaces:/home/zaynap/project_ws/install/dynamixel_sdk:${AMENT_PREFIX_PATH} CMAKE_PREFIX_PATH=/home/zaynap/project_ws/install/dynamixel_sdk_custom_interfaces:/home/zaynap/project_ws/install/dynamixel_sdk:/home/zaynap/project_ws/install/model_description:/home/zaynap/project_ws/install/robot_bringup:/opt/ros/humble LD_LIBRARY_PATH=/home/zaynap/project_ws/install/dynamixel_sdk_custom_interfaces/lib:/home/zaynap/project_ws/install/dynamixel_sdk/lib:${LD_LIBRARY_PATH} PYTHONPATH=/home/zaynap/project_ws/install/dynamixel_sdk_custom_interfaces/local/lib/python3.10/dist-packages:${PYTHONPATH} /usr/bin/cmake --build /home/zaynap/project_ws/build/dynamixel_sdk_examples -- -j8 -l8
[1.538s] [ 50%] [32mBuilding CXX object CMakeFiles/read_write_node.dir/src/read_write_node.cpp.o[0m
[21.208s] [100%] [32m[1mLinking CXX executable read_write_node[0m
[23.178s] [100%] Built target read_write_node
[23.289s] Invoked command in '/home/zaynap/project_ws/build/dynamixel_sdk_examples' returned '0': AMENT_PREFIX_PATH=/home/zaynap/project_ws/install/dynamixel_sdk_custom_interfaces:/home/zaynap/project_ws/install/dynamixel_sdk:${AMENT_PREFIX_PATH} CMAKE_PREFIX_PATH=/home/zaynap/project_ws/install/dynamixel_sdk_custom_interfaces:/home/zaynap/project_ws/install/dynamixel_sdk:/home/zaynap/project_ws/install/model_description:/home/zaynap/project_ws/install/robot_bringup:/opt/ros/humble LD_LIBRARY_PATH=/home/zaynap/project_ws/install/dynamixel_sdk_custom_interfaces/lib:/home/zaynap/project_ws/install/dynamixel_sdk/lib:${LD_LIBRARY_PATH} PYTHONPATH=/home/zaynap/project_ws/install/dynamixel_sdk_custom_interfaces/local/lib/python3.10/dist-packages:${PYTHONPATH} /usr/bin/cmake --build /home/zaynap/project_ws/build/dynamixel_sdk_examples -- -j8 -l8
[23.290s] Invoking command in '/home/zaynap/project_ws/build/dynamixel_sdk_examples': AMENT_PREFIX_PATH=/home/zaynap/project_ws/install/dynamixel_sdk_custom_interfaces:/home/zaynap/project_ws/install/dynamixel_sdk:${AMENT_PREFIX_PATH} CMAKE_PREFIX_PATH=/home/zaynap/project_ws/install/dynamixel_sdk_custom_interfaces:/home/zaynap/project_ws/install/dynamixel_sdk:/home/zaynap/project_ws/install/model_description:/home/zaynap/project_ws/install/robot_bringup:/opt/ros/humble LD_LIBRARY_PATH=/home/zaynap/project_ws/install/dynamixel_sdk_custom_interfaces/lib:/home/zaynap/project_ws/install/dynamixel_sdk/lib:${LD_LIBRARY_PATH} PYTHONPATH=/home/zaynap/project_ws/install/dynamixel_sdk_custom_interfaces/local/lib/python3.10/dist-packages:${PYTHONPATH} /usr/bin/cmake --install /home/zaynap/project_ws/build/dynamixel_sdk_examples
[23.318s] -- Install configuration: ""
[23.318s] -- Installing: /home/zaynap/project_ws/install/dynamixel_sdk_examples/lib/dynamixel_sdk_examples/read_write_node
[23.331s] -- Set runtime path of "/home/zaynap/project_ws/install/dynamixel_sdk_examples/lib/dynamixel_sdk_examples/read_write_node" to ""
[23.331s] -- Installing: /home/zaynap/project_ws/install/dynamixel_sdk_examples/share/ament_index/resource_index/package_run_dependencies/dynamixel_sdk_examples
[23.331s] -- Installing: /home/zaynap/project_ws/install/dynamixel_sdk_examples/share/ament_index/resource_index/parent_prefix_path/dynamixel_sdk_examples
[23.331s] -- Installing: /home/zaynap/project_ws/install/dynamixel_sdk_examples/share/dynamixel_sdk_examples/environment/ament_prefix_path.sh
[23.331s] -- Installing: /home/zaynap/project_ws/install/dynamixel_sdk_examples/share/dynamixel_sdk_examples/environment/ament_prefix_path.dsv
[23.332s] -- Installing: /home/zaynap/project_ws/install/dynamixel_sdk_examples/share/dynamixel_sdk_examples/environment/path.sh
[23.332s] -- Installing: /home/zaynap/project_ws/install/dynamixel_sdk_examples/share/dynamixel_sdk_examples/environment/path.dsv
[23.332s] -- Installing: /home/zaynap/project_ws/install/dynamixel_sdk_examples/share/dynamixel_sdk_examples/local_setup.bash
[23.333s] -- Installing: /home/zaynap/project_ws/install/dynamixel_sdk_examples/share/dynamixel_sdk_examples/local_setup.sh
[23.334s] -- Installing: /home/zaynap/project_ws/install/dynamixel_sdk_examples/share/dynamixel_sdk_examples/local_setup.zsh
[23.334s] -- Installing: /home/zaynap/project_ws/install/dynamixel_sdk_examples/share/dynamixel_sdk_examples/local_setup.dsv
[23.335s] -- Installing: /home/zaynap/project_ws/install/dynamixel_sdk_examples/share/dynamixel_sdk_examples/package.dsv
[23.335s] -- Installing: /home/zaynap/project_ws/install/dynamixel_sdk_examples/share/ament_index/resource_index/packages/dynamixel_sdk_examples
[23.335s] -- Installing: /home/zaynap/project_ws/install/dynamixel_sdk_examples/share/dynamixel_sdk_examples/cmake/dynamixel_sdk_examplesConfig.cmake
[23.335s] -- Installing: /home/zaynap/project_ws/install/dynamixel_sdk_examples/share/dynamixel_sdk_examples/cmake/dynamixel_sdk_examplesConfig-version.cmake
[23.338s] -- Installing: /home/zaynap/project_ws/install/dynamixel_sdk_examples/share/dynamixel_sdk_examples/package.xml
[23.338s] Invoked command in '/home/zaynap/project_ws/build/dynamixel_sdk_examples' returned '0': AMENT_PREFIX_PATH=/home/zaynap/project_ws/install/dynamixel_sdk_custom_interfaces:/home/zaynap/project_ws/install/dynamixel_sdk:${AMENT_PREFIX_PATH} CMAKE_PREFIX_PATH=/home/zaynap/project_ws/install/dynamixel_sdk_custom_interfaces:/home/zaynap/project_ws/install/dynamixel_sdk:/home/zaynap/project_ws/install/model_description:/home/zaynap/project_ws/install/robot_bringup:/opt/ros/humble LD_LIBRARY_PATH=/home/zaynap/project_ws/install/dynamixel_sdk_custom_interfaces/lib:/home/zaynap/project_ws/install/dynamixel_sdk/lib:${LD_LIBRARY_PATH} PYTHONPATH=/home/zaynap/project_ws/install/dynamixel_sdk_custom_interfaces/local/lib/python3.10/dist-packages:${PYTHONPATH} /usr/bin/cmake --install /home/zaynap/project_ws/build/dynamixel_sdk_examples
