[0.041s] Invoking command in '/home/zaynap/project_ws/build/turtlebot3_msgs': CMAKE_PREFIX_PATH=${CMAKE_PREFIX_PATH}:/home/zaynap/project_ws/install/robot_bringup:/opt/ros/humble /usr/bin/cmake --build /home/zaynap/project_ws/build/turtlebot3_msgs -- -j8 -l8
[0.408s] [ 11%] Built target turtlebot3_msgs__rosidl_generator_c
[0.409s] [ 12%] Built target turtlebot3_msgs__cpp
[0.409s] [ 12%] Built target ament_cmake_python_copy_turtlebot3_msgs
[0.410s] [ 23%] Built target turtlebot3_msgs__rosidl_typesupport_fastrtps_c
[0.410s] [ 35%] Built target turtlebot3_msgs__rosidl_typesupport_c
[0.411s] [ 46%] Built target turtlebot3_msgs__rosidl_typesupport_introspection_c
[0.412s] [ 57%] Built target turtlebot3_msgs__rosidl_typesupport_introspection_cpp
[0.412s] [ 69%] Built target turtlebot3_msgs__rosidl_typesupport_fastrtps_cpp
[0.412s] [ 80%] Built target turtlebot3_msgs__rosidl_typesupport_cpp
[0.413s] [ 80%] Built target turtlebot3_msgs
[0.413s] [ 81%] Built target turtlebot3_msgs__py
[0.413s] [ 91%] Built target turtlebot3_msgs__rosidl_generator_py
[0.413s] [ 94%] Built target turtlebot3_msgs__rosidl_typesupport_introspection_c__pyext
[0.413s] [100%] Built target turtlebot3_msgs__rosidl_typesupport_c__pyext
[0.413s] [100%] Built target turtlebot3_msgs__rosidl_typesupport_fastrtps_c__pyext
[0.506s] running egg_info
[0.535s] writing turtlebot3_msgs.egg-info/PKG-INFO
[0.535s] writing dependency_links to turtlebot3_msgs.egg-info/dependency_links.txt
[0.536s] writing top-level names to turtlebot3_msgs.egg-info/top_level.txt
[0.613s] reading manifest file 'turtlebot3_msgs.egg-info/SOURCES.txt'
[0.614s] writing manifest file 'turtlebot3_msgs.egg-info/SOURCES.txt'
[0.655s] [100%] Built target ament_cmake_python_build_turtlebot3_msgs_egg
[0.860s] Invoked command in '/home/zaynap/project_ws/build/turtlebot3_msgs' returned '0': CMAKE_PREFIX_PATH=${CMAKE_PREFIX_PATH}:/home/zaynap/project_ws/install/robot_bringup:/opt/ros/humble /usr/bin/cmake --build /home/zaynap/project_ws/build/turtlebot3_msgs -- -j8 -l8
[0.862s] Invoking command in '/home/zaynap/project_ws/build/turtlebot3_msgs': CMAKE_PREFIX_PATH=${CMAKE_PREFIX_PATH}:/home/zaynap/project_ws/install/robot_bringup:/opt/ros/humble /usr/bin/cmake --install /home/zaynap/project_ws/build/turtlebot3_msgs
[0.881s] -- Install configuration: ""
[0.881s] -- Up-to-date: /home/zaynap/project_ws/install/turtlebot3_msgs/share/ament_index/resource_index/rosidl_interfaces/turtlebot3_msgs
[0.881s] -- Up-to-date: /home/zaynap/project_ws/install/turtlebot3_msgs/include/turtlebot3_msgs/turtlebot3_msgs
[0.881s] -- Up-to-date: /home/zaynap/project_ws/install/turtlebot3_msgs/include/turtlebot3_msgs/turtlebot3_msgs/action
[0.881s] -- Up-to-date: /home/zaynap/project_ws/install/turtlebot3_msgs/include/turtlebot3_msgs/turtlebot3_msgs/action/detail
[0.882s] -- Up-to-date: /home/zaynap/project_ws/install/turtlebot3_msgs/include/turtlebot3_msgs/turtlebot3_msgs/action/detail/patrol__functions.c
[0.897s] -- Up-to-date: /home/zaynap/project_ws/install/turtlebot3_msgs/include/turtlebot3_msgs/turtlebot3_msgs/action/detail/patrol__struct.h
[0.897s] -- Up-to-date: /home/zaynap/project_ws/install/turtlebot3_msgs/include/turtlebot3_msgs/turtlebot3_msgs/action/detail/patrol__functions.h
[0.897s] -- Up-to-date: /home/zaynap/project_ws/install/turtlebot3_msgs/include/turtlebot3_msgs/turtlebot3_msgs/action/detail/patrol__type_support.h
[0.897s] -- Up-to-date: /home/zaynap/project_ws/install/turtlebot3_msgs/include/turtlebot3_msgs/turtlebot3_msgs/action/patrol.h
[0.897s] -- Up-to-date: /home/zaynap/project_ws/install/turtlebot3_msgs/include/turtlebot3_msgs/turtlebot3_msgs/msg
[0.898s] -- Up-to-date: /home/zaynap/project_ws/install/turtlebot3_msgs/include/turtlebot3_msgs/turtlebot3_msgs/msg/version_info.h
[0.898s] -- Up-to-date: /home/zaynap/project_ws/install/turtlebot3_msgs/include/turtlebot3_msgs/turtlebot3_msgs/msg/sensor_state.h
[0.898s] -- Up-to-date: /home/zaynap/project_ws/install/turtlebot3_msgs/include/turtlebot3_msgs/turtlebot3_msgs/msg/rosidl_generator_c__visibility_control.h
[0.898s] -- Up-to-date: /home/zaynap/project_ws/install/turtlebot3_msgs/include/turtlebot3_msgs/turtlebot3_msgs/msg/sound.h
[0.898s] -- Up-to-date: /home/zaynap/project_ws/install/turtlebot3_msgs/include/turtlebot3_msgs/turtlebot3_msgs/msg/detail
[0.899s] -- Up-to-date: /home/zaynap/project_ws/install/turtlebot3_msgs/include/turtlebot3_msgs/turtlebot3_msgs/msg/detail/sensor_state__type_support.h
[0.900s] -- Up-to-date: /home/zaynap/project_ws/install/turtlebot3_msgs/include/turtlebot3_msgs/turtlebot3_msgs/msg/detail/sound__type_support.h
[0.900s] -- Up-to-date: /home/zaynap/project_ws/install/turtlebot3_msgs/include/turtlebot3_msgs/turtlebot3_msgs/msg/detail/version_info__struct.h
[0.900s] -- Up-to-date: /home/zaynap/project_ws/install/turtlebot3_msgs/include/turtlebot3_msgs/turtlebot3_msgs/msg/detail/sensor_state__functions.c
[0.900s] -- Up-to-date: /home/zaynap/project_ws/install/turtlebot3_msgs/include/turtlebot3_msgs/turtlebot3_msgs/msg/detail/sensor_state__functions.h
[0.900s] -- Up-to-date: /home/zaynap/project_ws/install/turtlebot3_msgs/include/turtlebot3_msgs/turtlebot3_msgs/msg/detail/version_info__functions.h
[0.900s] -- Up-to-date: /home/zaynap/project_ws/install/turtlebot3_msgs/include/turtlebot3_msgs/turtlebot3_msgs/msg/detail/sensor_state__struct.h
[0.901s] -- Up-to-date: /home/zaynap/project_ws/install/turtlebot3_msgs/include/turtlebot3_msgs/turtlebot3_msgs/msg/detail/version_info__functions.c
[0.901s] -- Up-to-date: /home/zaynap/project_ws/install/turtlebot3_msgs/include/turtlebot3_msgs/turtlebot3_msgs/msg/detail/sound__functions.h
[0.901s] -- Up-to-date: /home/zaynap/project_ws/install/turtlebot3_msgs/include/turtlebot3_msgs/turtlebot3_msgs/msg/detail/sound__struct.h
[0.901s] -- Up-to-date: /home/zaynap/project_ws/install/turtlebot3_msgs/include/turtlebot3_msgs/turtlebot3_msgs/msg/detail/version_info__type_support.h
[0.901s] -- Up-to-date: /home/zaynap/project_ws/install/turtlebot3_msgs/include/turtlebot3_msgs/turtlebot3_msgs/msg/detail/sound__functions.c
[0.901s] -- Up-to-date: /home/zaynap/project_ws/install/turtlebot3_msgs/include/turtlebot3_msgs/turtlebot3_msgs/srv
[0.901s] -- Up-to-date: /home/zaynap/project_ws/install/turtlebot3_msgs/include/turtlebot3_msgs/turtlebot3_msgs/srv/dqn.h
[0.902s] -- Up-to-date: /home/zaynap/project_ws/install/turtlebot3_msgs/include/turtlebot3_msgs/turtlebot3_msgs/srv/sound.h
[0.902s] -- Up-to-date: /home/zaynap/project_ws/install/turtlebot3_msgs/include/turtlebot3_msgs/turtlebot3_msgs/srv/detail
[0.902s] -- Up-to-date: /home/zaynap/project_ws/install/turtlebot3_msgs/include/turtlebot3_msgs/turtlebot3_msgs/srv/detail/dqn__struct.h
[0.902s] -- Up-to-date: /home/zaynap/project_ws/install/turtlebot3_msgs/include/turtlebot3_msgs/turtlebot3_msgs/srv/detail/dqn__functions.c
[0.902s] -- Up-to-date: /home/zaynap/project_ws/install/turtlebot3_msgs/include/turtlebot3_msgs/turtlebot3_msgs/srv/detail/sound__type_support.h
[0.902s] -- Up-to-date: /home/zaynap/project_ws/install/turtlebot3_msgs/include/turtlebot3_msgs/turtlebot3_msgs/srv/detail/dqn__functions.h
[0.903s] -- Up-to-date: /home/zaynap/project_ws/install/turtlebot3_msgs/include/turtlebot3_msgs/turtlebot3_msgs/srv/detail/dqn__type_support.h
[0.903s] -- Up-to-date: /home/zaynap/project_ws/install/turtlebot3_msgs/include/turtlebot3_msgs/turtlebot3_msgs/srv/detail/sound__functions.h
[0.903s] -- Up-to-date: /home/zaynap/project_ws/install/turtlebot3_msgs/include/turtlebot3_msgs/turtlebot3_msgs/srv/detail/sound__struct.h
[0.903s] -- Up-to-date: /home/zaynap/project_ws/install/turtlebot3_msgs/include/turtlebot3_msgs/turtlebot3_msgs/srv/detail/sound__functions.c
[0.903s] -- Up-to-date: /home/zaynap/project_ws/install/turtlebot3_msgs/share/turtlebot3_msgs/environment/library_path.sh
[0.903s] -- Up-to-date: /home/zaynap/project_ws/install/turtlebot3_msgs/share/turtlebot3_msgs/environment/library_path.dsv
[0.903s] -- Up-to-date: /home/zaynap/project_ws/install/turtlebot3_msgs/lib/libturtlebot3_msgs__rosidl_generator_c.so
[0.905s] -- Up-to-date: /home/zaynap/project_ws/install/turtlebot3_msgs/include/turtlebot3_msgs/turtlebot3_msgs
[0.905s] -- Up-to-date: /home/zaynap/project_ws/install/turtlebot3_msgs/include/turtlebot3_msgs/turtlebot3_msgs/action
[0.906s] -- Up-to-date: /home/zaynap/project_ws/install/turtlebot3_msgs/include/turtlebot3_msgs/turtlebot3_msgs/action/detail
[0.906s] -- Up-to-date: /home/zaynap/project_ws/install/turtlebot3_msgs/include/turtlebot3_msgs/turtlebot3_msgs/action/detail/patrol__rosidl_typesupport_fastrtps_c.h
[0.906s] -- Up-to-date: /home/zaynap/project_ws/install/turtlebot3_msgs/include/turtlebot3_msgs/turtlebot3_msgs/msg
[0.906s] -- Up-to-date: /home/zaynap/project_ws/install/turtlebot3_msgs/include/turtlebot3_msgs/turtlebot3_msgs/msg/detail
[0.906s] -- Up-to-date: /home/zaynap/project_ws/install/turtlebot3_msgs/include/turtlebot3_msgs/turtlebot3_msgs/msg/detail/sensor_state__rosidl_typesupport_fastrtps_c.h
[0.906s] -- Up-to-date: /home/zaynap/project_ws/install/turtlebot3_msgs/include/turtlebot3_msgs/turtlebot3_msgs/msg/detail/sound__rosidl_typesupport_fastrtps_c.h
[0.906s] -- Up-to-date: /home/zaynap/project_ws/install/turtlebot3_msgs/include/turtlebot3_msgs/turtlebot3_msgs/msg/detail/version_info__rosidl_typesupport_fastrtps_c.h
[0.906s] -- Up-to-date: /home/zaynap/project_ws/install/turtlebot3_msgs/include/turtlebot3_msgs/turtlebot3_msgs/msg/rosidl_typesupport_fastrtps_c__visibility_control.h
[0.906s] -- Up-to-date: /home/zaynap/project_ws/install/turtlebot3_msgs/include/turtlebot3_msgs/turtlebot3_msgs/srv
[0.907s] -- Up-to-date: /home/zaynap/project_ws/install/turtlebot3_msgs/include/turtlebot3_msgs/turtlebot3_msgs/srv/detail
[0.907s] -- Up-to-date: /home/zaynap/project_ws/install/turtlebot3_msgs/include/turtlebot3_msgs/turtlebot3_msgs/srv/detail/dqn__rosidl_typesupport_fastrtps_c.h
[0.907s] -- Up-to-date: /home/zaynap/project_ws/install/turtlebot3_msgs/include/turtlebot3_msgs/turtlebot3_msgs/srv/detail/sound__rosidl_typesupport_fastrtps_c.h
[0.910s] -- Up-to-date: /home/zaynap/project_ws/install/turtlebot3_msgs/lib/libturtlebot3_msgs__rosidl_typesupport_fastrtps_c.so
[0.910s] -- Up-to-date: /home/zaynap/project_ws/install/turtlebot3_msgs/include/turtlebot3_msgs/turtlebot3_msgs
[0.910s] -- Up-to-date: /home/zaynap/project_ws/install/turtlebot3_msgs/include/turtlebot3_msgs/turtlebot3_msgs/action
[0.910s] -- Up-to-date: /home/zaynap/project_ws/install/turtlebot3_msgs/include/turtlebot3_msgs/turtlebot3_msgs/action/patrol.hpp
[0.910s] -- Up-to-date: /home/zaynap/project_ws/install/turtlebot3_msgs/include/turtlebot3_msgs/turtlebot3_msgs/action/detail
[0.910s] -- Up-to-date: /home/zaynap/project_ws/install/turtlebot3_msgs/include/turtlebot3_msgs/turtlebot3_msgs/action/detail/patrol__type_support.hpp
[0.911s] -- Up-to-date: /home/zaynap/project_ws/install/turtlebot3_msgs/include/turtlebot3_msgs/turtlebot3_msgs/action/detail/patrol__traits.hpp
[0.911s] -- Up-to-date: /home/zaynap/project_ws/install/turtlebot3_msgs/include/turtlebot3_msgs/turtlebot3_msgs/action/detail/patrol__struct.hpp
[0.911s] -- Up-to-date: /home/zaynap/project_ws/install/turtlebot3_msgs/include/turtlebot3_msgs/turtlebot3_msgs/action/detail/patrol__builder.hpp
[0.911s] -- Up-to-date: /home/zaynap/project_ws/install/turtlebot3_msgs/include/turtlebot3_msgs/turtlebot3_msgs/msg
[0.911s] -- Up-to-date: /home/zaynap/project_ws/install/turtlebot3_msgs/include/turtlebot3_msgs/turtlebot3_msgs/msg/version_info.hpp
[0.911s] -- Up-to-date: /home/zaynap/project_ws/install/turtlebot3_msgs/include/turtlebot3_msgs/turtlebot3_msgs/msg/sensor_state.hpp
[0.911s] -- Up-to-date: /home/zaynap/project_ws/install/turtlebot3_msgs/include/turtlebot3_msgs/turtlebot3_msgs/msg/sound.hpp
[0.911s] -- Up-to-date: /home/zaynap/project_ws/install/turtlebot3_msgs/include/turtlebot3_msgs/turtlebot3_msgs/msg/detail
[0.911s] -- Up-to-date: /home/zaynap/project_ws/install/turtlebot3_msgs/include/turtlebot3_msgs/turtlebot3_msgs/msg/detail/version_info__traits.hpp
[0.912s] -- Up-to-date: /home/zaynap/project_ws/install/turtlebot3_msgs/include/turtlebot3_msgs/turtlebot3_msgs/msg/detail/version_info__struct.hpp
[0.912s] -- Up-to-date: /home/zaynap/project_ws/install/turtlebot3_msgs/include/turtlebot3_msgs/turtlebot3_msgs/msg/detail/sound__builder.hpp
[0.912s] -- Up-to-date: /home/zaynap/project_ws/install/turtlebot3_msgs/include/turtlebot3_msgs/turtlebot3_msgs/msg/detail/version_info__builder.hpp
[0.912s] -- Up-to-date: /home/zaynap/project_ws/install/turtlebot3_msgs/include/turtlebot3_msgs/turtlebot3_msgs/msg/detail/sound__type_support.hpp
[0.912s] -- Up-to-date: /home/zaynap/project_ws/install/turtlebot3_msgs/include/turtlebot3_msgs/turtlebot3_msgs/msg/detail/version_info__type_support.hpp
[0.912s] -- Up-to-date: /home/zaynap/project_ws/install/turtlebot3_msgs/include/turtlebot3_msgs/turtlebot3_msgs/msg/detail/sensor_state__traits.hpp
[0.912s] -- Up-to-date: /home/zaynap/project_ws/install/turtlebot3_msgs/include/turtlebot3_msgs/turtlebot3_msgs/msg/detail/sensor_state__type_support.hpp
[0.912s] -- Up-to-date: /home/zaynap/project_ws/install/turtlebot3_msgs/include/turtlebot3_msgs/turtlebot3_msgs/msg/detail/sound__struct.hpp
[0.912s] -- Up-to-date: /home/zaynap/project_ws/install/turtlebot3_msgs/include/turtlebot3_msgs/turtlebot3_msgs/msg/detail/sound__traits.hpp
[0.913s] -- Up-to-date: /home/zaynap/project_ws/install/turtlebot3_msgs/include/turtlebot3_msgs/turtlebot3_msgs/msg/detail/sensor_state__struct.hpp
[0.913s] -- Up-to-date: /home/zaynap/project_ws/install/turtlebot3_msgs/include/turtlebot3_msgs/turtlebot3_msgs/msg/detail/sensor_state__builder.hpp
[0.913s] -- Up-to-date: /home/zaynap/project_ws/install/turtlebot3_msgs/include/turtlebot3_msgs/turtlebot3_msgs/msg/rosidl_generator_cpp__visibility_control.hpp
[0.913s] -- Up-to-date: /home/zaynap/project_ws/install/turtlebot3_msgs/include/turtlebot3_msgs/turtlebot3_msgs/srv
[0.913s] -- Up-to-date: /home/zaynap/project_ws/install/turtlebot3_msgs/include/turtlebot3_msgs/turtlebot3_msgs/srv/sound.hpp
[0.913s] -- Up-to-date: /home/zaynap/project_ws/install/turtlebot3_msgs/include/turtlebot3_msgs/turtlebot3_msgs/srv/dqn.hpp
[0.913s] -- Up-to-date: /home/zaynap/project_ws/install/turtlebot3_msgs/include/turtlebot3_msgs/turtlebot3_msgs/srv/detail
[0.913s] -- Up-to-date: /home/zaynap/project_ws/install/turtlebot3_msgs/include/turtlebot3_msgs/turtlebot3_msgs/srv/detail/sound__builder.hpp
[0.913s] -- Up-to-date: /home/zaynap/project_ws/install/turtlebot3_msgs/include/turtlebot3_msgs/turtlebot3_msgs/srv/detail/sound__type_support.hpp
[0.914s] -- Up-to-date: /home/zaynap/project_ws/install/turtlebot3_msgs/include/turtlebot3_msgs/turtlebot3_msgs/srv/detail/dqn__builder.hpp
[0.914s] -- Up-to-date: /home/zaynap/project_ws/install/turtlebot3_msgs/include/turtlebot3_msgs/turtlebot3_msgs/srv/detail/dqn__type_support.hpp
[0.914s] -- Up-to-date: /home/zaynap/project_ws/install/turtlebot3_msgs/include/turtlebot3_msgs/turtlebot3_msgs/srv/detail/dqn__traits.hpp
[0.914s] -- Up-to-date: /home/zaynap/project_ws/install/turtlebot3_msgs/include/turtlebot3_msgs/turtlebot3_msgs/srv/detail/dqn__struct.hpp
[0.914s] -- Up-to-date: /home/zaynap/project_ws/install/turtlebot3_msgs/include/turtlebot3_msgs/turtlebot3_msgs/srv/detail/sound__struct.hpp
[0.914s] -- Up-to-date: /home/zaynap/project_ws/install/turtlebot3_msgs/include/turtlebot3_msgs/turtlebot3_msgs/srv/detail/sound__traits.hpp
[0.914s] -- Up-to-date: /home/zaynap/project_ws/install/turtlebot3_msgs/include/turtlebot3_msgs/turtlebot3_msgs
[0.914s] -- Up-to-date: /home/zaynap/project_ws/install/turtlebot3_msgs/include/turtlebot3_msgs/turtlebot3_msgs/action
[0.914s] -- Up-to-date: /home/zaynap/project_ws/install/turtlebot3_msgs/include/turtlebot3_msgs/turtlebot3_msgs/action/detail
[0.915s] -- Up-to-date: /home/zaynap/project_ws/install/turtlebot3_msgs/include/turtlebot3_msgs/turtlebot3_msgs/action/detail/dds_fastrtps
[0.915s] -- Up-to-date: /home/zaynap/project_ws/install/turtlebot3_msgs/include/turtlebot3_msgs/turtlebot3_msgs/action/detail/patrol__rosidl_typesupport_fastrtps_cpp.hpp
[0.915s] -- Up-to-date: /home/zaynap/project_ws/install/turtlebot3_msgs/include/turtlebot3_msgs/turtlebot3_msgs/msg
[0.915s] -- Up-to-date: /home/zaynap/project_ws/install/turtlebot3_msgs/include/turtlebot3_msgs/turtlebot3_msgs/msg/detail
[0.915s] -- Up-to-date: /home/zaynap/project_ws/install/turtlebot3_msgs/include/turtlebot3_msgs/turtlebot3_msgs/msg/detail/sensor_state__rosidl_typesupport_fastrtps_cpp.hpp
[0.915s] -- Up-to-date: /home/zaynap/project_ws/install/turtlebot3_msgs/include/turtlebot3_msgs/turtlebot3_msgs/msg/detail/version_info__rosidl_typesupport_fastrtps_cpp.hpp
[0.915s] -- Up-to-date: /home/zaynap/project_ws/install/turtlebot3_msgs/include/turtlebot3_msgs/turtlebot3_msgs/msg/detail/dds_fastrtps
[0.916s] -- Up-to-date: /home/zaynap/project_ws/install/turtlebot3_msgs/include/turtlebot3_msgs/turtlebot3_msgs/msg/detail/sound__rosidl_typesupport_fastrtps_cpp.hpp
[0.916s] -- Up-to-date: /home/zaynap/project_ws/install/turtlebot3_msgs/include/turtlebot3_msgs/turtlebot3_msgs/msg/rosidl_typesupport_fastrtps_cpp__visibility_control.h
[0.916s] -- Up-to-date: /home/zaynap/project_ws/install/turtlebot3_msgs/include/turtlebot3_msgs/turtlebot3_msgs/srv
[0.916s] -- Up-to-date: /home/zaynap/project_ws/install/turtlebot3_msgs/include/turtlebot3_msgs/turtlebot3_msgs/srv/detail
[0.916s] -- Up-to-date: /home/zaynap/project_ws/install/turtlebot3_msgs/include/turtlebot3_msgs/turtlebot3_msgs/srv/detail/dqn__rosidl_typesupport_fastrtps_cpp.hpp
[0.916s] -- Up-to-date: /home/zaynap/project_ws/install/turtlebot3_msgs/include/turtlebot3_msgs/turtlebot3_msgs/srv/detail/dds_fastrtps
[0.916s] -- Up-to-date: /home/zaynap/project_ws/install/turtlebot3_msgs/include/turtlebot3_msgs/turtlebot3_msgs/srv/detail/sound__rosidl_typesupport_fastrtps_cpp.hpp
[0.916s] -- Up-to-date: /home/zaynap/project_ws/install/turtlebot3_msgs/lib/libturtlebot3_msgs__rosidl_typesupport_fastrtps_cpp.so
[0.917s] -- Up-to-date: /home/zaynap/project_ws/install/turtlebot3_msgs/include/turtlebot3_msgs/turtlebot3_msgs
[0.917s] -- Up-to-date: /home/zaynap/project_ws/install/turtlebot3_msgs/include/turtlebot3_msgs/turtlebot3_msgs/action
[0.917s] -- Up-to-date: /home/zaynap/project_ws/install/turtlebot3_msgs/include/turtlebot3_msgs/turtlebot3_msgs/action/detail
[0.917s] -- Up-to-date: /home/zaynap/project_ws/install/turtlebot3_msgs/include/turtlebot3_msgs/turtlebot3_msgs/action/detail/patrol__type_support.c
[0.917s] -- Up-to-date: /home/zaynap/project_ws/install/turtlebot3_msgs/include/turtlebot3_msgs/turtlebot3_msgs/action/detail/patrol__rosidl_typesupport_introspection_c.h
[0.917s] -- Up-to-date: /home/zaynap/project_ws/install/turtlebot3_msgs/include/turtlebot3_msgs/turtlebot3_msgs/msg
[0.917s] -- Up-to-date: /home/zaynap/project_ws/install/turtlebot3_msgs/include/turtlebot3_msgs/turtlebot3_msgs/msg/rosidl_typesupport_introspection_c__visibility_control.h
[0.917s] -- Up-to-date: /home/zaynap/project_ws/install/turtlebot3_msgs/include/turtlebot3_msgs/turtlebot3_msgs/msg/detail
[0.918s] -- Up-to-date: /home/zaynap/project_ws/install/turtlebot3_msgs/include/turtlebot3_msgs/turtlebot3_msgs/msg/detail/sensor_state__rosidl_typesupport_introspection_c.h
[0.918s] -- Up-to-date: /home/zaynap/project_ws/install/turtlebot3_msgs/include/turtlebot3_msgs/turtlebot3_msgs/msg/detail/sensor_state__type_support.c
[0.918s] -- Up-to-date: /home/zaynap/project_ws/install/turtlebot3_msgs/include/turtlebot3_msgs/turtlebot3_msgs/msg/detail/version_info__rosidl_typesupport_introspection_c.h
[0.918s] -- Up-to-date: /home/zaynap/project_ws/install/turtlebot3_msgs/include/turtlebot3_msgs/turtlebot3_msgs/msg/detail/sound__rosidl_typesupport_introspection_c.h
[0.918s] -- Up-to-date: /home/zaynap/project_ws/install/turtlebot3_msgs/include/turtlebot3_msgs/turtlebot3_msgs/msg/detail/version_info__type_support.c
[0.918s] -- Up-to-date: /home/zaynap/project_ws/install/turtlebot3_msgs/include/turtlebot3_msgs/turtlebot3_msgs/msg/detail/sound__type_support.c
[0.918s] -- Up-to-date: /home/zaynap/project_ws/install/turtlebot3_msgs/include/turtlebot3_msgs/turtlebot3_msgs/srv
[0.918s] -- Up-to-date: /home/zaynap/project_ws/install/turtlebot3_msgs/include/turtlebot3_msgs/turtlebot3_msgs/srv/detail
[0.918s] -- Up-to-date: /home/zaynap/project_ws/install/turtlebot3_msgs/include/turtlebot3_msgs/turtlebot3_msgs/srv/detail/dqn__type_support.c
[0.919s] -- Up-to-date: /home/zaynap/project_ws/install/turtlebot3_msgs/include/turtlebot3_msgs/turtlebot3_msgs/srv/detail/dqn__rosidl_typesupport_introspection_c.h
[0.919s] -- Up-to-date: /home/zaynap/project_ws/install/turtlebot3_msgs/include/turtlebot3_msgs/turtlebot3_msgs/srv/detail/sound__rosidl_typesupport_introspection_c.h
[0.919s] -- Up-to-date: /home/zaynap/project_ws/install/turtlebot3_msgs/include/turtlebot3_msgs/turtlebot3_msgs/srv/detail/sound__type_support.c
[0.919s] -- Up-to-date: /home/zaynap/project_ws/install/turtlebot3_msgs/lib/libturtlebot3_msgs__rosidl_typesupport_introspection_c.so
[0.920s] -- Up-to-date: /home/zaynap/project_ws/install/turtlebot3_msgs/lib/libturtlebot3_msgs__rosidl_typesupport_c.so
[0.921s] -- Up-to-date: /home/zaynap/project_ws/install/turtlebot3_msgs/include/turtlebot3_msgs/turtlebot3_msgs
[0.921s] -- Up-to-date: /home/zaynap/project_ws/install/turtlebot3_msgs/include/turtlebot3_msgs/turtlebot3_msgs/action
[0.921s] -- Up-to-date: /home/zaynap/project_ws/install/turtlebot3_msgs/include/turtlebot3_msgs/turtlebot3_msgs/action/detail
[0.921s] -- Up-to-date: /home/zaynap/project_ws/install/turtlebot3_msgs/include/turtlebot3_msgs/turtlebot3_msgs/action/detail/patrol__rosidl_typesupport_introspection_cpp.hpp
[0.921s] -- Up-to-date: /home/zaynap/project_ws/install/turtlebot3_msgs/include/turtlebot3_msgs/turtlebot3_msgs/action/detail/patrol__type_support.cpp
[0.921s] -- Up-to-date: /home/zaynap/project_ws/install/turtlebot3_msgs/include/turtlebot3_msgs/turtlebot3_msgs/msg
[0.921s] -- Up-to-date: /home/zaynap/project_ws/install/turtlebot3_msgs/include/turtlebot3_msgs/turtlebot3_msgs/msg/detail
[0.921s] -- Up-to-date: /home/zaynap/project_ws/install/turtlebot3_msgs/include/turtlebot3_msgs/turtlebot3_msgs/msg/detail/sensor_state__type_support.cpp
[0.922s] -- Up-to-date: /home/zaynap/project_ws/install/turtlebot3_msgs/include/turtlebot3_msgs/turtlebot3_msgs/msg/detail/sensor_state__rosidl_typesupport_introspection_cpp.hpp
[0.922s] -- Up-to-date: /home/zaynap/project_ws/install/turtlebot3_msgs/include/turtlebot3_msgs/turtlebot3_msgs/msg/detail/version_info__type_support.cpp
[0.922s] -- Up-to-date: /home/zaynap/project_ws/install/turtlebot3_msgs/include/turtlebot3_msgs/turtlebot3_msgs/msg/detail/version_info__rosidl_typesupport_introspection_cpp.hpp
[0.922s] -- Up-to-date: /home/zaynap/project_ws/install/turtlebot3_msgs/include/turtlebot3_msgs/turtlebot3_msgs/msg/detail/sound__type_support.cpp
[0.922s] -- Up-to-date: /home/zaynap/project_ws/install/turtlebot3_msgs/include/turtlebot3_msgs/turtlebot3_msgs/msg/detail/sound__rosidl_typesupport_introspection_cpp.hpp
[0.922s] -- Up-to-date: /home/zaynap/project_ws/install/turtlebot3_msgs/include/turtlebot3_msgs/turtlebot3_msgs/srv
[0.922s] -- Up-to-date: /home/zaynap/project_ws/install/turtlebot3_msgs/include/turtlebot3_msgs/turtlebot3_msgs/srv/detail
[0.923s] -- Up-to-date: /home/zaynap/project_ws/install/turtlebot3_msgs/include/turtlebot3_msgs/turtlebot3_msgs/srv/detail/dqn__rosidl_typesupport_introspection_cpp.hpp
[0.923s] -- Up-to-date: /home/zaynap/project_ws/install/turtlebot3_msgs/include/turtlebot3_msgs/turtlebot3_msgs/srv/detail/sound__type_support.cpp
[0.923s] -- Up-to-date: /home/zaynap/project_ws/install/turtlebot3_msgs/include/turtlebot3_msgs/turtlebot3_msgs/srv/detail/sound__rosidl_typesupport_introspection_cpp.hpp
[0.923s] -- Up-to-date: /home/zaynap/project_ws/install/turtlebot3_msgs/include/turtlebot3_msgs/turtlebot3_msgs/srv/detail/dqn__type_support.cpp
[0.923s] -- Up-to-date: /home/zaynap/project_ws/install/turtlebot3_msgs/lib/libturtlebot3_msgs__rosidl_typesupport_introspection_cpp.so
[0.923s] -- Up-to-date: /home/zaynap/project_ws/install/turtlebot3_msgs/lib/libturtlebot3_msgs__rosidl_typesupport_cpp.so
[0.923s] -- Up-to-date: /home/zaynap/project_ws/install/turtlebot3_msgs/share/turtlebot3_msgs/environment/pythonpath.sh
[0.923s] -- Up-to-date: /home/zaynap/project_ws/install/turtlebot3_msgs/share/turtlebot3_msgs/environment/pythonpath.dsv
[0.923s] -- Up-to-date: /home/zaynap/project_ws/install/turtlebot3_msgs/local/lib/python3.10/dist-packages/turtlebot3_msgs-2.2.3-py3.10.egg-info
[0.923s] -- Installing: /home/zaynap/project_ws/install/turtlebot3_msgs/local/lib/python3.10/dist-packages/turtlebot3_msgs-2.2.3-py3.10.egg-info/top_level.txt
[0.924s] -- Installing: /home/zaynap/project_ws/install/turtlebot3_msgs/local/lib/python3.10/dist-packages/turtlebot3_msgs-2.2.3-py3.10.egg-info/PKG-INFO
[0.924s] -- Installing: /home/zaynap/project_ws/install/turtlebot3_msgs/local/lib/python3.10/dist-packages/turtlebot3_msgs-2.2.3-py3.10.egg-info/SOURCES.txt
[0.924s] -- Installing: /home/zaynap/project_ws/install/turtlebot3_msgs/local/lib/python3.10/dist-packages/turtlebot3_msgs-2.2.3-py3.10.egg-info/dependency_links.txt
[0.924s] -- Up-to-date: /home/zaynap/project_ws/install/turtlebot3_msgs/local/lib/python3.10/dist-packages/turtlebot3_msgs
[0.924s] -- Up-to-date: /home/zaynap/project_ws/install/turtlebot3_msgs/local/lib/python3.10/dist-packages/turtlebot3_msgs/turtlebot3_msgs_s__rosidl_typesupport_introspection_c.cpython-310-x86_64-linux-gnu.so
[0.924s] -- Up-to-date: /home/zaynap/project_ws/install/turtlebot3_msgs/local/lib/python3.10/dist-packages/turtlebot3_msgs/libturtlebot3_msgs__rosidl_generator_py.so
[0.924s] -- Up-to-date: /home/zaynap/project_ws/install/turtlebot3_msgs/local/lib/python3.10/dist-packages/turtlebot3_msgs/turtlebot3_msgs_s__rosidl_typesupport_c.cpython-310-x86_64-linux-gnu.so
[0.925s] -- Up-to-date: /home/zaynap/project_ws/install/turtlebot3_msgs/local/lib/python3.10/dist-packages/turtlebot3_msgs/_turtlebot3_msgs_s.ep.rosidl_typesupport_c.c
[0.925s] -- Up-to-date: /home/zaynap/project_ws/install/turtlebot3_msgs/local/lib/python3.10/dist-packages/turtlebot3_msgs/__init__.py
[0.925s] -- Up-to-date: /home/zaynap/project_ws/install/turtlebot3_msgs/local/lib/python3.10/dist-packages/turtlebot3_msgs/turtlebot3_msgs_s__rosidl_typesupport_fastrtps_c.cpython-310-x86_64-linux-gnu.so
[0.925s] -- Up-to-date: /home/zaynap/project_ws/install/turtlebot3_msgs/local/lib/python3.10/dist-packages/turtlebot3_msgs/action
[0.925s] -- Up-to-date: /home/zaynap/project_ws/install/turtlebot3_msgs/local/lib/python3.10/dist-packages/turtlebot3_msgs/action/_patrol_s.c
[0.925s] -- Up-to-date: /home/zaynap/project_ws/install/turtlebot3_msgs/local/lib/python3.10/dist-packages/turtlebot3_msgs/action/_patrol.py
[0.925s] -- Up-to-date: /home/zaynap/project_ws/install/turtlebot3_msgs/local/lib/python3.10/dist-packages/turtlebot3_msgs/action/__init__.py
[0.925s] -- Up-to-date: /home/zaynap/project_ws/install/turtlebot3_msgs/local/lib/python3.10/dist-packages/turtlebot3_msgs/_turtlebot3_msgs_s.ep.rosidl_typesupport_fastrtps_c.c
[0.925s] -- Up-to-date: /home/zaynap/project_ws/install/turtlebot3_msgs/local/lib/python3.10/dist-packages/turtlebot3_msgs/msg
[0.925s] -- Up-to-date: /home/zaynap/project_ws/install/turtlebot3_msgs/local/lib/python3.10/dist-packages/turtlebot3_msgs/msg/__init__.py
[0.925s] -- Up-to-date: /home/zaynap/project_ws/install/turtlebot3_msgs/local/lib/python3.10/dist-packages/turtlebot3_msgs/msg/_version_info.py
[0.926s] -- Up-to-date: /home/zaynap/project_ws/install/turtlebot3_msgs/local/lib/python3.10/dist-packages/turtlebot3_msgs/msg/_sensor_state_s.c
[0.926s] -- Up-to-date: /home/zaynap/project_ws/install/turtlebot3_msgs/local/lib/python3.10/dist-packages/turtlebot3_msgs/msg/_version_info_s.c
[0.926s] -- Up-to-date: /home/zaynap/project_ws/install/turtlebot3_msgs/local/lib/python3.10/dist-packages/turtlebot3_msgs/msg/_sound_s.c
[0.926s] -- Up-to-date: /home/zaynap/project_ws/install/turtlebot3_msgs/local/lib/python3.10/dist-packages/turtlebot3_msgs/msg/_sound.py
[0.926s] -- Up-to-date: /home/zaynap/project_ws/install/turtlebot3_msgs/local/lib/python3.10/dist-packages/turtlebot3_msgs/msg/_sensor_state.py
[0.926s] -- Up-to-date: /home/zaynap/project_ws/install/turtlebot3_msgs/local/lib/python3.10/dist-packages/turtlebot3_msgs/srv
[0.926s] -- Up-to-date: /home/zaynap/project_ws/install/turtlebot3_msgs/local/lib/python3.10/dist-packages/turtlebot3_msgs/srv/__init__.py
[0.926s] -- Up-to-date: /home/zaynap/project_ws/install/turtlebot3_msgs/local/lib/python3.10/dist-packages/turtlebot3_msgs/srv/_dqn_s.c
[0.926s] -- Up-to-date: /home/zaynap/project_ws/install/turtlebot3_msgs/local/lib/python3.10/dist-packages/turtlebot3_msgs/srv/_dqn.py
[0.926s] -- Up-to-date: /home/zaynap/project_ws/install/turtlebot3_msgs/local/lib/python3.10/dist-packages/turtlebot3_msgs/srv/_sound_s.c
[0.926s] -- Up-to-date: /home/zaynap/project_ws/install/turtlebot3_msgs/local/lib/python3.10/dist-packages/turtlebot3_msgs/srv/_sound.py
[0.927s] -- Up-to-date: /home/zaynap/project_ws/install/turtlebot3_msgs/local/lib/python3.10/dist-packages/turtlebot3_msgs/_turtlebot3_msgs_s.ep.rosidl_typesupport_introspection_c.c
[0.927s] Listing '/home/zaynap/project_ws/install/turtlebot3_msgs/local/lib/python3.10/dist-packages/turtlebot3_msgs'...
[0.927s] Listing '/home/zaynap/project_ws/install/turtlebot3_msgs/local/lib/python3.10/dist-packages/turtlebot3_msgs/action'...
[0.927s] Listing '/home/zaynap/project_ws/install/turtlebot3_msgs/local/lib/python3.10/dist-packages/turtlebot3_msgs/msg'...
[0.927s] Listing '/home/zaynap/project_ws/install/turtlebot3_msgs/local/lib/python3.10/dist-packages/turtlebot3_msgs/srv'...
[0.927s] -- Up-to-date: /home/zaynap/project_ws/install/turtlebot3_msgs/local/lib/python3.10/dist-packages/turtlebot3_msgs/turtlebot3_msgs_s__rosidl_typesupport_fastrtps_c.cpython-310-x86_64-linux-gnu.so
[0.927s] -- Up-to-date: /home/zaynap/project_ws/install/turtlebot3_msgs/local/lib/python3.10/dist-packages/turtlebot3_msgs/turtlebot3_msgs_s__rosidl_typesupport_introspection_c.cpython-310-x86_64-linux-gnu.so
[0.927s] -- Up-to-date: /home/zaynap/project_ws/install/turtlebot3_msgs/local/lib/python3.10/dist-packages/turtlebot3_msgs/turtlebot3_msgs_s__rosidl_typesupport_c.cpython-310-x86_64-linux-gnu.so
[0.928s] -- Up-to-date: /home/zaynap/project_ws/install/turtlebot3_msgs/lib/libturtlebot3_msgs__rosidl_generator_py.so
[0.928s] -- Up-to-date: /home/zaynap/project_ws/install/turtlebot3_msgs/share/turtlebot3_msgs/msg/SensorState.idl
[0.928s] -- Up-to-date: /home/zaynap/project_ws/install/turtlebot3_msgs/share/turtlebot3_msgs/msg/Sound.idl
[0.931s] -- Up-to-date: /home/zaynap/project_ws/install/turtlebot3_msgs/share/turtlebot3_msgs/msg/VersionInfo.idl
[0.931s] -- Up-to-date: /home/zaynap/project_ws/install/turtlebot3_msgs/share/turtlebot3_msgs/srv/Sound.idl
[0.931s] -- Up-to-date: /home/zaynap/project_ws/install/turtlebot3_msgs/share/turtlebot3_msgs/srv/Dqn.idl
[0.931s] -- Up-to-date: /home/zaynap/project_ws/install/turtlebot3_msgs/share/turtlebot3_msgs/action/Patrol.idl
[0.932s] -- Up-to-date: /home/zaynap/project_ws/install/turtlebot3_msgs/share/turtlebot3_msgs/msg/SensorState.msg
[0.932s] -- Up-to-date: /home/zaynap/project_ws/install/turtlebot3_msgs/share/turtlebot3_msgs/msg/Sound.msg
[0.932s] -- Up-to-date: /home/zaynap/project_ws/install/turtlebot3_msgs/share/turtlebot3_msgs/msg/VersionInfo.msg
[0.932s] -- Up-to-date: /home/zaynap/project_ws/install/turtlebot3_msgs/share/turtlebot3_msgs/srv/Sound.srv
[0.932s] -- Up-to-date: /home/zaynap/project_ws/install/turtlebot3_msgs/share/turtlebot3_msgs/srv/Sound_Request.msg
[0.932s] -- Up-to-date: /home/zaynap/project_ws/install/turtlebot3_msgs/share/turtlebot3_msgs/srv/Sound_Response.msg
[0.932s] -- Up-to-date: /home/zaynap/project_ws/install/turtlebot3_msgs/share/turtlebot3_msgs/srv/Dqn.srv
[0.932s] -- Up-to-date: /home/zaynap/project_ws/install/turtlebot3_msgs/share/turtlebot3_msgs/srv/Dqn_Request.msg
[0.932s] -- Up-to-date: /home/zaynap/project_ws/install/turtlebot3_msgs/share/turtlebot3_msgs/srv/Dqn_Response.msg
[0.932s] -- Up-to-date: /home/zaynap/project_ws/install/turtlebot3_msgs/share/turtlebot3_msgs/action/Patrol.action
[0.933s] -- Up-to-date: /home/zaynap/project_ws/install/turtlebot3_msgs/share/ament_index/resource_index/package_run_dependencies/turtlebot3_msgs
[0.933s] -- Up-to-date: /home/zaynap/project_ws/install/turtlebot3_msgs/share/ament_index/resource_index/parent_prefix_path/turtlebot3_msgs
[0.933s] -- Up-to-date: /home/zaynap/project_ws/install/turtlebot3_msgs/share/turtlebot3_msgs/environment/ament_prefix_path.sh
[0.933s] -- Up-to-date: /home/zaynap/project_ws/install/turtlebot3_msgs/share/turtlebot3_msgs/environment/ament_prefix_path.dsv
[0.933s] -- Up-to-date: /home/zaynap/project_ws/install/turtlebot3_msgs/share/turtlebot3_msgs/environment/path.sh
[0.933s] -- Up-to-date: /home/zaynap/project_ws/install/turtlebot3_msgs/share/turtlebot3_msgs/environment/path.dsv
[0.933s] -- Up-to-date: /home/zaynap/project_ws/install/turtlebot3_msgs/share/turtlebot3_msgs/local_setup.bash
[0.934s] -- Up-to-date: /home/zaynap/project_ws/install/turtlebot3_msgs/share/turtlebot3_msgs/local_setup.sh
[0.934s] -- Up-to-date: /home/zaynap/project_ws/install/turtlebot3_msgs/share/turtlebot3_msgs/local_setup.zsh
[0.934s] -- Up-to-date: /home/zaynap/project_ws/install/turtlebot3_msgs/share/turtlebot3_msgs/local_setup.dsv
[0.934s] -- Installing: /home/zaynap/project_ws/install/turtlebot3_msgs/share/turtlebot3_msgs/package.dsv
[0.934s] -- Up-to-date: /home/zaynap/project_ws/install/turtlebot3_msgs/share/ament_index/resource_index/packages/turtlebot3_msgs
[0.934s] -- Up-to-date: /home/zaynap/project_ws/install/turtlebot3_msgs/share/turtlebot3_msgs/cmake/export_turtlebot3_msgs__rosidl_generator_cExport.cmake
[0.934s] -- Up-to-date: /home/zaynap/project_ws/install/turtlebot3_msgs/share/turtlebot3_msgs/cmake/export_turtlebot3_msgs__rosidl_generator_cExport-noconfig.cmake
[0.934s] -- Up-to-date: /home/zaynap/project_ws/install/turtlebot3_msgs/share/turtlebot3_msgs/cmake/export_turtlebot3_msgs__rosidl_typesupport_fastrtps_cExport.cmake
[0.934s] -- Up-to-date: /home/zaynap/project_ws/install/turtlebot3_msgs/share/turtlebot3_msgs/cmake/export_turtlebot3_msgs__rosidl_typesupport_fastrtps_cExport-noconfig.cmake
[0.934s] -- Up-to-date: /home/zaynap/project_ws/install/turtlebot3_msgs/share/turtlebot3_msgs/cmake/export_turtlebot3_msgs__rosidl_generator_cppExport.cmake
[0.934s] -- Up-to-date: /home/zaynap/project_ws/install/turtlebot3_msgs/share/turtlebot3_msgs/cmake/export_turtlebot3_msgs__rosidl_typesupport_fastrtps_cppExport.cmake
[0.934s] -- Up-to-date: /home/zaynap/project_ws/install/turtlebot3_msgs/share/turtlebot3_msgs/cmake/export_turtlebot3_msgs__rosidl_typesupport_fastrtps_cppExport-noconfig.cmake
[0.934s] -- Up-to-date: /home/zaynap/project_ws/install/turtlebot3_msgs/share/turtlebot3_msgs/cmake/turtlebot3_msgs__rosidl_typesupport_introspection_cExport.cmake
[0.935s] -- Up-to-date: /home/zaynap/project_ws/install/turtlebot3_msgs/share/turtlebot3_msgs/cmake/turtlebot3_msgs__rosidl_typesupport_introspection_cExport-noconfig.cmake
[0.935s] -- Up-to-date: /home/zaynap/project_ws/install/turtlebot3_msgs/share/turtlebot3_msgs/cmake/turtlebot3_msgs__rosidl_typesupport_cExport.cmake
[0.935s] -- Up-to-date: /home/zaynap/project_ws/install/turtlebot3_msgs/share/turtlebot3_msgs/cmake/turtlebot3_msgs__rosidl_typesupport_cExport-noconfig.cmake
[0.935s] -- Up-to-date: /home/zaynap/project_ws/install/turtlebot3_msgs/share/turtlebot3_msgs/cmake/turtlebot3_msgs__rosidl_typesupport_introspection_cppExport.cmake
[0.935s] -- Up-to-date: /home/zaynap/project_ws/install/turtlebot3_msgs/share/turtlebot3_msgs/cmake/turtlebot3_msgs__rosidl_typesupport_introspection_cppExport-noconfig.cmake
[0.935s] -- Up-to-date: /home/zaynap/project_ws/install/turtlebot3_msgs/share/turtlebot3_msgs/cmake/turtlebot3_msgs__rosidl_typesupport_cppExport.cmake
[0.935s] -- Up-to-date: /home/zaynap/project_ws/install/turtlebot3_msgs/share/turtlebot3_msgs/cmake/turtlebot3_msgs__rosidl_typesupport_cppExport-noconfig.cmake
[0.935s] -- Up-to-date: /home/zaynap/project_ws/install/turtlebot3_msgs/share/turtlebot3_msgs/cmake/export_turtlebot3_msgs__rosidl_generator_pyExport.cmake
[0.935s] -- Up-to-date: /home/zaynap/project_ws/install/turtlebot3_msgs/share/turtlebot3_msgs/cmake/export_turtlebot3_msgs__rosidl_generator_pyExport-noconfig.cmake
[0.935s] -- Up-to-date: /home/zaynap/project_ws/install/turtlebot3_msgs/share/turtlebot3_msgs/cmake/rosidl_cmake-extras.cmake
[0.935s] -- Up-to-date: /home/zaynap/project_ws/install/turtlebot3_msgs/share/turtlebot3_msgs/cmake/ament_cmake_export_dependencies-extras.cmake
[0.935s] -- Up-to-date: /home/zaynap/project_ws/install/turtlebot3_msgs/share/turtlebot3_msgs/cmake/ament_cmake_export_include_directories-extras.cmake
[0.936s] -- Up-to-date: /home/zaynap/project_ws/install/turtlebot3_msgs/share/turtlebot3_msgs/cmake/ament_cmake_export_libraries-extras.cmake
[0.936s] -- Up-to-date: /home/zaynap/project_ws/install/turtlebot3_msgs/share/turtlebot3_msgs/cmake/ament_cmake_export_targets-extras.cmake
[0.936s] -- Up-to-date: /home/zaynap/project_ws/install/turtlebot3_msgs/share/turtlebot3_msgs/cmake/rosidl_cmake_export_typesupport_targets-extras.cmake
[0.936s] -- Up-to-date: /home/zaynap/project_ws/install/turtlebot3_msgs/share/turtlebot3_msgs/cmake/rosidl_cmake_export_typesupport_libraries-extras.cmake
[0.938s] -- Up-to-date: /home/zaynap/project_ws/install/turtlebot3_msgs/share/turtlebot3_msgs/cmake/turtlebot3_msgsConfig.cmake
[0.938s] -- Up-to-date: /home/zaynap/project_ws/install/turtlebot3_msgs/share/turtlebot3_msgs/cmake/turtlebot3_msgsConfig-version.cmake
[0.938s] -- Up-to-date: /home/zaynap/project_ws/install/turtlebot3_msgs/share/turtlebot3_msgs/package.xml
[0.943s] Invoked command in '/home/zaynap/project_ws/build/turtlebot3_msgs' returned '0': CMAKE_PREFIX_PATH=${CMAKE_PREFIX_PATH}:/home/zaynap/project_ws/install/robot_bringup:/opt/ros/humble /usr/bin/cmake --install /home/zaynap/project_ws/build/turtlebot3_msgs
