[0.029s] Invoking command in '/home/zaynap/project_ws/build/turtlebot3_navigation2': CMAKE_PREFIX_PATH=${CMAKE_PREFIX_PATH}:/home/zaynap/project_ws/install/robot_bringup:/opt/ros/humble /usr/bin/cmake /home/zaynap/project_ws/src/turtlebot3/turtlebot3_navigation2 -DCMAKE_INSTALL_PREFIX=/home/zaynap/project_ws/install/turtlebot3_navigation2
[1.537s] -- The C compiler identification is GNU 11.4.0
[1.538s] -- The CXX compiler identification is GNU 11.4.0
[1.539s] -- Detecting C compiler ABI info
[1.539s] -- Detecting C compiler ABI info - done
[1.539s] -- Check for working C compiler: /usr/bin/cc - skipped
[1.539s] -- Detecting C compile features
[1.539s] -- Detecting C compile features - done
[1.539s] -- Detecting CXX compiler ABI info
[1.539s] -- Detecting CXX compiler ABI info - done
[1.539s] -- Check for working CXX compiler: /usr/bin/c++ - skipped
[1.539s] -- Detecting CXX compile features
[1.540s] -- Detecting CXX compile features - done
[1.540s] -- Found ament_cmake: 1.3.11 (/opt/ros/humble/share/ament_cmake/cmake)
[1.540s] -- Found Python3: /usr/bin/python3 (found version "3.10.12") found components: Interpreter 
[1.540s] -- Configuring done
[1.540s] -- Generating done
[1.540s] -- Build files have been written to: /home/zaynap/project_ws/build/turtlebot3_navigation2
[1.543s] Invoked command in '/home/zaynap/project_ws/build/turtlebot3_navigation2' returned '0': CMAKE_PREFIX_PATH=${CMAKE_PREFIX_PATH}:/home/zaynap/project_ws/install/robot_bringup:/opt/ros/humble /usr/bin/cmake /home/zaynap/project_ws/src/turtlebot3/turtlebot3_navigation2 -DCMAKE_INSTALL_PREFIX=/home/zaynap/project_ws/install/turtlebot3_navigation2
[1.544s] Invoking command in '/home/zaynap/project_ws/build/turtlebot3_navigation2': CMAKE_PREFIX_PATH=${CMAKE_PREFIX_PATH}:/home/zaynap/project_ws/install/robot_bringup:/opt/ros/humble /usr/bin/cmake --build /home/zaynap/project_ws/build/turtlebot3_navigation2 -- -j8 -l8
[1.588s] Invoked command in '/home/zaynap/project_ws/build/turtlebot3_navigation2' returned '0': CMAKE_PREFIX_PATH=${CMAKE_PREFIX_PATH}:/home/zaynap/project_ws/install/robot_bringup:/opt/ros/humble /usr/bin/cmake --build /home/zaynap/project_ws/build/turtlebot3_navigation2 -- -j8 -l8
[1.590s] Invoking command in '/home/zaynap/project_ws/build/turtlebot3_navigation2': CMAKE_PREFIX_PATH=${CMAKE_PREFIX_PATH}:/home/zaynap/project_ws/install/robot_bringup:/opt/ros/humble /usr/bin/cmake --install /home/zaynap/project_ws/build/turtlebot3_navigation2
[1.601s] -- Install configuration: ""
[1.602s] -- Installing: /home/zaynap/project_ws/install/turtlebot3_navigation2/share/turtlebot3_navigation2/launch
[1.602s] -- Installing: /home/zaynap/project_ws/install/turtlebot3_navigation2/share/turtlebot3_navigation2/launch/navigation2.launch.py
[1.602s] -- Installing: /home/zaynap/project_ws/install/turtlebot3_navigation2/share/turtlebot3_navigation2/map
[1.602s] -- Installing: /home/zaynap/project_ws/install/turtlebot3_navigation2/share/turtlebot3_navigation2/map/map.yaml
[1.602s] -- Installing: /home/zaynap/project_ws/install/turtlebot3_navigation2/share/turtlebot3_navigation2/map/map.pgm
[1.603s] -- Installing: /home/zaynap/project_ws/install/turtlebot3_navigation2/share/turtlebot3_navigation2/param
[1.603s] -- Installing: /home/zaynap/project_ws/install/turtlebot3_navigation2/share/turtlebot3_navigation2/param/waffle.yaml
[1.603s] -- Installing: /home/zaynap/project_ws/install/turtlebot3_navigation2/share/turtlebot3_navigation2/param/burger.yaml
[1.603s] -- Installing: /home/zaynap/project_ws/install/turtlebot3_navigation2/share/turtlebot3_navigation2/param/waffle_pi.yaml
[1.603s] -- Installing: /home/zaynap/project_ws/install/turtlebot3_navigation2/share/turtlebot3_navigation2/rviz
[1.604s] -- Installing: /home/zaynap/project_ws/install/turtlebot3_navigation2/share/turtlebot3_navigation2/rviz/tb3_navigation2.rviz
[1.604s] -- Installing: /home/zaynap/project_ws/install/turtlebot3_navigation2/share/ament_index/resource_index/package_run_dependencies/turtlebot3_navigation2
[1.604s] -- Installing: /home/zaynap/project_ws/install/turtlebot3_navigation2/share/ament_index/resource_index/parent_prefix_path/turtlebot3_navigation2
[1.604s] -- Installing: /home/zaynap/project_ws/install/turtlebot3_navigation2/share/turtlebot3_navigation2/environment/ament_prefix_path.sh
[1.605s] -- Installing: /home/zaynap/project_ws/install/turtlebot3_navigation2/share/turtlebot3_navigation2/environment/ament_prefix_path.dsv
[1.605s] -- Installing: /home/zaynap/project_ws/install/turtlebot3_navigation2/share/turtlebot3_navigation2/environment/path.sh
[1.605s] -- Installing: /home/zaynap/project_ws/install/turtlebot3_navigation2/share/turtlebot3_navigation2/environment/path.dsv
[1.605s] -- Installing: /home/zaynap/project_ws/install/turtlebot3_navigation2/share/turtlebot3_navigation2/local_setup.bash
[1.605s] -- Installing: /home/zaynap/project_ws/install/turtlebot3_navigation2/share/turtlebot3_navigation2/local_setup.sh
[1.605s] -- Installing: /home/zaynap/project_ws/install/turtlebot3_navigation2/share/turtlebot3_navigation2/local_setup.zsh
[1.605s] -- Installing: /home/zaynap/project_ws/install/turtlebot3_navigation2/share/turtlebot3_navigation2/local_setup.dsv
[1.606s] -- Installing: /home/zaynap/project_ws/install/turtlebot3_navigation2/share/turtlebot3_navigation2/package.dsv
[1.606s] -- Installing: /home/zaynap/project_ws/install/turtlebot3_navigation2/share/ament_index/resource_index/packages/turtlebot3_navigation2
[1.607s] -- Installing: /home/zaynap/project_ws/install/turtlebot3_navigation2/share/turtlebot3_navigation2/cmake/turtlebot3_navigation2Config.cmake
[1.607s] -- Installing: /home/zaynap/project_ws/install/turtlebot3_navigation2/share/turtlebot3_navigation2/cmake/turtlebot3_navigation2Config-version.cmake
[1.607s] -- Installing: /home/zaynap/project_ws/install/turtlebot3_navigation2/share/turtlebot3_navigation2/package.xml
[1.639s] Invoked command in '/home/zaynap/project_ws/build/turtlebot3_navigation2' returned '0': CMAKE_PREFIX_PATH=${CMAKE_PREFIX_PATH}:/home/zaynap/project_ws/install/robot_bringup:/opt/ros/humble /usr/bin/cmake --install /home/zaynap/project_ws/build/turtlebot3_navigation2
