[0.031s] Invoking command in '/home/zaynap/project_ws/build/turtlebot3_node': AMENT_PREFIX_PATH=/home/zaynap/project_ws/install/turtlebot3_msgs:/home/zaynap/project_ws/install/dynamixel_sdk:${AMENT_PREFIX_PATH} CMAKE_PREFIX_PATH=/home/zaynap/project_ws/install/turtlebot3_msgs:/home/zaynap/project_ws/install/dynamixel_sdk:/home/zaynap/project_ws/install/model_description:/home/zaynap/project_ws/install/robot_bringup:/opt/ros/humble LD_LIBRARY_PATH=/home/zaynap/project_ws/install/turtlebot3_msgs/lib:/home/zaynap/project_ws/install/dynamixel_sdk/lib:${LD_LIBRARY_PATH} PYTHONPATH=/home/zaynap/project_ws/install/turtlebot3_msgs/local/lib/python3.10/dist-packages:${PYTHONPATH} /usr/bin/cmake --build /home/zaynap/project_ws/build/turtlebot3_node -- -j8 -l8
[0.337s] [ 85%] Built target turtlebot3_node_lib
[0.337s] [100%] Built target turtlebot3_ros
[0.343s] Invoked command in '/home/zaynap/project_ws/build/turtlebot3_node' returned '0': AMENT_PREFIX_PATH=/home/zaynap/project_ws/install/turtlebot3_msgs:/home/zaynap/project_ws/install/dynamixel_sdk:${AMENT_PREFIX_PATH} CMAKE_PREFIX_PATH=/home/zaynap/project_ws/install/turtlebot3_msgs:/home/zaynap/project_ws/install/dynamixel_sdk:/home/zaynap/project_ws/install/model_description:/home/zaynap/project_ws/install/robot_bringup:/opt/ros/humble LD_LIBRARY_PATH=/home/zaynap/project_ws/install/turtlebot3_msgs/lib:/home/zaynap/project_ws/install/dynamixel_sdk/lib:${LD_LIBRARY_PATH} PYTHONPATH=/home/zaynap/project_ws/install/turtlebot3_msgs/local/lib/python3.10/dist-packages:${PYTHONPATH} /usr/bin/cmake --build /home/zaynap/project_ws/build/turtlebot3_node -- -j8 -l8
[0.345s] Invoking command in '/home/zaynap/project_ws/build/turtlebot3_node': AMENT_PREFIX_PATH=/home/zaynap/project_ws/install/turtlebot3_msgs:/home/zaynap/project_ws/install/dynamixel_sdk:${AMENT_PREFIX_PATH} CMAKE_PREFIX_PATH=/home/zaynap/project_ws/install/turtlebot3_msgs:/home/zaynap/project_ws/install/dynamixel_sdk:/home/zaynap/project_ws/install/model_description:/home/zaynap/project_ws/install/robot_bringup:/opt/ros/humble LD_LIBRARY_PATH=/home/zaynap/project_ws/install/turtlebot3_msgs/lib:/home/zaynap/project_ws/install/dynamixel_sdk/lib:${LD_LIBRARY_PATH} PYTHONPATH=/home/zaynap/project_ws/install/turtlebot3_msgs/local/lib/python3.10/dist-packages:${PYTHONPATH} /usr/bin/cmake --install /home/zaynap/project_ws/build/turtlebot3_node
[0.355s] -- Install configuration: ""
[0.355s] -- Up-to-date: /home/zaynap/project_ws/install/turtlebot3_node/share/turtlebot3_node/param
[0.355s] -- Up-to-date: /home/zaynap/project_ws/install/turtlebot3_node/share/turtlebot3_node/param/waffle.yaml
[0.356s] -- Up-to-date: /home/zaynap/project_ws/install/turtlebot3_node/share/turtlebot3_node/param/burger.yaml
[0.356s] -- Up-to-date: /home/zaynap/project_ws/install/turtlebot3_node/share/turtlebot3_node/param/waffle_pi.yaml
[0.356s] -- Up-to-date: /home/zaynap/project_ws/install/turtlebot3_node/lib/turtlebot3_node/turtlebot3_ros
[0.356s] -- Up-to-date: /home/zaynap/project_ws/install/turtlebot3_node/share/ament_index/resource_index/package_run_dependencies/turtlebot3_node
[0.356s] -- Up-to-date: /home/zaynap/project_ws/install/turtlebot3_node/share/ament_index/resource_index/parent_prefix_path/turtlebot3_node
[0.357s] -- Up-to-date: /home/zaynap/project_ws/install/turtlebot3_node/share/turtlebot3_node/environment/ament_prefix_path.sh
[0.357s] -- Up-to-date: /home/zaynap/project_ws/install/turtlebot3_node/share/turtlebot3_node/environment/ament_prefix_path.dsv
[0.357s] -- Up-to-date: /home/zaynap/project_ws/install/turtlebot3_node/share/turtlebot3_node/environment/path.sh
[0.357s] -- Up-to-date: /home/zaynap/project_ws/install/turtlebot3_node/share/turtlebot3_node/environment/path.dsv
[0.357s] -- Up-to-date: /home/zaynap/project_ws/install/turtlebot3_node/share/turtlebot3_node/local_setup.bash
[0.357s] -- Up-to-date: /home/zaynap/project_ws/install/turtlebot3_node/share/turtlebot3_node/local_setup.sh
[0.357s] -- Up-to-date: /home/zaynap/project_ws/install/turtlebot3_node/share/turtlebot3_node/local_setup.zsh
[0.357s] -- Up-to-date: /home/zaynap/project_ws/install/turtlebot3_node/share/turtlebot3_node/local_setup.dsv
[0.358s] -- Installing: /home/zaynap/project_ws/install/turtlebot3_node/share/turtlebot3_node/package.dsv
[0.360s] -- Up-to-date: /home/zaynap/project_ws/install/turtlebot3_node/share/ament_index/resource_index/packages/turtlebot3_node
[0.360s] -- Up-to-date: /home/zaynap/project_ws/install/turtlebot3_node/share/turtlebot3_node/cmake/ament_cmake_export_include_directories-extras.cmake
[0.360s] -- Up-to-date: /home/zaynap/project_ws/install/turtlebot3_node/share/turtlebot3_node/cmake/turtlebot3_nodeConfig.cmake
[0.360s] -- Up-to-date: /home/zaynap/project_ws/install/turtlebot3_node/share/turtlebot3_node/cmake/turtlebot3_nodeConfig-version.cmake
[0.360s] -- Up-to-date: /home/zaynap/project_ws/install/turtlebot3_node/share/turtlebot3_node/package.xml
[0.379s] Invoked command in '/home/zaynap/project_ws/build/turtlebot3_node' returned '0': AMENT_PREFIX_PATH=/home/zaynap/project_ws/install/turtlebot3_msgs:/home/zaynap/project_ws/install/dynamixel_sdk:${AMENT_PREFIX_PATH} CMAKE_PREFIX_PATH=/home/zaynap/project_ws/install/turtlebot3_msgs:/home/zaynap/project_ws/install/dynamixel_sdk:/home/zaynap/project_ws/install/model_description:/home/zaynap/project_ws/install/robot_bringup:/opt/ros/humble LD_LIBRARY_PATH=/home/zaynap/project_ws/install/turtlebot3_msgs/lib:/home/zaynap/project_ws/install/dynamixel_sdk/lib:${LD_LIBRARY_PATH} PYTHONPATH=/home/zaynap/project_ws/install/turtlebot3_msgs/local/lib/python3.10/dist-packages:${PYTHONPATH} /usr/bin/cmake --install /home/zaynap/project_ws/build/turtlebot3_node
