[0.064s] Invoking command in '/home/zaynap/project_ws/build/turtlebot3_bringup': AMENT_PREFIX_PATH=/home/zaynap/project_ws/install/turtlebot3_node:/home/zaynap/project_ws/install/turtlebot3_msgs:/home/zaynap/project_ws/install/turtlebot3_description:/home/zaynap/project_ws/install/dynamixel_sdk:${AMENT_PREFIX_PATH} CMAKE_PREFIX_PATH=/home/zaynap/project_ws/install/turtlebot3_node:/home/zaynap/project_ws/install/turtlebot3_msgs:/home/zaynap/project_ws/install/turtlebot3_description:/home/zaynap/project_ws/install/dynamixel_sdk:/home/zaynap/project_ws/install/model_description:/home/zaynap/project_ws/install/robot_bringup:/opt/ros/humble LD_LIBRARY_PATH=/home/zaynap/project_ws/install/turtlebot3_msgs/lib:/home/zaynap/project_ws/install/dynamixel_sdk/lib:${LD_LIBRARY_PATH} PYTHONPATH=/home/zaynap/project_ws/install/turtlebot3_msgs/local/lib/python3.10/dist-packages:${PYTHONPATH} /usr/bin/cmake /home/zaynap/project_ws/src/turtlebot3/turtlebot3_bringup -DCMAKE_INSTALL_PREFIX=/home/zaynap/project_ws/install/turtlebot3_bringup
[0.158s] -- The C compiler identification is GNU 11.4.0
[0.222s] -- The CXX compiler identification is GNU 11.4.0
[0.228s] -- Detecting C compiler ABI info
[0.285s] -- Detecting C compiler ABI info - done
[0.293s] -- Check for working C compiler: /usr/bin/cc - skipped
[0.293s] -- Detecting C compile features
[0.293s] -- Detecting C compile features - done
[0.296s] -- Detecting CXX compiler ABI info
[0.364s] -- Detecting CXX compiler ABI info - done
[0.375s] -- Check for working CXX compiler: /usr/bin/c++ - skipped
[0.375s] -- Detecting CXX compile features
[0.376s] -- Detecting CXX compile features - done
[0.379s] -- Found ament_cmake: 1.3.11 (/opt/ros/humble/share/ament_cmake/cmake)
[0.722s] -- Found Python3: /usr/bin/python3 (found version "3.10.12") found components: Interpreter 
[0.887s] -- Configuring done
[0.889s] -- Generating done
[0.890s] -- Build files have been written to: /home/zaynap/project_ws/build/turtlebot3_bringup
[0.894s] Invoked command in '/home/zaynap/project_ws/build/turtlebot3_bringup' returned '0': AMENT_PREFIX_PATH=/home/zaynap/project_ws/install/turtlebot3_node:/home/zaynap/project_ws/install/turtlebot3_msgs:/home/zaynap/project_ws/install/turtlebot3_description:/home/zaynap/project_ws/install/dynamixel_sdk:${AMENT_PREFIX_PATH} CMAKE_PREFIX_PATH=/home/zaynap/project_ws/install/turtlebot3_node:/home/zaynap/project_ws/install/turtlebot3_msgs:/home/zaynap/project_ws/install/turtlebot3_description:/home/zaynap/project_ws/install/dynamixel_sdk:/home/zaynap/project_ws/install/model_description:/home/zaynap/project_ws/install/robot_bringup:/opt/ros/humble LD_LIBRARY_PATH=/home/zaynap/project_ws/install/turtlebot3_msgs/lib:/home/zaynap/project_ws/install/dynamixel_sdk/lib:${LD_LIBRARY_PATH} PYTHONPATH=/home/zaynap/project_ws/install/turtlebot3_msgs/local/lib/python3.10/dist-packages:${PYTHONPATH} /usr/bin/cmake /home/zaynap/project_ws/src/turtlebot3/turtlebot3_bringup -DCMAKE_INSTALL_PREFIX=/home/zaynap/project_ws/install/turtlebot3_bringup
[0.895s] Invoking command in '/home/zaynap/project_ws/build/turtlebot3_bringup': AMENT_PREFIX_PATH=/home/zaynap/project_ws/install/turtlebot3_node:/home/zaynap/project_ws/install/turtlebot3_msgs:/home/zaynap/project_ws/install/turtlebot3_description:/home/zaynap/project_ws/install/dynamixel_sdk:${AMENT_PREFIX_PATH} CMAKE_PREFIX_PATH=/home/zaynap/project_ws/install/turtlebot3_node:/home/zaynap/project_ws/install/turtlebot3_msgs:/home/zaynap/project_ws/install/turtlebot3_description:/home/zaynap/project_ws/install/dynamixel_sdk:/home/zaynap/project_ws/install/model_description:/home/zaynap/project_ws/install/robot_bringup:/opt/ros/humble LD_LIBRARY_PATH=/home/zaynap/project_ws/install/turtlebot3_msgs/lib:/home/zaynap/project_ws/install/dynamixel_sdk/lib:${LD_LIBRARY_PATH} PYTHONPATH=/home/zaynap/project_ws/install/turtlebot3_msgs/local/lib/python3.10/dist-packages:${PYTHONPATH} /usr/bin/cmake --build /home/zaynap/project_ws/build/turtlebot3_bringup -- -j8 -l8
[0.926s] Invoked command in '/home/zaynap/project_ws/build/turtlebot3_bringup' returned '0': AMENT_PREFIX_PATH=/home/zaynap/project_ws/install/turtlebot3_node:/home/zaynap/project_ws/install/turtlebot3_msgs:/home/zaynap/project_ws/install/turtlebot3_description:/home/zaynap/project_ws/install/dynamixel_sdk:${AMENT_PREFIX_PATH} CMAKE_PREFIX_PATH=/home/zaynap/project_ws/install/turtlebot3_node:/home/zaynap/project_ws/install/turtlebot3_msgs:/home/zaynap/project_ws/install/turtlebot3_description:/home/zaynap/project_ws/install/dynamixel_sdk:/home/zaynap/project_ws/install/model_description:/home/zaynap/project_ws/install/robot_bringup:/opt/ros/humble LD_LIBRARY_PATH=/home/zaynap/project_ws/install/turtlebot3_msgs/lib:/home/zaynap/project_ws/install/dynamixel_sdk/lib:${LD_LIBRARY_PATH} PYTHONPATH=/home/zaynap/project_ws/install/turtlebot3_msgs/local/lib/python3.10/dist-packages:${PYTHONPATH} /usr/bin/cmake --build /home/zaynap/project_ws/build/turtlebot3_bringup -- -j8 -l8
[0.928s] Invoking command in '/home/zaynap/project_ws/build/turtlebot3_bringup': AMENT_PREFIX_PATH=/home/zaynap/project_ws/install/turtlebot3_node:/home/zaynap/project_ws/install/turtlebot3_msgs:/home/zaynap/project_ws/install/turtlebot3_description:/home/zaynap/project_ws/install/dynamixel_sdk:${AMENT_PREFIX_PATH} CMAKE_PREFIX_PATH=/home/zaynap/project_ws/install/turtlebot3_node:/home/zaynap/project_ws/install/turtlebot3_msgs:/home/zaynap/project_ws/install/turtlebot3_description:/home/zaynap/project_ws/install/dynamixel_sdk:/home/zaynap/project_ws/install/model_description:/home/zaynap/project_ws/install/robot_bringup:/opt/ros/humble LD_LIBRARY_PATH=/home/zaynap/project_ws/install/turtlebot3_msgs/lib:/home/zaynap/project_ws/install/dynamixel_sdk/lib:${LD_LIBRARY_PATH} PYTHONPATH=/home/zaynap/project_ws/install/turtlebot3_msgs/local/lib/python3.10/dist-packages:${PYTHONPATH} /usr/bin/cmake --install /home/zaynap/project_ws/build/turtlebot3_bringup
[0.934s] -- Install configuration: ""
[0.934s] -- Installing: /home/zaynap/project_ws/install/turtlebot3_bringup/share/turtlebot3_bringup/launch
[0.934s] -- Installing: /home/zaynap/project_ws/install/turtlebot3_bringup/share/turtlebot3_bringup/launch/turtlebot3_state_publisher.launch.py
[0.934s] -- Installing: /home/zaynap/project_ws/install/turtlebot3_bringup/share/turtlebot3_bringup/launch/rviz2.launch.py
[0.934s] -- Installing: /home/zaynap/project_ws/install/turtlebot3_bringup/share/turtlebot3_bringup/launch/robot.launch.py
[0.934s] -- Installing: /home/zaynap/project_ws/install/turtlebot3_bringup/share/turtlebot3_bringup/param
[0.934s] -- Installing: /home/zaynap/project_ws/install/turtlebot3_bringup/share/turtlebot3_bringup/param/waffle.yaml
[0.935s] -- Installing: /home/zaynap/project_ws/install/turtlebot3_bringup/share/turtlebot3_bringup/param/burger.yaml
[0.935s] -- Installing: /home/zaynap/project_ws/install/turtlebot3_bringup/share/turtlebot3_bringup/param/waffle_pi.yaml
[0.935s] -- Installing: /home/zaynap/project_ws/install/turtlebot3_bringup/share/turtlebot3_bringup/script
[0.935s] -- Installing: /home/zaynap/project_ws/install/turtlebot3_bringup/share/turtlebot3_bringup/script/create_udev_rules
[0.935s] -- Installing: /home/zaynap/project_ws/install/turtlebot3_bringup/share/turtlebot3_bringup/script/99-turtlebot3-cdc.rules
[0.935s] -- Installing: /home/zaynap/project_ws/install/turtlebot3_bringup/share/ament_index/resource_index/package_run_dependencies/turtlebot3_bringup
[0.935s] -- Installing: /home/zaynap/project_ws/install/turtlebot3_bringup/share/ament_index/resource_index/parent_prefix_path/turtlebot3_bringup
[0.935s] -- Installing: /home/zaynap/project_ws/install/turtlebot3_bringup/share/turtlebot3_bringup/environment/ament_prefix_path.sh
[0.935s] -- Installing: /home/zaynap/project_ws/install/turtlebot3_bringup/share/turtlebot3_bringup/environment/ament_prefix_path.dsv
[0.935s] -- Installing: /home/zaynap/project_ws/install/turtlebot3_bringup/share/turtlebot3_bringup/environment/path.sh
[0.935s] -- Installing: /home/zaynap/project_ws/install/turtlebot3_bringup/share/turtlebot3_bringup/environment/path.dsv
[0.935s] -- Installing: /home/zaynap/project_ws/install/turtlebot3_bringup/share/turtlebot3_bringup/local_setup.bash
[0.936s] -- Installing: /home/zaynap/project_ws/install/turtlebot3_bringup/share/turtlebot3_bringup/local_setup.sh
[0.936s] -- Installing: /home/zaynap/project_ws/install/turtlebot3_bringup/share/turtlebot3_bringup/local_setup.zsh
[0.936s] -- Installing: /home/zaynap/project_ws/install/turtlebot3_bringup/share/turtlebot3_bringup/local_setup.dsv
[0.936s] -- Installing: /home/zaynap/project_ws/install/turtlebot3_bringup/share/turtlebot3_bringup/package.dsv
[0.936s] -- Installing: /home/zaynap/project_ws/install/turtlebot3_bringup/share/ament_index/resource_index/packages/turtlebot3_bringup
[0.936s] -- Installing: /home/zaynap/project_ws/install/turtlebot3_bringup/share/turtlebot3_bringup/cmake/turtlebot3_bringupConfig.cmake
[0.936s] -- Installing: /home/zaynap/project_ws/install/turtlebot3_bringup/share/turtlebot3_bringup/cmake/turtlebot3_bringupConfig-version.cmake
[0.936s] -- Installing: /home/zaynap/project_ws/install/turtlebot3_bringup/share/turtlebot3_bringup/package.xml
[0.938s] Invoked command in '/home/zaynap/project_ws/build/turtlebot3_bringup' returned '0': AMENT_PREFIX_PATH=/home/zaynap/project_ws/install/turtlebot3_node:/home/zaynap/project_ws/install/turtlebot3_msgs:/home/zaynap/project_ws/install/turtlebot3_description:/home/zaynap/project_ws/install/dynamixel_sdk:${AMENT_PREFIX_PATH} CMAKE_PREFIX_PATH=/home/zaynap/project_ws/install/turtlebot3_node:/home/zaynap/project_ws/install/turtlebot3_msgs:/home/zaynap/project_ws/install/turtlebot3_description:/home/zaynap/project_ws/install/dynamixel_sdk:/home/zaynap/project_ws/install/model_description:/home/zaynap/project_ws/install/robot_bringup:/opt/ros/humble LD_LIBRARY_PATH=/home/zaynap/project_ws/install/turtlebot3_msgs/lib:/home/zaynap/project_ws/install/dynamixel_sdk/lib:${LD_LIBRARY_PATH} PYTHONPATH=/home/zaynap/project_ws/install/turtlebot3_msgs/local/lib/python3.10/dist-packages:${PYTHONPATH} /usr/bin/cmake --install /home/zaynap/project_ws/build/turtlebot3_bringup
