[0.167s] DEBUG:colcon:Command line arguments: ['/usr/bin/colcon', 'build']
[0.167s] DEBUG:colcon:Parsed command line arguments: Namespace(log_base=None, log_level=None, verb_name='build', build_base='build', install_base='install', merge_install=False, symlink_install=False, test_result_base=None, continue_on_error=False, executor='parallel', parallel_workers=8, event_handlers=None, ignore_user_meta=False, metas=['./colcon.meta'], base_paths=['.'], packages_ignore=None, packages_ignore_regex=None, paths=None, packages_up_to=None, packages_up_to_regex=None, packages_above=None, packages_above_and_dependencies=None, packages_above_depth=None, packages_select_by_dep=None, packages_skip_by_dep=None, packages_skip_up_to=None, packages_select_build_failed=False, packages_skip_build_finished=False, packages_select_test_failures=False, packages_skip_test_passed=False, packages_select=None, packages_skip=None, packages_select_regex=None, packages_skip_regex=None, packages_start=None, packages_end=None, allow_overriding=[], cmake_args=None, cmake_target=None, cmake_target_skip_unavailable=False, cmake_clean_cache=False, cmake_clean_first=False, cmake_force_configure=False, ament_cmake_args=None, catkin_cmake_args=None, catkin_skip_building_tests=False, mixin_files=None, mixin=None, verb_parser=<colcon_mixin.mixin.mixin_argument.MixinArgumentDecorator object at 0x70a3da1692d0>, verb_extension=<colcon_core.verb.build.BuildVerb object at 0x70a3da29e710>, main=<bound method BuildVerb.main of <colcon_core.verb.build.BuildVerb object at 0x70a3da29e710>>, mixin_verb=('build',))
[0.224s] Level 1:colcon.colcon_core.package_discovery:discover_packages(colcon_meta) check parameters
[0.224s] Level 1:colcon.colcon_core.package_discovery:discover_packages(recursive) check parameters
[0.224s] Level 1:colcon.colcon_core.package_discovery:discover_packages(ignore) check parameters
[0.224s] Level 1:colcon.colcon_core.package_discovery:discover_packages(path) check parameters
[0.224s] Level 1:colcon.colcon_core.package_discovery:discover_packages(colcon_meta) discover
[0.224s] Level 1:colcon.colcon_core.package_discovery:discover_packages(recursive) discover
[0.224s] INFO:colcon.colcon_core.package_discovery:Crawling recursively for packages in '/home/zaynap/project_ws'
[0.224s] Level 1:colcon.colcon_core.package_identification:_identify(.) by extensions ['ignore', 'ignore_ament_install']
[0.225s] Level 1:colcon.colcon_core.package_identification:_identify(.) by extension 'ignore'
[0.225s] Level 1:colcon.colcon_core.package_identification:_identify(.) by extension 'ignore_ament_install'
[0.225s] Level 1:colcon.colcon_core.package_identification:_identify(.) by extensions ['colcon_pkg']
[0.225s] Level 1:colcon.colcon_core.package_identification:_identify(.) by extension 'colcon_pkg'
[0.225s] Level 1:colcon.colcon_core.package_identification:_identify(.) by extensions ['colcon_meta']
[0.225s] Level 1:colcon.colcon_core.package_identification:_identify(.) by extension 'colcon_meta'
[0.225s] Level 1:colcon.colcon_core.package_identification:_identify(.) by extensions ['ros']
[0.225s] Level 1:colcon.colcon_core.package_identification:_identify(.) by extension 'ros'
[0.261s] Level 1:colcon.colcon_core.package_identification:_identify(.) by extensions ['cmake', 'python']
[0.261s] Level 1:colcon.colcon_core.package_identification:_identify(.) by extension 'cmake'
[0.261s] Level 1:colcon.colcon_core.package_identification:_identify(.) by extension 'python'
[0.261s] Level 1:colcon.colcon_core.package_identification:_identify(.) by extensions ['python_setup_py']
[0.261s] Level 1:colcon.colcon_core.package_identification:_identify(.) by extension 'python_setup_py'
[0.261s] Level 1:colcon.colcon_core.package_identification:_identify(build) by extensions ['ignore', 'ignore_ament_install']
[0.261s] Level 1:colcon.colcon_core.package_identification:_identify(build) by extension 'ignore'
[0.261s] Level 1:colcon.colcon_core.package_identification:_identify(build) ignored
[0.262s] Level 1:colcon.colcon_core.package_identification:_identify(install) by extensions ['ignore', 'ignore_ament_install']
[0.262s] Level 1:colcon.colcon_core.package_identification:_identify(install) by extension 'ignore'
[0.262s] Level 1:colcon.colcon_core.package_identification:_identify(install) ignored
[0.262s] Level 1:colcon.colcon_core.package_identification:_identify(log) by extensions ['ignore', 'ignore_ament_install']
[0.262s] Level 1:colcon.colcon_core.package_identification:_identify(log) by extension 'ignore'
[0.262s] Level 1:colcon.colcon_core.package_identification:_identify(log) ignored
[0.262s] Level 1:colcon.colcon_core.package_identification:_identify(src) by extensions ['ignore', 'ignore_ament_install']
[0.262s] Level 1:colcon.colcon_core.package_identification:_identify(src) by extension 'ignore'
[0.262s] Level 1:colcon.colcon_core.package_identification:_identify(src) by extension 'ignore_ament_install'
[0.262s] Level 1:colcon.colcon_core.package_identification:_identify(src) by extensions ['colcon_pkg']
[0.263s] Level 1:colcon.colcon_core.package_identification:_identify(src) by extension 'colcon_pkg'
[0.263s] Level 1:colcon.colcon_core.package_identification:_identify(src) by extensions ['colcon_meta']
[0.263s] Level 1:colcon.colcon_core.package_identification:_identify(src) by extension 'colcon_meta'
[0.263s] Level 1:colcon.colcon_core.package_identification:_identify(src) by extensions ['ros']
[0.263s] Level 1:colcon.colcon_core.package_identification:_identify(src) by extension 'ros'
[0.263s] Level 1:colcon.colcon_core.package_identification:_identify(src) by extensions ['cmake', 'python']
[0.263s] Level 1:colcon.colcon_core.package_identification:_identify(src) by extension 'cmake'
[0.263s] Level 1:colcon.colcon_core.package_identification:_identify(src) by extension 'python'
[0.263s] Level 1:colcon.colcon_core.package_identification:_identify(src) by extensions ['python_setup_py']
[0.263s] Level 1:colcon.colcon_core.package_identification:_identify(src) by extension 'python_setup_py'
[0.263s] Level 1:colcon.colcon_core.package_identification:_identify(src/gap_follower) by extensions ['ignore', 'ignore_ament_install']
[0.263s] Level 1:colcon.colcon_core.package_identification:_identify(src/gap_follower) by extension 'ignore'
[0.263s] Level 1:colcon.colcon_core.package_identification:_identify(src/gap_follower) by extension 'ignore_ament_install'
[0.263s] Level 1:colcon.colcon_core.package_identification:_identify(src/gap_follower) by extensions ['colcon_pkg']
[0.263s] Level 1:colcon.colcon_core.package_identification:_identify(src/gap_follower) by extension 'colcon_pkg'
[0.263s] Level 1:colcon.colcon_core.package_identification:_identify(src/gap_follower) by extensions ['colcon_meta']
[0.263s] Level 1:colcon.colcon_core.package_identification:_identify(src/gap_follower) by extension 'colcon_meta'
[0.264s] Level 1:colcon.colcon_core.package_identification:_identify(src/gap_follower) by extensions ['ros']
[0.264s] Level 1:colcon.colcon_core.package_identification:_identify(src/gap_follower) by extension 'ros'
[0.267s] DEBUG:colcon.colcon_core.package_identification:Package 'src/gap_follower' with type 'ros.ament_python' and name 'gap_follower'
[0.268s] Level 1:colcon.colcon_core.package_identification:_identify(src/model_description) by extensions ['ignore', 'ignore_ament_install']
[0.268s] Level 1:colcon.colcon_core.package_identification:_identify(src/model_description) by extension 'ignore'
[0.268s] Level 1:colcon.colcon_core.package_identification:_identify(src/model_description) by extension 'ignore_ament_install'
[0.268s] Level 1:colcon.colcon_core.package_identification:_identify(src/model_description) by extensions ['colcon_pkg']
[0.268s] Level 1:colcon.colcon_core.package_identification:_identify(src/model_description) by extension 'colcon_pkg'
[0.268s] Level 1:colcon.colcon_core.package_identification:_identify(src/model_description) by extensions ['colcon_meta']
[0.268s] Level 1:colcon.colcon_core.package_identification:_identify(src/model_description) by extension 'colcon_meta'
[0.268s] Level 1:colcon.colcon_core.package_identification:_identify(src/model_description) by extensions ['ros']
[0.268s] Level 1:colcon.colcon_core.package_identification:_identify(src/model_description) by extension 'ros'
[0.269s] DEBUG:colcon.colcon_core.package_identification:Package 'src/model_description' with type 'ros.ament_cmake' and name 'model_description'
[0.269s] Level 1:colcon.colcon_core.package_identification:_identify(src/robot_bringup) by extensions ['ignore', 'ignore_ament_install']
[0.269s] Level 1:colcon.colcon_core.package_identification:_identify(src/robot_bringup) by extension 'ignore'
[0.269s] Level 1:colcon.colcon_core.package_identification:_identify(src/robot_bringup) by extension 'ignore_ament_install'
[0.269s] Level 1:colcon.colcon_core.package_identification:_identify(src/robot_bringup) by extensions ['colcon_pkg']
[0.269s] Level 1:colcon.colcon_core.package_identification:_identify(src/robot_bringup) by extension 'colcon_pkg'
[0.269s] Level 1:colcon.colcon_core.package_identification:_identify(src/robot_bringup) by extensions ['colcon_meta']
[0.270s] Level 1:colcon.colcon_core.package_identification:_identify(src/robot_bringup) by extension 'colcon_meta'
[0.270s] Level 1:colcon.colcon_core.package_identification:_identify(src/robot_bringup) by extensions ['ros']
[0.270s] Level 1:colcon.colcon_core.package_identification:_identify(src/robot_bringup) by extension 'ros'
[0.271s] DEBUG:colcon.colcon_core.package_identification:Package 'src/robot_bringup' with type 'ros.ament_python' and name 'robot_bringup'
[0.271s] Level 1:colcon.colcon_core.package_discovery:discover_packages(recursive) using defaults
[0.271s] Level 1:colcon.colcon_core.package_discovery:discover_packages(ignore) discover
[0.271s] Level 1:colcon.colcon_core.package_discovery:discover_packages(ignore) using defaults
[0.271s] Level 1:colcon.colcon_core.package_discovery:discover_packages(path) discover
[0.271s] Level 1:colcon.colcon_core.package_discovery:discover_packages(path) using defaults
[0.298s] Level 1:colcon.colcon_core.package_discovery:discover_packages(prefix_path) check parameters
[0.299s] Level 1:colcon.colcon_core.package_discovery:discover_packages(prefix_path) discover
[0.301s] DEBUG:colcon.colcon_installed_package_information.package_discovery:Found 3 installed packages in /home/zaynap/project_ws/install
[0.303s] DEBUG:colcon.colcon_installed_package_information.package_discovery:Found 419 installed packages in /opt/ros/humble
[0.306s] Level 1:colcon.colcon_core.package_discovery:discover_packages(prefix_path) using defaults
[0.393s] Level 5:colcon.colcon_core.verb:set package 'gap_follower' build argument 'cmake_args' from command line to 'None'
[0.393s] Level 5:colcon.colcon_core.verb:set package 'gap_follower' build argument 'cmake_target' from command line to 'None'
[0.393s] Level 5:colcon.colcon_core.verb:set package 'gap_follower' build argument 'cmake_target_skip_unavailable' from command line to 'False'
[0.393s] Level 5:colcon.colcon_core.verb:set package 'gap_follower' build argument 'cmake_clean_cache' from command line to 'False'
[0.394s] Level 5:colcon.colcon_core.verb:set package 'gap_follower' build argument 'cmake_clean_first' from command line to 'False'
[0.394s] Level 5:colcon.colcon_core.verb:set package 'gap_follower' build argument 'cmake_force_configure' from command line to 'False'
[0.394s] Level 5:colcon.colcon_core.verb:set package 'gap_follower' build argument 'ament_cmake_args' from command line to 'None'
[0.394s] Level 5:colcon.colcon_core.verb:set package 'gap_follower' build argument 'catkin_cmake_args' from command line to 'None'
[0.394s] Level 5:colcon.colcon_core.verb:set package 'gap_follower' build argument 'catkin_skip_building_tests' from command line to 'False'
[0.394s] DEBUG:colcon.colcon_core.verb:Building package 'gap_follower' with the following arguments: {'ament_cmake_args': None, 'build_base': '/home/zaynap/project_ws/build/gap_follower', 'catkin_cmake_args': None, 'catkin_skip_building_tests': False, 'cmake_args': None, 'cmake_clean_cache': False, 'cmake_clean_first': False, 'cmake_force_configure': False, 'cmake_target': None, 'cmake_target_skip_unavailable': False, 'install_base': '/home/zaynap/project_ws/install/gap_follower', 'merge_install': False, 'path': '/home/zaynap/project_ws/src/gap_follower', 'symlink_install': False, 'test_result_base': None}
[0.394s] Level 5:colcon.colcon_core.verb:set package 'model_description' build argument 'cmake_args' from command line to 'None'
[0.394s] Level 5:colcon.colcon_core.verb:set package 'model_description' build argument 'cmake_target' from command line to 'None'
[0.394s] Level 5:colcon.colcon_core.verb:set package 'model_description' build argument 'cmake_target_skip_unavailable' from command line to 'False'
[0.394s] Level 5:colcon.colcon_core.verb:set package 'model_description' build argument 'cmake_clean_cache' from command line to 'False'
[0.394s] Level 5:colcon.colcon_core.verb:set package 'model_description' build argument 'cmake_clean_first' from command line to 'False'
[0.394s] Level 5:colcon.colcon_core.verb:set package 'model_description' build argument 'cmake_force_configure' from command line to 'False'
[0.395s] Level 5:colcon.colcon_core.verb:set package 'model_description' build argument 'ament_cmake_args' from command line to 'None'
[0.395s] Level 5:colcon.colcon_core.verb:set package 'model_description' build argument 'catkin_cmake_args' from command line to 'None'
[0.395s] Level 5:colcon.colcon_core.verb:set package 'model_description' build argument 'catkin_skip_building_tests' from command line to 'False'
[0.395s] DEBUG:colcon.colcon_core.verb:Building package 'model_description' with the following arguments: {'ament_cmake_args': None, 'build_base': '/home/zaynap/project_ws/build/model_description', 'catkin_cmake_args': None, 'catkin_skip_building_tests': False, 'cmake_args': None, 'cmake_clean_cache': False, 'cmake_clean_first': False, 'cmake_force_configure': False, 'cmake_target': None, 'cmake_target_skip_unavailable': False, 'install_base': '/home/zaynap/project_ws/install/model_description', 'merge_install': False, 'path': '/home/zaynap/project_ws/src/model_description', 'symlink_install': False, 'test_result_base': None}
[0.395s] Level 5:colcon.colcon_core.verb:set package 'robot_bringup' build argument 'cmake_args' from command line to 'None'
[0.395s] Level 5:colcon.colcon_core.verb:set package 'robot_bringup' build argument 'cmake_target' from command line to 'None'
[0.395s] Level 5:colcon.colcon_core.verb:set package 'robot_bringup' build argument 'cmake_target_skip_unavailable' from command line to 'False'
[0.395s] Level 5:colcon.colcon_core.verb:set package 'robot_bringup' build argument 'cmake_clean_cache' from command line to 'False'
[0.395s] Level 5:colcon.colcon_core.verb:set package 'robot_bringup' build argument 'cmake_clean_first' from command line to 'False'
[0.395s] Level 5:colcon.colcon_core.verb:set package 'robot_bringup' build argument 'cmake_force_configure' from command line to 'False'
[0.396s] Level 5:colcon.colcon_core.verb:set package 'robot_bringup' build argument 'ament_cmake_args' from command line to 'None'
[0.396s] Level 5:colcon.colcon_core.verb:set package 'robot_bringup' build argument 'catkin_cmake_args' from command line to 'None'
[0.396s] Level 5:colcon.colcon_core.verb:set package 'robot_bringup' build argument 'catkin_skip_building_tests' from command line to 'False'
[0.396s] DEBUG:colcon.colcon_core.verb:Building package 'robot_bringup' with the following arguments: {'ament_cmake_args': None, 'build_base': '/home/zaynap/project_ws/build/robot_bringup', 'catkin_cmake_args': None, 'catkin_skip_building_tests': False, 'cmake_args': None, 'cmake_clean_cache': False, 'cmake_clean_first': False, 'cmake_force_configure': False, 'cmake_target': None, 'cmake_target_skip_unavailable': False, 'install_base': '/home/zaynap/project_ws/install/robot_bringup', 'merge_install': False, 'path': '/home/zaynap/project_ws/src/robot_bringup', 'symlink_install': False, 'test_result_base': None}
[0.396s] INFO:colcon.colcon_core.executor:Executing jobs using 'parallel' executor
[0.397s] DEBUG:colcon.colcon_parallel_executor.executor.parallel:run_until_complete
[0.398s] INFO:colcon.colcon_ros.task.ament_python.build:Building ROS package in '/home/zaynap/project_ws/src/gap_follower' with build type 'ament_python'
[0.398s] Level 1:colcon.colcon_core.shell:create_environment_hook('gap_follower', 'ament_prefix_path')
[0.401s] INFO:colcon.colcon_core.plugin_system:Skipping extension 'colcon_core.shell.bat': Not used on non-Windows systems
[0.401s] INFO:colcon.colcon_core.shell:Creating environment hook '/home/zaynap/project_ws/install/gap_follower/share/gap_follower/hook/ament_prefix_path.ps1'
[0.402s] INFO:colcon.colcon_core.shell:Creating environment descriptor '/home/zaynap/project_ws/install/gap_follower/share/gap_follower/hook/ament_prefix_path.dsv'
[0.403s] INFO:colcon.colcon_core.shell:Creating environment hook '/home/zaynap/project_ws/install/gap_follower/share/gap_follower/hook/ament_prefix_path.sh'
[0.404s] INFO:colcon.colcon_core.shell:Skip shell extension 'powershell' for command environment: Not usable outside of PowerShell
[0.404s] DEBUG:colcon.colcon_core.shell:Skip shell extension 'dsv' for command environment
[0.408s] INFO:colcon.colcon_ros.task.ament_cmake.build:Building ROS package in '/home/zaynap/project_ws/src/model_description' with build type 'ament_cmake'
[0.408s] INFO:colcon.colcon_cmake.task.cmake.build:Building CMake package in '/home/zaynap/project_ws/src/model_description'
[0.408s] INFO:colcon.colcon_core.shell:Skip shell extension 'powershell' for command environment: Not usable outside of PowerShell
[0.408s] DEBUG:colcon.colcon_core.shell:Skip shell extension 'dsv' for command environment
[0.413s] INFO:colcon.colcon_ros.task.ament_python.build:Building ROS package in '/home/zaynap/project_ws/src/robot_bringup' with build type 'ament_python'
[0.413s] Level 1:colcon.colcon_core.shell:create_environment_hook('robot_bringup', 'ament_prefix_path')
[0.414s] INFO:colcon.colcon_core.shell:Creating environment hook '/home/zaynap/project_ws/install/robot_bringup/share/robot_bringup/hook/ament_prefix_path.ps1'
[0.415s] INFO:colcon.colcon_core.shell:Creating environment descriptor '/home/zaynap/project_ws/install/robot_bringup/share/robot_bringup/hook/ament_prefix_path.dsv'
[0.416s] INFO:colcon.colcon_core.shell:Creating environment hook '/home/zaynap/project_ws/install/robot_bringup/share/robot_bringup/hook/ament_prefix_path.sh'
[0.416s] INFO:colcon.colcon_core.shell:Skip shell extension 'powershell' for command environment: Not usable outside of PowerShell
[0.416s] DEBUG:colcon.colcon_core.shell:Skip shell extension 'dsv' for command environment
[0.782s] INFO:colcon.colcon_core.task.python.build:Building Python package in '/home/zaynap/project_ws/src/gap_follower'
[0.783s] INFO:colcon.colcon_core.shell:Skip shell extension 'powershell' for command environment: Not usable outside of PowerShell
[0.783s] DEBUG:colcon.colcon_core.shell:Skip shell extension 'dsv' for command environment
[0.793s] DEBUG:colcon.colcon_core.event_handler.log_command:Invoking command in '/home/zaynap/project_ws/build/model_description': CMAKE_PREFIX_PATH=${CMAKE_PREFIX_PATH}:/home/zaynap/project_ws/install/robot_bringup:/home/zaynap/project_ws/install/gap_follower:/opt/ros/humble /usr/bin/cmake --build /home/zaynap/project_ws/build/model_description -- -j8 -l8
[1.161s] INFO:colcon.colcon_core.task.python.build:Building Python package in '/home/zaynap/project_ws/src/robot_bringup'
[1.161s] INFO:colcon.colcon_core.shell:Skip shell extension 'powershell' for command environment: Not usable outside of PowerShell
[1.161s] DEBUG:colcon.colcon_core.shell:Skip shell extension 'dsv' for command environment
[1.172s] DEBUG:colcon.colcon_core.event_handler.log_command:Invoked command in '/home/zaynap/project_ws/build/model_description' returned '0': CMAKE_PREFIX_PATH=${CMAKE_PREFIX_PATH}:/home/zaynap/project_ws/install/robot_bringup:/home/zaynap/project_ws/install/gap_follower:/opt/ros/humble /usr/bin/cmake --build /home/zaynap/project_ws/build/model_description -- -j8 -l8
[1.186s] DEBUG:colcon.colcon_core.event_handler.log_command:Invoking command in '/home/zaynap/project_ws/build/model_description': CMAKE_PREFIX_PATH=${CMAKE_PREFIX_PATH}:/home/zaynap/project_ws/install/robot_bringup:/home/zaynap/project_ws/install/gap_follower:/opt/ros/humble /usr/bin/cmake --install /home/zaynap/project_ws/build/model_description
[1.201s] Level 1:colcon.colcon_core.environment:create_environment_scripts_only(model_description)
[1.205s] DEBUG:colcon.colcon_core.event_handler.log_command:Invoked command in '/home/zaynap/project_ws/build/model_description' returned '0': CMAKE_PREFIX_PATH=${CMAKE_PREFIX_PATH}:/home/zaynap/project_ws/install/robot_bringup:/home/zaynap/project_ws/install/gap_follower:/opt/ros/humble /usr/bin/cmake --install /home/zaynap/project_ws/build/model_description
[1.207s] Level 1:colcon.colcon_core.environment:checking '/home/zaynap/project_ws/install/model_description' for CMake module files
[1.208s] Level 1:colcon.colcon_core.environment:checking '/home/zaynap/project_ws/install/model_description' for CMake config files
[1.208s] Level 1:colcon.colcon_core.shell:create_environment_hook('model_description', 'cmake_prefix_path')
[1.209s] INFO:colcon.colcon_core.shell:Creating environment hook '/home/zaynap/project_ws/install/model_description/share/model_description/hook/cmake_prefix_path.ps1'
[1.210s] INFO:colcon.colcon_core.shell:Creating environment descriptor '/home/zaynap/project_ws/install/model_description/share/model_description/hook/cmake_prefix_path.dsv'
[1.210s] INFO:colcon.colcon_core.shell:Creating environment hook '/home/zaynap/project_ws/install/model_description/share/model_description/hook/cmake_prefix_path.sh'
[1.211s] Level 1:colcon.colcon_core.environment:checking '/home/zaynap/project_ws/install/model_description/bin'
[1.212s] Level 1:colcon.colcon_core.environment:checking '/home/zaynap/project_ws/install/model_description/lib/pkgconfig/model_description.pc'
[1.212s] Level 1:colcon.colcon_core.environment:checking '/home/zaynap/project_ws/install/model_description/lib/python3.10/site-packages'
[1.212s] Level 1:colcon.colcon_core.environment:checking '/home/zaynap/project_ws/install/model_description/bin'
[1.213s] INFO:colcon.colcon_core.shell:Creating package script '/home/zaynap/project_ws/install/model_description/share/model_description/package.ps1'
[1.214s] INFO:colcon.colcon_core.shell:Creating package descriptor '/home/zaynap/project_ws/install/model_description/share/model_description/package.dsv'
[1.215s] INFO:colcon.colcon_core.shell:Creating package script '/home/zaynap/project_ws/install/model_description/share/model_description/package.sh'
[1.217s] INFO:colcon.colcon_core.shell:Creating package script '/home/zaynap/project_ws/install/model_description/share/model_description/package.bash'
[1.218s] INFO:colcon.colcon_core.shell:Creating package script '/home/zaynap/project_ws/install/model_description/share/model_description/package.zsh'
[1.219s] Level 1:colcon.colcon_core.environment:create_file_with_runtime_dependencies(/home/zaynap/project_ws/install/model_description/share/colcon-core/packages/model_description)
[1.221s] Level 1:colcon.colcon_core.environment:create_environment_scripts_only(model_description)
[1.221s] Level 1:colcon.colcon_core.environment:checking '/home/zaynap/project_ws/install/model_description' for CMake module files
[1.222s] Level 1:colcon.colcon_core.environment:checking '/home/zaynap/project_ws/install/model_description' for CMake config files
[1.222s] Level 1:colcon.colcon_core.shell:create_environment_hook('model_description', 'cmake_prefix_path')
[1.223s] INFO:colcon.colcon_core.shell:Creating environment hook '/home/zaynap/project_ws/install/model_description/share/model_description/hook/cmake_prefix_path.ps1'
[1.224s] INFO:colcon.colcon_core.shell:Creating environment descriptor '/home/zaynap/project_ws/install/model_description/share/model_description/hook/cmake_prefix_path.dsv'
[1.224s] INFO:colcon.colcon_core.shell:Creating environment hook '/home/zaynap/project_ws/install/model_description/share/model_description/hook/cmake_prefix_path.sh'
[1.225s] Level 1:colcon.colcon_core.environment:checking '/home/zaynap/project_ws/install/model_description/bin'
[1.225s] Level 1:colcon.colcon_core.environment:checking '/home/zaynap/project_ws/install/model_description/lib/pkgconfig/model_description.pc'
[1.226s] Level 1:colcon.colcon_core.environment:checking '/home/zaynap/project_ws/install/model_description/lib/python3.10/site-packages'
[1.226s] Level 1:colcon.colcon_core.environment:checking '/home/zaynap/project_ws/install/model_description/bin'
[1.227s] INFO:colcon.colcon_core.shell:Creating package script '/home/zaynap/project_ws/install/model_description/share/model_description/package.ps1'
[1.228s] INFO:colcon.colcon_core.shell:Creating package descriptor '/home/zaynap/project_ws/install/model_description/share/model_description/package.dsv'
[1.228s] INFO:colcon.colcon_core.shell:Creating package script '/home/zaynap/project_ws/install/model_description/share/model_description/package.sh'
[1.229s] INFO:colcon.colcon_core.shell:Creating package script '/home/zaynap/project_ws/install/model_description/share/model_description/package.bash'
[1.230s] INFO:colcon.colcon_core.shell:Creating package script '/home/zaynap/project_ws/install/model_description/share/model_description/package.zsh'
[1.231s] Level 1:colcon.colcon_core.environment:create_file_with_runtime_dependencies(/home/zaynap/project_ws/install/model_description/share/colcon-core/packages/model_description)
[2.064s] DEBUG:colcon.colcon_core.event_handler.log_command:Invoking command in '/home/zaynap/project_ws/src/gap_follower': PYTHONPATH=/home/zaynap/project_ws/build/gap_follower/prefix_override:/usr/lib/python3/dist-packages/colcon_core/task/python/colcon_distutils_commands:/home/zaynap/project_ws/install/gap_follower/lib/python3.10/site-packages:${PYTHONPATH} /usr/bin/python3 -W ignore:setup.py install is deprecated -W ignore:easy_install command is deprecated setup.py egg_info --egg-base ../../build/gap_follower build --build-base /home/zaynap/project_ws/build/gap_follower/build install --record /home/zaynap/project_ws/build/gap_follower/install.log --single-version-externally-managed install_data
[2.085s] DEBUG:colcon.colcon_core.event_handler.log_command:Invoking command in '/home/zaynap/project_ws/src/robot_bringup': PYTHONPATH=/home/zaynap/project_ws/build/robot_bringup/prefix_override:/usr/lib/python3/dist-packages/colcon_core/task/python/colcon_distutils_commands:/home/zaynap/project_ws/install/robot_bringup/lib/python3.10/site-packages:${PYTHONPATH} /usr/bin/python3 -W ignore:setup.py install is deprecated -W ignore:easy_install command is deprecated setup.py egg_info --egg-base ../../build/robot_bringup build --build-base /home/zaynap/project_ws/build/robot_bringup/build install --record /home/zaynap/project_ws/build/robot_bringup/install.log --single-version-externally-managed install_data
[2.960s] Level 1:colcon.colcon_core.environment:checking '/home/zaynap/project_ws/install/gap_follower' for CMake module files
[2.961s] DEBUG:colcon.colcon_core.event_handler.log_command:Invoked command in '/home/zaynap/project_ws/src/gap_follower' returned '0': PYTHONPATH=/home/zaynap/project_ws/build/gap_follower/prefix_override:/usr/lib/python3/dist-packages/colcon_core/task/python/colcon_distutils_commands:/home/zaynap/project_ws/install/gap_follower/lib/python3.10/site-packages:${PYTHONPATH} /usr/bin/python3 -W ignore:setup.py install is deprecated -W ignore:easy_install command is deprecated setup.py egg_info --egg-base ../../build/gap_follower build --build-base /home/zaynap/project_ws/build/gap_follower/build install --record /home/zaynap/project_ws/build/gap_follower/install.log --single-version-externally-managed install_data
[2.962s] Level 1:colcon.colcon_core.environment:checking '/home/zaynap/project_ws/install/gap_follower' for CMake config files
[2.963s] Level 1:colcon.colcon_core.environment:checking '/home/zaynap/project_ws/install/gap_follower/lib'
[2.963s] Level 1:colcon.colcon_core.environment:checking '/home/zaynap/project_ws/install/gap_follower/bin'
[2.963s] Level 1:colcon.colcon_core.environment:checking '/home/zaynap/project_ws/install/gap_follower/lib/pkgconfig/gap_follower.pc'
[2.964s] Level 1:colcon.colcon_core.environment:checking '/home/zaynap/project_ws/install/gap_follower/lib/python3.10/site-packages'
[2.964s] Level 1:colcon.colcon_core.shell:create_environment_hook('gap_follower', 'pythonpath')
[2.964s] INFO:colcon.colcon_core.shell:Creating environment hook '/home/zaynap/project_ws/install/gap_follower/share/gap_follower/hook/pythonpath.ps1'
[2.965s] INFO:colcon.colcon_core.shell:Creating environment descriptor '/home/zaynap/project_ws/install/gap_follower/share/gap_follower/hook/pythonpath.dsv'
[2.966s] INFO:colcon.colcon_core.shell:Creating environment hook '/home/zaynap/project_ws/install/gap_follower/share/gap_follower/hook/pythonpath.sh'
[2.967s] Level 1:colcon.colcon_core.environment:checking '/home/zaynap/project_ws/install/gap_follower/bin'
[2.967s] Level 1:colcon.colcon_core.environment:create_environment_scripts_only(gap_follower)
[2.968s] INFO:colcon.colcon_core.shell:Creating package script '/home/zaynap/project_ws/install/gap_follower/share/gap_follower/package.ps1'
[2.969s] INFO:colcon.colcon_core.shell:Creating package descriptor '/home/zaynap/project_ws/install/gap_follower/share/gap_follower/package.dsv'
[2.970s] INFO:colcon.colcon_core.shell:Creating package script '/home/zaynap/project_ws/install/gap_follower/share/gap_follower/package.sh'
[2.971s] INFO:colcon.colcon_core.shell:Creating package script '/home/zaynap/project_ws/install/gap_follower/share/gap_follower/package.bash'
[2.972s] INFO:colcon.colcon_core.shell:Creating package script '/home/zaynap/project_ws/install/gap_follower/share/gap_follower/package.zsh'
[2.972s] Level 1:colcon.colcon_core.environment:create_file_with_runtime_dependencies(/home/zaynap/project_ws/install/gap_follower/share/colcon-core/packages/gap_follower)
[2.983s] Level 1:colcon.colcon_core.environment:checking '/home/zaynap/project_ws/install/robot_bringup' for CMake module files
[2.984s] DEBUG:colcon.colcon_core.event_handler.log_command:Invoked command in '/home/zaynap/project_ws/src/robot_bringup' returned '0': PYTHONPATH=/home/zaynap/project_ws/build/robot_bringup/prefix_override:/usr/lib/python3/dist-packages/colcon_core/task/python/colcon_distutils_commands:/home/zaynap/project_ws/install/robot_bringup/lib/python3.10/site-packages:${PYTHONPATH} /usr/bin/python3 -W ignore:setup.py install is deprecated -W ignore:easy_install command is deprecated setup.py egg_info --egg-base ../../build/robot_bringup build --build-base /home/zaynap/project_ws/build/robot_bringup/build install --record /home/zaynap/project_ws/build/robot_bringup/install.log --single-version-externally-managed install_data
[2.984s] Level 1:colcon.colcon_core.environment:checking '/home/zaynap/project_ws/install/robot_bringup' for CMake config files
[2.985s] Level 1:colcon.colcon_core.environment:checking '/home/zaynap/project_ws/install/robot_bringup/lib'
[2.985s] Level 1:colcon.colcon_core.environment:checking '/home/zaynap/project_ws/install/robot_bringup/bin'
[2.986s] Level 1:colcon.colcon_core.environment:checking '/home/zaynap/project_ws/install/robot_bringup/lib/pkgconfig/robot_bringup.pc'
[2.986s] Level 1:colcon.colcon_core.environment:checking '/home/zaynap/project_ws/install/robot_bringup/lib/python3.10/site-packages'
[2.986s] Level 1:colcon.colcon_core.shell:create_environment_hook('robot_bringup', 'pythonpath')
[2.987s] INFO:colcon.colcon_core.shell:Creating environment hook '/home/zaynap/project_ws/install/robot_bringup/share/robot_bringup/hook/pythonpath.ps1'
[2.987s] INFO:colcon.colcon_core.shell:Creating environment descriptor '/home/zaynap/project_ws/install/robot_bringup/share/robot_bringup/hook/pythonpath.dsv'
[2.988s] INFO:colcon.colcon_core.shell:Creating environment hook '/home/zaynap/project_ws/install/robot_bringup/share/robot_bringup/hook/pythonpath.sh'
[2.989s] Level 1:colcon.colcon_core.environment:checking '/home/zaynap/project_ws/install/robot_bringup/bin'
[2.989s] Level 1:colcon.colcon_core.environment:create_environment_scripts_only(robot_bringup)
[2.990s] INFO:colcon.colcon_core.shell:Creating package script '/home/zaynap/project_ws/install/robot_bringup/share/robot_bringup/package.ps1'
[2.990s] INFO:colcon.colcon_core.shell:Creating package descriptor '/home/zaynap/project_ws/install/robot_bringup/share/robot_bringup/package.dsv'
[2.991s] INFO:colcon.colcon_core.shell:Creating package script '/home/zaynap/project_ws/install/robot_bringup/share/robot_bringup/package.sh'
[2.992s] INFO:colcon.colcon_core.shell:Creating package script '/home/zaynap/project_ws/install/robot_bringup/share/robot_bringup/package.bash'
[2.993s] INFO:colcon.colcon_core.shell:Creating package script '/home/zaynap/project_ws/install/robot_bringup/share/robot_bringup/package.zsh'
[2.993s] Level 1:colcon.colcon_core.environment:create_file_with_runtime_dependencies(/home/zaynap/project_ws/install/robot_bringup/share/colcon-core/packages/robot_bringup)
[2.994s] DEBUG:colcon.colcon_parallel_executor.executor.parallel:closing loop
[2.994s] DEBUG:colcon.colcon_parallel_executor.executor.parallel:loop closed
[2.995s] DEBUG:colcon.colcon_parallel_executor.executor.parallel:run_until_complete finished with '0'
[2.995s] DEBUG:colcon.colcon_core.event_reactor:joining thread
[3.004s] INFO:colcon.colcon_core.plugin_system:Skipping extension 'colcon_notification.desktop_notification.terminal_notifier': Not used on non-Darwin systems
[3.004s] INFO:colcon.colcon_core.plugin_system:Skipping extension 'colcon_notification.desktop_notification.win32': Not used on non-Windows systems
[3.004s] INFO:colcon.colcon_notification.desktop_notification:Sending desktop notification using 'notify2'
[3.018s] DEBUG:colcon.colcon_core.event_reactor:joined thread
[3.018s] INFO:colcon.colcon_core.shell:Creating prefix script '/home/zaynap/project_ws/install/local_setup.ps1'
[3.020s] INFO:colcon.colcon_core.shell:Creating prefix util module '/home/zaynap/project_ws/install/_local_setup_util_ps1.py'
[3.022s] INFO:colcon.colcon_core.shell:Creating prefix chain script '/home/zaynap/project_ws/install/setup.ps1'
[3.024s] INFO:colcon.colcon_core.shell:Creating prefix script '/home/zaynap/project_ws/install/local_setup.sh'
[3.025s] INFO:colcon.colcon_core.shell:Creating prefix util module '/home/zaynap/project_ws/install/_local_setup_util_sh.py'
[3.026s] INFO:colcon.colcon_core.shell:Creating prefix chain script '/home/zaynap/project_ws/install/setup.sh'
[3.028s] INFO:colcon.colcon_core.shell:Creating prefix script '/home/zaynap/project_ws/install/local_setup.bash'
[3.029s] INFO:colcon.colcon_core.shell:Creating prefix chain script '/home/zaynap/project_ws/install/setup.bash'
[3.030s] INFO:colcon.colcon_core.shell:Creating prefix script '/home/zaynap/project_ws/install/local_setup.zsh'
[3.031s] INFO:colcon.colcon_core.shell:Creating prefix chain script '/home/zaynap/project_ws/install/setup.zsh'
