-- Install configuration: ""
-- Up-to-date: /home/zaynap/project_ws/install/model_description/share/model_description//worlds
-- Installing: /home/zaynap/project_ws/install/model_description/share/model_description//worlds/install
-- Installing: /home/zaynap/project_ws/install/model_description/share/model_description//worlds/install/setup.bash
-- Installing: /home/zaynap/project_ws/install/model_description/share/model_description//worlds/install/setup.ps1
-- Installing: /home/zaynap/project_ws/install/model_description/share/model_description//worlds/install/_local_setup_util_ps1.py
-- Installing: /home/zaynap/project_ws/install/model_description/share/model_description//worlds/install/_local_setup_util_sh.py
-- Installing: /home/zaynap/project_ws/install/model_description/share/model_description//worlds/install/local_setup.bash
-- Installing: /home/zaynap/project_ws/install/model_description/share/model_description//worlds/install/local_setup.ps1
-- Installing: /home/zaynap/project_ws/install/model_description/share/model_description//worlds/install/COLCON_IGNORE
-- Installing: /home/zaynap/project_ws/install/model_description/share/model_description//worlds/install/setup.zsh
-- Installing: /home/zaynap/project_ws/install/model_description/share/model_description//worlds/install/local_setup.sh
-- Installing: /home/zaynap/project_ws/install/model_description/share/model_description//worlds/install/.colcon_install_layout
-- Installing: /home/zaynap/project_ws/install/model_description/share/model_description//worlds/install/setup.sh
-- Installing: /home/zaynap/project_ws/install/model_description/share/model_description//worlds/install/local_setup.zsh
-- Installing: /home/zaynap/project_ws/install/model_description/share/model_description//worlds/log
-- Installing: /home/zaynap/project_ws/install/model_description/share/model_description//worlds/log/build_2025-03-01_01-52-05
-- Installing: /home/zaynap/project_ws/install/model_description/share/model_description//worlds/log/build_2025-03-01_01-52-05/events.log
-- Installing: /home/zaynap/project_ws/install/model_description/share/model_description//worlds/log/build_2025-03-01_01-52-05/logger_all.log
-- Installing: /home/zaynap/project_ws/install/model_description/share/model_description//worlds/log/latest_build
-- Installing: /home/zaynap/project_ws/install/model_description/share/model_description//worlds/log/COLCON_IGNORE
-- Installing: /home/zaynap/project_ws/install/model_description/share/model_description//worlds/log/latest
-- Installing: /home/zaynap/project_ws/install/model_description/share/model_description//worlds/world.sdf
-- Installing: /home/zaynap/project_ws/install/model_description/share/model_description//worlds/build
-- Installing: /home/zaynap/project_ws/install/model_description/share/model_description//worlds/build/.built_by
-- Installing: /home/zaynap/project_ws/install/model_description/share/model_description//worlds/build/COLCON_IGNORE
-- Up-to-date: /home/zaynap/project_ws/install/model_description/share/model_description//models
-- Up-to-date: /home/zaynap/project_ws/install/model_description/share/model_description//models/model.config
-- Up-to-date: /home/zaynap/project_ws/install/model_description/share/model_description//models/thumbnails
-- Up-to-date: /home/zaynap/project_ws/install/model_description/share/model_description//models/thumbnails/turtlebot3_burger.jpg
-- Up-to-date: /home/zaynap/project_ws/install/model_description/share/model_description//models/meshes
-- Up-to-date: /home/zaynap/project_ws/install/model_description/share/model_description//models/meshes/burger_base.stl
-- Up-to-date: /home/zaynap/project_ws/install/model_description/share/model_description//models/meshes/left_tire.stl
-- Up-to-date: /home/zaynap/project_ws/install/model_description/share/model_description//models/meshes/right_tire.stl
-- Up-to-date: /home/zaynap/project_ws/install/model_description/share/model_description//models/meshes/lds.stl
-- Installing: /home/zaynap/project_ws/install/model_description/share/model_description//models/model.sdf
-- Up-to-date: /home/zaynap/project_ws/install/model_description/share/ament_index/resource_index/package_run_dependencies/model_description
-- Up-to-date: /home/zaynap/project_ws/install/model_description/share/ament_index/resource_index/parent_prefix_path/model_description
-- Up-to-date: /home/zaynap/project_ws/install/model_description/share/model_description/environment/ament_prefix_path.sh
-- Up-to-date: /home/zaynap/project_ws/install/model_description/share/model_description/environment/ament_prefix_path.dsv
-- Up-to-date: /home/zaynap/project_ws/install/model_description/share/model_description/environment/path.sh
-- Up-to-date: /home/zaynap/project_ws/install/model_description/share/model_description/environment/path.dsv
-- Up-to-date: /home/zaynap/project_ws/install/model_description/share/model_description/local_setup.bash
-- Up-to-date: /home/zaynap/project_ws/install/model_description/share/model_description/local_setup.sh
-- Up-to-date: /home/zaynap/project_ws/install/model_description/share/model_description/local_setup.zsh
-- Up-to-date: /home/zaynap/project_ws/install/model_description/share/model_description/local_setup.dsv
-- Installing: /home/zaynap/project_ws/install/model_description/share/model_description/package.dsv
-- Up-to-date: /home/zaynap/project_ws/install/model_description/share/ament_index/resource_index/packages/model_description
-- Up-to-date: /home/zaynap/project_ws/install/model_description/share/model_description/cmake/model_descriptionConfig.cmake
-- Up-to-date: /home/zaynap/project_ws/install/model_description/share/model_description/cmake/model_descriptionConfig-version.cmake
-- Up-to-date: /home/zaynap/project_ws/install/model_description/share/model_description/package.xml
