[1.195s] Invoking command in '/home/zaynap/project_ws/src/robot_bringup': PYTHONPATH=/home/zaynap/project_ws/build/robot_bringup/prefix_override:/usr/lib/python3/dist-packages/colcon_core/task/python/colcon_distutils_commands:/home/zaynap/project_ws/install/robot_bringup/lib/python3.10/site-packages:${PYTHONPATH} /usr/bin/python3 -W ignore:setup.py install is deprecated -W ignore:easy_install command is deprecated setup.py egg_info --egg-base ../../build/robot_bringup build --build-base /home/zaynap/project_ws/build/robot_bringup/build install --record /home/zaynap/project_ws/build/robot_bringup/install.log --single-version-externally-managed install_data
[1.378s] /home/zaynap/.local/lib/python3.10/site-packages/setuptools/_distutils/dist.py:270: UserWarning: Unknown distribution option: 'tests_require'
[1.378s]   warnings.warn(msg)
[1.515s] running egg_info
[1.538s] writing ../../build/robot_bringup/robot_bringup.egg-info/PKG-INFO
[1.538s] writing dependency_links to ../../build/robot_bringup/robot_bringup.egg-info/dependency_links.txt
[1.538s] writing requirements to ../../build/robot_bringup/robot_bringup.egg-info/requires.txt
[1.538s] writing top-level names to ../../build/robot_bringup/robot_bringup.egg-info/top_level.txt
[1.585s] reading manifest file '../../build/robot_bringup/robot_bringup.egg-info/SOURCES.txt'
[1.586s] writing manifest file '../../build/robot_bringup/robot_bringup.egg-info/SOURCES.txt'
[1.586s] running build
[1.586s] running build_py
[1.587s] copying robot_bringup/__init__.py -> /home/zaynap/project_ws/build/robot_bringup/build/lib/robot_bringup
[1.587s] running install
[1.592s] running install_lib
[1.615s] running install_data
[1.615s] copying resource/robot_bringup -> /home/zaynap/project_ws/install/robot_bringup/share/ament_index/resource_index/packages
[1.615s] copying package.xml -> /home/zaynap/project_ws/install/robot_bringup/share/robot_bringup
[1.616s] copying launch/bringup_robot.launch.py -> /home/zaynap/project_ws/install/robot_bringup/share/robot_bringup/launch
[1.616s] running install_egg_info
[1.639s] removing '/home/zaynap/project_ws/install/robot_bringup/lib/python3.10/site-packages/robot_bringup-0.0.0-py3.10.egg-info' (and everything under it)
[1.640s] Copying ../../build/robot_bringup/robot_bringup.egg-info to /home/zaynap/project_ws/install/robot_bringup/lib/python3.10/site-packages/robot_bringup-0.0.0-py3.10.egg-info
[1.640s] running install_scripts
[1.816s] writing list of installed files to '/home/zaynap/project_ws/build/robot_bringup/install.log'
[1.849s] Invoked command in '/home/zaynap/project_ws/src/robot_bringup' returned '0': PYTHONPATH=/home/zaynap/project_ws/build/robot_bringup/prefix_override:/usr/lib/python3/dist-packages/colcon_core/task/python/colcon_distutils_commands:/home/zaynap/project_ws/install/robot_bringup/lib/python3.10/site-packages:${PYTHONPATH} /usr/bin/python3 -W ignore:setup.py install is deprecated -W ignore:easy_install command is deprecated setup.py egg_info --egg-base ../../build/robot_bringup build --build-base /home/zaynap/project_ws/build/robot_bringup/build install --record /home/zaynap/project_ws/build/robot_bringup/install.log --single-version-externally-managed install_data
