/home/zaynap/project_ws/install/gap_follower/lib/python3.10/site-packages/gap_follower/wallfollower.py
/home/zaynap/project_ws/install/gap_follower/lib/python3.10/site-packages/gap_follower/optimized_gap_follower.py
/home/zaynap/project_ws/install/gap_follower/lib/python3.10/site-packages/gap_follower/optimized_gap_follower2.py
/home/zaynap/project_ws/install/gap_follower/lib/python3.10/site-packages/gap_follower/__init__.py
/home/zaynap/project_ws/install/gap_follower/lib/python3.10/site-packages/gap_follower/naive_gap_follower.py
/home/zaynap/project_ws/install/gap_follower/lib/python3.10/site-packages/gap_follower/__pycache__/wallfollower.cpython-310.pyc
/home/zaynap/project_ws/install/gap_follower/lib/python3.10/site-packages/gap_follower/__pycache__/optimized_gap_follower.cpython-310.pyc
/home/zaynap/project_ws/install/gap_follower/lib/python3.10/site-packages/gap_follower/__pycache__/optimized_gap_follower2.cpython-310.pyc
/home/zaynap/project_ws/install/gap_follower/lib/python3.10/site-packages/gap_follower/__pycache__/__init__.cpython-310.pyc
/home/zaynap/project_ws/install/gap_follower/lib/python3.10/site-packages/gap_follower/__pycache__/naive_gap_follower.cpython-310.pyc
/home/zaynap/project_ws/install/gap_follower/share/ament_index/resource_index/packages/gap_follower
/home/zaynap/project_ws/install/gap_follower/share/gap_follower/package.xml
/home/zaynap/project_ws/install/gap_follower/lib/python3.10/site-packages/gap_follower-0.0.0-py3.10.egg-info/zip-safe
/home/zaynap/project_ws/install/gap_follower/lib/python3.10/site-packages/gap_follower-0.0.0-py3.10.egg-info/requires.txt
/home/zaynap/project_ws/install/gap_follower/lib/python3.10/site-packages/gap_follower-0.0.0-py3.10.egg-info/entry_points.txt
/home/zaynap/project_ws/install/gap_follower/lib/python3.10/site-packages/gap_follower-0.0.0-py3.10.egg-info/top_level.txt
/home/zaynap/project_ws/install/gap_follower/lib/python3.10/site-packages/gap_follower-0.0.0-py3.10.egg-info/PKG-INFO
/home/zaynap/project_ws/install/gap_follower/lib/python3.10/site-packages/gap_follower-0.0.0-py3.10.egg-info/SOURCES.txt
/home/zaynap/project_ws/install/gap_follower/lib/python3.10/site-packages/gap_follower-0.0.0-py3.10.egg-info/dependency_links.txt
/home/zaynap/project_ws/install/gap_follower/lib/gap_follower/naive_gap_follower
/home/zaynap/project_ws/install/gap_follower/lib/gap_follower/optimized_gap_follower
/home/zaynap/project_ws/install/gap_follower/lib/gap_follower/optimized_gap_follower2
/home/zaynap/project_ws/install/gap_follower/lib/gap_follower/wallfollower
