[0.022s] Invoking command in '/home/zaynap/project_ws/build/turtlebot3_bringup': AMENT_PREFIX_PATH=/home/zaynap/project_ws/install/turtlebot3_node:/home/zaynap/project_ws/install/turtlebot3_msgs:/home/zaynap/project_ws/install/turtlebot3_description:/home/zaynap/project_ws/install/dynamixel_sdk:${AMENT_PREFIX_PATH} CMAKE_PREFIX_PATH=/home/zaynap/project_ws/install/turtlebot3_node:/home/zaynap/project_ws/install/turtlebot3_msgs:/home/zaynap/project_ws/install/turtlebot3_description:/home/zaynap/project_ws/install/dynamixel_sdk:/home/zaynap/project_ws/install/model_description:/home/zaynap/project_ws/install/robot_bringup:/opt/ros/humble LD_LIBRARY_PATH=/home/zaynap/project_ws/install/turtlebot3_msgs/lib:/home/zaynap/project_ws/install/dynamixel_sdk/lib:${LD_LIBRARY_PATH} PYTHONPATH=/home/zaynap/project_ws/install/turtlebot3_msgs/local/lib/python3.10/dist-packages:${PYTHONPATH} /usr/bin/cmake --build /home/zaynap/project_ws/build/turtlebot3_bringup -- -j8 -l8
[0.062s] Invoked command in '/home/zaynap/project_ws/build/turtlebot3_bringup' returned '0': AMENT_PREFIX_PATH=/home/zaynap/project_ws/install/turtlebot3_node:/home/zaynap/project_ws/install/turtlebot3_msgs:/home/zaynap/project_ws/install/turtlebot3_description:/home/zaynap/project_ws/install/dynamixel_sdk:${AMENT_PREFIX_PATH} CMAKE_PREFIX_PATH=/home/zaynap/project_ws/install/turtlebot3_node:/home/zaynap/project_ws/install/turtlebot3_msgs:/home/zaynap/project_ws/install/turtlebot3_description:/home/zaynap/project_ws/install/dynamixel_sdk:/home/zaynap/project_ws/install/model_description:/home/zaynap/project_ws/install/robot_bringup:/opt/ros/humble LD_LIBRARY_PATH=/home/zaynap/project_ws/install/turtlebot3_msgs/lib:/home/zaynap/project_ws/install/dynamixel_sdk/lib:${LD_LIBRARY_PATH} PYTHONPATH=/home/zaynap/project_ws/install/turtlebot3_msgs/local/lib/python3.10/dist-packages:${PYTHONPATH} /usr/bin/cmake --build /home/zaynap/project_ws/build/turtlebot3_bringup -- -j8 -l8
[0.063s] Invoking command in '/home/zaynap/project_ws/build/turtlebot3_bringup': AMENT_PREFIX_PATH=/home/zaynap/project_ws/install/turtlebot3_node:/home/zaynap/project_ws/install/turtlebot3_msgs:/home/zaynap/project_ws/install/turtlebot3_description:/home/zaynap/project_ws/install/dynamixel_sdk:${AMENT_PREFIX_PATH} CMAKE_PREFIX_PATH=/home/zaynap/project_ws/install/turtlebot3_node:/home/zaynap/project_ws/install/turtlebot3_msgs:/home/zaynap/project_ws/install/turtlebot3_description:/home/zaynap/project_ws/install/dynamixel_sdk:/home/zaynap/project_ws/install/model_description:/home/zaynap/project_ws/install/robot_bringup:/opt/ros/humble LD_LIBRARY_PATH=/home/zaynap/project_ws/install/turtlebot3_msgs/lib:/home/zaynap/project_ws/install/dynamixel_sdk/lib:${LD_LIBRARY_PATH} PYTHONPATH=/home/zaynap/project_ws/install/turtlebot3_msgs/local/lib/python3.10/dist-packages:${PYTHONPATH} /usr/bin/cmake --install /home/zaynap/project_ws/build/turtlebot3_bringup
[0.072s] -- Install configuration: ""
[0.072s] -- Up-to-date: /home/zaynap/project_ws/install/turtlebot3_bringup/share/turtlebot3_bringup/launch
[0.072s] -- Up-to-date: /home/zaynap/project_ws/install/turtlebot3_bringup/share/turtlebot3_bringup/launch/turtlebot3_state_publisher.launch.py
[0.072s] -- Up-to-date: /home/zaynap/project_ws/install/turtlebot3_bringup/share/turtlebot3_bringup/launch/rviz2.launch.py
[0.073s] -- Up-to-date: /home/zaynap/project_ws/install/turtlebot3_bringup/share/turtlebot3_bringup/launch/robot.launch.py
[0.073s] -- Up-to-date: /home/zaynap/project_ws/install/turtlebot3_bringup/share/turtlebot3_bringup/param
[0.073s] -- Up-to-date: /home/zaynap/project_ws/install/turtlebot3_bringup/share/turtlebot3_bringup/param/waffle.yaml
[0.073s] -- Up-to-date: /home/zaynap/project_ws/install/turtlebot3_bringup/share/turtlebot3_bringup/param/burger.yaml
[0.073s] -- Up-to-date: /home/zaynap/project_ws/install/turtlebot3_bringup/share/turtlebot3_bringup/param/waffle_pi.yaml
[0.073s] -- Up-to-date: /home/zaynap/project_ws/install/turtlebot3_bringup/share/turtlebot3_bringup/script
[0.073s] -- Up-to-date: /home/zaynap/project_ws/install/turtlebot3_bringup/share/turtlebot3_bringup/script/create_udev_rules
[0.073s] -- Up-to-date: /home/zaynap/project_ws/install/turtlebot3_bringup/share/turtlebot3_bringup/script/99-turtlebot3-cdc.rules
[0.073s] -- Up-to-date: /home/zaynap/project_ws/install/turtlebot3_bringup/share/ament_index/resource_index/package_run_dependencies/turtlebot3_bringup
[0.074s] -- Up-to-date: /home/zaynap/project_ws/install/turtlebot3_bringup/share/ament_index/resource_index/parent_prefix_path/turtlebot3_bringup
[0.074s] -- Up-to-date: /home/zaynap/project_ws/install/turtlebot3_bringup/share/turtlebot3_bringup/environment/ament_prefix_path.sh
[0.074s] -- Up-to-date: /home/zaynap/project_ws/install/turtlebot3_bringup/share/turtlebot3_bringup/environment/ament_prefix_path.dsv
[0.074s] -- Up-to-date: /home/zaynap/project_ws/install/turtlebot3_bringup/share/turtlebot3_bringup/environment/path.sh
[0.074s] -- Up-to-date: /home/zaynap/project_ws/install/turtlebot3_bringup/share/turtlebot3_bringup/environment/path.dsv
[0.074s] -- Up-to-date: /home/zaynap/project_ws/install/turtlebot3_bringup/share/turtlebot3_bringup/local_setup.bash
[0.074s] -- Up-to-date: /home/zaynap/project_ws/install/turtlebot3_bringup/share/turtlebot3_bringup/local_setup.sh
[0.075s] -- Up-to-date: /home/zaynap/project_ws/install/turtlebot3_bringup/share/turtlebot3_bringup/local_setup.zsh
[0.075s] -- Up-to-date: /home/zaynap/project_ws/install/turtlebot3_bringup/share/turtlebot3_bringup/local_setup.dsv
[0.075s] -- Installing: /home/zaynap/project_ws/install/turtlebot3_bringup/share/turtlebot3_bringup/package.dsv
[0.075s] -- Up-to-date: /home/zaynap/project_ws/install/turtlebot3_bringup/share/ament_index/resource_index/packages/turtlebot3_bringup
[0.075s] -- Up-to-date: /home/zaynap/project_ws/install/turtlebot3_bringup/share/turtlebot3_bringup/cmake/turtlebot3_bringupConfig.cmake
[0.075s] -- Up-to-date: /home/zaynap/project_ws/install/turtlebot3_bringup/share/turtlebot3_bringup/cmake/turtlebot3_bringupConfig-version.cmake
[0.076s] -- Up-to-date: /home/zaynap/project_ws/install/turtlebot3_bringup/share/turtlebot3_bringup/package.xml
[0.076s] Invoked command in '/home/zaynap/project_ws/build/turtlebot3_bringup' returned '0': AMENT_PREFIX_PATH=/home/zaynap/project_ws/install/turtlebot3_node:/home/zaynap/project_ws/install/turtlebot3_msgs:/home/zaynap/project_ws/install/turtlebot3_description:/home/zaynap/project_ws/install/dynamixel_sdk:${AMENT_PREFIX_PATH} CMAKE_PREFIX_PATH=/home/zaynap/project_ws/install/turtlebot3_node:/home/zaynap/project_ws/install/turtlebot3_msgs:/home/zaynap/project_ws/install/turtlebot3_description:/home/zaynap/project_ws/install/dynamixel_sdk:/home/zaynap/project_ws/install/model_description:/home/zaynap/project_ws/install/robot_bringup:/opt/ros/humble LD_LIBRARY_PATH=/home/zaynap/project_ws/install/turtlebot3_msgs/lib:/home/zaynap/project_ws/install/dynamixel_sdk/lib:${LD_LIBRARY_PATH} PYTHONPATH=/home/zaynap/project_ws/install/turtlebot3_msgs/local/lib/python3.10/dist-packages:${PYTHONPATH} /usr/bin/cmake --install /home/zaynap/project_ws/build/turtlebot3_bringup
