[0.036s] Invoking command in '/home/zaynap/project_ws/build/turtlebot3_description': CMAKE_PREFIX_PATH=${CMAKE_PREFIX_PATH}:/home/zaynap/project_ws/install/robot_bringup:/opt/ros/humble /usr/bin/cmake --build /home/zaynap/project_ws/build/turtlebot3_description -- -j8 -l8
[0.396s] Invoked command in '/home/zaynap/project_ws/build/turtlebot3_description' returned '0': CMAKE_PREFIX_PATH=${CMAKE_PREFIX_PATH}:/home/zaynap/project_ws/install/robot_bringup:/opt/ros/humble /usr/bin/cmake --build /home/zaynap/project_ws/build/turtlebot3_description -- -j8 -l8
[0.402s] Invoking command in '/home/zaynap/project_ws/build/turtlebot3_description': CMAKE_PREFIX_PATH=${CMAKE_PREFIX_PATH}:/home/zaynap/project_ws/install/robot_bringup:/opt/ros/humble /usr/bin/cmake --install /home/zaynap/project_ws/build/turtlebot3_description
[0.419s] -- Install configuration: ""
[0.419s] -- Up-to-date: /home/zaynap/project_ws/install/turtlebot3_description/share/turtlebot3_description/meshes
[0.419s] -- Up-to-date: /home/zaynap/project_ws/install/turtlebot3_description/share/turtlebot3_description/meshes/bases
[0.419s] -- Up-to-date: /home/zaynap/project_ws/install/turtlebot3_description/share/turtlebot3_description/meshes/bases/burger_base.stl
[0.419s] -- Up-to-date: /home/zaynap/project_ws/install/turtlebot3_description/share/turtlebot3_description/meshes/bases/waffle_pi_base.stl
[0.419s] -- Up-to-date: /home/zaynap/project_ws/install/turtlebot3_description/share/turtlebot3_description/meshes/bases/waffle_base.stl
[0.419s] -- Up-to-date: /home/zaynap/project_ws/install/turtlebot3_description/share/turtlebot3_description/meshes/sensors
[0.420s] -- Up-to-date: /home/zaynap/project_ws/install/turtlebot3_description/share/turtlebot3_description/meshes/sensors/astra.dae
[0.420s] -- Up-to-date: /home/zaynap/project_ws/install/turtlebot3_description/share/turtlebot3_description/meshes/sensors/r200.jpg
[0.420s] -- Up-to-date: /home/zaynap/project_ws/install/turtlebot3_description/share/turtlebot3_description/meshes/sensors/lds.stl
[0.420s] -- Up-to-date: /home/zaynap/project_ws/install/turtlebot3_description/share/turtlebot3_description/meshes/sensors/r200.dae
[0.420s] -- Up-to-date: /home/zaynap/project_ws/install/turtlebot3_description/share/turtlebot3_description/meshes/sensors/astra.jpg
[0.420s] -- Up-to-date: /home/zaynap/project_ws/install/turtlebot3_description/share/turtlebot3_description/meshes/wheels
[0.420s] -- Up-to-date: /home/zaynap/project_ws/install/turtlebot3_description/share/turtlebot3_description/meshes/wheels/left_tire.stl
[0.421s] -- Up-to-date: /home/zaynap/project_ws/install/turtlebot3_description/share/turtlebot3_description/meshes/wheels/right_tire.stl
[0.421s] -- Up-to-date: /home/zaynap/project_ws/install/turtlebot3_description/share/turtlebot3_description/rviz
[0.421s] -- Up-to-date: /home/zaynap/project_ws/install/turtlebot3_description/share/turtlebot3_description/rviz/model.rviz
[0.421s] -- Up-to-date: /home/zaynap/project_ws/install/turtlebot3_description/share/turtlebot3_description/urdf
[0.421s] -- Up-to-date: /home/zaynap/project_ws/install/turtlebot3_description/share/turtlebot3_description/urdf/turtlebot3_burger.urdf
[0.421s] -- Up-to-date: /home/zaynap/project_ws/install/turtlebot3_description/share/turtlebot3_description/urdf/turtlebot3_waffle.urdf
[0.421s] -- Up-to-date: /home/zaynap/project_ws/install/turtlebot3_description/share/turtlebot3_description/urdf/turtlebot3_waffle_pi.urdf
[0.421s] -- Up-to-date: /home/zaynap/project_ws/install/turtlebot3_description/share/turtlebot3_description/urdf/common_properties.urdf
[0.421s] -- Up-to-date: /home/zaynap/project_ws/install/turtlebot3_description/share/ament_index/resource_index/package_run_dependencies/turtlebot3_description
[0.423s] -- Up-to-date: /home/zaynap/project_ws/install/turtlebot3_description/share/ament_index/resource_index/parent_prefix_path/turtlebot3_description
[0.423s] -- Up-to-date: /home/zaynap/project_ws/install/turtlebot3_description/share/turtlebot3_description/environment/ament_prefix_path.sh
[0.423s] -- Up-to-date: /home/zaynap/project_ws/install/turtlebot3_description/share/turtlebot3_description/environment/ament_prefix_path.dsv
[0.423s] -- Up-to-date: /home/zaynap/project_ws/install/turtlebot3_description/share/turtlebot3_description/environment/path.sh
[0.423s] -- Up-to-date: /home/zaynap/project_ws/install/turtlebot3_description/share/turtlebot3_description/environment/path.dsv
[0.424s] -- Up-to-date: /home/zaynap/project_ws/install/turtlebot3_description/share/turtlebot3_description/local_setup.bash
[0.426s] -- Up-to-date: /home/zaynap/project_ws/install/turtlebot3_description/share/turtlebot3_description/local_setup.sh
[0.427s] -- Up-to-date: /home/zaynap/project_ws/install/turtlebot3_description/share/turtlebot3_description/local_setup.zsh
[0.427s] -- Up-to-date: /home/zaynap/project_ws/install/turtlebot3_description/share/turtlebot3_description/local_setup.dsv
[0.427s] -- Installing: /home/zaynap/project_ws/install/turtlebot3_description/share/turtlebot3_description/package.dsv
[0.429s] -- Up-to-date: /home/zaynap/project_ws/install/turtlebot3_description/share/ament_index/resource_index/packages/turtlebot3_description
[0.430s] -- Up-to-date: /home/zaynap/project_ws/install/turtlebot3_description/share/turtlebot3_description/cmake/turtlebot3_descriptionConfig.cmake
[0.431s] -- Up-to-date: /home/zaynap/project_ws/install/turtlebot3_description/share/turtlebot3_description/cmake/turtlebot3_descriptionConfig-version.cmake
[0.432s] -- Up-to-date: /home/zaynap/project_ws/install/turtlebot3_description/share/turtlebot3_description/package.xml
[0.476s] Invoked command in '/home/zaynap/project_ws/build/turtlebot3_description' returned '0': CMAKE_PREFIX_PATH=${CMAKE_PREFIX_PATH}:/home/zaynap/project_ws/install/robot_bringup:/opt/ros/humble /usr/bin/cmake --install /home/zaynap/project_ws/build/turtlebot3_description
