[0.063s] Invoking command in '/home/zaynap/project_ws/build/model_description': CMAKE_PREFIX_PATH=/opt/ros/humble /usr/bin/cmake --build /home/zaynap/project_ws/build/model_description -- -j8 -l8
[0.435s] Invoked command in '/home/zaynap/project_ws/build/model_description' returned '0': CMAKE_PREFIX_PATH=/opt/ros/humble /usr/bin/cmake --build /home/zaynap/project_ws/build/model_description -- -j8 -l8
[0.467s] Invoking command in '/home/zaynap/project_ws/build/model_description': CMAKE_PREFIX_PATH=/opt/ros/humble /usr/bin/cmake --install /home/zaynap/project_ws/build/model_description
[0.474s] -- Install configuration: ""
[0.500s] -- Up-to-date: /home/zaynap/project_ws/install/model_description/share/model_description//worlds
[0.500s] -- Up-to-date: /home/zaynap/project_ws/install/model_description/share/model_description//worlds/world.sdf
[0.501s] -- Up-to-date: /home/zaynap/project_ws/install/model_description/share/model_description//models
[0.501s] -- Up-to-date: /home/zaynap/project_ws/install/model_description/share/model_description//models/model.config
[0.501s] -- Up-to-date: /home/zaynap/project_ws/install/model_description/share/model_description//models/thumbnails
[0.501s] -- Up-to-date: /home/zaynap/project_ws/install/model_description/share/model_description//models/thumbnails/2.jpg
[0.501s] -- Up-to-date: /home/zaynap/project_ws/install/model_description/share/model_description//models/thumbnails/4.jpg
[0.501s] -- Up-to-date: /home/zaynap/project_ws/install/model_description/share/model_description//models/thumbnails/3.jpg
[0.501s] -- Up-to-date: /home/zaynap/project_ws/install/model_description/share/model_description//models/thumbnails/turtlebot3_burger.jpg
[0.501s] -- Up-to-date: /home/zaynap/project_ws/install/model_description/share/model_description//models/thumbnails/1.jpg
[0.501s] -- Up-to-date: /home/zaynap/project_ws/install/model_description/share/model_description//models/meshes
[0.501s] -- Up-to-date: /home/zaynap/project_ws/install/model_description/share/model_description//models/meshes/user_rail.dae
[0.501s] -- Up-to-date: /home/zaynap/project_ws/install/model_description/share/model_description//models/meshes/top_plate.dae
[0.501s] -- Up-to-date: /home/zaynap/project_ws/install/model_description/share/model_description//models/meshes/top_chassis.dae
[0.501s] -- Up-to-date: /home/zaynap/project_ws/install/model_description/share/model_description//models/meshes/jpl04_arch_nosensor.stl
[0.501s] -- Up-to-date: /home/zaynap/project_ws/install/model_description/share/model_description//models/meshes/burger_base.stl
[0.501s] -- Up-to-date: /home/zaynap/project_ws/install/model_description/share/model_description//models/meshes/base_link.dae
[0.501s] -- Up-to-date: /home/zaynap/project_ws/install/model_description/share/model_description//models/meshes/spotlight.dae
[0.502s] -- Up-to-date: /home/zaynap/project_ws/install/model_description/share/model_description//models/meshes/left_tire.stl
[0.502s] -- Up-to-date: /home/zaynap/project_ws/install/model_description/share/model_description//models/meshes/bumper.dae
[0.502s] -- Up-to-date: /home/zaynap/project_ws/install/model_description/share/model_description//models/meshes/realsense.dae
[0.502s] -- Up-to-date: /home/zaynap/project_ws/install/model_description/share/model_description//models/meshes/wheel.dae
[0.502s] -- Up-to-date: /home/zaynap/project_ws/install/model_description/share/model_description//models/meshes/right_tire.stl
[0.502s] -- Up-to-date: /home/zaynap/project_ws/install/model_description/share/model_description//models/meshes/VLP16_base_1.dae
[0.502s] -- Up-to-date: /home/zaynap/project_ws/install/model_description/share/model_description//models/meshes/lds.stl
[0.502s] -- Up-to-date: /home/zaynap/project_ws/install/model_description/share/model_description//models/meshes/VLP16_base_2.dae
[0.502s] -- Up-to-date: /home/zaynap/project_ws/install/model_description/share/model_description//models/meshes/VLP16_scan.dae
[0.502s] -- Installing: /home/zaynap/project_ws/install/model_description/share/model_description//models/model.sdf
[0.502s] -- Up-to-date: /home/zaynap/project_ws/install/model_description/share/model_description//models/materials
[0.502s] -- Up-to-date: /home/zaynap/project_ws/install/model_description/share/model_description//models/materials/textures
[0.502s] -- Up-to-date: /home/zaynap/project_ws/install/model_description/share/model_description//models/materials/textures/spotlight.jpg
[0.502s] -- Up-to-date: /home/zaynap/project_ws/install/model_description/share/model_description//models/materials/textures/realsense_diffuse.jpg
[0.502s] -- Up-to-date: /home/zaynap/project_ws/install/model_description/share/ament_index/resource_index/package_run_dependencies/model_description
[0.502s] -- Up-to-date: /home/zaynap/project_ws/install/model_description/share/ament_index/resource_index/parent_prefix_path/model_description
[0.503s] -- Up-to-date: /home/zaynap/project_ws/install/model_description/share/model_description/environment/ament_prefix_path.sh
[0.503s] -- Up-to-date: /home/zaynap/project_ws/install/model_description/share/model_description/environment/ament_prefix_path.dsv
[0.503s] -- Up-to-date: /home/zaynap/project_ws/install/model_description/share/model_description/environment/path.sh
[0.503s] -- Up-to-date: /home/zaynap/project_ws/install/model_description/share/model_description/environment/path.dsv
[0.503s] -- Up-to-date: /home/zaynap/project_ws/install/model_description/share/model_description/local_setup.bash
[0.503s] -- Up-to-date: /home/zaynap/project_ws/install/model_description/share/model_description/local_setup.sh
[0.503s] -- Up-to-date: /home/zaynap/project_ws/install/model_description/share/model_description/local_setup.zsh
[0.503s] -- Up-to-date: /home/zaynap/project_ws/install/model_description/share/model_description/local_setup.dsv
[0.503s] -- Installing: /home/zaynap/project_ws/install/model_description/share/model_description/package.dsv
[0.524s] -- Up-to-date: /home/zaynap/project_ws/install/model_description/share/ament_index/resource_index/packages/model_description
[0.524s] -- Up-to-date: /home/zaynap/project_ws/install/model_description/share/model_description/cmake/model_descriptionConfig.cmake
[0.524s] -- Up-to-date: /home/zaynap/project_ws/install/model_description/share/model_description/cmake/model_descriptionConfig-version.cmake
[0.524s] -- Up-to-date: /home/zaynap/project_ws/install/model_description/share/model_description/package.xml
[0.526s] Invoked command in '/home/zaynap/project_ws/build/model_description' returned '0': CMAKE_PREFIX_PATH=/opt/ros/humble /usr/bin/cmake --install /home/zaynap/project_ws/build/model_description
