[0.051s] Invoking command in '/home/zaynap/project_ws/build/model_description': CMAKE_PREFIX_PATH=${CMAKE_PREFIX_PATH}:/home/zaynap/project_ws/install/robot_bringup:/opt/ros/humble /usr/bin/cmake --build /home/zaynap/project_ws/build/model_description -- -j8 -l8
[0.314s] Invoked command in '/home/zaynap/project_ws/build/model_description' returned '0': CMAKE_PREFIX_PATH=${CMAKE_PREFIX_PATH}:/home/zaynap/project_ws/install/robot_bringup:/opt/ros/humble /usr/bin/cmake --build /home/zaynap/project_ws/build/model_description -- -j8 -l8
[0.315s] Invoking command in '/home/zaynap/project_ws/build/model_description': CMAKE_PREFIX_PATH=${CMAKE_PREFIX_PATH}:/home/zaynap/project_ws/install/robot_bringup:/opt/ros/humble /usr/bin/cmake --install /home/zaynap/project_ws/build/model_description
[0.326s] -- Install configuration: ""
[0.327s] -- Up-to-date: /home/zaynap/project_ws/install/model_description/share/model_description//worlds
[0.327s] -- Up-to-date: /home/zaynap/project_ws/install/model_description/share/model_description//worlds/world.sdf
[0.327s] -- Up-to-date: /home/zaynap/project_ws/install/model_description/share/model_description//models
[0.327s] -- Up-to-date: /home/zaynap/project_ws/install/model_description/share/model_description//models/model.config
[0.327s] -- Up-to-date: /home/zaynap/project_ws/install/model_description/share/model_description//models/model-1_4.sdf
[0.329s] -- Up-to-date: /home/zaynap/project_ws/install/model_description/share/model_description//models/install
[0.329s] -- Up-to-date: /home/zaynap/project_ws/install/model_description/share/model_description//models/install/setup.bash
[0.330s] -- Up-to-date: /home/zaynap/project_ws/install/model_description/share/model_description//models/install/setup.ps1
[0.330s] -- Up-to-date: /home/zaynap/project_ws/install/model_description/share/model_description//models/install/_local_setup_util_ps1.py
[0.330s] -- Up-to-date: /home/zaynap/project_ws/install/model_description/share/model_description//models/install/_local_setup_util_sh.py
[0.332s] -- Up-to-date: /home/zaynap/project_ws/install/model_description/share/model_description//models/install/local_setup.bash
[0.332s] -- Up-to-date: /home/zaynap/project_ws/install/model_description/share/model_description//models/install/local_setup.ps1
[0.332s] -- Up-to-date: /home/zaynap/project_ws/install/model_description/share/model_description//models/install/COLCON_IGNORE
[0.332s] -- Up-to-date: /home/zaynap/project_ws/install/model_description/share/model_description//models/install/setup.zsh
[0.332s] -- Up-to-date: /home/zaynap/project_ws/install/model_description/share/model_description//models/install/local_setup.sh
[0.336s] -- Up-to-date: /home/zaynap/project_ws/install/model_description/share/model_description//models/install/.colcon_install_layout
[0.336s] -- Up-to-date: /home/zaynap/project_ws/install/model_description/share/model_description//models/install/setup.sh
[0.336s] -- Up-to-date: /home/zaynap/project_ws/install/model_description/share/model_description//models/install/local_setup.zsh
[0.336s] -- Up-to-date: /home/zaynap/project_ws/install/model_description/share/model_description//models/thumbnails
[0.336s] -- Up-to-date: /home/zaynap/project_ws/install/model_description/share/model_description//models/thumbnails/3.png
[0.337s] -- Up-to-date: /home/zaynap/project_ws/install/model_description/share/model_description//models/thumbnails/5.png
[0.337s] -- Up-to-date: /home/zaynap/project_ws/install/model_description/share/model_description//models/thumbnails/4.png
[0.337s] -- Up-to-date: /home/zaynap/project_ws/install/model_description/share/model_description//models/thumbnails/2.png
[0.337s] -- Up-to-date: /home/zaynap/project_ws/install/model_description/share/model_description//models/thumbnails/1.png
[0.337s] -- Up-to-date: /home/zaynap/project_ws/install/model_description/share/model_description//models/meshes
[0.337s] -- Up-to-date: /home/zaynap/project_ws/install/model_description/share/model_description//models/meshes/68-02421-8000-RA_Turtlebot_F-F_Standoff.dae
[0.337s] -- Up-to-date: /home/zaynap/project_ws/install/model_description/share/model_description//models/meshes/plate_0_logo.dae
[0.337s] -- Up-to-date: /home/zaynap/project_ws/install/model_description/share/model_description//models/meshes/68-04556-RA_Kinect_Standoff_Assy.dae
[0.337s] -- Up-to-date: /home/zaynap/project_ws/install/model_description/share/model_description//models/meshes/create_body.dae
[0.338s] -- Up-to-date: /home/zaynap/project_ws/install/model_description/share/model_description//models/meshes/68-04552-2000-RA_Turtlebot_M-F_Standoff.dae
[0.338s] -- Up-to-date: /home/zaynap/project_ws/install/model_description/share/model_description//models/meshes/68-04552-1000-RA_Turtlebot_M-F_Standoff.dae
[0.338s] -- Up-to-date: /home/zaynap/project_ws/install/model_description/share/model_description//models/meshes/plate_2_logo.dae
[0.338s] -- Up-to-date: /home/zaynap/project_ws/install/model_description/share/model_description//models/meshes/68-02403-125_Spacer.dae
[0.338s] -- Up-to-date: /home/zaynap/project_ws/install/model_description/share/model_description//models/meshes/plate_1_logo.dae
[0.338s] -- Up-to-date: /home/zaynap/project_ws/install/model_description/share/model_description//models/log
[0.338s] -- Up-to-date: /home/zaynap/project_ws/install/model_description/share/model_description//models/log/build_2025-02-28_13-24-46
[0.338s] -- Up-to-date: /home/zaynap/project_ws/install/model_description/share/model_description//models/log/build_2025-02-28_13-24-46/events.log
[0.339s] -- Up-to-date: /home/zaynap/project_ws/install/model_description/share/model_description//models/log/build_2025-02-28_13-24-46/logger_all.log
[0.339s] -- Up-to-date: /home/zaynap/project_ws/install/model_description/share/model_description//models/log/latest_build
[0.339s] -- Up-to-date: /home/zaynap/project_ws/install/model_description/share/model_description//models/log/COLCON_IGNORE
[0.339s] -- Up-to-date: /home/zaynap/project_ws/install/model_description/share/model_description//models/log/latest
[0.339s] -- Up-to-date: /home/zaynap/project_ws/install/model_description/share/model_description//models/model-1_2.sdf
[0.339s] -- Installing: /home/zaynap/project_ws/install/model_description/share/model_description//models/model.sdf
[0.339s] -- Up-to-date: /home/zaynap/project_ws/install/model_description/share/model_description//models/build
[0.339s] -- Up-to-date: /home/zaynap/project_ws/install/model_description/share/model_description//models/build/.built_by
[0.339s] -- Up-to-date: /home/zaynap/project_ws/install/model_description/share/model_description//models/build/COLCON_IGNORE
[0.340s] -- Up-to-date: /home/zaynap/project_ws/install/model_description/share/model_description//models/materials
[0.340s] -- Up-to-date: /home/zaynap/project_ws/install/model_description/share/model_description//models/materials/textures
[0.340s] -- Up-to-date: /home/zaynap/project_ws/install/model_description/share/model_description//models/materials/textures/plate_0_logo.png
[0.340s] -- Up-to-date: /home/zaynap/project_ws/install/model_description/share/model_description//models/materials/textures/plate_2_logo.png
[0.340s] -- Up-to-date: /home/zaynap/project_ws/install/model_description/share/model_description//models/materials/textures/68-04552-2000-RA_Turtlebot_M-F_Standoff_color.png
[0.340s] -- Up-to-date: /home/zaynap/project_ws/install/model_description/share/model_description//models/materials/textures/68-04552-1000-RA_Turtlebot_M-F_Standoff_color.png
[0.340s] -- Up-to-date: /home/zaynap/project_ws/install/model_description/share/model_description//models/materials/textures/68-02421-8000-RA_Turtlebot_F-F_Standoff_color.png
[0.340s] -- Up-to-date: /home/zaynap/project_ws/install/model_description/share/model_description//models/materials/textures/plate_1_logo.png
[0.340s] -- Up-to-date: /home/zaynap/project_ws/install/model_description/share/model_description//models/materials/textures/create_body.png
[0.340s] -- Up-to-date: /home/zaynap/project_ws/install/model_description/share/model_description//models/model-1_3.sdf
[0.340s] -- Up-to-date: /home/zaynap/project_ws/install/model_description/share/ament_index/resource_index/package_run_dependencies/model_description
[0.341s] -- Up-to-date: /home/zaynap/project_ws/install/model_description/share/ament_index/resource_index/parent_prefix_path/model_description
[0.341s] -- Up-to-date: /home/zaynap/project_ws/install/model_description/share/model_description/environment/ament_prefix_path.sh
[0.341s] -- Up-to-date: /home/zaynap/project_ws/install/model_description/share/model_description/environment/ament_prefix_path.dsv
[0.341s] -- Up-to-date: /home/zaynap/project_ws/install/model_description/share/model_description/environment/path.sh
[0.341s] -- Up-to-date: /home/zaynap/project_ws/install/model_description/share/model_description/environment/path.dsv
[0.341s] -- Up-to-date: /home/zaynap/project_ws/install/model_description/share/model_description/local_setup.bash
[0.341s] -- Up-to-date: /home/zaynap/project_ws/install/model_description/share/model_description/local_setup.sh
[0.341s] -- Up-to-date: /home/zaynap/project_ws/install/model_description/share/model_description/local_setup.zsh
[0.341s] -- Up-to-date: /home/zaynap/project_ws/install/model_description/share/model_description/local_setup.dsv
[0.342s] -- Installing: /home/zaynap/project_ws/install/model_description/share/model_description/package.dsv
[0.342s] -- Up-to-date: /home/zaynap/project_ws/install/model_description/share/ament_index/resource_index/packages/model_description
[0.342s] -- Up-to-date: /home/zaynap/project_ws/install/model_description/share/model_description/cmake/model_descriptionConfig.cmake
[0.342s] -- Up-to-date: /home/zaynap/project_ws/install/model_description/share/model_description/cmake/model_descriptionConfig-version.cmake
[0.342s] -- Up-to-date: /home/zaynap/project_ws/install/model_description/share/model_description/package.xml
[0.364s] Invoked command in '/home/zaynap/project_ws/build/model_description' returned '0': CMAKE_PREFIX_PATH=${CMAKE_PREFIX_PATH}:/home/zaynap/project_ws/install/robot_bringup:/opt/ros/humble /usr/bin/cmake --install /home/zaynap/project_ws/build/model_description
