[1.635s] Invoking command in '/home/zaynap/project_ws/src/turtlebot3/turtlebot3_teleop': PYTHONPATH=/home/zaynap/project_ws/build/turtlebot3_teleop/prefix_override:/usr/lib/python3/dist-packages/colcon_core/task/python/colcon_distutils_commands:/home/zaynap/project_ws/install/turtlebot3_teleop/lib/python3.10/site-packages:${PYTHONPATH} /usr/bin/python3 -W ignore:setup.py install is deprecated -W ignore:easy_install command is deprecated setup.py egg_info --egg-base ../../../build/turtlebot3_teleop build --build-base /home/zaynap/project_ws/build/turtlebot3_teleop/build install --record /home/zaynap/project_ws/build/turtlebot3_teleop/install.log --single-version-externally-managed install_data
[1.809s] /home/zaynap/.local/lib/python3.10/site-packages/setuptools/_distutils/dist.py:270: UserWarning: Unknown distribution option: 'tests_require'
[1.809s]   warnings.warn(msg)
[1.956s] running egg_info
[1.981s] creating ../../../build/turtlebot3_teleop/turtlebot3_teleop.egg-info
[1.983s] writing ../../../build/turtlebot3_teleop/turtlebot3_teleop.egg-info/PKG-INFO
[1.983s] writing dependency_links to ../../../build/turtlebot3_teleop/turtlebot3_teleop.egg-info/dependency_links.txt
[1.983s] writing entry points to ../../../build/turtlebot3_teleop/turtlebot3_teleop.egg-info/entry_points.txt
[1.983s] writing requirements to ../../../build/turtlebot3_teleop/turtlebot3_teleop.egg-info/requires.txt
[1.984s] writing top-level names to ../../../build/turtlebot3_teleop/turtlebot3_teleop.egg-info/top_level.txt
[1.984s] writing manifest file '../../../build/turtlebot3_teleop/turtlebot3_teleop.egg-info/SOURCES.txt'
[2.037s] reading manifest file '../../../build/turtlebot3_teleop/turtlebot3_teleop.egg-info/SOURCES.txt'
[2.038s] writing manifest file '../../../build/turtlebot3_teleop/turtlebot3_teleop.egg-info/SOURCES.txt'
[2.039s] running build
[2.039s] running build_py
[2.039s] creating /home/zaynap/project_ws/build/turtlebot3_teleop/build/lib/turtlebot3_teleop
[2.039s] copying turtlebot3_teleop/__init__.py -> /home/zaynap/project_ws/build/turtlebot3_teleop/build/lib/turtlebot3_teleop
[2.039s] creating /home/zaynap/project_ws/build/turtlebot3_teleop/build/lib/turtlebot3_teleop/script
[2.040s] copying turtlebot3_teleop/script/teleop_keyboard.py -> /home/zaynap/project_ws/build/turtlebot3_teleop/build/lib/turtlebot3_teleop/script
[2.040s] copying turtlebot3_teleop/script/__init__.py -> /home/zaynap/project_ws/build/turtlebot3_teleop/build/lib/turtlebot3_teleop/script
[2.040s] running install
[2.048s] running install_lib
[2.072s] creating /home/zaynap/project_ws/install/turtlebot3_teleop/lib/python3.10/site-packages/turtlebot3_teleop
[2.072s] copying /home/zaynap/project_ws/build/turtlebot3_teleop/build/lib/turtlebot3_teleop/__init__.py -> /home/zaynap/project_ws/install/turtlebot3_teleop/lib/python3.10/site-packages/turtlebot3_teleop
[2.072s] creating /home/zaynap/project_ws/install/turtlebot3_teleop/lib/python3.10/site-packages/turtlebot3_teleop/script
[2.073s] copying /home/zaynap/project_ws/build/turtlebot3_teleop/build/lib/turtlebot3_teleop/script/teleop_keyboard.py -> /home/zaynap/project_ws/install/turtlebot3_teleop/lib/python3.10/site-packages/turtlebot3_teleop/script
[2.073s] copying /home/zaynap/project_ws/build/turtlebot3_teleop/build/lib/turtlebot3_teleop/script/__init__.py -> /home/zaynap/project_ws/install/turtlebot3_teleop/lib/python3.10/site-packages/turtlebot3_teleop/script
[2.073s] byte-compiling /home/zaynap/project_ws/install/turtlebot3_teleop/lib/python3.10/site-packages/turtlebot3_teleop/__init__.py to __init__.cpython-310.pyc
[2.074s] byte-compiling /home/zaynap/project_ws/install/turtlebot3_teleop/lib/python3.10/site-packages/turtlebot3_teleop/script/teleop_keyboard.py to teleop_keyboard.cpython-310.pyc
[2.076s] byte-compiling /home/zaynap/project_ws/install/turtlebot3_teleop/lib/python3.10/site-packages/turtlebot3_teleop/script/__init__.py to __init__.cpython-310.pyc
[2.076s] running install_data
[2.076s] creating /home/zaynap/project_ws/install/turtlebot3_teleop/share/ament_index/resource_index/packages
[2.077s] copying resource/turtlebot3_teleop -> /home/zaynap/project_ws/install/turtlebot3_teleop/share/ament_index/resource_index/packages
[2.077s] copying package.xml -> /home/zaynap/project_ws/install/turtlebot3_teleop/share/turtlebot3_teleop
[2.077s] running install_egg_info
[2.104s] Copying ../../../build/turtlebot3_teleop/turtlebot3_teleop.egg-info to /home/zaynap/project_ws/install/turtlebot3_teleop/lib/python3.10/site-packages/turtlebot3_teleop-2.1.5-py3.10.egg-info
[2.105s] running install_scripts
[2.312s] Installing teleop_keyboard script to /home/zaynap/project_ws/install/turtlebot3_teleop/lib/turtlebot3_teleop
[2.312s] writing list of installed files to '/home/zaynap/project_ws/build/turtlebot3_teleop/install.log'
[2.342s] Invoked command in '/home/zaynap/project_ws/src/turtlebot3/turtlebot3_teleop' returned '0': PYTHONPATH=/home/zaynap/project_ws/build/turtlebot3_teleop/prefix_override:/usr/lib/python3/dist-packages/colcon_core/task/python/colcon_distutils_commands:/home/zaynap/project_ws/install/turtlebot3_teleop/lib/python3.10/site-packages:${PYTHONPATH} /usr/bin/python3 -W ignore:setup.py install is deprecated -W ignore:easy_install command is deprecated setup.py egg_info --egg-base ../../../build/turtlebot3_teleop build --build-base /home/zaynap/project_ws/build/turtlebot3_teleop/build install --record /home/zaynap/project_ws/build/turtlebot3_teleop/install.log --single-version-externally-managed install_data
