[0.031s] Invoking command in '/home/zaynap/project_ws/build/model_description': CMAKE_PREFIX_PATH=/opt/ros/humble /usr/bin/cmake /home/zaynap/project_ws/src/model_description -DCMAKE_INSTALL_PREFIX=/home/zaynap/project_ws/install/model_description
[1.342s] -- The C compiler identification is GNU 11.4.0
[2.467s] -- The CXX compiler identification is GNU 11.4.0
[2.478s] -- Detecting C compiler ABI info
[2.826s] -- Detecting C compiler ABI info - done
[2.836s] -- Check for working C compiler: /usr/bin/cc - skipped
[2.837s] -- Detecting C compile features
[2.862s] -- Detecting C compile features - done
[2.868s] -- Detecting CXX compiler ABI info
[2.999s] -- Detecting CXX compiler ABI info - done
[3.013s] -- Check for working CXX compiler: /usr/bin/c++ - skipped
[3.013s] -- Detecting CXX compile features
[3.014s] -- Detecting CXX compile features - done
[3.077s] -- Found ament_cmake: 1.3.11 (/opt/ros/humble/share/ament_cmake/cmake)
[3.731s] -- Found Python3: /usr/bin/python3 (found version "3.10.12") found components: Interpreter 
[3.981s] -- Found ament_lint_auto: 0.12.11 (/opt/ros/humble/share/ament_lint_auto/cmake)
[4.186s] -- Added test 'lint_cmake' to check CMake code style
[4.187s] -- Added test 'xmllint' to check XML markup files
[4.189s] -- Configuring done
[4.193s] -- Generating done
[4.196s] -- Build files have been written to: /home/zaynap/project_ws/build/model_description
[4.201s] Invoked command in '/home/zaynap/project_ws/build/model_description' returned '0': CMAKE_PREFIX_PATH=/opt/ros/humble /usr/bin/cmake /home/zaynap/project_ws/src/model_description -DCMAKE_INSTALL_PREFIX=/home/zaynap/project_ws/install/model_description
[4.203s] Invoking command in '/home/zaynap/project_ws/build/model_description': CMAKE_PREFIX_PATH=/opt/ros/humble /usr/bin/cmake --build /home/zaynap/project_ws/build/model_description -- -j8 -l8
[4.253s] Invoked command in '/home/zaynap/project_ws/build/model_description' returned '0': CMAKE_PREFIX_PATH=/opt/ros/humble /usr/bin/cmake --build /home/zaynap/project_ws/build/model_description -- -j8 -l8
[4.268s] Invoking command in '/home/zaynap/project_ws/build/model_description': CMAKE_PREFIX_PATH=/opt/ros/humble /usr/bin/cmake --install /home/zaynap/project_ws/build/model_description
[4.278s] -- Install configuration: ""
[4.279s] -- Installing: /home/zaynap/project_ws/install/model_description/share/ament_index/resource_index/package_run_dependencies/model_description
[4.279s] -- Installing: /home/zaynap/project_ws/install/model_description/share/ament_index/resource_index/parent_prefix_path/model_description
[4.279s] -- Installing: /home/zaynap/project_ws/install/model_description/share/model_description/environment/ament_prefix_path.sh
[4.280s] -- Installing: /home/zaynap/project_ws/install/model_description/share/model_description/environment/ament_prefix_path.dsv
[4.280s] -- Installing: /home/zaynap/project_ws/install/model_description/share/model_description/environment/path.sh
[4.280s] -- Installing: /home/zaynap/project_ws/install/model_description/share/model_description/environment/path.dsv
[4.280s] -- Installing: /home/zaynap/project_ws/install/model_description/share/model_description/local_setup.bash
[4.280s] -- Installing: /home/zaynap/project_ws/install/model_description/share/model_description/local_setup.sh
[4.280s] -- Installing: /home/zaynap/project_ws/install/model_description/share/model_description/local_setup.zsh
[4.280s] -- Installing: /home/zaynap/project_ws/install/model_description/share/model_description/local_setup.dsv
[4.281s] -- Installing: /home/zaynap/project_ws/install/model_description/share/model_description/package.dsv
[4.281s] -- Installing: /home/zaynap/project_ws/install/model_description/share/ament_index/resource_index/packages/model_description
[4.281s] -- Installing: /home/zaynap/project_ws/install/model_description/share/model_description/cmake/model_descriptionConfig.cmake
[4.281s] -- Installing: /home/zaynap/project_ws/install/model_description/share/model_description/cmake/model_descriptionConfig-version.cmake
[4.281s] -- Installing: /home/zaynap/project_ws/install/model_description/share/model_description/package.xml
[4.285s] Invoked command in '/home/zaynap/project_ws/build/model_description' returned '0': CMAKE_PREFIX_PATH=/opt/ros/humble /usr/bin/cmake --install /home/zaynap/project_ws/build/model_description
