-- Install configuration: ""
-- Up-to-date: /home/zaynap/project_ws/install/model_description/share/model_description//worlds
-- Up-to-date: /home/zaynap/project_ws/install/model_description/share/model_description//worlds/world.sdf
-- Up-to-date: /home/zaynap/project_ws/install/model_description/share/model_description//models
-- Up-to-date: /home/zaynap/project_ws/install/model_description/share/model_description//models/model.config
-- Up-to-date: /home/zaynap/project_ws/install/model_description/share/model_description//models/model-1_4.sdf
-- Installing: /home/zaynap/project_ws/install/model_description/share/model_description//models/install
-- Installing: /home/zaynap/project_ws/install/model_description/share/model_description//models/install/setup.bash
-- Installing: /home/zaynap/project_ws/install/model_description/share/model_description//models/install/setup.ps1
-- Installing: /home/zaynap/project_ws/install/model_description/share/model_description//models/install/_local_setup_util_ps1.py
-- Installing: /home/zaynap/project_ws/install/model_description/share/model_description//models/install/_local_setup_util_sh.py
-- Installing: /home/zaynap/project_ws/install/model_description/share/model_description//models/install/local_setup.bash
-- Installing: /home/zaynap/project_ws/install/model_description/share/model_description//models/install/local_setup.ps1
-- Installing: /home/zaynap/project_ws/install/model_description/share/model_description//models/install/COLCON_IGNORE
-- Installing: /home/zaynap/project_ws/install/model_description/share/model_description//models/install/setup.zsh
-- Installing: /home/zaynap/project_ws/install/model_description/share/model_description//models/install/local_setup.sh
-- Installing: /home/zaynap/project_ws/install/model_description/share/model_description//models/install/.colcon_install_layout
-- Installing: /home/zaynap/project_ws/install/model_description/share/model_description//models/install/setup.sh
-- Installing: /home/zaynap/project_ws/install/model_description/share/model_description//models/install/local_setup.zsh
-- Up-to-date: /home/zaynap/project_ws/install/model_description/share/model_description//models/thumbnails
-- Up-to-date: /home/zaynap/project_ws/install/model_description/share/model_description//models/thumbnails/3.png
-- Up-to-date: /home/zaynap/project_ws/install/model_description/share/model_description//models/thumbnails/5.png
-- Up-to-date: /home/zaynap/project_ws/install/model_description/share/model_description//models/thumbnails/4.png
-- Up-to-date: /home/zaynap/project_ws/install/model_description/share/model_description//models/thumbnails/2.png
-- Up-to-date: /home/zaynap/project_ws/install/model_description/share/model_description//models/thumbnails/1.png
-- Up-to-date: /home/zaynap/project_ws/install/model_description/share/model_description//models/meshes
-- Up-to-date: /home/zaynap/project_ws/install/model_description/share/model_description//models/meshes/68-02421-8000-RA_Turtlebot_F-F_Standoff.dae
-- Up-to-date: /home/zaynap/project_ws/install/model_description/share/model_description//models/meshes/plate_0_logo.dae
-- Up-to-date: /home/zaynap/project_ws/install/model_description/share/model_description//models/meshes/68-04556-RA_Kinect_Standoff_Assy.dae
-- Up-to-date: /home/zaynap/project_ws/install/model_description/share/model_description//models/meshes/create_body.dae
-- Up-to-date: /home/zaynap/project_ws/install/model_description/share/model_description//models/meshes/68-04552-2000-RA_Turtlebot_M-F_Standoff.dae
-- Up-to-date: /home/zaynap/project_ws/install/model_description/share/model_description//models/meshes/68-04552-1000-RA_Turtlebot_M-F_Standoff.dae
-- Up-to-date: /home/zaynap/project_ws/install/model_description/share/model_description//models/meshes/plate_2_logo.dae
-- Up-to-date: /home/zaynap/project_ws/install/model_description/share/model_description//models/meshes/68-02403-125_Spacer.dae
-- Up-to-date: /home/zaynap/project_ws/install/model_description/share/model_description//models/meshes/plate_1_logo.dae
-- Installing: /home/zaynap/project_ws/install/model_description/share/model_description//models/log
-- Installing: /home/zaynap/project_ws/install/model_description/share/model_description//models/log/build_2025-02-28_13-24-46
-- Installing: /home/zaynap/project_ws/install/model_description/share/model_description//models/log/build_2025-02-28_13-24-46/events.log
-- Installing: /home/zaynap/project_ws/install/model_description/share/model_description//models/log/build_2025-02-28_13-24-46/logger_all.log
-- Installing: /home/zaynap/project_ws/install/model_description/share/model_description//models/log/latest_build
-- Installing: /home/zaynap/project_ws/install/model_description/share/model_description//models/log/COLCON_IGNORE
-- Installing: /home/zaynap/project_ws/install/model_description/share/model_description//models/log/latest
-- Up-to-date: /home/zaynap/project_ws/install/model_description/share/model_description//models/model-1_2.sdf
-- Up-to-date: /home/zaynap/project_ws/install/model_description/share/model_description//models/model.sdf
-- Installing: /home/zaynap/project_ws/install/model_description/share/model_description//models/build
-- Installing: /home/zaynap/project_ws/install/model_description/share/model_description//models/build/.built_by
-- Installing: /home/zaynap/project_ws/install/model_description/share/model_description//models/build/COLCON_IGNORE
-- Up-to-date: /home/zaynap/project_ws/install/model_description/share/model_description//models/materials
-- Up-to-date: /home/zaynap/project_ws/install/model_description/share/model_description//models/materials/textures
-- Up-to-date: /home/zaynap/project_ws/install/model_description/share/model_description//models/materials/textures/plate_0_logo.png
-- Up-to-date: /home/zaynap/project_ws/install/model_description/share/model_description//models/materials/textures/plate_2_logo.png
-- Up-to-date: /home/zaynap/project_ws/install/model_description/share/model_description//models/materials/textures/68-04552-2000-RA_Turtlebot_M-F_Standoff_color.png
-- Up-to-date: /home/zaynap/project_ws/install/model_description/share/model_description//models/materials/textures/68-04552-1000-RA_Turtlebot_M-F_Standoff_color.png
-- Up-to-date: /home/zaynap/project_ws/install/model_description/share/model_description//models/materials/textures/68-02421-8000-RA_Turtlebot_F-F_Standoff_color.png
-- Up-to-date: /home/zaynap/project_ws/install/model_description/share/model_description//models/materials/textures/plate_1_logo.png
-- Up-to-date: /home/zaynap/project_ws/install/model_description/share/model_description//models/materials/textures/create_body.png
-- Up-to-date: /home/zaynap/project_ws/install/model_description/share/model_description//models/model-1_3.sdf
-- Up-to-date: /home/zaynap/project_ws/install/model_description/share/ament_index/resource_index/package_run_dependencies/model_description
-- Up-to-date: /home/zaynap/project_ws/install/model_description/share/ament_index/resource_index/parent_prefix_path/model_description
-- Up-to-date: /home/zaynap/project_ws/install/model_description/share/model_description/environment/ament_prefix_path.sh
-- Up-to-date: /home/zaynap/project_ws/install/model_description/share/model_description/environment/ament_prefix_path.dsv
-- Up-to-date: /home/zaynap/project_ws/install/model_description/share/model_description/environment/path.sh
-- Up-to-date: /home/zaynap/project_ws/install/model_description/share/model_description/environment/path.dsv
-- Up-to-date: /home/zaynap/project_ws/install/model_description/share/model_description/local_setup.bash
-- Up-to-date: /home/zaynap/project_ws/install/model_description/share/model_description/local_setup.sh
-- Up-to-date: /home/zaynap/project_ws/install/model_description/share/model_description/local_setup.zsh
-- Up-to-date: /home/zaynap/project_ws/install/model_description/share/model_description/local_setup.dsv
-- Installing: /home/zaynap/project_ws/install/model_description/share/model_description/package.dsv
-- Up-to-date: /home/zaynap/project_ws/install/model_description/share/ament_index/resource_index/packages/model_description
-- Up-to-date: /home/zaynap/project_ws/install/model_description/share/model_description/cmake/model_descriptionConfig.cmake
-- Up-to-date: /home/zaynap/project_ws/install/model_description/share/model_description/cmake/model_descriptionConfig-version.cmake
-- Up-to-date: /home/zaynap/project_ws/install/model_description/share/model_description/package.xml
