running egg_info
creating ../../build/robot_bringup/robot_bringup.egg-info
writing ../../build/robot_bringup/robot_bringup.egg-info/PKG-INFO
writing dependency_links to ../../build/robot_bringup/robot_bringup.egg-info/dependency_links.txt
writing requirements to ../../build/robot_bringup/robot_bringup.egg-info/requires.txt
writing top-level names to ../../build/robot_bringup/robot_bringup.egg-info/top_level.txt
writing manifest file '../../build/robot_bringup/robot_bringup.egg-info/SOURCES.txt'
reading manifest file '../../build/robot_bringup/robot_bringup.egg-info/SOURCES.txt'
writing manifest file '../../build/robot_bringup/robot_bringup.egg-info/SOURCES.txt'
running build
running build_py
creating /home/zaynap/project_ws/build/robot_bringup/build/lib/robot_bringup
copying robot_bringup/__init__.py -> /home/zaynap/project_ws/build/robot_bringup/build/lib/robot_bringup
running install
running install_lib
creating /home/zaynap/project_ws/install/robot_bringup/lib/python3.10/site-packages/robot_bringup
copying /home/zaynap/project_ws/build/robot_bringup/build/lib/robot_bringup/__init__.py -> /home/zaynap/project_ws/install/robot_bringup/lib/python3.10/site-packages/robot_bringup
byte-compiling /home/zaynap/project_ws/install/robot_bringup/lib/python3.10/site-packages/robot_bringup/__init__.py to __init__.cpython-310.pyc
running install_data
creating /home/zaynap/project_ws/install/robot_bringup/share/ament_index/resource_index/packages
copying resource/robot_bringup -> /home/zaynap/project_ws/install/robot_bringup/share/ament_index/resource_index/packages
copying package.xml -> /home/zaynap/project_ws/install/robot_bringup/share/robot_bringup
creating /home/zaynap/project_ws/install/robot_bringup/share/robot_bringup/launch
copying launch/bringup_robot_wallfollower.launch.py -> /home/zaynap/project_ws/install/robot_bringup/share/robot_bringup/launch
copying launch/bringup_robot.launch.py -> /home/zaynap/project_ws/install/robot_bringup/share/robot_bringup/launch
copying launch/bringup_robot_optimized.launch.py -> /home/zaynap/project_ws/install/robot_bringup/share/robot_bringup/launch
running install_egg_info
Copying ../../build/robot_bringup/robot_bringup.egg-info to /home/zaynap/project_ws/install/robot_bringup/lib/python3.10/site-packages/robot_bringup-0.0.0-py3.10.egg-info
running install_scripts
writing list of installed files to '/home/zaynap/project_ws/build/robot_bringup/install.log'
