[1.732s] Invoking command in '/home/zaynap/project_ws/src/robot_bringup': PYTHONPATH=/home/zaynap/project_ws/build/robot_bringup/prefix_override:/usr/lib/python3/dist-packages/colcon_core/task/python/colcon_distutils_commands:/home/zaynap/project_ws/install/robot_bringup/lib/python3.10/site-packages:${PYTHONPATH} /usr/bin/python3 -W ignore:setup.py install is deprecated -W ignore:easy_install command is deprecated setup.py egg_info --egg-base ../../build/robot_bringup build --build-base /home/zaynap/project_ws/build/robot_bringup/build install --record /home/zaynap/project_ws/build/robot_bringup/install.log --single-version-externally-managed install_data
[1.908s] /home/zaynap/.local/lib/python3.10/site-packages/setuptools/_distutils/dist.py:270: UserWarning: Unknown distribution option: 'tests_require'
[1.908s]   warnings.warn(msg)
[2.051s] running egg_info
[2.075s] creating ../../build/robot_bringup/robot_bringup.egg-info
[2.075s] writing ../../build/robot_bringup/robot_bringup.egg-info/PKG-INFO
[2.076s] writing dependency_links to ../../build/robot_bringup/robot_bringup.egg-info/dependency_links.txt
[2.076s] writing requirements to ../../build/robot_bringup/robot_bringup.egg-info/requires.txt
[2.076s] writing top-level names to ../../build/robot_bringup/robot_bringup.egg-info/top_level.txt
[2.076s] writing manifest file '../../build/robot_bringup/robot_bringup.egg-info/SOURCES.txt'
[2.124s] reading manifest file '../../build/robot_bringup/robot_bringup.egg-info/SOURCES.txt'
[2.125s] writing manifest file '../../build/robot_bringup/robot_bringup.egg-info/SOURCES.txt'
[2.126s] running build
[2.126s] running build_py
[2.126s] creating /home/zaynap/project_ws/build/robot_bringup/build/lib/robot_bringup
[2.126s] copying robot_bringup/__init__.py -> /home/zaynap/project_ws/build/robot_bringup/build/lib/robot_bringup
[2.126s] running install
[2.132s] running install_lib
[2.157s] creating /home/zaynap/project_ws/install/robot_bringup/lib/python3.10/site-packages/robot_bringup
[2.157s] copying /home/zaynap/project_ws/build/robot_bringup/build/lib/robot_bringup/__init__.py -> /home/zaynap/project_ws/install/robot_bringup/lib/python3.10/site-packages/robot_bringup
[2.157s] byte-compiling /home/zaynap/project_ws/install/robot_bringup/lib/python3.10/site-packages/robot_bringup/__init__.py to __init__.cpython-310.pyc
[2.157s] running install_data
[2.158s] creating /home/zaynap/project_ws/install/robot_bringup/share/ament_index/resource_index/packages
[2.158s] copying resource/robot_bringup -> /home/zaynap/project_ws/install/robot_bringup/share/ament_index/resource_index/packages
[2.158s] copying package.xml -> /home/zaynap/project_ws/install/robot_bringup/share/robot_bringup
[2.158s] creating /home/zaynap/project_ws/install/robot_bringup/share/robot_bringup/launch
[2.158s] copying launch/bringup_robot_wallfollower.launch.py -> /home/zaynap/project_ws/install/robot_bringup/share/robot_bringup/launch
[2.158s] copying launch/bringup_robot.launch.py -> /home/zaynap/project_ws/install/robot_bringup/share/robot_bringup/launch
[2.159s] copying launch/bringup_robot_optimized.launch.py -> /home/zaynap/project_ws/install/robot_bringup/share/robot_bringup/launch
[2.159s] running install_egg_info
[2.183s] Copying ../../build/robot_bringup/robot_bringup.egg-info to /home/zaynap/project_ws/install/robot_bringup/lib/python3.10/site-packages/robot_bringup-0.0.0-py3.10.egg-info
[2.184s] running install_scripts
[2.379s] writing list of installed files to '/home/zaynap/project_ws/build/robot_bringup/install.log'
[2.419s] Invoked command in '/home/zaynap/project_ws/src/robot_bringup' returned '0': PYTHONPATH=/home/zaynap/project_ws/build/robot_bringup/prefix_override:/usr/lib/python3/dist-packages/colcon_core/task/python/colcon_distutils_commands:/home/zaynap/project_ws/install/robot_bringup/lib/python3.10/site-packages:${PYTHONPATH} /usr/bin/python3 -W ignore:setup.py install is deprecated -W ignore:easy_install command is deprecated setup.py egg_info --egg-base ../../build/robot_bringup build --build-base /home/zaynap/project_ws/build/robot_bringup/build install --record /home/zaynap/project_ws/build/robot_bringup/install.log --single-version-externally-managed install_data
