[0.047s] Invoking command in '/home/zaynap/project_ws/build/turtlebot3_simulations': AMENT_PREFIX_PATH=/home/zaynap/project_ws/install/turtlebot3_fake_node:/home/zaynap/project_ws/install/turtlebot3_msgs:/home/zaynap/project_ws/install/turtlebot3_gazebo:${AMENT_PREFIX_PATH} CMAKE_PREFIX_PATH=/home/zaynap/project_ws/install/turtlebot3_fake_node:/home/zaynap/project_ws/install/turtlebot3_msgs:/home/zaynap/project_ws/install/turtlebot3_gazebo:/home/zaynap/project_ws/install/model_description:/home/zaynap/project_ws/install/robot_bringup:/opt/ros/humble LD_LIBRARY_PATH=/home/zaynap/project_ws/install/turtlebot3_msgs/lib:${LD_LIBRARY_PATH} PYTHONPATH=/home/zaynap/project_ws/install/turtlebot3_msgs/local/lib/python3.10/dist-packages:${PYTHONPATH} /usr/bin/cmake /home/zaynap/project_ws/src/turtlebot3_simulations/turtlebot3_simulations -DCMAKE_INSTALL_PREFIX=/home/zaynap/project_ws/install/turtlebot3_simulations
[0.238s] -- The C compiler identification is GNU 11.4.0
[0.287s] -- The CXX compiler identification is GNU 11.4.0
[0.293s] -- Detecting C compiler ABI info
[0.378s] -- Detecting C compiler ABI info - done
[0.386s] -- Check for working C compiler: /usr/bin/cc - skipped
[0.386s] -- Detecting C compile features
[0.386s] -- Detecting C compile features - done
[0.389s] -- Detecting CXX compiler ABI info
[0.457s] -- Detecting CXX compiler ABI info - done
[0.472s] -- Check for working CXX compiler: /usr/bin/c++ - skipped
[0.472s] -- Detecting CXX compile features
[0.473s] -- Detecting CXX compile features - done
[0.476s] -- Found ament_cmake: 1.3.11 (/opt/ros/humble/share/ament_cmake/cmake)
[1.159s] -- Found Python3: /usr/bin/python3 (found version "3.10.12") found components: Interpreter 
[1.327s] -- Configuring done
[1.330s] -- Generating done
[1.331s] -- Build files have been written to: /home/zaynap/project_ws/build/turtlebot3_simulations
[1.334s] Invoked command in '/home/zaynap/project_ws/build/turtlebot3_simulations' returned '0': AMENT_PREFIX_PATH=/home/zaynap/project_ws/install/turtlebot3_fake_node:/home/zaynap/project_ws/install/turtlebot3_msgs:/home/zaynap/project_ws/install/turtlebot3_gazebo:${AMENT_PREFIX_PATH} CMAKE_PREFIX_PATH=/home/zaynap/project_ws/install/turtlebot3_fake_node:/home/zaynap/project_ws/install/turtlebot3_msgs:/home/zaynap/project_ws/install/turtlebot3_gazebo:/home/zaynap/project_ws/install/model_description:/home/zaynap/project_ws/install/robot_bringup:/opt/ros/humble LD_LIBRARY_PATH=/home/zaynap/project_ws/install/turtlebot3_msgs/lib:${LD_LIBRARY_PATH} PYTHONPATH=/home/zaynap/project_ws/install/turtlebot3_msgs/local/lib/python3.10/dist-packages:${PYTHONPATH} /usr/bin/cmake /home/zaynap/project_ws/src/turtlebot3_simulations/turtlebot3_simulations -DCMAKE_INSTALL_PREFIX=/home/zaynap/project_ws/install/turtlebot3_simulations
[1.336s] Invoking command in '/home/zaynap/project_ws/build/turtlebot3_simulations': AMENT_PREFIX_PATH=/home/zaynap/project_ws/install/turtlebot3_fake_node:/home/zaynap/project_ws/install/turtlebot3_msgs:/home/zaynap/project_ws/install/turtlebot3_gazebo:${AMENT_PREFIX_PATH} CMAKE_PREFIX_PATH=/home/zaynap/project_ws/install/turtlebot3_fake_node:/home/zaynap/project_ws/install/turtlebot3_msgs:/home/zaynap/project_ws/install/turtlebot3_gazebo:/home/zaynap/project_ws/install/model_description:/home/zaynap/project_ws/install/robot_bringup:/opt/ros/humble LD_LIBRARY_PATH=/home/zaynap/project_ws/install/turtlebot3_msgs/lib:${LD_LIBRARY_PATH} PYTHONPATH=/home/zaynap/project_ws/install/turtlebot3_msgs/local/lib/python3.10/dist-packages:${PYTHONPATH} /usr/bin/cmake --build /home/zaynap/project_ws/build/turtlebot3_simulations -- -j8 -l8
[1.367s] Invoked command in '/home/zaynap/project_ws/build/turtlebot3_simulations' returned '0': AMENT_PREFIX_PATH=/home/zaynap/project_ws/install/turtlebot3_fake_node:/home/zaynap/project_ws/install/turtlebot3_msgs:/home/zaynap/project_ws/install/turtlebot3_gazebo:${AMENT_PREFIX_PATH} CMAKE_PREFIX_PATH=/home/zaynap/project_ws/install/turtlebot3_fake_node:/home/zaynap/project_ws/install/turtlebot3_msgs:/home/zaynap/project_ws/install/turtlebot3_gazebo:/home/zaynap/project_ws/install/model_description:/home/zaynap/project_ws/install/robot_bringup:/opt/ros/humble LD_LIBRARY_PATH=/home/zaynap/project_ws/install/turtlebot3_msgs/lib:${LD_LIBRARY_PATH} PYTHONPATH=/home/zaynap/project_ws/install/turtlebot3_msgs/local/lib/python3.10/dist-packages:${PYTHONPATH} /usr/bin/cmake --build /home/zaynap/project_ws/build/turtlebot3_simulations -- -j8 -l8
[1.369s] Invoking command in '/home/zaynap/project_ws/build/turtlebot3_simulations': AMENT_PREFIX_PATH=/home/zaynap/project_ws/install/turtlebot3_fake_node:/home/zaynap/project_ws/install/turtlebot3_msgs:/home/zaynap/project_ws/install/turtlebot3_gazebo:${AMENT_PREFIX_PATH} CMAKE_PREFIX_PATH=/home/zaynap/project_ws/install/turtlebot3_fake_node:/home/zaynap/project_ws/install/turtlebot3_msgs:/home/zaynap/project_ws/install/turtlebot3_gazebo:/home/zaynap/project_ws/install/model_description:/home/zaynap/project_ws/install/robot_bringup:/opt/ros/humble LD_LIBRARY_PATH=/home/zaynap/project_ws/install/turtlebot3_msgs/lib:${LD_LIBRARY_PATH} PYTHONPATH=/home/zaynap/project_ws/install/turtlebot3_msgs/local/lib/python3.10/dist-packages:${PYTHONPATH} /usr/bin/cmake --install /home/zaynap/project_ws/build/turtlebot3_simulations
[1.374s] -- Install configuration: ""
[1.375s] -- Installing: /home/zaynap/project_ws/install/turtlebot3_simulations/share/ament_index/resource_index/package_run_dependencies/turtlebot3_simulations
[1.375s] -- Installing: /home/zaynap/project_ws/install/turtlebot3_simulations/share/ament_index/resource_index/parent_prefix_path/turtlebot3_simulations
[1.375s] -- Installing: /home/zaynap/project_ws/install/turtlebot3_simulations/share/turtlebot3_simulations/environment/ament_prefix_path.sh
[1.375s] -- Installing: /home/zaynap/project_ws/install/turtlebot3_simulations/share/turtlebot3_simulations/environment/ament_prefix_path.dsv
[1.375s] -- Installing: /home/zaynap/project_ws/install/turtlebot3_simulations/share/turtlebot3_simulations/environment/path.sh
[1.375s] -- Installing: /home/zaynap/project_ws/install/turtlebot3_simulations/share/turtlebot3_simulations/environment/path.dsv
[1.375s] -- Installing: /home/zaynap/project_ws/install/turtlebot3_simulations/share/turtlebot3_simulations/local_setup.bash
[1.375s] -- Installing: /home/zaynap/project_ws/install/turtlebot3_simulations/share/turtlebot3_simulations/local_setup.sh
[1.375s] -- Installing: /home/zaynap/project_ws/install/turtlebot3_simulations/share/turtlebot3_simulations/local_setup.zsh
[1.376s] -- Installing: /home/zaynap/project_ws/install/turtlebot3_simulations/share/turtlebot3_simulations/local_setup.dsv
[1.376s] -- Installing: /home/zaynap/project_ws/install/turtlebot3_simulations/share/turtlebot3_simulations/package.dsv
[1.376s] -- Installing: /home/zaynap/project_ws/install/turtlebot3_simulations/share/ament_index/resource_index/packages/turtlebot3_simulations
[1.376s] -- Installing: /home/zaynap/project_ws/install/turtlebot3_simulations/share/turtlebot3_simulations/cmake/turtlebot3_simulationsConfig.cmake
[1.376s] -- Installing: /home/zaynap/project_ws/install/turtlebot3_simulations/share/turtlebot3_simulations/cmake/turtlebot3_simulationsConfig-version.cmake
[1.376s] -- Installing: /home/zaynap/project_ws/install/turtlebot3_simulations/share/turtlebot3_simulations/package.xml
[1.378s] Invoked command in '/home/zaynap/project_ws/build/turtlebot3_simulations' returned '0': AMENT_PREFIX_PATH=/home/zaynap/project_ws/install/turtlebot3_fake_node:/home/zaynap/project_ws/install/turtlebot3_msgs:/home/zaynap/project_ws/install/turtlebot3_gazebo:${AMENT_PREFIX_PATH} CMAKE_PREFIX_PATH=/home/zaynap/project_ws/install/turtlebot3_fake_node:/home/zaynap/project_ws/install/turtlebot3_msgs:/home/zaynap/project_ws/install/turtlebot3_gazebo:/home/zaynap/project_ws/install/model_description:/home/zaynap/project_ws/install/robot_bringup:/opt/ros/humble LD_LIBRARY_PATH=/home/zaynap/project_ws/install/turtlebot3_msgs/lib:${LD_LIBRARY_PATH} PYTHONPATH=/home/zaynap/project_ws/install/turtlebot3_msgs/local/lib/python3.10/dist-packages:${PYTHONPATH} /usr/bin/cmake --install /home/zaynap/project_ws/build/turtlebot3_simulations
