[0.035s] Invoking command in '/home/zaynap/project_ws/build/turtlebot3_cartographer': CMAKE_PREFIX_PATH=${CMAKE_PREFIX_PATH}:/home/zaynap/project_ws/install/robot_bringup:/opt/ros/humble /usr/bin/cmake --build /home/zaynap/project_ws/build/turtlebot3_cartographer -- -j8 -l8
[0.414s] Invoked command in '/home/zaynap/project_ws/build/turtlebot3_cartographer' returned '0': CMAKE_PREFIX_PATH=${CMAKE_PREFIX_PATH}:/home/zaynap/project_ws/install/robot_bringup:/opt/ros/humble /usr/bin/cmake --build /home/zaynap/project_ws/build/turtlebot3_cartographer -- -j8 -l8
[0.417s] Invoking command in '/home/zaynap/project_ws/build/turtlebot3_cartographer': CMAKE_PREFIX_PATH=${CMAKE_PREFIX_PATH}:/home/zaynap/project_ws/install/robot_bringup:/opt/ros/humble /usr/bin/cmake --install /home/zaynap/project_ws/build/turtlebot3_cartographer
[0.444s] -- Install configuration: ""
[0.444s] -- Up-to-date: /home/zaynap/project_ws/install/turtlebot3_cartographer/share/turtlebot3_cartographer/config
[0.444s] -- Up-to-date: /home/zaynap/project_ws/install/turtlebot3_cartographer/share/turtlebot3_cartographer/config/turtlebot3_lds_2d.lua
[0.445s] -- Up-to-date: /home/zaynap/project_ws/install/turtlebot3_cartographer/share/turtlebot3_cartographer/launch
[0.445s] -- Up-to-date: /home/zaynap/project_ws/install/turtlebot3_cartographer/share/turtlebot3_cartographer/launch/cartographer.launch.py
[0.445s] -- Up-to-date: /home/zaynap/project_ws/install/turtlebot3_cartographer/share/turtlebot3_cartographer/launch/occupancy_grid.launch.py
[0.445s] -- Up-to-date: /home/zaynap/project_ws/install/turtlebot3_cartographer/share/turtlebot3_cartographer/rviz
[0.445s] -- Up-to-date: /home/zaynap/project_ws/install/turtlebot3_cartographer/share/turtlebot3_cartographer/rviz/tb3_cartographer.rviz
[0.445s] -- Up-to-date: /home/zaynap/project_ws/install/turtlebot3_cartographer/share/ament_index/resource_index/package_run_dependencies/turtlebot3_cartographer
[0.445s] -- Up-to-date: /home/zaynap/project_ws/install/turtlebot3_cartographer/share/ament_index/resource_index/parent_prefix_path/turtlebot3_cartographer
[0.445s] -- Up-to-date: /home/zaynap/project_ws/install/turtlebot3_cartographer/share/turtlebot3_cartographer/environment/ament_prefix_path.sh
[0.445s] -- Up-to-date: /home/zaynap/project_ws/install/turtlebot3_cartographer/share/turtlebot3_cartographer/environment/ament_prefix_path.dsv
[0.445s] -- Up-to-date: /home/zaynap/project_ws/install/turtlebot3_cartographer/share/turtlebot3_cartographer/environment/path.sh
[0.446s] -- Up-to-date: /home/zaynap/project_ws/install/turtlebot3_cartographer/share/turtlebot3_cartographer/environment/path.dsv
[0.446s] -- Up-to-date: /home/zaynap/project_ws/install/turtlebot3_cartographer/share/turtlebot3_cartographer/local_setup.bash
[0.446s] -- Up-to-date: /home/zaynap/project_ws/install/turtlebot3_cartographer/share/turtlebot3_cartographer/local_setup.sh
[0.446s] -- Up-to-date: /home/zaynap/project_ws/install/turtlebot3_cartographer/share/turtlebot3_cartographer/local_setup.zsh
[0.446s] -- Up-to-date: /home/zaynap/project_ws/install/turtlebot3_cartographer/share/turtlebot3_cartographer/local_setup.dsv
[0.446s] -- Installing: /home/zaynap/project_ws/install/turtlebot3_cartographer/share/turtlebot3_cartographer/package.dsv
[0.446s] -- Up-to-date: /home/zaynap/project_ws/install/turtlebot3_cartographer/share/ament_index/resource_index/packages/turtlebot3_cartographer
[0.449s] -- Up-to-date: /home/zaynap/project_ws/install/turtlebot3_cartographer/share/turtlebot3_cartographer/cmake/turtlebot3_cartographerConfig.cmake
[0.449s] -- Up-to-date: /home/zaynap/project_ws/install/turtlebot3_cartographer/share/turtlebot3_cartographer/cmake/turtlebot3_cartographerConfig-version.cmake
[0.449s] -- Up-to-date: /home/zaynap/project_ws/install/turtlebot3_cartographer/share/turtlebot3_cartographer/package.xml
[0.486s] Invoked command in '/home/zaynap/project_ws/build/turtlebot3_cartographer' returned '0': CMAKE_PREFIX_PATH=${CMAKE_PREFIX_PATH}:/home/zaynap/project_ws/install/robot_bringup:/opt/ros/humble /usr/bin/cmake --install /home/zaynap/project_ws/build/turtlebot3_cartographer
