[1.713s] Invoking command in '/home/zaynap/project_ws/src/gap_follower': PYTHONPATH=/home/zaynap/project_ws/build/gap_follower/prefix_override:/usr/lib/python3/dist-packages/colcon_core/task/python/colcon_distutils_commands:/home/zaynap/project_ws/install/gap_follower/lib/python3.10/site-packages:${PYTHONPATH} /usr/bin/python3 -W ignore:setup.py install is deprecated -W ignore:easy_install command is deprecated setup.py egg_info --egg-base ../../build/gap_follower build --build-base /home/zaynap/project_ws/build/gap_follower/build install --record /home/zaynap/project_ws/build/gap_follower/install.log --single-version-externally-managed install_data
[1.994s] /home/zaynap/.local/lib/python3.10/site-packages/setuptools/_distutils/dist.py:270: UserWarning: Unknown distribution option: 'tests_require'
[1.994s]   warnings.warn(msg)
[2.170s] running egg_info
[2.199s] writing ../../build/gap_follower/gap_follower.egg-info/PKG-INFO
[2.200s] writing dependency_links to ../../build/gap_follower/gap_follower.egg-info/dependency_links.txt
[2.200s] writing entry points to ../../build/gap_follower/gap_follower.egg-info/entry_points.txt
[2.200s] writing requirements to ../../build/gap_follower/gap_follower.egg-info/requires.txt
[2.201s] writing top-level names to ../../build/gap_follower/gap_follower.egg-info/top_level.txt
[2.266s] reading manifest file '../../build/gap_follower/gap_follower.egg-info/SOURCES.txt'
[2.267s] writing manifest file '../../build/gap_follower/gap_follower.egg-info/SOURCES.txt'
[2.268s] running build
[2.268s] running build_py
[2.268s] copying gap_follower/optimized_gap_follower.py -> /home/zaynap/project_ws/build/gap_follower/build/lib/gap_follower
[2.268s] copying gap_follower/optimized_gap_follower2.py -> /home/zaynap/project_ws/build/gap_follower/build/lib/gap_follower
[2.268s] copying gap_follower/__init__.py -> /home/zaynap/project_ws/build/gap_follower/build/lib/gap_follower
[2.269s] copying gap_follower/naive_gap_follower.py -> /home/zaynap/project_ws/build/gap_follower/build/lib/gap_follower
[2.269s] running install
[2.276s] running install_lib
[2.303s] copying /home/zaynap/project_ws/build/gap_follower/build/lib/gap_follower/optimized_gap_follower2.py -> /home/zaynap/project_ws/install/gap_follower/lib/python3.10/site-packages/gap_follower
[2.304s] byte-compiling /home/zaynap/project_ws/install/gap_follower/lib/python3.10/site-packages/gap_follower/optimized_gap_follower2.py to optimized_gap_follower2.cpython-310.pyc
[2.307s] running install_data
[2.307s] copying resource/gap_follower -> /home/zaynap/project_ws/install/gap_follower/share/ament_index/resource_index/packages
[2.307s] copying package.xml -> /home/zaynap/project_ws/install/gap_follower/share/gap_follower
[2.307s] running install_egg_info
[2.342s] removing '/home/zaynap/project_ws/install/gap_follower/lib/python3.10/site-packages/gap_follower-0.0.0-py3.10.egg-info' (and everything under it)
[2.342s] Copying ../../build/gap_follower/gap_follower.egg-info to /home/zaynap/project_ws/install/gap_follower/lib/python3.10/site-packages/gap_follower-0.0.0-py3.10.egg-info
[2.343s] running install_scripts
[2.602s] Installing naive_gap_follower script to /home/zaynap/project_ws/install/gap_follower/lib/gap_follower
[2.602s] Installing optimized_gap_follower script to /home/zaynap/project_ws/install/gap_follower/lib/gap_follower
[2.603s] Installing optimized_gap_follower2 script to /home/zaynap/project_ws/install/gap_follower/lib/gap_follower
[2.603s] writing list of installed files to '/home/zaynap/project_ws/build/gap_follower/install.log'
[2.673s] Invoked command in '/home/zaynap/project_ws/src/gap_follower' returned '0': PYTHONPATH=/home/zaynap/project_ws/build/gap_follower/prefix_override:/usr/lib/python3/dist-packages/colcon_core/task/python/colcon_distutils_commands:/home/zaynap/project_ws/install/gap_follower/lib/python3.10/site-packages:${PYTHONPATH} /usr/bin/python3 -W ignore:setup.py install is deprecated -W ignore:easy_install command is deprecated setup.py egg_info --egg-base ../../build/gap_follower build --build-base /home/zaynap/project_ws/build/gap_follower/build install --record /home/zaynap/project_ws/build/gap_follower/install.log --single-version-externally-managed install_data
