[0.060s] Invoking command in '/home/zaynap/project_ws/build/dynamixel_sdk_examples': AMENT_PREFIX_PATH=/home/zaynap/project_ws/install/dynamixel_sdk_custom_interfaces:/home/zaynap/project_ws/install/dynamixel_sdk:${AMENT_PREFIX_PATH} CMAKE_PREFIX_PATH=/home/zaynap/project_ws/install/dynamixel_sdk_custom_interfaces:/home/zaynap/project_ws/install/dynamixel_sdk:/home/zaynap/project_ws/install/model_description:/home/zaynap/project_ws/install/robot_bringup:/opt/ros/humble LD_LIBRARY_PATH=/home/zaynap/project_ws/install/dynamixel_sdk_custom_interfaces/lib:/home/zaynap/project_ws/install/dynamixel_sdk/lib:${LD_LIBRARY_PATH} PYTHONPATH=/home/zaynap/project_ws/install/dynamixel_sdk_custom_interfaces/local/lib/python3.10/dist-packages:${PYTHONPATH} /usr/bin/cmake --build /home/zaynap/project_ws/build/dynamixel_sdk_examples -- -j8 -l8
[0.122s] [100%] Built target read_write_node
[0.374s] Invoked command in '/home/zaynap/project_ws/build/dynamixel_sdk_examples' returned '0': AMENT_PREFIX_PATH=/home/zaynap/project_ws/install/dynamixel_sdk_custom_interfaces:/home/zaynap/project_ws/install/dynamixel_sdk:${AMENT_PREFIX_PATH} CMAKE_PREFIX_PATH=/home/zaynap/project_ws/install/dynamixel_sdk_custom_interfaces:/home/zaynap/project_ws/install/dynamixel_sdk:/home/zaynap/project_ws/install/model_description:/home/zaynap/project_ws/install/robot_bringup:/opt/ros/humble LD_LIBRARY_PATH=/home/zaynap/project_ws/install/dynamixel_sdk_custom_interfaces/lib:/home/zaynap/project_ws/install/dynamixel_sdk/lib:${LD_LIBRARY_PATH} PYTHONPATH=/home/zaynap/project_ws/install/dynamixel_sdk_custom_interfaces/local/lib/python3.10/dist-packages:${PYTHONPATH} /usr/bin/cmake --build /home/zaynap/project_ws/build/dynamixel_sdk_examples -- -j8 -l8
[0.375s] Invoking command in '/home/zaynap/project_ws/build/dynamixel_sdk_examples': AMENT_PREFIX_PATH=/home/zaynap/project_ws/install/dynamixel_sdk_custom_interfaces:/home/zaynap/project_ws/install/dynamixel_sdk:${AMENT_PREFIX_PATH} CMAKE_PREFIX_PATH=/home/zaynap/project_ws/install/dynamixel_sdk_custom_interfaces:/home/zaynap/project_ws/install/dynamixel_sdk:/home/zaynap/project_ws/install/model_description:/home/zaynap/project_ws/install/robot_bringup:/opt/ros/humble LD_LIBRARY_PATH=/home/zaynap/project_ws/install/dynamixel_sdk_custom_interfaces/lib:/home/zaynap/project_ws/install/dynamixel_sdk/lib:${LD_LIBRARY_PATH} PYTHONPATH=/home/zaynap/project_ws/install/dynamixel_sdk_custom_interfaces/local/lib/python3.10/dist-packages:${PYTHONPATH} /usr/bin/cmake --install /home/zaynap/project_ws/build/dynamixel_sdk_examples
[0.385s] -- Install configuration: ""
[0.385s] -- Up-to-date: /home/zaynap/project_ws/install/dynamixel_sdk_examples/lib/dynamixel_sdk_examples/read_write_node
[0.386s] -- Up-to-date: /home/zaynap/project_ws/install/dynamixel_sdk_examples/share/ament_index/resource_index/package_run_dependencies/dynamixel_sdk_examples
[0.386s] -- Up-to-date: /home/zaynap/project_ws/install/dynamixel_sdk_examples/share/ament_index/resource_index/parent_prefix_path/dynamixel_sdk_examples
[0.386s] -- Up-to-date: /home/zaynap/project_ws/install/dynamixel_sdk_examples/share/dynamixel_sdk_examples/environment/ament_prefix_path.sh
[0.386s] -- Up-to-date: /home/zaynap/project_ws/install/dynamixel_sdk_examples/share/dynamixel_sdk_examples/environment/ament_prefix_path.dsv
[0.386s] -- Up-to-date: /home/zaynap/project_ws/install/dynamixel_sdk_examples/share/dynamixel_sdk_examples/environment/path.sh
[0.386s] -- Up-to-date: /home/zaynap/project_ws/install/dynamixel_sdk_examples/share/dynamixel_sdk_examples/environment/path.dsv
[0.386s] -- Up-to-date: /home/zaynap/project_ws/install/dynamixel_sdk_examples/share/dynamixel_sdk_examples/local_setup.bash
[0.386s] -- Up-to-date: /home/zaynap/project_ws/install/dynamixel_sdk_examples/share/dynamixel_sdk_examples/local_setup.sh
[0.386s] -- Up-to-date: /home/zaynap/project_ws/install/dynamixel_sdk_examples/share/dynamixel_sdk_examples/local_setup.zsh
[0.386s] -- Up-to-date: /home/zaynap/project_ws/install/dynamixel_sdk_examples/share/dynamixel_sdk_examples/local_setup.dsv
[0.387s] -- Installing: /home/zaynap/project_ws/install/dynamixel_sdk_examples/share/dynamixel_sdk_examples/package.dsv
[0.387s] -- Up-to-date: /home/zaynap/project_ws/install/dynamixel_sdk_examples/share/ament_index/resource_index/packages/dynamixel_sdk_examples
[0.388s] -- Up-to-date: /home/zaynap/project_ws/install/dynamixel_sdk_examples/share/dynamixel_sdk_examples/cmake/dynamixel_sdk_examplesConfig.cmake
[0.388s] -- Up-to-date: /home/zaynap/project_ws/install/dynamixel_sdk_examples/share/dynamixel_sdk_examples/cmake/dynamixel_sdk_examplesConfig-version.cmake
[0.388s] -- Up-to-date: /home/zaynap/project_ws/install/dynamixel_sdk_examples/share/dynamixel_sdk_examples/package.xml
[0.393s] Invoked command in '/home/zaynap/project_ws/build/dynamixel_sdk_examples' returned '0': AMENT_PREFIX_PATH=/home/zaynap/project_ws/install/dynamixel_sdk_custom_interfaces:/home/zaynap/project_ws/install/dynamixel_sdk:${AMENT_PREFIX_PATH} CMAKE_PREFIX_PATH=/home/zaynap/project_ws/install/dynamixel_sdk_custom_interfaces:/home/zaynap/project_ws/install/dynamixel_sdk:/home/zaynap/project_ws/install/model_description:/home/zaynap/project_ws/install/robot_bringup:/opt/ros/humble LD_LIBRARY_PATH=/home/zaynap/project_ws/install/dynamixel_sdk_custom_interfaces/lib:/home/zaynap/project_ws/install/dynamixel_sdk/lib:${LD_LIBRARY_PATH} PYTHONPATH=/home/zaynap/project_ws/install/dynamixel_sdk_custom_interfaces/local/lib/python3.10/dist-packages:${PYTHONPATH} /usr/bin/cmake --install /home/zaynap/project_ws/build/dynamixel_sdk_examples
