[0.222s] DEBUG:colcon:Command line arguments: ['/usr/bin/colcon', 'build']
[0.223s] DEBUG:colcon:Parsed command line arguments: Namespace(log_base=None, log_level=None, verb_name='build', build_base='build', install_base='install', merge_install=False, symlink_install=False, test_result_base=None, continue_on_error=False, executor='parallel', parallel_workers=8, event_handlers=None, ignore_user_meta=False, metas=['./colcon.meta'], base_paths=['.'], packages_ignore=None, packages_ignore_regex=None, paths=None, packages_up_to=None, packages_up_to_regex=None, packages_above=None, packages_above_and_dependencies=None, packages_above_depth=None, packages_select_by_dep=None, packages_skip_by_dep=None, packages_skip_up_to=None, packages_select_build_failed=False, packages_skip_build_finished=False, packages_select_test_failures=False, packages_skip_test_passed=False, packages_select=None, packages_skip=None, packages_select_regex=None, packages_skip_regex=None, packages_start=None, packages_end=None, allow_overriding=[], cmake_args=None, cmake_target=None, cmake_target_skip_unavailable=False, cmake_clean_cache=False, cmake_clean_first=False, cmake_force_configure=False, ament_cmake_args=None, catkin_cmake_args=None, catkin_skip_building_tests=False, mixin_files=None, mixin=None, verb_parser=<colcon_mixin.mixin.mixin_argument.MixinArgumentDecorator object at 0x75a37d69d7b0>, verb_extension=<colcon_core.verb.build.BuildVerb object at 0x75a37d796c80>, main=<bound method BuildVerb.main of <colcon_core.verb.build.BuildVerb object at 0x75a37d796c80>>, mixin_verb=('build',))
[0.284s] Level 1:colcon.colcon_core.package_discovery:discover_packages(colcon_meta) check parameters
[0.284s] Level 1:colcon.colcon_core.package_discovery:discover_packages(recursive) check parameters
[0.284s] Level 1:colcon.colcon_core.package_discovery:discover_packages(ignore) check parameters
[0.284s] Level 1:colcon.colcon_core.package_discovery:discover_packages(path) check parameters
[0.284s] Level 1:colcon.colcon_core.package_discovery:discover_packages(colcon_meta) discover
[0.284s] Level 1:colcon.colcon_core.package_discovery:discover_packages(recursive) discover
[0.284s] INFO:colcon.colcon_core.package_discovery:Crawling recursively for packages in '/home/zaynap/project_ws'
[0.284s] Level 1:colcon.colcon_core.package_identification:_identify(.) by extensions ['ignore', 'ignore_ament_install']
[0.284s] Level 1:colcon.colcon_core.package_identification:_identify(.) by extension 'ignore'
[0.284s] Level 1:colcon.colcon_core.package_identification:_identify(.) by extension 'ignore_ament_install'
[0.284s] Level 1:colcon.colcon_core.package_identification:_identify(.) by extensions ['colcon_pkg']
[0.284s] Level 1:colcon.colcon_core.package_identification:_identify(.) by extension 'colcon_pkg'
[0.284s] Level 1:colcon.colcon_core.package_identification:_identify(.) by extensions ['colcon_meta']
[0.284s] Level 1:colcon.colcon_core.package_identification:_identify(.) by extension 'colcon_meta'
[0.285s] Level 1:colcon.colcon_core.package_identification:_identify(.) by extensions ['ros']
[0.285s] Level 1:colcon.colcon_core.package_identification:_identify(.) by extension 'ros'
[0.314s] Level 1:colcon.colcon_core.package_identification:_identify(.) by extensions ['cmake', 'python']
[0.314s] Level 1:colcon.colcon_core.package_identification:_identify(.) by extension 'cmake'
[0.314s] Level 1:colcon.colcon_core.package_identification:_identify(.) by extension 'python'
[0.314s] Level 1:colcon.colcon_core.package_identification:_identify(.) by extensions ['python_setup_py']
[0.314s] Level 1:colcon.colcon_core.package_identification:_identify(.) by extension 'python_setup_py'
[0.314s] Level 1:colcon.colcon_core.package_identification:_identify(build) by extensions ['ignore', 'ignore_ament_install']
[0.314s] Level 1:colcon.colcon_core.package_identification:_identify(build) by extension 'ignore'
[0.314s] Level 1:colcon.colcon_core.package_identification:_identify(build) ignored
[0.314s] Level 1:colcon.colcon_core.package_identification:_identify(install) by extensions ['ignore', 'ignore_ament_install']
[0.314s] Level 1:colcon.colcon_core.package_identification:_identify(install) by extension 'ignore'
[0.314s] Level 1:colcon.colcon_core.package_identification:_identify(install) ignored
[0.315s] Level 1:colcon.colcon_core.package_identification:_identify(log) by extensions ['ignore', 'ignore_ament_install']
[0.315s] Level 1:colcon.colcon_core.package_identification:_identify(log) by extension 'ignore'
[0.315s] Level 1:colcon.colcon_core.package_identification:_identify(log) ignored
[0.315s] Level 1:colcon.colcon_core.package_identification:_identify(src) by extensions ['ignore', 'ignore_ament_install']
[0.315s] Level 1:colcon.colcon_core.package_identification:_identify(src) by extension 'ignore'
[0.315s] Level 1:colcon.colcon_core.package_identification:_identify(src) by extension 'ignore_ament_install'
[0.315s] Level 1:colcon.colcon_core.package_identification:_identify(src) by extensions ['colcon_pkg']
[0.315s] Level 1:colcon.colcon_core.package_identification:_identify(src) by extension 'colcon_pkg'
[0.315s] Level 1:colcon.colcon_core.package_identification:_identify(src) by extensions ['colcon_meta']
[0.315s] Level 1:colcon.colcon_core.package_identification:_identify(src) by extension 'colcon_meta'
[0.315s] Level 1:colcon.colcon_core.package_identification:_identify(src) by extensions ['ros']
[0.315s] Level 1:colcon.colcon_core.package_identification:_identify(src) by extension 'ros'
[0.315s] Level 1:colcon.colcon_core.package_identification:_identify(src) by extensions ['cmake', 'python']
[0.315s] Level 1:colcon.colcon_core.package_identification:_identify(src) by extension 'cmake'
[0.315s] Level 1:colcon.colcon_core.package_identification:_identify(src) by extension 'python'
[0.316s] Level 1:colcon.colcon_core.package_identification:_identify(src) by extensions ['python_setup_py']
[0.316s] Level 1:colcon.colcon_core.package_identification:_identify(src) by extension 'python_setup_py'
[0.316s] Level 1:colcon.colcon_core.package_identification:_identify(src/gap_follower) by extensions ['ignore', 'ignore_ament_install']
[0.316s] Level 1:colcon.colcon_core.package_identification:_identify(src/gap_follower) by extension 'ignore'
[0.316s] Level 1:colcon.colcon_core.package_identification:_identify(src/gap_follower) by extension 'ignore_ament_install'
[0.316s] Level 1:colcon.colcon_core.package_identification:_identify(src/gap_follower) by extensions ['colcon_pkg']
[0.316s] Level 1:colcon.colcon_core.package_identification:_identify(src/gap_follower) by extension 'colcon_pkg'
[0.316s] Level 1:colcon.colcon_core.package_identification:_identify(src/gap_follower) by extensions ['colcon_meta']
[0.316s] Level 1:colcon.colcon_core.package_identification:_identify(src/gap_follower) by extension 'colcon_meta'
[0.316s] Level 1:colcon.colcon_core.package_identification:_identify(src/gap_follower) by extensions ['ros']
[0.316s] Level 1:colcon.colcon_core.package_identification:_identify(src/gap_follower) by extension 'ros'
[0.319s] DEBUG:colcon.colcon_core.package_identification:Package 'src/gap_follower' with type 'ros.ament_python' and name 'gap_follower'
[0.319s] Level 1:colcon.colcon_core.package_identification:_identify(src/model_description) by extensions ['ignore', 'ignore_ament_install']
[0.320s] Level 1:colcon.colcon_core.package_identification:_identify(src/model_description) by extension 'ignore'
[0.320s] Level 1:colcon.colcon_core.package_identification:_identify(src/model_description) by extension 'ignore_ament_install'
[0.320s] Level 1:colcon.colcon_core.package_identification:_identify(src/model_description) by extensions ['colcon_pkg']
[0.320s] Level 1:colcon.colcon_core.package_identification:_identify(src/model_description) by extension 'colcon_pkg'
[0.320s] Level 1:colcon.colcon_core.package_identification:_identify(src/model_description) by extensions ['colcon_meta']
[0.320s] Level 1:colcon.colcon_core.package_identification:_identify(src/model_description) by extension 'colcon_meta'
[0.320s] Level 1:colcon.colcon_core.package_identification:_identify(src/model_description) by extensions ['ros']
[0.320s] Level 1:colcon.colcon_core.package_identification:_identify(src/model_description) by extension 'ros'
[0.321s] DEBUG:colcon.colcon_core.package_identification:Package 'src/model_description' with type 'ros.ament_cmake' and name 'model_description'
[0.321s] Level 1:colcon.colcon_core.package_identification:_identify(src/robot_bringup) by extensions ['ignore', 'ignore_ament_install']
[0.321s] Level 1:colcon.colcon_core.package_identification:_identify(src/robot_bringup) by extension 'ignore'
[0.321s] Level 1:colcon.colcon_core.package_identification:_identify(src/robot_bringup) by extension 'ignore_ament_install'
[0.321s] Level 1:colcon.colcon_core.package_identification:_identify(src/robot_bringup) by extensions ['colcon_pkg']
[0.321s] Level 1:colcon.colcon_core.package_identification:_identify(src/robot_bringup) by extension 'colcon_pkg'
[0.321s] Level 1:colcon.colcon_core.package_identification:_identify(src/robot_bringup) by extensions ['colcon_meta']
[0.321s] Level 1:colcon.colcon_core.package_identification:_identify(src/robot_bringup) by extension 'colcon_meta'
[0.321s] Level 1:colcon.colcon_core.package_identification:_identify(src/robot_bringup) by extensions ['ros']
[0.321s] Level 1:colcon.colcon_core.package_identification:_identify(src/robot_bringup) by extension 'ros'
[0.322s] DEBUG:colcon.colcon_core.package_identification:Package 'src/robot_bringup' with type 'ros.ament_python' and name 'robot_bringup'
[0.322s] Level 1:colcon.colcon_core.package_discovery:discover_packages(recursive) using defaults
[0.322s] Level 1:colcon.colcon_core.package_discovery:discover_packages(ignore) discover
[0.322s] Level 1:colcon.colcon_core.package_discovery:discover_packages(ignore) using defaults
[0.322s] Level 1:colcon.colcon_core.package_discovery:discover_packages(path) discover
[0.322s] Level 1:colcon.colcon_core.package_discovery:discover_packages(path) using defaults
[0.354s] Level 1:colcon.colcon_core.package_discovery:discover_packages(prefix_path) check parameters
[0.354s] Level 1:colcon.colcon_core.package_discovery:discover_packages(prefix_path) discover
[0.358s] DEBUG:colcon.colcon_installed_package_information.package_discovery:Found 18 installed packages in /home/zaynap/project_ws/install
[0.360s] DEBUG:colcon.colcon_installed_package_information.package_discovery:Found 419 installed packages in /opt/ros/humble
[0.363s] Level 1:colcon.colcon_core.package_discovery:discover_packages(prefix_path) using defaults
[0.439s] Level 5:colcon.colcon_core.verb:set package 'gap_follower' build argument 'cmake_args' from command line to 'None'
[0.439s] Level 5:colcon.colcon_core.verb:set package 'gap_follower' build argument 'cmake_target' from command line to 'None'
[0.439s] Level 5:colcon.colcon_core.verb:set package 'gap_follower' build argument 'cmake_target_skip_unavailable' from command line to 'False'
[0.439s] Level 5:colcon.colcon_core.verb:set package 'gap_follower' build argument 'cmake_clean_cache' from command line to 'False'
[0.439s] Level 5:colcon.colcon_core.verb:set package 'gap_follower' build argument 'cmake_clean_first' from command line to 'False'
[0.439s] Level 5:colcon.colcon_core.verb:set package 'gap_follower' build argument 'cmake_force_configure' from command line to 'False'
[0.439s] Level 5:colcon.colcon_core.verb:set package 'gap_follower' build argument 'ament_cmake_args' from command line to 'None'
[0.439s] Level 5:colcon.colcon_core.verb:set package 'gap_follower' build argument 'catkin_cmake_args' from command line to 'None'
[0.439s] Level 5:colcon.colcon_core.verb:set package 'gap_follower' build argument 'catkin_skip_building_tests' from command line to 'False'
[0.439s] DEBUG:colcon.colcon_core.verb:Building package 'gap_follower' with the following arguments: {'ament_cmake_args': None, 'build_base': '/home/zaynap/project_ws/build/gap_follower', 'catkin_cmake_args': None, 'catkin_skip_building_tests': False, 'cmake_args': None, 'cmake_clean_cache': False, 'cmake_clean_first': False, 'cmake_force_configure': False, 'cmake_target': None, 'cmake_target_skip_unavailable': False, 'install_base': '/home/zaynap/project_ws/install/gap_follower', 'merge_install': False, 'path': '/home/zaynap/project_ws/src/gap_follower', 'symlink_install': False, 'test_result_base': None}
[0.440s] Level 5:colcon.colcon_core.verb:set package 'model_description' build argument 'cmake_args' from command line to 'None'
[0.440s] Level 5:colcon.colcon_core.verb:set package 'model_description' build argument 'cmake_target' from command line to 'None'
[0.440s] Level 5:colcon.colcon_core.verb:set package 'model_description' build argument 'cmake_target_skip_unavailable' from command line to 'False'
[0.440s] Level 5:colcon.colcon_core.verb:set package 'model_description' build argument 'cmake_clean_cache' from command line to 'False'
[0.440s] Level 5:colcon.colcon_core.verb:set package 'model_description' build argument 'cmake_clean_first' from command line to 'False'
[0.440s] Level 5:colcon.colcon_core.verb:set package 'model_description' build argument 'cmake_force_configure' from command line to 'False'
[0.440s] Level 5:colcon.colcon_core.verb:set package 'model_description' build argument 'ament_cmake_args' from command line to 'None'
[0.440s] Level 5:colcon.colcon_core.verb:set package 'model_description' build argument 'catkin_cmake_args' from command line to 'None'
[0.440s] Level 5:colcon.colcon_core.verb:set package 'model_description' build argument 'catkin_skip_building_tests' from command line to 'False'
[0.440s] DEBUG:colcon.colcon_core.verb:Building package 'model_description' with the following arguments: {'ament_cmake_args': None, 'build_base': '/home/zaynap/project_ws/build/model_description', 'catkin_cmake_args': None, 'catkin_skip_building_tests': False, 'cmake_args': None, 'cmake_clean_cache': False, 'cmake_clean_first': False, 'cmake_force_configure': False, 'cmake_target': None, 'cmake_target_skip_unavailable': False, 'install_base': '/home/zaynap/project_ws/install/model_description', 'merge_install': False, 'path': '/home/zaynap/project_ws/src/model_description', 'symlink_install': False, 'test_result_base': None}
[0.440s] Level 5:colcon.colcon_core.verb:set package 'robot_bringup' build argument 'cmake_args' from command line to 'None'
[0.440s] Level 5:colcon.colcon_core.verb:set package 'robot_bringup' build argument 'cmake_target' from command line to 'None'
[0.441s] Level 5:colcon.colcon_core.verb:set package 'robot_bringup' build argument 'cmake_target_skip_unavailable' from command line to 'False'
[0.441s] Level 5:colcon.colcon_core.verb:set package 'robot_bringup' build argument 'cmake_clean_cache' from command line to 'False'
[0.441s] Level 5:colcon.colcon_core.verb:set package 'robot_bringup' build argument 'cmake_clean_first' from command line to 'False'
[0.441s] Level 5:colcon.colcon_core.verb:set package 'robot_bringup' build argument 'cmake_force_configure' from command line to 'False'
[0.441s] Level 5:colcon.colcon_core.verb:set package 'robot_bringup' build argument 'ament_cmake_args' from command line to 'None'
[0.441s] Level 5:colcon.colcon_core.verb:set package 'robot_bringup' build argument 'catkin_cmake_args' from command line to 'None'
[0.441s] Level 5:colcon.colcon_core.verb:set package 'robot_bringup' build argument 'catkin_skip_building_tests' from command line to 'False'
[0.441s] DEBUG:colcon.colcon_core.verb:Building package 'robot_bringup' with the following arguments: {'ament_cmake_args': None, 'build_base': '/home/zaynap/project_ws/build/robot_bringup', 'catkin_cmake_args': None, 'catkin_skip_building_tests': False, 'cmake_args': None, 'cmake_clean_cache': False, 'cmake_clean_first': False, 'cmake_force_configure': False, 'cmake_target': None, 'cmake_target_skip_unavailable': False, 'install_base': '/home/zaynap/project_ws/install/robot_bringup', 'merge_install': False, 'path': '/home/zaynap/project_ws/src/robot_bringup', 'symlink_install': False, 'test_result_base': None}
[0.441s] INFO:colcon.colcon_core.executor:Executing jobs using 'parallel' executor
[0.442s] DEBUG:colcon.colcon_parallel_executor.executor.parallel:run_until_complete
[0.442s] INFO:colcon.colcon_ros.task.ament_python.build:Building ROS package in '/home/zaynap/project_ws/src/gap_follower' with build type 'ament_python'
[0.442s] Level 1:colcon.colcon_core.shell:create_environment_hook('gap_follower', 'ament_prefix_path')
[0.445s] INFO:colcon.colcon_core.plugin_system:Skipping extension 'colcon_core.shell.bat': Not used on non-Windows systems
[0.445s] INFO:colcon.colcon_core.shell:Creating environment hook '/home/zaynap/project_ws/install/gap_follower/share/gap_follower/hook/ament_prefix_path.ps1'
[0.446s] INFO:colcon.colcon_core.shell:Creating environment descriptor '/home/zaynap/project_ws/install/gap_follower/share/gap_follower/hook/ament_prefix_path.dsv'
[0.446s] INFO:colcon.colcon_core.shell:Creating environment hook '/home/zaynap/project_ws/install/gap_follower/share/gap_follower/hook/ament_prefix_path.sh'
[0.447s] INFO:colcon.colcon_core.shell:Skip shell extension 'powershell' for command environment: Not usable outside of PowerShell
[0.447s] DEBUG:colcon.colcon_core.shell:Skip shell extension 'dsv' for command environment
[0.452s] INFO:colcon.colcon_ros.task.ament_cmake.build:Building ROS package in '/home/zaynap/project_ws/src/model_description' with build type 'ament_cmake'
[0.452s] INFO:colcon.colcon_cmake.task.cmake.build:Building CMake package in '/home/zaynap/project_ws/src/model_description'
[0.452s] INFO:colcon.colcon_core.shell:Skip shell extension 'powershell' for command environment: Not usable outside of PowerShell
[0.452s] DEBUG:colcon.colcon_core.shell:Skip shell extension 'dsv' for command environment
[0.457s] INFO:colcon.colcon_ros.task.ament_python.build:Building ROS package in '/home/zaynap/project_ws/src/robot_bringup' with build type 'ament_python'
[0.458s] Level 1:colcon.colcon_core.shell:create_environment_hook('robot_bringup', 'ament_prefix_path')
[0.458s] INFO:colcon.colcon_core.shell:Creating environment hook '/home/zaynap/project_ws/install/robot_bringup/share/robot_bringup/hook/ament_prefix_path.ps1'
[0.459s] INFO:colcon.colcon_core.shell:Creating environment descriptor '/home/zaynap/project_ws/install/robot_bringup/share/robot_bringup/hook/ament_prefix_path.dsv'
[0.459s] INFO:colcon.colcon_core.shell:Creating environment hook '/home/zaynap/project_ws/install/robot_bringup/share/robot_bringup/hook/ament_prefix_path.sh'
[0.460s] INFO:colcon.colcon_core.shell:Skip shell extension 'powershell' for command environment: Not usable outside of PowerShell
[0.460s] DEBUG:colcon.colcon_core.shell:Skip shell extension 'dsv' for command environment
[0.768s] INFO:colcon.colcon_core.task.python.build:Building Python package in '/home/zaynap/project_ws/src/gap_follower'
[0.769s] INFO:colcon.colcon_core.shell:Skip shell extension 'powershell' for command environment: Not usable outside of PowerShell
[0.769s] DEBUG:colcon.colcon_core.shell:Skip shell extension 'dsv' for command environment
[0.781s] DEBUG:colcon.colcon_core.event_handler.log_command:Invoking command in '/home/zaynap/project_ws/build/model_description': CMAKE_PREFIX_PATH=${CMAKE_PREFIX_PATH}:/home/zaynap/project_ws/install/gap_follower:/home/zaynap/project_ws/install/turtlebot3_teleop:/home/zaynap/project_ws/install/turtlebot3_example:/home/zaynap/project_ws/install/robot_bringup:/opt/ros/humble /usr/bin/cmake --build /home/zaynap/project_ws/build/model_description -- -j8 -l8
[1.094s] INFO:colcon.colcon_core.task.python.build:Building Python package in '/home/zaynap/project_ws/src/robot_bringup'
[1.094s] INFO:colcon.colcon_core.shell:Skip shell extension 'powershell' for command environment: Not usable outside of PowerShell
[1.094s] DEBUG:colcon.colcon_core.shell:Skip shell extension 'dsv' for command environment
[1.104s] DEBUG:colcon.colcon_core.event_handler.log_command:Invoked command in '/home/zaynap/project_ws/build/model_description' returned '0': CMAKE_PREFIX_PATH=${CMAKE_PREFIX_PATH}:/home/zaynap/project_ws/install/gap_follower:/home/zaynap/project_ws/install/turtlebot3_teleop:/home/zaynap/project_ws/install/turtlebot3_example:/home/zaynap/project_ws/install/robot_bringup:/opt/ros/humble /usr/bin/cmake --build /home/zaynap/project_ws/build/model_description -- -j8 -l8
[1.116s] DEBUG:colcon.colcon_core.event_handler.log_command:Invoking command in '/home/zaynap/project_ws/build/model_description': CMAKE_PREFIX_PATH=${CMAKE_PREFIX_PATH}:/home/zaynap/project_ws/install/gap_follower:/home/zaynap/project_ws/install/turtlebot3_teleop:/home/zaynap/project_ws/install/turtlebot3_example:/home/zaynap/project_ws/install/robot_bringup:/opt/ros/humble /usr/bin/cmake --install /home/zaynap/project_ws/build/model_description
[1.131s] Level 1:colcon.colcon_core.environment:create_environment_scripts_only(model_description)
[1.132s] DEBUG:colcon.colcon_core.event_handler.log_command:Invoked command in '/home/zaynap/project_ws/build/model_description' returned '0': CMAKE_PREFIX_PATH=${CMAKE_PREFIX_PATH}:/home/zaynap/project_ws/install/gap_follower:/home/zaynap/project_ws/install/turtlebot3_teleop:/home/zaynap/project_ws/install/turtlebot3_example:/home/zaynap/project_ws/install/robot_bringup:/opt/ros/humble /usr/bin/cmake --install /home/zaynap/project_ws/build/model_description
[1.136s] Level 1:colcon.colcon_core.environment:checking '/home/zaynap/project_ws/install/model_description' for CMake module files
[1.137s] Level 1:colcon.colcon_core.environment:checking '/home/zaynap/project_ws/install/model_description' for CMake config files
[1.138s] Level 1:colcon.colcon_core.shell:create_environment_hook('model_description', 'cmake_prefix_path')
[1.138s] INFO:colcon.colcon_core.shell:Creating environment hook '/home/zaynap/project_ws/install/model_description/share/model_description/hook/cmake_prefix_path.ps1'
[1.139s] INFO:colcon.colcon_core.shell:Creating environment descriptor '/home/zaynap/project_ws/install/model_description/share/model_description/hook/cmake_prefix_path.dsv'
[1.139s] INFO:colcon.colcon_core.shell:Creating environment hook '/home/zaynap/project_ws/install/model_description/share/model_description/hook/cmake_prefix_path.sh'
[1.140s] Level 1:colcon.colcon_core.environment:checking '/home/zaynap/project_ws/install/model_description/bin'
[1.141s] Level 1:colcon.colcon_core.environment:checking '/home/zaynap/project_ws/install/model_description/lib/pkgconfig/model_description.pc'
[1.141s] Level 1:colcon.colcon_core.environment:checking '/home/zaynap/project_ws/install/model_description/lib/python3.10/site-packages'
[1.141s] Level 1:colcon.colcon_core.environment:checking '/home/zaynap/project_ws/install/model_description/bin'
[1.142s] INFO:colcon.colcon_core.shell:Creating package script '/home/zaynap/project_ws/install/model_description/share/model_description/package.ps1'
[1.144s] INFO:colcon.colcon_core.shell:Creating package descriptor '/home/zaynap/project_ws/install/model_description/share/model_description/package.dsv'
[1.145s] INFO:colcon.colcon_core.shell:Creating package script '/home/zaynap/project_ws/install/model_description/share/model_description/package.sh'
[1.147s] INFO:colcon.colcon_core.shell:Creating package script '/home/zaynap/project_ws/install/model_description/share/model_description/package.bash'
[1.148s] INFO:colcon.colcon_core.shell:Creating package script '/home/zaynap/project_ws/install/model_description/share/model_description/package.zsh'
[1.149s] Level 1:colcon.colcon_core.environment:create_file_with_runtime_dependencies(/home/zaynap/project_ws/install/model_description/share/colcon-core/packages/model_description)
[1.150s] Level 1:colcon.colcon_core.environment:create_environment_scripts_only(model_description)
[1.151s] Level 1:colcon.colcon_core.environment:checking '/home/zaynap/project_ws/install/model_description' for CMake module files
[1.152s] Level 1:colcon.colcon_core.environment:checking '/home/zaynap/project_ws/install/model_description' for CMake config files
[1.152s] Level 1:colcon.colcon_core.shell:create_environment_hook('model_description', 'cmake_prefix_path')
[1.153s] INFO:colcon.colcon_core.shell:Creating environment hook '/home/zaynap/project_ws/install/model_description/share/model_description/hook/cmake_prefix_path.ps1'
[1.153s] INFO:colcon.colcon_core.shell:Creating environment descriptor '/home/zaynap/project_ws/install/model_description/share/model_description/hook/cmake_prefix_path.dsv'
[1.154s] INFO:colcon.colcon_core.shell:Creating environment hook '/home/zaynap/project_ws/install/model_description/share/model_description/hook/cmake_prefix_path.sh'
[1.155s] Level 1:colcon.colcon_core.environment:checking '/home/zaynap/project_ws/install/model_description/bin'
[1.155s] Level 1:colcon.colcon_core.environment:checking '/home/zaynap/project_ws/install/model_description/lib/pkgconfig/model_description.pc'
[1.156s] Level 1:colcon.colcon_core.environment:checking '/home/zaynap/project_ws/install/model_description/lib/python3.10/site-packages'
[1.156s] Level 1:colcon.colcon_core.environment:checking '/home/zaynap/project_ws/install/model_description/bin'
[1.157s] INFO:colcon.colcon_core.shell:Creating package script '/home/zaynap/project_ws/install/model_description/share/model_description/package.ps1'
[1.157s] INFO:colcon.colcon_core.shell:Creating package descriptor '/home/zaynap/project_ws/install/model_description/share/model_description/package.dsv'
[1.158s] INFO:colcon.colcon_core.shell:Creating package script '/home/zaynap/project_ws/install/model_description/share/model_description/package.sh'
[1.159s] INFO:colcon.colcon_core.shell:Creating package script '/home/zaynap/project_ws/install/model_description/share/model_description/package.bash'
[1.160s] INFO:colcon.colcon_core.shell:Creating package script '/home/zaynap/project_ws/install/model_description/share/model_description/package.zsh'
[1.160s] Level 1:colcon.colcon_core.environment:create_file_with_runtime_dependencies(/home/zaynap/project_ws/install/model_description/share/colcon-core/packages/model_description)
[2.047s] DEBUG:colcon.colcon_core.event_handler.log_command:Invoking command in '/home/zaynap/project_ws/src/robot_bringup': PYTHONPATH=/home/zaynap/project_ws/build/robot_bringup/prefix_override:/usr/lib/python3/dist-packages/colcon_core/task/python/colcon_distutils_commands:/home/zaynap/project_ws/install/robot_bringup/lib/python3.10/site-packages:${PYTHONPATH} /usr/bin/python3 -W ignore:setup.py install is deprecated -W ignore:easy_install command is deprecated setup.py egg_info --egg-base ../../build/robot_bringup build --build-base /home/zaynap/project_ws/build/robot_bringup/build install --record /home/zaynap/project_ws/build/robot_bringup/install.log --single-version-externally-managed install_data
[2.050s] DEBUG:colcon.colcon_core.event_handler.log_command:Invoking command in '/home/zaynap/project_ws/src/gap_follower': PYTHONPATH=/home/zaynap/project_ws/build/gap_follower/prefix_override:/usr/lib/python3/dist-packages/colcon_core/task/python/colcon_distutils_commands:/home/zaynap/project_ws/install/gap_follower/lib/python3.10/site-packages:${PYTHONPATH} /usr/bin/python3 -W ignore:setup.py install is deprecated -W ignore:easy_install command is deprecated setup.py egg_info --egg-base ../../build/gap_follower build --build-base /home/zaynap/project_ws/build/gap_follower/build install --record /home/zaynap/project_ws/build/gap_follower/install.log --single-version-externally-managed install_data
[2.829s] Level 1:colcon.colcon_core.environment:checking '/home/zaynap/project_ws/install/robot_bringup' for CMake module files
[2.830s] DEBUG:colcon.colcon_core.event_handler.log_command:Invoked command in '/home/zaynap/project_ws/src/robot_bringup' returned '0': PYTHONPATH=/home/zaynap/project_ws/build/robot_bringup/prefix_override:/usr/lib/python3/dist-packages/colcon_core/task/python/colcon_distutils_commands:/home/zaynap/project_ws/install/robot_bringup/lib/python3.10/site-packages:${PYTHONPATH} /usr/bin/python3 -W ignore:setup.py install is deprecated -W ignore:easy_install command is deprecated setup.py egg_info --egg-base ../../build/robot_bringup build --build-base /home/zaynap/project_ws/build/robot_bringup/build install --record /home/zaynap/project_ws/build/robot_bringup/install.log --single-version-externally-managed install_data
[2.831s] Level 1:colcon.colcon_core.environment:checking '/home/zaynap/project_ws/install/robot_bringup' for CMake config files
[2.831s] Level 1:colcon.colcon_core.environment:checking '/home/zaynap/project_ws/install/robot_bringup/lib'
[2.832s] Level 1:colcon.colcon_core.environment:checking '/home/zaynap/project_ws/install/robot_bringup/bin'
[2.832s] Level 1:colcon.colcon_core.environment:checking '/home/zaynap/project_ws/install/robot_bringup/lib/pkgconfig/robot_bringup.pc'
[2.832s] Level 1:colcon.colcon_core.environment:checking '/home/zaynap/project_ws/install/robot_bringup/lib/python3.10/site-packages'
[2.832s] Level 1:colcon.colcon_core.shell:create_environment_hook('robot_bringup', 'pythonpath')
[2.833s] INFO:colcon.colcon_core.shell:Creating environment hook '/home/zaynap/project_ws/install/robot_bringup/share/robot_bringup/hook/pythonpath.ps1'
[2.833s] INFO:colcon.colcon_core.shell:Creating environment descriptor '/home/zaynap/project_ws/install/robot_bringup/share/robot_bringup/hook/pythonpath.dsv'
[2.834s] INFO:colcon.colcon_core.shell:Creating environment hook '/home/zaynap/project_ws/install/robot_bringup/share/robot_bringup/hook/pythonpath.sh'
[2.835s] Level 1:colcon.colcon_core.environment:checking '/home/zaynap/project_ws/install/robot_bringup/bin'
[2.835s] Level 1:colcon.colcon_core.environment:create_environment_scripts_only(robot_bringup)
[2.835s] INFO:colcon.colcon_core.shell:Creating package script '/home/zaynap/project_ws/install/robot_bringup/share/robot_bringup/package.ps1'
[2.836s] INFO:colcon.colcon_core.shell:Creating package descriptor '/home/zaynap/project_ws/install/robot_bringup/share/robot_bringup/package.dsv'
[2.837s] INFO:colcon.colcon_core.shell:Creating package script '/home/zaynap/project_ws/install/robot_bringup/share/robot_bringup/package.sh'
[2.838s] INFO:colcon.colcon_core.shell:Creating package script '/home/zaynap/project_ws/install/robot_bringup/share/robot_bringup/package.bash'
[2.838s] INFO:colcon.colcon_core.shell:Creating package script '/home/zaynap/project_ws/install/robot_bringup/share/robot_bringup/package.zsh'
[2.839s] Level 1:colcon.colcon_core.environment:create_file_with_runtime_dependencies(/home/zaynap/project_ws/install/robot_bringup/share/colcon-core/packages/robot_bringup)
[2.845s] Level 1:colcon.colcon_core.environment:checking '/home/zaynap/project_ws/install/gap_follower' for CMake module files
[2.846s] DEBUG:colcon.colcon_core.event_handler.log_command:Invoked command in '/home/zaynap/project_ws/src/gap_follower' returned '0': PYTHONPATH=/home/zaynap/project_ws/build/gap_follower/prefix_override:/usr/lib/python3/dist-packages/colcon_core/task/python/colcon_distutils_commands:/home/zaynap/project_ws/install/gap_follower/lib/python3.10/site-packages:${PYTHONPATH} /usr/bin/python3 -W ignore:setup.py install is deprecated -W ignore:easy_install command is deprecated setup.py egg_info --egg-base ../../build/gap_follower build --build-base /home/zaynap/project_ws/build/gap_follower/build install --record /home/zaynap/project_ws/build/gap_follower/install.log --single-version-externally-managed install_data
[2.846s] Level 1:colcon.colcon_core.environment:checking '/home/zaynap/project_ws/install/gap_follower' for CMake config files
[2.847s] Level 1:colcon.colcon_core.environment:checking '/home/zaynap/project_ws/install/gap_follower/lib'
[2.847s] Level 1:colcon.colcon_core.environment:checking '/home/zaynap/project_ws/install/gap_follower/bin'
[2.847s] Level 1:colcon.colcon_core.environment:checking '/home/zaynap/project_ws/install/gap_follower/lib/pkgconfig/gap_follower.pc'
[2.847s] Level 1:colcon.colcon_core.environment:checking '/home/zaynap/project_ws/install/gap_follower/lib/python3.10/site-packages'
[2.847s] Level 1:colcon.colcon_core.shell:create_environment_hook('gap_follower', 'pythonpath')
[2.848s] INFO:colcon.colcon_core.shell:Creating environment hook '/home/zaynap/project_ws/install/gap_follower/share/gap_follower/hook/pythonpath.ps1'
[2.848s] INFO:colcon.colcon_core.shell:Creating environment descriptor '/home/zaynap/project_ws/install/gap_follower/share/gap_follower/hook/pythonpath.dsv'
[2.849s] INFO:colcon.colcon_core.shell:Creating environment hook '/home/zaynap/project_ws/install/gap_follower/share/gap_follower/hook/pythonpath.sh'
[2.850s] Level 1:colcon.colcon_core.environment:checking '/home/zaynap/project_ws/install/gap_follower/bin'
[2.850s] Level 1:colcon.colcon_core.environment:create_environment_scripts_only(gap_follower)
[2.850s] INFO:colcon.colcon_core.shell:Creating package script '/home/zaynap/project_ws/install/gap_follower/share/gap_follower/package.ps1'
[2.851s] INFO:colcon.colcon_core.shell:Creating package descriptor '/home/zaynap/project_ws/install/gap_follower/share/gap_follower/package.dsv'
[2.852s] INFO:colcon.colcon_core.shell:Creating package script '/home/zaynap/project_ws/install/gap_follower/share/gap_follower/package.sh'
[2.853s] INFO:colcon.colcon_core.shell:Creating package script '/home/zaynap/project_ws/install/gap_follower/share/gap_follower/package.bash'
[2.853s] INFO:colcon.colcon_core.shell:Creating package script '/home/zaynap/project_ws/install/gap_follower/share/gap_follower/package.zsh'
[2.854s] Level 1:colcon.colcon_core.environment:create_file_with_runtime_dependencies(/home/zaynap/project_ws/install/gap_follower/share/colcon-core/packages/gap_follower)
[2.854s] DEBUG:colcon.colcon_parallel_executor.executor.parallel:closing loop
[2.855s] DEBUG:colcon.colcon_parallel_executor.executor.parallel:loop closed
[2.855s] DEBUG:colcon.colcon_parallel_executor.executor.parallel:run_until_complete finished with '0'
[2.855s] DEBUG:colcon.colcon_core.event_reactor:joining thread
[2.862s] INFO:colcon.colcon_core.plugin_system:Skipping extension 'colcon_notification.desktop_notification.terminal_notifier': Not used on non-Darwin systems
[2.862s] INFO:colcon.colcon_core.plugin_system:Skipping extension 'colcon_notification.desktop_notification.win32': Not used on non-Windows systems
[2.862s] INFO:colcon.colcon_notification.desktop_notification:Sending desktop notification using 'notify2'
[2.878s] DEBUG:colcon.colcon_core.event_reactor:joined thread
[2.878s] INFO:colcon.colcon_core.shell:Creating prefix script '/home/zaynap/project_ws/install/local_setup.ps1'
[2.880s] INFO:colcon.colcon_core.shell:Creating prefix util module '/home/zaynap/project_ws/install/_local_setup_util_ps1.py'
[2.884s] INFO:colcon.colcon_core.shell:Creating prefix chain script '/home/zaynap/project_ws/install/setup.ps1'
[2.887s] INFO:colcon.colcon_core.shell:Creating prefix script '/home/zaynap/project_ws/install/local_setup.sh'
[2.888s] INFO:colcon.colcon_core.shell:Creating prefix util module '/home/zaynap/project_ws/install/_local_setup_util_sh.py'
[2.889s] INFO:colcon.colcon_core.shell:Creating prefix chain script '/home/zaynap/project_ws/install/setup.sh'
[2.893s] INFO:colcon.colcon_core.shell:Creating prefix script '/home/zaynap/project_ws/install/local_setup.bash'
[2.894s] INFO:colcon.colcon_core.shell:Creating prefix chain script '/home/zaynap/project_ws/install/setup.bash'
[2.897s] INFO:colcon.colcon_core.shell:Creating prefix script '/home/zaynap/project_ws/install/local_setup.zsh'
[2.898s] INFO:colcon.colcon_core.shell:Creating prefix chain script '/home/zaynap/project_ws/install/setup.zsh'
