[1.826s] Invoking command in '/home/zaynap/project_ws/src/robot_bringup': PYTHONPATH=/home/zaynap/project_ws/build/robot_bringup/prefix_override:/usr/lib/python3/dist-packages/colcon_core/task/python/colcon_distutils_commands:/home/zaynap/project_ws/install/robot_bringup/lib/python3.10/site-packages:${PYTHONPATH} /usr/bin/python3 -W ignore:setup.py install is deprecated -W ignore:easy_install command is deprecated setup.py egg_info --egg-base ../../build/robot_bringup build --build-base /home/zaynap/project_ws/build/robot_bringup/build install --record /home/zaynap/project_ws/build/robot_bringup/install.log --single-version-externally-managed install_data
[2.093s] /home/zaynap/.local/lib/python3.10/site-packages/setuptools/_distutils/dist.py:270: UserWarning: Unknown distribution option: 'tests_require'
[2.093s]   warnings.warn(msg)
[2.294s] running egg_info
[2.324s] writing ../../build/robot_bringup/robot_bringup.egg-info/PKG-INFO
[2.325s] writing dependency_links to ../../build/robot_bringup/robot_bringup.egg-info/dependency_links.txt
[2.325s] writing requirements to ../../build/robot_bringup/robot_bringup.egg-info/requires.txt
[2.326s] writing top-level names to ../../build/robot_bringup/robot_bringup.egg-info/top_level.txt
[2.396s] reading manifest file '../../build/robot_bringup/robot_bringup.egg-info/SOURCES.txt'
[2.398s] writing manifest file '../../build/robot_bringup/robot_bringup.egg-info/SOURCES.txt'
[2.398s] running build
[2.398s] running build_py
[2.399s] copying robot_bringup/__init__.py -> /home/zaynap/project_ws/build/robot_bringup/build/lib/robot_bringup
[2.400s] running install
[2.408s] running install_lib
[2.444s] running install_data
[2.445s] copying resource/robot_bringup -> /home/zaynap/project_ws/install/robot_bringup/share/ament_index/resource_index/packages
[2.445s] copying package.xml -> /home/zaynap/project_ws/install/robot_bringup/share/robot_bringup
[2.445s] copying launch/bringup_robot_wallfollower.launch.py -> /home/zaynap/project_ws/install/robot_bringup/share/robot_bringup/launch
[2.446s] copying launch/bringup_robot.launch.py -> /home/zaynap/project_ws/install/robot_bringup/share/robot_bringup/launch
[2.446s] copying launch/bringup_robot_optimized.launch.py -> /home/zaynap/project_ws/install/robot_bringup/share/robot_bringup/launch
[2.446s] running install_egg_info
[2.482s] removing '/home/zaynap/project_ws/install/robot_bringup/lib/python3.10/site-packages/robot_bringup-0.0.0-py3.10.egg-info' (and everything under it)
[2.482s] Copying ../../build/robot_bringup/robot_bringup.egg-info to /home/zaynap/project_ws/install/robot_bringup/lib/python3.10/site-packages/robot_bringup-0.0.0-py3.10.egg-info
[2.483s] running install_scripts
[2.737s] writing list of installed files to '/home/zaynap/project_ws/build/robot_bringup/install.log'
[2.806s] Invoked command in '/home/zaynap/project_ws/src/robot_bringup' returned '0': PYTHONPATH=/home/zaynap/project_ws/build/robot_bringup/prefix_override:/usr/lib/python3/dist-packages/colcon_core/task/python/colcon_distutils_commands:/home/zaynap/project_ws/install/robot_bringup/lib/python3.10/site-packages:${PYTHONPATH} /usr/bin/python3 -W ignore:setup.py install is deprecated -W ignore:easy_install command is deprecated setup.py egg_info --egg-base ../../build/robot_bringup build --build-base /home/zaynap/project_ws/build/robot_bringup/build install --record /home/zaynap/project_ws/build/robot_bringup/install.log --single-version-externally-managed install_data
