[0.363s] Invoking command in '/home/zaynap/project_ws/build/turtlebot3_fake_node': AMENT_PREFIX_PATH=/home/zaynap/project_ws/install/turtlebot3_msgs:${AMENT_PREFIX_PATH} CMAKE_PREFIX_PATH=/home/zaynap/project_ws/install/turtlebot3_msgs:/home/zaynap/project_ws/install/model_description:/home/zaynap/project_ws/install/robot_bringup:/opt/ros/humble LD_LIBRARY_PATH=/home/zaynap/project_ws/install/turtlebot3_msgs/lib:${LD_LIBRARY_PATH} PYTHONPATH=/home/zaynap/project_ws/install/turtlebot3_msgs/local/lib/python3.10/dist-packages:${PYTHONPATH} /usr/bin/cmake /home/zaynap/project_ws/src/turtlebot3_simulations/turtlebot3_fake_node -DCMAKE_INSTALL_PREFIX=/home/zaynap/project_ws/install/turtlebot3_fake_node
[0.439s] -- The C compiler identification is GNU 11.4.0
[0.513s] -- The CXX compiler identification is GNU 11.4.0
[0.522s] -- Detecting C compiler ABI info
[0.609s] -- Detecting C compiler ABI info - done
[0.624s] -- Check for working C compiler: /usr/bin/cc - skipped
[0.624s] -- Detecting C compile features
[0.625s] -- Detecting C compile features - done
[0.631s] -- Detecting CXX compiler ABI info
[0.745s] -- Detecting CXX compiler ABI info - done
[0.758s] -- Check for working CXX compiler: /usr/bin/c++ - skipped
[0.758s] -- Detecting CXX compile features
[0.759s] -- Detecting CXX compile features - done
[0.763s] -- Found ament_cmake: 1.3.11 (/opt/ros/humble/share/ament_cmake/cmake)
[1.311s] -- Found Python3: /usr/bin/python3 (found version "3.10.12") found components: Interpreter 
[1.459s] -- Found geometry_msgs: 4.2.4 (/opt/ros/humble/share/geometry_msgs/cmake)
[1.495s] -- Found rosidl_generator_c: 3.1.6 (/opt/ros/humble/share/rosidl_generator_c/cmake)
[1.501s] -- Found rosidl_adapter: 3.1.6 (/opt/ros/humble/share/rosidl_adapter/cmake)
[1.510s] -- Found rosidl_generator_cpp: 3.1.6 (/opt/ros/humble/share/rosidl_generator_cpp/cmake)
[1.524s] -- Using all available rosidl_typesupport_c: rosidl_typesupport_fastrtps_c;rosidl_typesupport_introspection_c
[1.541s] -- Using all available rosidl_typesupport_cpp: rosidl_typesupport_fastrtps_cpp;rosidl_typesupport_introspection_cpp
[1.584s] -- Found nav_msgs: 4.2.4 (/opt/ros/humble/share/nav_msgs/cmake)
[1.614s] -- Found rclcpp: 16.0.11 (/opt/ros/humble/share/rclcpp/cmake)
[1.670s] -- Found rmw_implementation_cmake: 6.1.2 (/opt/ros/humble/share/rmw_implementation_cmake/cmake)
[1.675s] -- Found rmw_fastrtps_cpp: 6.2.7 (/opt/ros/humble/share/rmw_fastrtps_cpp/cmake)
[1.807s] -- Found OpenSSL: /usr/lib/x86_64-linux-gnu/libcrypto.so (found version "3.0.2")  
[1.868s] -- Found FastRTPS: /opt/ros/humble/include  
[1.941s] -- Using RMW implementation 'rmw_fastrtps_cpp' as default
[1.957s] -- Looking for pthread.h
[2.069s] -- Looking for pthread.h - found
[2.070s] -- Performing Test CMAKE_HAVE_LIBC_PTHREAD
[2.190s] -- Performing Test CMAKE_HAVE_LIBC_PTHREAD - Success
[2.190s] -- Found Threads: TRUE  
[2.275s] -- Found sensor_msgs: 4.2.4 (/opt/ros/humble/share/sensor_msgs/cmake)
[2.312s] -- Found tf2: 0.25.12 (/opt/ros/humble/share/tf2/cmake)
[2.378s] -- Found tf2_msgs: 0.25.12 (/opt/ros/humble/share/tf2_msgs/cmake)
[2.576s] -- Found turtlebot3_msgs: 2.2.3 (/home/zaynap/project_ws/install/turtlebot3_msgs/share/turtlebot3_msgs/cmake)
[2.711s] -- Configuring done
[2.731s] -- Generating done
[2.736s] -- Build files have been written to: /home/zaynap/project_ws/build/turtlebot3_fake_node
[2.747s] Invoked command in '/home/zaynap/project_ws/build/turtlebot3_fake_node' returned '0': AMENT_PREFIX_PATH=/home/zaynap/project_ws/install/turtlebot3_msgs:${AMENT_PREFIX_PATH} CMAKE_PREFIX_PATH=/home/zaynap/project_ws/install/turtlebot3_msgs:/home/zaynap/project_ws/install/model_description:/home/zaynap/project_ws/install/robot_bringup:/opt/ros/humble LD_LIBRARY_PATH=/home/zaynap/project_ws/install/turtlebot3_msgs/lib:${LD_LIBRARY_PATH} PYTHONPATH=/home/zaynap/project_ws/install/turtlebot3_msgs/local/lib/python3.10/dist-packages:${PYTHONPATH} /usr/bin/cmake /home/zaynap/project_ws/src/turtlebot3_simulations/turtlebot3_fake_node -DCMAKE_INSTALL_PREFIX=/home/zaynap/project_ws/install/turtlebot3_fake_node
[2.749s] Invoking command in '/home/zaynap/project_ws/build/turtlebot3_fake_node': AMENT_PREFIX_PATH=/home/zaynap/project_ws/install/turtlebot3_msgs:${AMENT_PREFIX_PATH} CMAKE_PREFIX_PATH=/home/zaynap/project_ws/install/turtlebot3_msgs:/home/zaynap/project_ws/install/model_description:/home/zaynap/project_ws/install/robot_bringup:/opt/ros/humble LD_LIBRARY_PATH=/home/zaynap/project_ws/install/turtlebot3_msgs/lib:${LD_LIBRARY_PATH} PYTHONPATH=/home/zaynap/project_ws/install/turtlebot3_msgs/local/lib/python3.10/dist-packages:${PYTHONPATH} /usr/bin/cmake --build /home/zaynap/project_ws/build/turtlebot3_fake_node -- -j8 -l8
[2.802s] [ 50%] [32mBuilding CXX object CMakeFiles/turtlebot3_fake_node.dir/src/turtlebot3_fake_node.cpp.o[0m
[26.742s] [100%] [32m[1mLinking CXX executable turtlebot3_fake_node[0m
[27.759s] [100%] Built target turtlebot3_fake_node
[27.772s] Invoked command in '/home/zaynap/project_ws/build/turtlebot3_fake_node' returned '0': AMENT_PREFIX_PATH=/home/zaynap/project_ws/install/turtlebot3_msgs:${AMENT_PREFIX_PATH} CMAKE_PREFIX_PATH=/home/zaynap/project_ws/install/turtlebot3_msgs:/home/zaynap/project_ws/install/model_description:/home/zaynap/project_ws/install/robot_bringup:/opt/ros/humble LD_LIBRARY_PATH=/home/zaynap/project_ws/install/turtlebot3_msgs/lib:${LD_LIBRARY_PATH} PYTHONPATH=/home/zaynap/project_ws/install/turtlebot3_msgs/local/lib/python3.10/dist-packages:${PYTHONPATH} /usr/bin/cmake --build /home/zaynap/project_ws/build/turtlebot3_fake_node -- -j8 -l8
[27.775s] Invoking command in '/home/zaynap/project_ws/build/turtlebot3_fake_node': AMENT_PREFIX_PATH=/home/zaynap/project_ws/install/turtlebot3_msgs:${AMENT_PREFIX_PATH} CMAKE_PREFIX_PATH=/home/zaynap/project_ws/install/turtlebot3_msgs:/home/zaynap/project_ws/install/model_description:/home/zaynap/project_ws/install/robot_bringup:/opt/ros/humble LD_LIBRARY_PATH=/home/zaynap/project_ws/install/turtlebot3_msgs/lib:${LD_LIBRARY_PATH} PYTHONPATH=/home/zaynap/project_ws/install/turtlebot3_msgs/local/lib/python3.10/dist-packages:${PYTHONPATH} /usr/bin/cmake --install /home/zaynap/project_ws/build/turtlebot3_fake_node
[27.785s] -- Install configuration: ""
[27.788s] -- Installing: /home/zaynap/project_ws/install/turtlebot3_fake_node/lib/turtlebot3_fake_node/turtlebot3_fake_node
[27.790s] -- Set runtime path of "/home/zaynap/project_ws/install/turtlebot3_fake_node/lib/turtlebot3_fake_node/turtlebot3_fake_node" to ""
[27.790s] -- Installing: /home/zaynap/project_ws/install/turtlebot3_fake_node/share/turtlebot3_fake_node/launch
[27.792s] -- Installing: /home/zaynap/project_ws/install/turtlebot3_fake_node/share/turtlebot3_fake_node/launch/turtlebot3_fake_node.launch.py
[27.792s] -- Installing: /home/zaynap/project_ws/install/turtlebot3_fake_node/share/turtlebot3_fake_node/launch/rviz2.launch.py
[27.792s] -- Installing: /home/zaynap/project_ws/install/turtlebot3_fake_node/share/turtlebot3_fake_node/param
[27.792s] -- Installing: /home/zaynap/project_ws/install/turtlebot3_fake_node/share/turtlebot3_fake_node/param/waffle.yaml
[27.792s] -- Installing: /home/zaynap/project_ws/install/turtlebot3_fake_node/share/turtlebot3_fake_node/param/burger.yaml
[27.792s] -- Installing: /home/zaynap/project_ws/install/turtlebot3_fake_node/share/turtlebot3_fake_node/param/waffle_pi.yaml
[27.792s] -- Installing: /home/zaynap/project_ws/install/turtlebot3_fake_node/include/
[27.793s] -- Installing: /home/zaynap/project_ws/install/turtlebot3_fake_node/include//turtlebot3_fake_node
[27.793s] -- Installing: /home/zaynap/project_ws/install/turtlebot3_fake_node/include//turtlebot3_fake_node/turtlebot3_fake_node.hpp
[27.793s] -- Installing: /home/zaynap/project_ws/install/turtlebot3_fake_node/share/ament_index/resource_index/package_run_dependencies/turtlebot3_fake_node
[27.793s] -- Installing: /home/zaynap/project_ws/install/turtlebot3_fake_node/share/ament_index/resource_index/parent_prefix_path/turtlebot3_fake_node
[27.795s] -- Installing: /home/zaynap/project_ws/install/turtlebot3_fake_node/share/turtlebot3_fake_node/environment/ament_prefix_path.sh
[27.795s] -- Installing: /home/zaynap/project_ws/install/turtlebot3_fake_node/share/turtlebot3_fake_node/environment/ament_prefix_path.dsv
[27.796s] -- Installing: /home/zaynap/project_ws/install/turtlebot3_fake_node/share/turtlebot3_fake_node/environment/path.sh
[27.796s] -- Installing: /home/zaynap/project_ws/install/turtlebot3_fake_node/share/turtlebot3_fake_node/environment/path.dsv
[27.796s] -- Installing: /home/zaynap/project_ws/install/turtlebot3_fake_node/share/turtlebot3_fake_node/local_setup.bash
[27.796s] -- Installing: /home/zaynap/project_ws/install/turtlebot3_fake_node/share/turtlebot3_fake_node/local_setup.sh
[27.796s] -- Installing: /home/zaynap/project_ws/install/turtlebot3_fake_node/share/turtlebot3_fake_node/local_setup.zsh
[27.796s] -- Installing: /home/zaynap/project_ws/install/turtlebot3_fake_node/share/turtlebot3_fake_node/local_setup.dsv
[27.796s] -- Installing: /home/zaynap/project_ws/install/turtlebot3_fake_node/share/turtlebot3_fake_node/package.dsv
[27.796s] -- Installing: /home/zaynap/project_ws/install/turtlebot3_fake_node/share/ament_index/resource_index/packages/turtlebot3_fake_node
[27.796s] -- Installing: /home/zaynap/project_ws/install/turtlebot3_fake_node/share/turtlebot3_fake_node/cmake/ament_cmake_export_include_directories-extras.cmake
[27.796s] -- Installing: /home/zaynap/project_ws/install/turtlebot3_fake_node/share/turtlebot3_fake_node/cmake/ament_cmake_export_dependencies-extras.cmake
[27.797s] -- Installing: /home/zaynap/project_ws/install/turtlebot3_fake_node/share/turtlebot3_fake_node/cmake/turtlebot3_fake_nodeConfig.cmake
[27.797s] -- Installing: /home/zaynap/project_ws/install/turtlebot3_fake_node/share/turtlebot3_fake_node/cmake/turtlebot3_fake_nodeConfig-version.cmake
[27.797s] -- Installing: /home/zaynap/project_ws/install/turtlebot3_fake_node/share/turtlebot3_fake_node/package.xml
[27.803s] Invoked command in '/home/zaynap/project_ws/build/turtlebot3_fake_node' returned '0': AMENT_PREFIX_PATH=/home/zaynap/project_ws/install/turtlebot3_msgs:${AMENT_PREFIX_PATH} CMAKE_PREFIX_PATH=/home/zaynap/project_ws/install/turtlebot3_msgs:/home/zaynap/project_ws/install/model_description:/home/zaynap/project_ws/install/robot_bringup:/opt/ros/humble LD_LIBRARY_PATH=/home/zaynap/project_ws/install/turtlebot3_msgs/lib:${LD_LIBRARY_PATH} PYTHONPATH=/home/zaynap/project_ws/install/turtlebot3_msgs/local/lib/python3.10/dist-packages:${PYTHONPATH} /usr/bin/cmake --install /home/zaynap/project_ws/build/turtlebot3_fake_node
