[0.036s] Invoking command in '/home/zaynap/project_ws/build/dynamixel_sdk': CMAKE_PREFIX_PATH=${CMAKE_PREFIX_PATH}:/home/zaynap/project_ws/install/robot_bringup:/opt/ros/humble /usr/bin/cmake /home/zaynap/project_ws/src/DynamixelSDK/dynamixel_sdk -DCMAKE_INSTALL_PREFIX=/home/zaynap/project_ws/install/dynamixel_sdk
[0.508s] -- The C compiler identification is GNU 11.4.0
[0.508s] -- The CXX compiler identification is GNU 11.4.0
[0.508s] -- Detecting C compiler ABI info
[0.508s] -- Detecting C compiler ABI info - done
[0.508s] -- Check for working C compiler: /usr/bin/cc - skipped
[0.508s] -- Detecting C compile features
[0.508s] -- Detecting C compile features - done
[0.508s] -- Detecting CXX compiler ABI info
[0.537s] -- Detecting CXX compiler ABI info - done
[0.551s] -- Check for working CXX compiler: /usr/bin/c++ - skipped
[0.551s] -- Detecting CXX compile features
[0.555s] -- Detecting CXX compile features - done
[0.560s] -- Found ament_cmake: 1.3.11 (/opt/ros/humble/share/ament_cmake/cmake)
[1.307s] -- Found Python3: /usr/bin/python3 (found version "3.10.12") found components: Interpreter 
[1.651s] -- Configuring done
[1.705s] -- Generating done
[1.717s] -- Build files have been written to: /home/zaynap/project_ws/build/dynamixel_sdk
[1.964s] Invoked command in '/home/zaynap/project_ws/build/dynamixel_sdk' returned '0': CMAKE_PREFIX_PATH=${CMAKE_PREFIX_PATH}:/home/zaynap/project_ws/install/robot_bringup:/opt/ros/humble /usr/bin/cmake /home/zaynap/project_ws/src/DynamixelSDK/dynamixel_sdk -DCMAKE_INSTALL_PREFIX=/home/zaynap/project_ws/install/dynamixel_sdk
[1.965s] Invoking command in '/home/zaynap/project_ws/build/dynamixel_sdk': CMAKE_PREFIX_PATH=${CMAKE_PREFIX_PATH}:/home/zaynap/project_ws/install/robot_bringup:/opt/ros/humble /usr/bin/cmake --build /home/zaynap/project_ws/build/dynamixel_sdk -- -j8 -l8
[2.008s] [ 10%] [32mBuilding CXX object CMakeFiles/dynamixel_sdk.dir/src/dynamixel_sdk/protocol1_packet_handler.cpp.o[0m
[2.008s] [ 20%] [32mBuilding CXX object CMakeFiles/dynamixel_sdk.dir/src/dynamixel_sdk/protocol2_packet_handler.cpp.o[0m
[2.009s] [ 30%] [32mBuilding CXX object CMakeFiles/dynamixel_sdk.dir/src/dynamixel_sdk/group_bulk_read.cpp.o[0m
[2.012s] [ 50%] [32mBuilding CXX object CMakeFiles/dynamixel_sdk.dir/src/dynamixel_sdk/packet_handler.cpp.o[0m
[2.012s] [ 50%] [32mBuilding CXX object CMakeFiles/dynamixel_sdk.dir/src/dynamixel_sdk/port_handler.cpp.o[0m
[2.013s] [ 60%] [32mBuilding CXX object CMakeFiles/dynamixel_sdk.dir/src/dynamixel_sdk/group_sync_read.cpp.o[0m
[2.016s] [ 70%] [32mBuilding CXX object CMakeFiles/dynamixel_sdk.dir/src/dynamixel_sdk/group_bulk_write.cpp.o[0m
[2.016s] [ 80%] [32mBuilding CXX object CMakeFiles/dynamixel_sdk.dir/src/dynamixel_sdk/group_sync_write.cpp.o[0m
[2.934s] [ 90%] [32mBuilding CXX object CMakeFiles/dynamixel_sdk.dir/src/dynamixel_sdk/port_handler_linux.cpp.o[0m
[3.743s] [100%] [32m[1mLinking CXX shared library libdynamixel_sdk.so[0m
[3.836s] [100%] Built target dynamixel_sdk
[3.876s] Invoked command in '/home/zaynap/project_ws/build/dynamixel_sdk' returned '0': CMAKE_PREFIX_PATH=${CMAKE_PREFIX_PATH}:/home/zaynap/project_ws/install/robot_bringup:/opt/ros/humble /usr/bin/cmake --build /home/zaynap/project_ws/build/dynamixel_sdk -- -j8 -l8
[3.883s] Invoking command in '/home/zaynap/project_ws/build/dynamixel_sdk': CMAKE_PREFIX_PATH=${CMAKE_PREFIX_PATH}:/home/zaynap/project_ws/install/robot_bringup:/opt/ros/humble /usr/bin/cmake --install /home/zaynap/project_ws/build/dynamixel_sdk
[3.905s] -- Install configuration: ""
[3.905s] -- Installing: /home/zaynap/project_ws/install/dynamixel_sdk/include/
[3.906s] -- Installing: /home/zaynap/project_ws/install/dynamixel_sdk/include//dynamixel_sdk
[3.906s] -- Installing: /home/zaynap/project_ws/install/dynamixel_sdk/include//dynamixel_sdk/port_handler_mac.h
[3.907s] -- Installing: /home/zaynap/project_ws/install/dynamixel_sdk/include//dynamixel_sdk/group_sync_write.h
[3.908s] -- Installing: /home/zaynap/project_ws/install/dynamixel_sdk/include//dynamixel_sdk/protocol2_packet_handler.h
[3.909s] -- Installing: /home/zaynap/project_ws/install/dynamixel_sdk/include//dynamixel_sdk/port_handler_arduino.h
[3.909s] -- Installing: /home/zaynap/project_ws/install/dynamixel_sdk/include//dynamixel_sdk/port_handler_linux.h
[3.910s] -- Installing: /home/zaynap/project_ws/install/dynamixel_sdk/include//dynamixel_sdk/protocol1_packet_handler.h
[3.911s] -- Installing: /home/zaynap/project_ws/install/dynamixel_sdk/include//dynamixel_sdk/group_bulk_read.h
[3.911s] -- Installing: /home/zaynap/project_ws/install/dynamixel_sdk/include//dynamixel_sdk/group_bulk_write.h
[3.912s] -- Installing: /home/zaynap/project_ws/install/dynamixel_sdk/include//dynamixel_sdk/port_handler.h
[3.912s] -- Installing: /home/zaynap/project_ws/install/dynamixel_sdk/include//dynamixel_sdk/group_sync_read.h
[3.913s] -- Installing: /home/zaynap/project_ws/install/dynamixel_sdk/include//dynamixel_sdk/port_handler_windows.h
[3.913s] -- Installing: /home/zaynap/project_ws/install/dynamixel_sdk/include//dynamixel_sdk/packet_handler.h
[3.914s] -- Installing: /home/zaynap/project_ws/install/dynamixel_sdk/include//dynamixel_sdk/dynamixel_sdk.h
[3.914s] -- Installing: /home/zaynap/project_ws/install/dynamixel_sdk/lib/libdynamixel_sdk.so
[3.915s] -- Installing: /home/zaynap/project_ws/install/dynamixel_sdk/share/dynamixel_sdk/environment/library_path.sh
[3.915s] -- Installing: /home/zaynap/project_ws/install/dynamixel_sdk/share/dynamixel_sdk/environment/library_path.dsv
[3.916s] -- Installing: /home/zaynap/project_ws/install/dynamixel_sdk/share/ament_index/resource_index/package_run_dependencies/dynamixel_sdk
[3.917s] -- Installing: /home/zaynap/project_ws/install/dynamixel_sdk/share/ament_index/resource_index/parent_prefix_path/dynamixel_sdk
[3.918s] -- Installing: /home/zaynap/project_ws/install/dynamixel_sdk/share/dynamixel_sdk/environment/ament_prefix_path.sh
[3.918s] -- Installing: /home/zaynap/project_ws/install/dynamixel_sdk/share/dynamixel_sdk/environment/ament_prefix_path.dsv
[3.919s] -- Installing: /home/zaynap/project_ws/install/dynamixel_sdk/share/dynamixel_sdk/environment/path.sh
[3.919s] -- Installing: /home/zaynap/project_ws/install/dynamixel_sdk/share/dynamixel_sdk/environment/path.dsv
[3.920s] -- Installing: /home/zaynap/project_ws/install/dynamixel_sdk/share/dynamixel_sdk/local_setup.bash
[3.920s] -- Installing: /home/zaynap/project_ws/install/dynamixel_sdk/share/dynamixel_sdk/local_setup.sh
[3.920s] -- Installing: /home/zaynap/project_ws/install/dynamixel_sdk/share/dynamixel_sdk/local_setup.zsh
[3.921s] -- Installing: /home/zaynap/project_ws/install/dynamixel_sdk/share/dynamixel_sdk/local_setup.dsv
[3.922s] -- Installing: /home/zaynap/project_ws/install/dynamixel_sdk/share/dynamixel_sdk/package.dsv
[3.922s] -- Installing: /home/zaynap/project_ws/install/dynamixel_sdk/share/ament_index/resource_index/packages/dynamixel_sdk
[3.923s] -- Installing: /home/zaynap/project_ws/install/dynamixel_sdk/share/dynamixel_sdk/cmake/ament_cmake_export_include_directories-extras.cmake
[3.924s] -- Installing: /home/zaynap/project_ws/install/dynamixel_sdk/share/dynamixel_sdk/cmake/ament_cmake_export_libraries-extras.cmake
[3.925s] -- Installing: /home/zaynap/project_ws/install/dynamixel_sdk/share/dynamixel_sdk/cmake/dynamixel_sdkConfig.cmake
[3.925s] -- Installing: /home/zaynap/project_ws/install/dynamixel_sdk/share/dynamixel_sdk/cmake/dynamixel_sdkConfig-version.cmake
[3.926s] -- Installing: /home/zaynap/project_ws/install/dynamixel_sdk/share/dynamixel_sdk/package.xml
[3.936s] Invoked command in '/home/zaynap/project_ws/build/dynamixel_sdk' returned '0': CMAKE_PREFIX_PATH=${CMAKE_PREFIX_PATH}:/home/zaynap/project_ws/install/robot_bringup:/opt/ros/humble /usr/bin/cmake --install /home/zaynap/project_ws/build/dynamixel_sdk
