[0.177s] DEBUG:colcon:Command line arguments: ['/usr/bin/colcon', 'build']
[0.177s] DEBUG:colcon:Parsed command line arguments: Namespace(log_base=None, log_level=None, verb_name='build', build_base='build', install_base='install', merge_install=False, symlink_install=False, test_result_base=None, continue_on_error=False, executor='parallel', parallel_workers=8, event_handlers=None, ignore_user_meta=False, metas=['./colcon.meta'], base_paths=['.'], packages_ignore=None, packages_ignore_regex=None, paths=None, packages_up_to=None, packages_up_to_regex=None, packages_above=None, packages_above_and_dependencies=None, packages_above_depth=None, packages_select_by_dep=None, packages_skip_by_dep=None, packages_skip_up_to=None, packages_select_build_failed=False, packages_skip_build_finished=False, packages_select_test_failures=False, packages_skip_test_passed=False, packages_select=None, packages_skip=None, packages_select_regex=None, packages_skip_regex=None, packages_start=None, packages_end=None, allow_overriding=[], cmake_args=None, cmake_target=None, cmake_target_skip_unavailable=False, cmake_clean_cache=False, cmake_clean_first=False, cmake_force_configure=False, ament_cmake_args=None, catkin_cmake_args=None, catkin_skip_building_tests=False, mixin_files=None, mixin=None, verb_parser=<colcon_mixin.mixin.mixin_argument.MixinArgumentDecorator object at 0x77f22cabd2d0>, verb_extension=<colcon_core.verb.build.BuildVerb object at 0x77f22cbb2710>, main=<bound method BuildVerb.main of <colcon_core.verb.build.BuildVerb object at 0x77f22cbb2710>>, mixin_verb=('build',))
[0.233s] Level 1:colcon.colcon_core.package_discovery:discover_packages(colcon_meta) check parameters
[0.233s] Level 1:colcon.colcon_core.package_discovery:discover_packages(recursive) check parameters
[0.233s] Level 1:colcon.colcon_core.package_discovery:discover_packages(ignore) check parameters
[0.233s] Level 1:colcon.colcon_core.package_discovery:discover_packages(path) check parameters
[0.234s] Level 1:colcon.colcon_core.package_discovery:discover_packages(colcon_meta) discover
[0.234s] Level 1:colcon.colcon_core.package_discovery:discover_packages(recursive) discover
[0.234s] INFO:colcon.colcon_core.package_discovery:Crawling recursively for packages in '/home/zaynap/project_ws'
[0.234s] Level 1:colcon.colcon_core.package_identification:_identify(.) by extensions ['ignore', 'ignore_ament_install']
[0.234s] Level 1:colcon.colcon_core.package_identification:_identify(.) by extension 'ignore'
[0.234s] Level 1:colcon.colcon_core.package_identification:_identify(.) by extension 'ignore_ament_install'
[0.234s] Level 1:colcon.colcon_core.package_identification:_identify(.) by extensions ['colcon_pkg']
[0.234s] Level 1:colcon.colcon_core.package_identification:_identify(.) by extension 'colcon_pkg'
[0.234s] Level 1:colcon.colcon_core.package_identification:_identify(.) by extensions ['colcon_meta']
[0.234s] Level 1:colcon.colcon_core.package_identification:_identify(.) by extension 'colcon_meta'
[0.234s] Level 1:colcon.colcon_core.package_identification:_identify(.) by extensions ['ros']
[0.234s] Level 1:colcon.colcon_core.package_identification:_identify(.) by extension 'ros'
[0.272s] Level 1:colcon.colcon_core.package_identification:_identify(.) by extensions ['cmake', 'python']
[0.272s] Level 1:colcon.colcon_core.package_identification:_identify(.) by extension 'cmake'
[0.273s] Level 1:colcon.colcon_core.package_identification:_identify(.) by extension 'python'
[0.273s] Level 1:colcon.colcon_core.package_identification:_identify(.) by extensions ['python_setup_py']
[0.273s] Level 1:colcon.colcon_core.package_identification:_identify(.) by extension 'python_setup_py'
[0.273s] Level 1:colcon.colcon_core.package_identification:_identify(build) by extensions ['ignore', 'ignore_ament_install']
[0.273s] Level 1:colcon.colcon_core.package_identification:_identify(build) by extension 'ignore'
[0.273s] Level 1:colcon.colcon_core.package_identification:_identify(build) ignored
[0.273s] Level 1:colcon.colcon_core.package_identification:_identify(install) by extensions ['ignore', 'ignore_ament_install']
[0.273s] Level 1:colcon.colcon_core.package_identification:_identify(install) by extension 'ignore'
[0.273s] Level 1:colcon.colcon_core.package_identification:_identify(install) ignored
[0.274s] Level 1:colcon.colcon_core.package_identification:_identify(log) by extensions ['ignore', 'ignore_ament_install']
[0.274s] Level 1:colcon.colcon_core.package_identification:_identify(log) by extension 'ignore'
[0.274s] Level 1:colcon.colcon_core.package_identification:_identify(log) ignored
[0.274s] Level 1:colcon.colcon_core.package_identification:_identify(src) by extensions ['ignore', 'ignore_ament_install']
[0.274s] Level 1:colcon.colcon_core.package_identification:_identify(src) by extension 'ignore'
[0.274s] Level 1:colcon.colcon_core.package_identification:_identify(src) by extension 'ignore_ament_install'
[0.274s] Level 1:colcon.colcon_core.package_identification:_identify(src) by extensions ['colcon_pkg']
[0.274s] Level 1:colcon.colcon_core.package_identification:_identify(src) by extension 'colcon_pkg'
[0.274s] Level 1:colcon.colcon_core.package_identification:_identify(src) by extensions ['colcon_meta']
[0.274s] Level 1:colcon.colcon_core.package_identification:_identify(src) by extension 'colcon_meta'
[0.274s] Level 1:colcon.colcon_core.package_identification:_identify(src) by extensions ['ros']
[0.274s] Level 1:colcon.colcon_core.package_identification:_identify(src) by extension 'ros'
[0.275s] Level 1:colcon.colcon_core.package_identification:_identify(src) by extensions ['cmake', 'python']
[0.275s] Level 1:colcon.colcon_core.package_identification:_identify(src) by extension 'cmake'
[0.275s] Level 1:colcon.colcon_core.package_identification:_identify(src) by extension 'python'
[0.275s] Level 1:colcon.colcon_core.package_identification:_identify(src) by extensions ['python_setup_py']
[0.275s] Level 1:colcon.colcon_core.package_identification:_identify(src) by extension 'python_setup_py'
[0.275s] Level 1:colcon.colcon_core.package_identification:_identify(src/gap_follower) by extensions ['ignore', 'ignore_ament_install']
[0.275s] Level 1:colcon.colcon_core.package_identification:_identify(src/gap_follower) by extension 'ignore'
[0.275s] Level 1:colcon.colcon_core.package_identification:_identify(src/gap_follower) by extension 'ignore_ament_install'
[0.275s] Level 1:colcon.colcon_core.package_identification:_identify(src/gap_follower) by extensions ['colcon_pkg']
[0.275s] Level 1:colcon.colcon_core.package_identification:_identify(src/gap_follower) by extension 'colcon_pkg'
[0.275s] Level 1:colcon.colcon_core.package_identification:_identify(src/gap_follower) by extensions ['colcon_meta']
[0.275s] Level 1:colcon.colcon_core.package_identification:_identify(src/gap_follower) by extension 'colcon_meta'
[0.275s] Level 1:colcon.colcon_core.package_identification:_identify(src/gap_follower) by extensions ['ros']
[0.276s] Level 1:colcon.colcon_core.package_identification:_identify(src/gap_follower) by extension 'ros'
[0.280s] DEBUG:colcon.colcon_core.package_identification:Package 'src/gap_follower' with type 'ros.ament_python' and name 'gap_follower'
[0.280s] Level 1:colcon.colcon_core.package_identification:_identify(src/model_description) by extensions ['ignore', 'ignore_ament_install']
[0.281s] Level 1:colcon.colcon_core.package_identification:_identify(src/model_description) by extension 'ignore'
[0.281s] Level 1:colcon.colcon_core.package_identification:_identify(src/model_description) by extension 'ignore_ament_install'
[0.281s] Level 1:colcon.colcon_core.package_identification:_identify(src/model_description) by extensions ['colcon_pkg']
[0.281s] Level 1:colcon.colcon_core.package_identification:_identify(src/model_description) by extension 'colcon_pkg'
[0.281s] Level 1:colcon.colcon_core.package_identification:_identify(src/model_description) by extensions ['colcon_meta']
[0.281s] Level 1:colcon.colcon_core.package_identification:_identify(src/model_description) by extension 'colcon_meta'
[0.281s] Level 1:colcon.colcon_core.package_identification:_identify(src/model_description) by extensions ['ros']
[0.281s] Level 1:colcon.colcon_core.package_identification:_identify(src/model_description) by extension 'ros'
[0.282s] DEBUG:colcon.colcon_core.package_identification:Package 'src/model_description' with type 'ros.ament_cmake' and name 'model_description'
[0.282s] Level 1:colcon.colcon_core.package_identification:_identify(src/robot_bringup) by extensions ['ignore', 'ignore_ament_install']
[0.282s] Level 1:colcon.colcon_core.package_identification:_identify(src/robot_bringup) by extension 'ignore'
[0.282s] Level 1:colcon.colcon_core.package_identification:_identify(src/robot_bringup) by extension 'ignore_ament_install'
[0.282s] Level 1:colcon.colcon_core.package_identification:_identify(src/robot_bringup) by extensions ['colcon_pkg']
[0.282s] Level 1:colcon.colcon_core.package_identification:_identify(src/robot_bringup) by extension 'colcon_pkg'
[0.283s] Level 1:colcon.colcon_core.package_identification:_identify(src/robot_bringup) by extensions ['colcon_meta']
[0.283s] Level 1:colcon.colcon_core.package_identification:_identify(src/robot_bringup) by extension 'colcon_meta'
[0.283s] Level 1:colcon.colcon_core.package_identification:_identify(src/robot_bringup) by extensions ['ros']
[0.283s] Level 1:colcon.colcon_core.package_identification:_identify(src/robot_bringup) by extension 'ros'
[0.284s] DEBUG:colcon.colcon_core.package_identification:Package 'src/robot_bringup' with type 'ros.ament_python' and name 'robot_bringup'
[0.284s] Level 1:colcon.colcon_core.package_discovery:discover_packages(recursive) using defaults
[0.284s] Level 1:colcon.colcon_core.package_discovery:discover_packages(ignore) discover
[0.284s] Level 1:colcon.colcon_core.package_discovery:discover_packages(ignore) using defaults
[0.284s] Level 1:colcon.colcon_core.package_discovery:discover_packages(path) discover
[0.284s] Level 1:colcon.colcon_core.package_discovery:discover_packages(path) using defaults
[0.314s] Level 1:colcon.colcon_core.package_discovery:discover_packages(prefix_path) check parameters
[0.314s] Level 1:colcon.colcon_core.package_discovery:discover_packages(prefix_path) discover
[0.316s] DEBUG:colcon.colcon_installed_package_information.package_discovery:Found 3 installed packages in /home/zaynap/project_ws/install
[0.319s] DEBUG:colcon.colcon_installed_package_information.package_discovery:Found 419 installed packages in /opt/ros/humble
[0.322s] Level 1:colcon.colcon_core.package_discovery:discover_packages(prefix_path) using defaults
[0.412s] Level 5:colcon.colcon_core.verb:set package 'gap_follower' build argument 'cmake_args' from command line to 'None'
[0.412s] Level 5:colcon.colcon_core.verb:set package 'gap_follower' build argument 'cmake_target' from command line to 'None'
[0.412s] Level 5:colcon.colcon_core.verb:set package 'gap_follower' build argument 'cmake_target_skip_unavailable' from command line to 'False'
[0.412s] Level 5:colcon.colcon_core.verb:set package 'gap_follower' build argument 'cmake_clean_cache' from command line to 'False'
[0.412s] Level 5:colcon.colcon_core.verb:set package 'gap_follower' build argument 'cmake_clean_first' from command line to 'False'
[0.412s] Level 5:colcon.colcon_core.verb:set package 'gap_follower' build argument 'cmake_force_configure' from command line to 'False'
[0.413s] Level 5:colcon.colcon_core.verb:set package 'gap_follower' build argument 'ament_cmake_args' from command line to 'None'
[0.413s] Level 5:colcon.colcon_core.verb:set package 'gap_follower' build argument 'catkin_cmake_args' from command line to 'None'
[0.413s] Level 5:colcon.colcon_core.verb:set package 'gap_follower' build argument 'catkin_skip_building_tests' from command line to 'False'
[0.413s] DEBUG:colcon.colcon_core.verb:Building package 'gap_follower' with the following arguments: {'ament_cmake_args': None, 'build_base': '/home/zaynap/project_ws/build/gap_follower', 'catkin_cmake_args': None, 'catkin_skip_building_tests': False, 'cmake_args': None, 'cmake_clean_cache': False, 'cmake_clean_first': False, 'cmake_force_configure': False, 'cmake_target': None, 'cmake_target_skip_unavailable': False, 'install_base': '/home/zaynap/project_ws/install/gap_follower', 'merge_install': False, 'path': '/home/zaynap/project_ws/src/gap_follower', 'symlink_install': False, 'test_result_base': None}
[0.413s] Level 5:colcon.colcon_core.verb:set package 'model_description' build argument 'cmake_args' from command line to 'None'
[0.413s] Level 5:colcon.colcon_core.verb:set package 'model_description' build argument 'cmake_target' from command line to 'None'
[0.413s] Level 5:colcon.colcon_core.verb:set package 'model_description' build argument 'cmake_target_skip_unavailable' from command line to 'False'
[0.413s] Level 5:colcon.colcon_core.verb:set package 'model_description' build argument 'cmake_clean_cache' from command line to 'False'
[0.413s] Level 5:colcon.colcon_core.verb:set package 'model_description' build argument 'cmake_clean_first' from command line to 'False'
[0.413s] Level 5:colcon.colcon_core.verb:set package 'model_description' build argument 'cmake_force_configure' from command line to 'False'
[0.413s] Level 5:colcon.colcon_core.verb:set package 'model_description' build argument 'ament_cmake_args' from command line to 'None'
[0.413s] Level 5:colcon.colcon_core.verb:set package 'model_description' build argument 'catkin_cmake_args' from command line to 'None'
[0.414s] Level 5:colcon.colcon_core.verb:set package 'model_description' build argument 'catkin_skip_building_tests' from command line to 'False'
[0.414s] DEBUG:colcon.colcon_core.verb:Building package 'model_description' with the following arguments: {'ament_cmake_args': None, 'build_base': '/home/zaynap/project_ws/build/model_description', 'catkin_cmake_args': None, 'catkin_skip_building_tests': False, 'cmake_args': None, 'cmake_clean_cache': False, 'cmake_clean_first': False, 'cmake_force_configure': False, 'cmake_target': None, 'cmake_target_skip_unavailable': False, 'install_base': '/home/zaynap/project_ws/install/model_description', 'merge_install': False, 'path': '/home/zaynap/project_ws/src/model_description', 'symlink_install': False, 'test_result_base': None}
[0.414s] Level 5:colcon.colcon_core.verb:set package 'robot_bringup' build argument 'cmake_args' from command line to 'None'
[0.414s] Level 5:colcon.colcon_core.verb:set package 'robot_bringup' build argument 'cmake_target' from command line to 'None'
[0.414s] Level 5:colcon.colcon_core.verb:set package 'robot_bringup' build argument 'cmake_target_skip_unavailable' from command line to 'False'
[0.414s] Level 5:colcon.colcon_core.verb:set package 'robot_bringup' build argument 'cmake_clean_cache' from command line to 'False'
[0.414s] Level 5:colcon.colcon_core.verb:set package 'robot_bringup' build argument 'cmake_clean_first' from command line to 'False'
[0.414s] Level 5:colcon.colcon_core.verb:set package 'robot_bringup' build argument 'cmake_force_configure' from command line to 'False'
[0.414s] Level 5:colcon.colcon_core.verb:set package 'robot_bringup' build argument 'ament_cmake_args' from command line to 'None'
[0.414s] Level 5:colcon.colcon_core.verb:set package 'robot_bringup' build argument 'catkin_cmake_args' from command line to 'None'
[0.415s] Level 5:colcon.colcon_core.verb:set package 'robot_bringup' build argument 'catkin_skip_building_tests' from command line to 'False'
[0.415s] DEBUG:colcon.colcon_core.verb:Building package 'robot_bringup' with the following arguments: {'ament_cmake_args': None, 'build_base': '/home/zaynap/project_ws/build/robot_bringup', 'catkin_cmake_args': None, 'catkin_skip_building_tests': False, 'cmake_args': None, 'cmake_clean_cache': False, 'cmake_clean_first': False, 'cmake_force_configure': False, 'cmake_target': None, 'cmake_target_skip_unavailable': False, 'install_base': '/home/zaynap/project_ws/install/robot_bringup', 'merge_install': False, 'path': '/home/zaynap/project_ws/src/robot_bringup', 'symlink_install': False, 'test_result_base': None}
[0.415s] INFO:colcon.colcon_core.executor:Executing jobs using 'parallel' executor
[0.416s] DEBUG:colcon.colcon_parallel_executor.executor.parallel:run_until_complete
[0.417s] INFO:colcon.colcon_ros.task.ament_python.build:Building ROS package in '/home/zaynap/project_ws/src/gap_follower' with build type 'ament_python'
[0.417s] Level 1:colcon.colcon_core.shell:create_environment_hook('gap_follower', 'ament_prefix_path')
[0.420s] INFO:colcon.colcon_core.plugin_system:Skipping extension 'colcon_core.shell.bat': Not used on non-Windows systems
[0.420s] INFO:colcon.colcon_core.shell:Creating environment hook '/home/zaynap/project_ws/install/gap_follower/share/gap_follower/hook/ament_prefix_path.ps1'
[0.421s] INFO:colcon.colcon_core.shell:Creating environment descriptor '/home/zaynap/project_ws/install/gap_follower/share/gap_follower/hook/ament_prefix_path.dsv'
[0.422s] INFO:colcon.colcon_core.shell:Creating environment hook '/home/zaynap/project_ws/install/gap_follower/share/gap_follower/hook/ament_prefix_path.sh'
[0.423s] INFO:colcon.colcon_core.shell:Skip shell extension 'powershell' for command environment: Not usable outside of PowerShell
[0.423s] DEBUG:colcon.colcon_core.shell:Skip shell extension 'dsv' for command environment
[0.428s] INFO:colcon.colcon_ros.task.ament_cmake.build:Building ROS package in '/home/zaynap/project_ws/src/model_description' with build type 'ament_cmake'
[0.428s] INFO:colcon.colcon_cmake.task.cmake.build:Building CMake package in '/home/zaynap/project_ws/src/model_description'
[0.429s] INFO:colcon.colcon_core.shell:Skip shell extension 'powershell' for command environment: Not usable outside of PowerShell
[0.429s] DEBUG:colcon.colcon_core.shell:Skip shell extension 'dsv' for command environment
[0.434s] INFO:colcon.colcon_ros.task.ament_python.build:Building ROS package in '/home/zaynap/project_ws/src/robot_bringup' with build type 'ament_python'
[0.434s] Level 1:colcon.colcon_core.shell:create_environment_hook('robot_bringup', 'ament_prefix_path')
[0.434s] INFO:colcon.colcon_core.shell:Creating environment hook '/home/zaynap/project_ws/install/robot_bringup/share/robot_bringup/hook/ament_prefix_path.ps1'
[0.435s] INFO:colcon.colcon_core.shell:Creating environment descriptor '/home/zaynap/project_ws/install/robot_bringup/share/robot_bringup/hook/ament_prefix_path.dsv'
[0.436s] INFO:colcon.colcon_core.shell:Creating environment hook '/home/zaynap/project_ws/install/robot_bringup/share/robot_bringup/hook/ament_prefix_path.sh'
[0.437s] INFO:colcon.colcon_core.shell:Skip shell extension 'powershell' for command environment: Not usable outside of PowerShell
[0.437s] DEBUG:colcon.colcon_core.shell:Skip shell extension 'dsv' for command environment
[0.820s] INFO:colcon.colcon_core.task.python.build:Building Python package in '/home/zaynap/project_ws/src/gap_follower'
[0.821s] INFO:colcon.colcon_core.shell:Skip shell extension 'powershell' for command environment: Not usable outside of PowerShell
[0.821s] DEBUG:colcon.colcon_core.shell:Skip shell extension 'dsv' for command environment
[0.832s] DEBUG:colcon.colcon_core.event_handler.log_command:Invoking command in '/home/zaynap/project_ws/build/model_description': CMAKE_PREFIX_PATH=${CMAKE_PREFIX_PATH}:/home/zaynap/project_ws/install/robot_bringup:/home/zaynap/project_ws/install/gap_follower:/opt/ros/humble /usr/bin/cmake --build /home/zaynap/project_ws/build/model_description -- -j8 -l8
[1.198s] INFO:colcon.colcon_core.task.python.build:Building Python package in '/home/zaynap/project_ws/src/robot_bringup'
[1.199s] INFO:colcon.colcon_core.shell:Skip shell extension 'powershell' for command environment: Not usable outside of PowerShell
[1.199s] DEBUG:colcon.colcon_core.shell:Skip shell extension 'dsv' for command environment
[1.208s] DEBUG:colcon.colcon_core.event_handler.log_command:Invoked command in '/home/zaynap/project_ws/build/model_description' returned '0': CMAKE_PREFIX_PATH=${CMAKE_PREFIX_PATH}:/home/zaynap/project_ws/install/robot_bringup:/home/zaynap/project_ws/install/gap_follower:/opt/ros/humble /usr/bin/cmake --build /home/zaynap/project_ws/build/model_description -- -j8 -l8
[1.221s] DEBUG:colcon.colcon_core.event_handler.log_command:Invoking command in '/home/zaynap/project_ws/build/model_description': CMAKE_PREFIX_PATH=${CMAKE_PREFIX_PATH}:/home/zaynap/project_ws/install/robot_bringup:/home/zaynap/project_ws/install/gap_follower:/opt/ros/humble /usr/bin/cmake --install /home/zaynap/project_ws/build/model_description
[1.237s] Level 1:colcon.colcon_core.environment:create_environment_scripts_only(model_description)
[1.237s] DEBUG:colcon.colcon_core.event_handler.log_command:Invoked command in '/home/zaynap/project_ws/build/model_description' returned '0': CMAKE_PREFIX_PATH=${CMAKE_PREFIX_PATH}:/home/zaynap/project_ws/install/robot_bringup:/home/zaynap/project_ws/install/gap_follower:/opt/ros/humble /usr/bin/cmake --install /home/zaynap/project_ws/build/model_description
[1.241s] Level 1:colcon.colcon_core.environment:checking '/home/zaynap/project_ws/install/model_description' for CMake module files
[1.241s] Level 1:colcon.colcon_core.environment:checking '/home/zaynap/project_ws/install/model_description' for CMake config files
[1.241s] Level 1:colcon.colcon_core.shell:create_environment_hook('model_description', 'cmake_prefix_path')
[1.242s] INFO:colcon.colcon_core.shell:Creating environment hook '/home/zaynap/project_ws/install/model_description/share/model_description/hook/cmake_prefix_path.ps1'
[1.243s] INFO:colcon.colcon_core.shell:Creating environment descriptor '/home/zaynap/project_ws/install/model_description/share/model_description/hook/cmake_prefix_path.dsv'
[1.243s] INFO:colcon.colcon_core.shell:Creating environment hook '/home/zaynap/project_ws/install/model_description/share/model_description/hook/cmake_prefix_path.sh'
[1.245s] Level 1:colcon.colcon_core.environment:checking '/home/zaynap/project_ws/install/model_description/bin'
[1.245s] Level 1:colcon.colcon_core.environment:checking '/home/zaynap/project_ws/install/model_description/lib/pkgconfig/model_description.pc'
[1.246s] Level 1:colcon.colcon_core.environment:checking '/home/zaynap/project_ws/install/model_description/lib/python3.10/site-packages'
[1.247s] Level 1:colcon.colcon_core.environment:checking '/home/zaynap/project_ws/install/model_description/bin'
[1.247s] INFO:colcon.colcon_core.shell:Creating package script '/home/zaynap/project_ws/install/model_description/share/model_description/package.ps1'
[1.249s] INFO:colcon.colcon_core.shell:Creating package descriptor '/home/zaynap/project_ws/install/model_description/share/model_description/package.dsv'
[1.249s] INFO:colcon.colcon_core.shell:Creating package script '/home/zaynap/project_ws/install/model_description/share/model_description/package.sh'
[1.251s] INFO:colcon.colcon_core.shell:Creating package script '/home/zaynap/project_ws/install/model_description/share/model_description/package.bash'
[1.252s] INFO:colcon.colcon_core.shell:Creating package script '/home/zaynap/project_ws/install/model_description/share/model_description/package.zsh'
[1.253s] Level 1:colcon.colcon_core.environment:create_file_with_runtime_dependencies(/home/zaynap/project_ws/install/model_description/share/colcon-core/packages/model_description)
[1.254s] Level 1:colcon.colcon_core.environment:create_environment_scripts_only(model_description)
[1.254s] Level 1:colcon.colcon_core.environment:checking '/home/zaynap/project_ws/install/model_description' for CMake module files
[1.255s] Level 1:colcon.colcon_core.environment:checking '/home/zaynap/project_ws/install/model_description' for CMake config files
[1.255s] Level 1:colcon.colcon_core.shell:create_environment_hook('model_description', 'cmake_prefix_path')
[1.256s] INFO:colcon.colcon_core.shell:Creating environment hook '/home/zaynap/project_ws/install/model_description/share/model_description/hook/cmake_prefix_path.ps1'
[1.256s] INFO:colcon.colcon_core.shell:Creating environment descriptor '/home/zaynap/project_ws/install/model_description/share/model_description/hook/cmake_prefix_path.dsv'
[1.257s] INFO:colcon.colcon_core.shell:Creating environment hook '/home/zaynap/project_ws/install/model_description/share/model_description/hook/cmake_prefix_path.sh'
[1.258s] Level 1:colcon.colcon_core.environment:checking '/home/zaynap/project_ws/install/model_description/bin'
[1.258s] Level 1:colcon.colcon_core.environment:checking '/home/zaynap/project_ws/install/model_description/lib/pkgconfig/model_description.pc'
[1.258s] Level 1:colcon.colcon_core.environment:checking '/home/zaynap/project_ws/install/model_description/lib/python3.10/site-packages'
[1.259s] Level 1:colcon.colcon_core.environment:checking '/home/zaynap/project_ws/install/model_description/bin'
[1.259s] INFO:colcon.colcon_core.shell:Creating package script '/home/zaynap/project_ws/install/model_description/share/model_description/package.ps1'
[1.260s] INFO:colcon.colcon_core.shell:Creating package descriptor '/home/zaynap/project_ws/install/model_description/share/model_description/package.dsv'
[1.261s] INFO:colcon.colcon_core.shell:Creating package script '/home/zaynap/project_ws/install/model_description/share/model_description/package.sh'
[1.261s] INFO:colcon.colcon_core.shell:Creating package script '/home/zaynap/project_ws/install/model_description/share/model_description/package.bash'
[1.262s] INFO:colcon.colcon_core.shell:Creating package script '/home/zaynap/project_ws/install/model_description/share/model_description/package.zsh'
[1.263s] Level 1:colcon.colcon_core.environment:create_file_with_runtime_dependencies(/home/zaynap/project_ws/install/model_description/share/colcon-core/packages/model_description)
[2.160s] DEBUG:colcon.colcon_core.event_handler.log_command:Invoking command in '/home/zaynap/project_ws/src/robot_bringup': PYTHONPATH=/home/zaynap/project_ws/build/robot_bringup/prefix_override:/usr/lib/python3/dist-packages/colcon_core/task/python/colcon_distutils_commands:/home/zaynap/project_ws/install/robot_bringup/lib/python3.10/site-packages:${PYTHONPATH} /usr/bin/python3 -W ignore:setup.py install is deprecated -W ignore:easy_install command is deprecated setup.py egg_info --egg-base ../../build/robot_bringup build --build-base /home/zaynap/project_ws/build/robot_bringup/build install --record /home/zaynap/project_ws/build/robot_bringup/install.log --single-version-externally-managed install_data
[2.218s] DEBUG:colcon.colcon_core.event_handler.log_command:Invoking command in '/home/zaynap/project_ws/src/gap_follower': PYTHONPATH=/home/zaynap/project_ws/build/gap_follower/prefix_override:/usr/lib/python3/dist-packages/colcon_core/task/python/colcon_distutils_commands:/home/zaynap/project_ws/install/gap_follower/lib/python3.10/site-packages:${PYTHONPATH} /usr/bin/python3 -W ignore:setup.py install is deprecated -W ignore:easy_install command is deprecated setup.py egg_info --egg-base ../../build/gap_follower build --build-base /home/zaynap/project_ws/build/gap_follower/build install --record /home/zaynap/project_ws/build/gap_follower/install.log --single-version-externally-managed install_data
[3.090s] Level 1:colcon.colcon_core.environment:checking '/home/zaynap/project_ws/install/robot_bringup' for CMake module files
[3.091s] DEBUG:colcon.colcon_core.event_handler.log_command:Invoked command in '/home/zaynap/project_ws/src/robot_bringup' returned '0': PYTHONPATH=/home/zaynap/project_ws/build/robot_bringup/prefix_override:/usr/lib/python3/dist-packages/colcon_core/task/python/colcon_distutils_commands:/home/zaynap/project_ws/install/robot_bringup/lib/python3.10/site-packages:${PYTHONPATH} /usr/bin/python3 -W ignore:setup.py install is deprecated -W ignore:easy_install command is deprecated setup.py egg_info --egg-base ../../build/robot_bringup build --build-base /home/zaynap/project_ws/build/robot_bringup/build install --record /home/zaynap/project_ws/build/robot_bringup/install.log --single-version-externally-managed install_data
[3.092s] Level 1:colcon.colcon_core.environment:checking '/home/zaynap/project_ws/install/robot_bringup' for CMake config files
[3.092s] Level 1:colcon.colcon_core.environment:checking '/home/zaynap/project_ws/install/robot_bringup/lib'
[3.093s] Level 1:colcon.colcon_core.environment:checking '/home/zaynap/project_ws/install/robot_bringup/bin'
[3.093s] Level 1:colcon.colcon_core.environment:checking '/home/zaynap/project_ws/install/robot_bringup/lib/pkgconfig/robot_bringup.pc'
[3.093s] Level 1:colcon.colcon_core.environment:checking '/home/zaynap/project_ws/install/robot_bringup/lib/python3.10/site-packages'
[3.093s] Level 1:colcon.colcon_core.shell:create_environment_hook('robot_bringup', 'pythonpath')
[3.094s] INFO:colcon.colcon_core.shell:Creating environment hook '/home/zaynap/project_ws/install/robot_bringup/share/robot_bringup/hook/pythonpath.ps1'
[3.094s] INFO:colcon.colcon_core.shell:Creating environment descriptor '/home/zaynap/project_ws/install/robot_bringup/share/robot_bringup/hook/pythonpath.dsv'
[3.095s] INFO:colcon.colcon_core.shell:Creating environment hook '/home/zaynap/project_ws/install/robot_bringup/share/robot_bringup/hook/pythonpath.sh'
[3.096s] Level 1:colcon.colcon_core.environment:checking '/home/zaynap/project_ws/install/robot_bringup/bin'
[3.096s] Level 1:colcon.colcon_core.environment:create_environment_scripts_only(robot_bringup)
[3.096s] INFO:colcon.colcon_core.shell:Creating package script '/home/zaynap/project_ws/install/robot_bringup/share/robot_bringup/package.ps1'
[3.097s] INFO:colcon.colcon_core.shell:Creating package descriptor '/home/zaynap/project_ws/install/robot_bringup/share/robot_bringup/package.dsv'
[3.097s] INFO:colcon.colcon_core.shell:Creating package script '/home/zaynap/project_ws/install/robot_bringup/share/robot_bringup/package.sh'
[3.098s] INFO:colcon.colcon_core.shell:Creating package script '/home/zaynap/project_ws/install/robot_bringup/share/robot_bringup/package.bash'
[3.099s] INFO:colcon.colcon_core.shell:Creating package script '/home/zaynap/project_ws/install/robot_bringup/share/robot_bringup/package.zsh'
[3.099s] Level 1:colcon.colcon_core.environment:create_file_with_runtime_dependencies(/home/zaynap/project_ws/install/robot_bringup/share/colcon-core/packages/robot_bringup)
[3.153s] Level 1:colcon.colcon_core.environment:checking '/home/zaynap/project_ws/install/gap_follower' for CMake module files
[3.154s] DEBUG:colcon.colcon_core.event_handler.log_command:Invoked command in '/home/zaynap/project_ws/src/gap_follower' returned '0': PYTHONPATH=/home/zaynap/project_ws/build/gap_follower/prefix_override:/usr/lib/python3/dist-packages/colcon_core/task/python/colcon_distutils_commands:/home/zaynap/project_ws/install/gap_follower/lib/python3.10/site-packages:${PYTHONPATH} /usr/bin/python3 -W ignore:setup.py install is deprecated -W ignore:easy_install command is deprecated setup.py egg_info --egg-base ../../build/gap_follower build --build-base /home/zaynap/project_ws/build/gap_follower/build install --record /home/zaynap/project_ws/build/gap_follower/install.log --single-version-externally-managed install_data
[3.155s] Level 1:colcon.colcon_core.environment:checking '/home/zaynap/project_ws/install/gap_follower' for CMake config files
[3.155s] Level 1:colcon.colcon_core.environment:checking '/home/zaynap/project_ws/install/gap_follower/lib'
[3.156s] Level 1:colcon.colcon_core.environment:checking '/home/zaynap/project_ws/install/gap_follower/bin'
[3.156s] Level 1:colcon.colcon_core.environment:checking '/home/zaynap/project_ws/install/gap_follower/lib/pkgconfig/gap_follower.pc'
[3.156s] Level 1:colcon.colcon_core.environment:checking '/home/zaynap/project_ws/install/gap_follower/lib/python3.10/site-packages'
[3.156s] Level 1:colcon.colcon_core.shell:create_environment_hook('gap_follower', 'pythonpath')
[3.157s] INFO:colcon.colcon_core.shell:Creating environment hook '/home/zaynap/project_ws/install/gap_follower/share/gap_follower/hook/pythonpath.ps1'
[3.157s] INFO:colcon.colcon_core.shell:Creating environment descriptor '/home/zaynap/project_ws/install/gap_follower/share/gap_follower/hook/pythonpath.dsv'
[3.158s] INFO:colcon.colcon_core.shell:Creating environment hook '/home/zaynap/project_ws/install/gap_follower/share/gap_follower/hook/pythonpath.sh'
[3.159s] Level 1:colcon.colcon_core.environment:checking '/home/zaynap/project_ws/install/gap_follower/bin'
[3.159s] Level 1:colcon.colcon_core.environment:create_environment_scripts_only(gap_follower)
[3.160s] INFO:colcon.colcon_core.shell:Creating package script '/home/zaynap/project_ws/install/gap_follower/share/gap_follower/package.ps1'
[3.160s] INFO:colcon.colcon_core.shell:Creating package descriptor '/home/zaynap/project_ws/install/gap_follower/share/gap_follower/package.dsv'
[3.161s] INFO:colcon.colcon_core.shell:Creating package script '/home/zaynap/project_ws/install/gap_follower/share/gap_follower/package.sh'
[3.162s] INFO:colcon.colcon_core.shell:Creating package script '/home/zaynap/project_ws/install/gap_follower/share/gap_follower/package.bash'
[3.162s] INFO:colcon.colcon_core.shell:Creating package script '/home/zaynap/project_ws/install/gap_follower/share/gap_follower/package.zsh'
[3.163s] Level 1:colcon.colcon_core.environment:create_file_with_runtime_dependencies(/home/zaynap/project_ws/install/gap_follower/share/colcon-core/packages/gap_follower)
[3.163s] DEBUG:colcon.colcon_parallel_executor.executor.parallel:closing loop
[3.163s] DEBUG:colcon.colcon_parallel_executor.executor.parallel:loop closed
[3.164s] DEBUG:colcon.colcon_parallel_executor.executor.parallel:run_until_complete finished with '0'
[3.164s] DEBUG:colcon.colcon_core.event_reactor:joining thread
[3.172s] INFO:colcon.colcon_core.plugin_system:Skipping extension 'colcon_notification.desktop_notification.terminal_notifier': Not used on non-Darwin systems
[3.172s] INFO:colcon.colcon_core.plugin_system:Skipping extension 'colcon_notification.desktop_notification.win32': Not used on non-Windows systems
[3.172s] INFO:colcon.colcon_notification.desktop_notification:Sending desktop notification using 'notify2'
[3.188s] DEBUG:colcon.colcon_core.event_reactor:joined thread
[3.188s] INFO:colcon.colcon_core.shell:Creating prefix script '/home/zaynap/project_ws/install/local_setup.ps1'
[3.190s] INFO:colcon.colcon_core.shell:Creating prefix util module '/home/zaynap/project_ws/install/_local_setup_util_ps1.py'
[3.193s] INFO:colcon.colcon_core.shell:Creating prefix chain script '/home/zaynap/project_ws/install/setup.ps1'
[3.195s] INFO:colcon.colcon_core.shell:Creating prefix script '/home/zaynap/project_ws/install/local_setup.sh'
[3.196s] INFO:colcon.colcon_core.shell:Creating prefix util module '/home/zaynap/project_ws/install/_local_setup_util_sh.py'
[3.197s] INFO:colcon.colcon_core.shell:Creating prefix chain script '/home/zaynap/project_ws/install/setup.sh'
[3.198s] INFO:colcon.colcon_core.shell:Creating prefix script '/home/zaynap/project_ws/install/local_setup.bash'
[3.199s] INFO:colcon.colcon_core.shell:Creating prefix chain script '/home/zaynap/project_ws/install/setup.bash'
[3.201s] INFO:colcon.colcon_core.shell:Creating prefix script '/home/zaynap/project_ws/install/local_setup.zsh'
[3.201s] INFO:colcon.colcon_core.shell:Creating prefix chain script '/home/zaynap/project_ws/install/setup.zsh'
