[0.017s] Invoking command in '/home/zaynap/project_ws/build/turtlebot3_simulations': AMENT_PREFIX_PATH=/home/zaynap/project_ws/install/turtlebot3_fake_node:/home/zaynap/project_ws/install/turtlebot3_msgs:/home/zaynap/project_ws/install/turtlebot3_gazebo:${AMENT_PREFIX_PATH} CMAKE_PREFIX_PATH=/home/zaynap/project_ws/install/turtlebot3_fake_node:/home/zaynap/project_ws/install/turtlebot3_msgs:/home/zaynap/project_ws/install/turtlebot3_gazebo:/home/zaynap/project_ws/install/model_description:/home/zaynap/project_ws/install/robot_bringup:/opt/ros/humble LD_LIBRARY_PATH=/home/zaynap/project_ws/install/turtlebot3_msgs/lib:${LD_LIBRARY_PATH} PYTHONPATH=/home/zaynap/project_ws/install/turtlebot3_msgs/local/lib/python3.10/dist-packages:${PYTHONPATH} /usr/bin/cmake --build /home/zaynap/project_ws/build/turtlebot3_simulations -- -j8 -l8
[0.058s] Invoked command in '/home/zaynap/project_ws/build/turtlebot3_simulations' returned '0': AMENT_PREFIX_PATH=/home/zaynap/project_ws/install/turtlebot3_fake_node:/home/zaynap/project_ws/install/turtlebot3_msgs:/home/zaynap/project_ws/install/turtlebot3_gazebo:${AMENT_PREFIX_PATH} CMAKE_PREFIX_PATH=/home/zaynap/project_ws/install/turtlebot3_fake_node:/home/zaynap/project_ws/install/turtlebot3_msgs:/home/zaynap/project_ws/install/turtlebot3_gazebo:/home/zaynap/project_ws/install/model_description:/home/zaynap/project_ws/install/robot_bringup:/opt/ros/humble LD_LIBRARY_PATH=/home/zaynap/project_ws/install/turtlebot3_msgs/lib:${LD_LIBRARY_PATH} PYTHONPATH=/home/zaynap/project_ws/install/turtlebot3_msgs/local/lib/python3.10/dist-packages:${PYTHONPATH} /usr/bin/cmake --build /home/zaynap/project_ws/build/turtlebot3_simulations -- -j8 -l8
[0.060s] Invoking command in '/home/zaynap/project_ws/build/turtlebot3_simulations': AMENT_PREFIX_PATH=/home/zaynap/project_ws/install/turtlebot3_fake_node:/home/zaynap/project_ws/install/turtlebot3_msgs:/home/zaynap/project_ws/install/turtlebot3_gazebo:${AMENT_PREFIX_PATH} CMAKE_PREFIX_PATH=/home/zaynap/project_ws/install/turtlebot3_fake_node:/home/zaynap/project_ws/install/turtlebot3_msgs:/home/zaynap/project_ws/install/turtlebot3_gazebo:/home/zaynap/project_ws/install/model_description:/home/zaynap/project_ws/install/robot_bringup:/opt/ros/humble LD_LIBRARY_PATH=/home/zaynap/project_ws/install/turtlebot3_msgs/lib:${LD_LIBRARY_PATH} PYTHONPATH=/home/zaynap/project_ws/install/turtlebot3_msgs/local/lib/python3.10/dist-packages:${PYTHONPATH} /usr/bin/cmake --install /home/zaynap/project_ws/build/turtlebot3_simulations
[0.067s] -- Install configuration: ""
[0.067s] -- Up-to-date: /home/zaynap/project_ws/install/turtlebot3_simulations/share/ament_index/resource_index/package_run_dependencies/turtlebot3_simulations
[0.067s] -- Up-to-date: /home/zaynap/project_ws/install/turtlebot3_simulations/share/ament_index/resource_index/parent_prefix_path/turtlebot3_simulations
[0.067s] -- Up-to-date: /home/zaynap/project_ws/install/turtlebot3_simulations/share/turtlebot3_simulations/environment/ament_prefix_path.sh
[0.067s] -- Up-to-date: /home/zaynap/project_ws/install/turtlebot3_simulations/share/turtlebot3_simulations/environment/ament_prefix_path.dsv
[0.068s] -- Up-to-date: /home/zaynap/project_ws/install/turtlebot3_simulations/share/turtlebot3_simulations/environment/path.sh
[0.068s] -- Up-to-date: /home/zaynap/project_ws/install/turtlebot3_simulations/share/turtlebot3_simulations/environment/path.dsv
[0.068s] -- Up-to-date: /home/zaynap/project_ws/install/turtlebot3_simulations/share/turtlebot3_simulations/local_setup.bash
[0.068s] -- Up-to-date: /home/zaynap/project_ws/install/turtlebot3_simulations/share/turtlebot3_simulations/local_setup.sh
[0.068s] -- Up-to-date: /home/zaynap/project_ws/install/turtlebot3_simulations/share/turtlebot3_simulations/local_setup.zsh
[0.068s] -- Up-to-date: /home/zaynap/project_ws/install/turtlebot3_simulations/share/turtlebot3_simulations/local_setup.dsv
[0.068s] -- Installing: /home/zaynap/project_ws/install/turtlebot3_simulations/share/turtlebot3_simulations/package.dsv
[0.068s] -- Up-to-date: /home/zaynap/project_ws/install/turtlebot3_simulations/share/ament_index/resource_index/packages/turtlebot3_simulations
[0.068s] -- Up-to-date: /home/zaynap/project_ws/install/turtlebot3_simulations/share/turtlebot3_simulations/cmake/turtlebot3_simulationsConfig.cmake
[0.069s] -- Up-to-date: /home/zaynap/project_ws/install/turtlebot3_simulations/share/turtlebot3_simulations/cmake/turtlebot3_simulationsConfig-version.cmake
[0.069s] -- Up-to-date: /home/zaynap/project_ws/install/turtlebot3_simulations/share/turtlebot3_simulations/package.xml
[0.071s] Invoked command in '/home/zaynap/project_ws/build/turtlebot3_simulations' returned '0': AMENT_PREFIX_PATH=/home/zaynap/project_ws/install/turtlebot3_fake_node:/home/zaynap/project_ws/install/turtlebot3_msgs:/home/zaynap/project_ws/install/turtlebot3_gazebo:${AMENT_PREFIX_PATH} CMAKE_PREFIX_PATH=/home/zaynap/project_ws/install/turtlebot3_fake_node:/home/zaynap/project_ws/install/turtlebot3_msgs:/home/zaynap/project_ws/install/turtlebot3_gazebo:/home/zaynap/project_ws/install/model_description:/home/zaynap/project_ws/install/robot_bringup:/opt/ros/humble LD_LIBRARY_PATH=/home/zaynap/project_ws/install/turtlebot3_msgs/lib:${LD_LIBRARY_PATH} PYTHONPATH=/home/zaynap/project_ws/install/turtlebot3_msgs/local/lib/python3.10/dist-packages:${PYTHONPATH} /usr/bin/cmake --install /home/zaynap/project_ws/build/turtlebot3_simulations
