[5.841s] Invoking command in '/home/zaynap/project_ws/src/robot_bringup': PYTHONPATH=/home/zaynap/project_ws/build/robot_bringup/prefix_override:/usr/lib/python3/dist-packages/colcon_core/task/python/colcon_distutils_commands:/home/zaynap/project_ws/install/robot_bringup/lib/python3.10/site-packages:${PYTHONPATH} /usr/bin/python3 -W ignore:setup.py install is deprecated -W ignore:easy_install command is deprecated setup.py egg_info --egg-base ../../build/robot_bringup build --build-base /home/zaynap/project_ws/build/robot_bringup/build install --record /home/zaynap/project_ws/build/robot_bringup/install.log --single-version-externally-managed install_data
[6.013s] /home/zaynap/.local/lib/python3.10/site-packages/setuptools/_distutils/dist.py:270: UserWarning: Unknown distribution option: 'tests_require'
[6.013s]   warnings.warn(msg)
[6.151s] running egg_info
[6.174s] creating ../../build/robot_bringup/robot_bringup.egg-info
[6.174s] writing ../../build/robot_bringup/robot_bringup.egg-info/PKG-INFO
[6.175s] writing dependency_links to ../../build/robot_bringup/robot_bringup.egg-info/dependency_links.txt
[6.175s] writing requirements to ../../build/robot_bringup/robot_bringup.egg-info/requires.txt
[6.175s] writing top-level names to ../../build/robot_bringup/robot_bringup.egg-info/top_level.txt
[6.175s] writing manifest file '../../build/robot_bringup/robot_bringup.egg-info/SOURCES.txt'
[6.222s] reading manifest file '../../build/robot_bringup/robot_bringup.egg-info/SOURCES.txt'
[6.223s] writing manifest file '../../build/robot_bringup/robot_bringup.egg-info/SOURCES.txt'
[6.223s] running build
[6.223s] running build_py
[6.223s] creating /home/zaynap/project_ws/build/robot_bringup/build/lib/robot_bringup
[6.223s] copying robot_bringup/__init__.py -> /home/zaynap/project_ws/build/robot_bringup/build/lib/robot_bringup
[6.223s] running install
[6.228s] running install_lib
[6.249s] creating /home/zaynap/project_ws/install/robot_bringup/lib/python3.10/site-packages/robot_bringup
[6.249s] copying /home/zaynap/project_ws/build/robot_bringup/build/lib/robot_bringup/__init__.py -> /home/zaynap/project_ws/install/robot_bringup/lib/python3.10/site-packages/robot_bringup
[6.250s] byte-compiling /home/zaynap/project_ws/install/robot_bringup/lib/python3.10/site-packages/robot_bringup/__init__.py to __init__.cpython-310.pyc
[6.250s] running install_data
[6.250s] creating /home/zaynap/project_ws/install/robot_bringup/share/ament_index/resource_index/packages
[6.250s] copying resource/robot_bringup -> /home/zaynap/project_ws/install/robot_bringup/share/ament_index/resource_index/packages
[6.250s] copying package.xml -> /home/zaynap/project_ws/install/robot_bringup/share/robot_bringup
[6.251s] running install_egg_info
[6.274s] Copying ../../build/robot_bringup/robot_bringup.egg-info to /home/zaynap/project_ws/install/robot_bringup/lib/python3.10/site-packages/robot_bringup-0.0.0-py3.10.egg-info
[6.274s] running install_scripts
[6.447s] writing list of installed files to '/home/zaynap/project_ws/build/robot_bringup/install.log'
[6.474s] Invoked command in '/home/zaynap/project_ws/src/robot_bringup' returned '0': PYTHONPATH=/home/zaynap/project_ws/build/robot_bringup/prefix_override:/usr/lib/python3/dist-packages/colcon_core/task/python/colcon_distutils_commands:/home/zaynap/project_ws/install/robot_bringup/lib/python3.10/site-packages:${PYTHONPATH} /usr/bin/python3 -W ignore:setup.py install is deprecated -W ignore:easy_install command is deprecated setup.py egg_info --egg-base ../../build/robot_bringup build --build-base /home/zaynap/project_ws/build/robot_bringup/build install --record /home/zaynap/project_ws/build/robot_bringup/install.log --single-version-externally-managed install_data
