[0.025s] Invoking command in '/home/zaynap/project_ws/build/turtlebot3_node': AMENT_PREFIX_PATH=/home/zaynap/project_ws/install/turtlebot3_msgs:/home/zaynap/project_ws/install/dynamixel_sdk:${AMENT_PREFIX_PATH} CMAKE_PREFIX_PATH=/home/zaynap/project_ws/install/turtlebot3_msgs:/home/zaynap/project_ws/install/dynamixel_sdk:/home/zaynap/project_ws/install/model_description:/home/zaynap/project_ws/install/robot_bringup:/opt/ros/humble LD_LIBRARY_PATH=/home/zaynap/project_ws/install/turtlebot3_msgs/lib:/home/zaynap/project_ws/install/dynamixel_sdk/lib:${LD_LIBRARY_PATH} PYTHONPATH=/home/zaynap/project_ws/install/turtlebot3_msgs/local/lib/python3.10/dist-packages:${PYTHONPATH} /usr/bin/cmake /home/zaynap/project_ws/src/turtlebot3/turtlebot3_node -DCMAKE_INSTALL_PREFIX=/home/zaynap/project_ws/install/turtlebot3_node
[0.378s] -- The C compiler identification is GNU 11.4.0
[0.378s] -- The CXX compiler identification is GNU 11.4.0
[0.378s] -- Detecting C compiler ABI info
[0.378s] -- Detecting C compiler ABI info - done
[0.378s] -- Check for working C compiler: /usr/bin/cc - skipped
[0.378s] -- Detecting C compile features
[0.378s] -- Detecting C compile features - done
[0.378s] -- Detecting CXX compiler ABI info
[0.379s] -- Detecting CXX compiler ABI info - done
[0.379s] -- Check for working CXX compiler: /usr/bin/c++ - skipped
[0.379s] -- Detecting CXX compile features
[0.379s] -- Detecting CXX compile features - done
[0.379s] -- Found ament_cmake: 1.3.11 (/opt/ros/humble/share/ament_cmake/cmake)
[1.021s] -- Found Python3: /usr/bin/python3 (found version "3.10.12") found components: Interpreter 
[1.188s] -- Found dynamixel_sdk: 3.7.60 (/home/zaynap/project_ws/install/dynamixel_sdk/share/dynamixel_sdk/cmake)
[1.193s] -- Found geometry_msgs: 4.2.4 (/opt/ros/humble/share/geometry_msgs/cmake)
[1.262s] -- Found rosidl_generator_c: 3.1.6 (/opt/ros/humble/share/rosidl_generator_c/cmake)
[1.273s] -- Found rosidl_adapter: 3.1.6 (/opt/ros/humble/share/rosidl_adapter/cmake)
[1.290s] -- Found rosidl_generator_cpp: 3.1.6 (/opt/ros/humble/share/rosidl_generator_cpp/cmake)
[1.317s] -- Using all available rosidl_typesupport_c: rosidl_typesupport_fastrtps_c;rosidl_typesupport_introspection_c
[1.347s] -- Using all available rosidl_typesupport_cpp: rosidl_typesupport_fastrtps_cpp;rosidl_typesupport_introspection_cpp
[1.442s] -- Found message_filters: 4.3.5 (/opt/ros/humble/share/message_filters/cmake)
[1.543s] -- Found rmw_implementation_cmake: 6.1.2 (/opt/ros/humble/share/rmw_implementation_cmake/cmake)
[1.548s] -- Found rmw_fastrtps_cpp: 6.2.7 (/opt/ros/humble/share/rmw_fastrtps_cpp/cmake)
[1.685s] -- Found OpenSSL: /usr/lib/x86_64-linux-gnu/libcrypto.so (found version "3.0.2")  
[1.741s] -- Found FastRTPS: /opt/ros/humble/include  
[1.815s] -- Using RMW implementation 'rmw_fastrtps_cpp' as default
[1.826s] -- Looking for pthread.h
[1.957s] -- Looking for pthread.h - found
[1.958s] -- Performing Test CMAKE_HAVE_LIBC_PTHREAD
[2.072s] -- Performing Test CMAKE_HAVE_LIBC_PTHREAD - Success
[2.075s] -- Found Threads: TRUE  
[2.161s] -- Found nav_msgs: 4.2.4 (/opt/ros/humble/share/nav_msgs/cmake)
[2.200s] -- Found sensor_msgs: 4.2.4 (/opt/ros/humble/share/sensor_msgs/cmake)
[2.279s] -- Found std_srvs: 4.2.4 (/opt/ros/humble/share/std_srvs/cmake)
[2.312s] -- Found tf2: 0.25.12 (/opt/ros/humble/share/tf2/cmake)
[2.355s] -- Found tf2_ros: 0.25.12 (/opt/ros/humble/share/tf2_ros/cmake)
[2.746s] -- Found turtlebot3_msgs: 2.2.3 (/home/zaynap/project_ws/install/turtlebot3_msgs/share/turtlebot3_msgs/cmake)
[2.885s] -- Configuring done
[2.913s] -- Generating done
[2.925s] -- Build files have been written to: /home/zaynap/project_ws/build/turtlebot3_node
[2.936s] Invoked command in '/home/zaynap/project_ws/build/turtlebot3_node' returned '0': AMENT_PREFIX_PATH=/home/zaynap/project_ws/install/turtlebot3_msgs:/home/zaynap/project_ws/install/dynamixel_sdk:${AMENT_PREFIX_PATH} CMAKE_PREFIX_PATH=/home/zaynap/project_ws/install/turtlebot3_msgs:/home/zaynap/project_ws/install/dynamixel_sdk:/home/zaynap/project_ws/install/model_description:/home/zaynap/project_ws/install/robot_bringup:/opt/ros/humble LD_LIBRARY_PATH=/home/zaynap/project_ws/install/turtlebot3_msgs/lib:/home/zaynap/project_ws/install/dynamixel_sdk/lib:${LD_LIBRARY_PATH} PYTHONPATH=/home/zaynap/project_ws/install/turtlebot3_msgs/local/lib/python3.10/dist-packages:${PYTHONPATH} /usr/bin/cmake /home/zaynap/project_ws/src/turtlebot3/turtlebot3_node -DCMAKE_INSTALL_PREFIX=/home/zaynap/project_ws/install/turtlebot3_node
[2.939s] Invoking command in '/home/zaynap/project_ws/build/turtlebot3_node': AMENT_PREFIX_PATH=/home/zaynap/project_ws/install/turtlebot3_msgs:/home/zaynap/project_ws/install/dynamixel_sdk:${AMENT_PREFIX_PATH} CMAKE_PREFIX_PATH=/home/zaynap/project_ws/install/turtlebot3_msgs:/home/zaynap/project_ws/install/dynamixel_sdk:/home/zaynap/project_ws/install/model_description:/home/zaynap/project_ws/install/robot_bringup:/opt/ros/humble LD_LIBRARY_PATH=/home/zaynap/project_ws/install/turtlebot3_msgs/lib:/home/zaynap/project_ws/install/dynamixel_sdk/lib:${LD_LIBRARY_PATH} PYTHONPATH=/home/zaynap/project_ws/install/turtlebot3_msgs/local/lib/python3.10/dist-packages:${PYTHONPATH} /usr/bin/cmake --build /home/zaynap/project_ws/build/turtlebot3_node -- -j8 -l8
[2.996s] [  7%] [32mBuilding CXX object CMakeFiles/turtlebot3_node_lib.dir/src/devices/motor_power.cpp.o[0m
[2.996s] [ 21%] [32mBuilding CXX object CMakeFiles/turtlebot3_node_lib.dir/src/dynamixel_sdk_wrapper.cpp.o[0m
[2.999s] [ 14%] [32mBuilding CXX object CMakeFiles/turtlebot3_node_lib.dir/src/devices/sound.cpp.o[0m
[3.001s] [ 28%] [32mBuilding CXX object CMakeFiles/turtlebot3_node_lib.dir/src/devices/reset.cpp.o[0m
[3.003s] [ 35%] [32mBuilding CXX object CMakeFiles/turtlebot3_node_lib.dir/src/odometry.cpp.o[0m
[3.007s] [ 42%] [32mBuilding CXX object CMakeFiles/turtlebot3_node_lib.dir/src/diff_drive_controller.cpp.o[0m
[3.007s] [ 50%] [32mBuilding CXX object CMakeFiles/turtlebot3_node_lib.dir/src/sensors/battery_state.cpp.o[0m
[3.007s] [ 57%] [32mBuilding CXX object CMakeFiles/turtlebot3_node_lib.dir/src/turtlebot3.cpp.o[0m
[4.205s] [ 64%] [32mBuilding CXX object CMakeFiles/turtlebot3_node_lib.dir/src/sensors/imu.cpp.o[0m
[13.088s] [ 71%] [32mBuilding CXX object CMakeFiles/turtlebot3_node_lib.dir/src/sensors/joint_state.cpp.o[0m
[13.235s] [ 78%] [32mBuilding CXX object CMakeFiles/turtlebot3_node_lib.dir/src/sensors/sensor_state.cpp.o[0m
[33.539s] [ 85%] [32m[1mLinking CXX static library libturtlebot3_node_lib.a[0m
[37.625s] [ 85%] Built target turtlebot3_node_lib
[37.649s] [ 92%] [32mBuilding CXX object CMakeFiles/turtlebot3_ros.dir/src/node_main.cpp.o[0m
[41.088s] [100%] [32m[1mLinking CXX executable turtlebot3_ros[0m
[43.109s] [100%] Built target turtlebot3_ros
[43.122s] Invoked command in '/home/zaynap/project_ws/build/turtlebot3_node' returned '0': AMENT_PREFIX_PATH=/home/zaynap/project_ws/install/turtlebot3_msgs:/home/zaynap/project_ws/install/dynamixel_sdk:${AMENT_PREFIX_PATH} CMAKE_PREFIX_PATH=/home/zaynap/project_ws/install/turtlebot3_msgs:/home/zaynap/project_ws/install/dynamixel_sdk:/home/zaynap/project_ws/install/model_description:/home/zaynap/project_ws/install/robot_bringup:/opt/ros/humble LD_LIBRARY_PATH=/home/zaynap/project_ws/install/turtlebot3_msgs/lib:/home/zaynap/project_ws/install/dynamixel_sdk/lib:${LD_LIBRARY_PATH} PYTHONPATH=/home/zaynap/project_ws/install/turtlebot3_msgs/local/lib/python3.10/dist-packages:${PYTHONPATH} /usr/bin/cmake --build /home/zaynap/project_ws/build/turtlebot3_node -- -j8 -l8
[43.123s] Invoking command in '/home/zaynap/project_ws/build/turtlebot3_node': AMENT_PREFIX_PATH=/home/zaynap/project_ws/install/turtlebot3_msgs:/home/zaynap/project_ws/install/dynamixel_sdk:${AMENT_PREFIX_PATH} CMAKE_PREFIX_PATH=/home/zaynap/project_ws/install/turtlebot3_msgs:/home/zaynap/project_ws/install/dynamixel_sdk:/home/zaynap/project_ws/install/model_description:/home/zaynap/project_ws/install/robot_bringup:/opt/ros/humble LD_LIBRARY_PATH=/home/zaynap/project_ws/install/turtlebot3_msgs/lib:/home/zaynap/project_ws/install/dynamixel_sdk/lib:${LD_LIBRARY_PATH} PYTHONPATH=/home/zaynap/project_ws/install/turtlebot3_msgs/local/lib/python3.10/dist-packages:${PYTHONPATH} /usr/bin/cmake --install /home/zaynap/project_ws/build/turtlebot3_node
[43.130s] -- Install configuration: ""
[43.130s] -- Installing: /home/zaynap/project_ws/install/turtlebot3_node/share/turtlebot3_node/param
[43.130s] -- Installing: /home/zaynap/project_ws/install/turtlebot3_node/share/turtlebot3_node/param/waffle.yaml
[43.130s] -- Installing: /home/zaynap/project_ws/install/turtlebot3_node/share/turtlebot3_node/param/burger.yaml
[43.130s] -- Installing: /home/zaynap/project_ws/install/turtlebot3_node/share/turtlebot3_node/param/waffle_pi.yaml
[43.131s] -- Installing: /home/zaynap/project_ws/install/turtlebot3_node/lib/turtlebot3_node/turtlebot3_ros
[43.140s] -- Set runtime path of "/home/zaynap/project_ws/install/turtlebot3_node/lib/turtlebot3_node/turtlebot3_ros" to ""
[43.140s] -- Installing: /home/zaynap/project_ws/install/turtlebot3_node/share/ament_index/resource_index/package_run_dependencies/turtlebot3_node
[43.140s] -- Installing: /home/zaynap/project_ws/install/turtlebot3_node/share/ament_index/resource_index/parent_prefix_path/turtlebot3_node
[43.140s] -- Installing: /home/zaynap/project_ws/install/turtlebot3_node/share/turtlebot3_node/environment/ament_prefix_path.sh
[43.140s] -- Installing: /home/zaynap/project_ws/install/turtlebot3_node/share/turtlebot3_node/environment/ament_prefix_path.dsv
[43.140s] -- Installing: /home/zaynap/project_ws/install/turtlebot3_node/share/turtlebot3_node/environment/path.sh
[43.140s] -- Installing: /home/zaynap/project_ws/install/turtlebot3_node/share/turtlebot3_node/environment/path.dsv
[43.140s] -- Installing: /home/zaynap/project_ws/install/turtlebot3_node/share/turtlebot3_node/local_setup.bash
[43.141s] -- Installing: /home/zaynap/project_ws/install/turtlebot3_node/share/turtlebot3_node/local_setup.sh
[43.141s] -- Installing: /home/zaynap/project_ws/install/turtlebot3_node/share/turtlebot3_node/local_setup.zsh
[43.141s] -- Installing: /home/zaynap/project_ws/install/turtlebot3_node/share/turtlebot3_node/local_setup.dsv
[43.141s] -- Installing: /home/zaynap/project_ws/install/turtlebot3_node/share/turtlebot3_node/package.dsv
[43.158s] -- Installing: /home/zaynap/project_ws/install/turtlebot3_node/share/ament_index/resource_index/packages/turtlebot3_node
[43.159s] -- Installing: /home/zaynap/project_ws/install/turtlebot3_node/share/turtlebot3_node/cmake/ament_cmake_export_include_directories-extras.cmake
[43.159s] -- Installing: /home/zaynap/project_ws/install/turtlebot3_node/share/turtlebot3_node/cmake/turtlebot3_nodeConfig.cmake
[43.160s] -- Installing: /home/zaynap/project_ws/install/turtlebot3_node/share/turtlebot3_node/cmake/turtlebot3_nodeConfig-version.cmake
[43.160s] -- Installing: /home/zaynap/project_ws/install/turtlebot3_node/share/turtlebot3_node/package.xml
[43.167s] Invoked command in '/home/zaynap/project_ws/build/turtlebot3_node' returned '0': AMENT_PREFIX_PATH=/home/zaynap/project_ws/install/turtlebot3_msgs:/home/zaynap/project_ws/install/dynamixel_sdk:${AMENT_PREFIX_PATH} CMAKE_PREFIX_PATH=/home/zaynap/project_ws/install/turtlebot3_msgs:/home/zaynap/project_ws/install/dynamixel_sdk:/home/zaynap/project_ws/install/model_description:/home/zaynap/project_ws/install/robot_bringup:/opt/ros/humble LD_LIBRARY_PATH=/home/zaynap/project_ws/install/turtlebot3_msgs/lib:/home/zaynap/project_ws/install/dynamixel_sdk/lib:${LD_LIBRARY_PATH} PYTHONPATH=/home/zaynap/project_ws/install/turtlebot3_msgs/local/lib/python3.10/dist-packages:${PYTHONPATH} /usr/bin/cmake --install /home/zaynap/project_ws/build/turtlebot3_node
