[0.010s] Invoking command in '/home/zaynap/project_ws/build/model_description': CMAKE_PREFIX_PATH=${CMAKE_PREFIX_PATH}:/home/zaynap/project_ws/install/robot_bringup:/opt/ros/humble /usr/bin/cmake --build /home/zaynap/project_ws/build/model_description -- -j8 -l8
[0.030s] -- Found ament_cmake: 1.3.11 (/opt/ros/humble/share/ament_cmake/cmake)
[0.150s] -- Found ament_lint_auto: 0.12.11 (/opt/ros/humble/share/ament_lint_auto/cmake)
[0.231s] -- Added test 'lint_cmake' to check CMake code style
[0.232s] -- Added test 'xmllint' to check XML markup files
[0.232s] -- Configuring done
[0.234s] -- Generating done
[0.236s] -- Build files have been written to: /home/zaynap/project_ws/build/model_description
[0.253s] Invoked command in '/home/zaynap/project_ws/build/model_description' returned '0': CMAKE_PREFIX_PATH=${CMAKE_PREFIX_PATH}:/home/zaynap/project_ws/install/robot_bringup:/opt/ros/humble /usr/bin/cmake --build /home/zaynap/project_ws/build/model_description -- -j8 -l8
[0.261s] Invoking command in '/home/zaynap/project_ws/build/model_description': CMAKE_PREFIX_PATH=${CMAKE_PREFIX_PATH}:/home/zaynap/project_ws/install/robot_bringup:/opt/ros/humble /usr/bin/cmake --install /home/zaynap/project_ws/build/model_description
[0.268s] -- Install configuration: ""
[0.268s] -- Installing: /home/zaynap/project_ws/install/model_description/share/model_description//worlds
[0.268s] -- Installing: /home/zaynap/project_ws/install/model_description/share/model_description//worlds/model.sdf
[0.268s] -- Up-to-date: /home/zaynap/project_ws/install/model_description/share/ament_index/resource_index/package_run_dependencies/model_description
[0.268s] -- Installing: /home/zaynap/project_ws/install/model_description/share/ament_index/resource_index/parent_prefix_path/model_description
[0.268s] -- Up-to-date: /home/zaynap/project_ws/install/model_description/share/model_description/environment/ament_prefix_path.sh
[0.268s] -- Installing: /home/zaynap/project_ws/install/model_description/share/model_description/environment/ament_prefix_path.dsv
[0.268s] -- Up-to-date: /home/zaynap/project_ws/install/model_description/share/model_description/environment/path.sh
[0.268s] -- Installing: /home/zaynap/project_ws/install/model_description/share/model_description/environment/path.dsv
[0.268s] -- Up-to-date: /home/zaynap/project_ws/install/model_description/share/model_description/local_setup.bash
[0.268s] -- Up-to-date: /home/zaynap/project_ws/install/model_description/share/model_description/local_setup.sh
[0.269s] -- Up-to-date: /home/zaynap/project_ws/install/model_description/share/model_description/local_setup.zsh
[0.269s] -- Installing: /home/zaynap/project_ws/install/model_description/share/model_description/local_setup.dsv
[0.269s] -- Installing: /home/zaynap/project_ws/install/model_description/share/model_description/package.dsv
[0.269s] -- Up-to-date: /home/zaynap/project_ws/install/model_description/share/ament_index/resource_index/packages/model_description
[0.269s] -- Up-to-date: /home/zaynap/project_ws/install/model_description/share/model_description/cmake/model_descriptionConfig.cmake
[0.269s] -- Up-to-date: /home/zaynap/project_ws/install/model_description/share/model_description/cmake/model_descriptionConfig-version.cmake
[0.269s] -- Up-to-date: /home/zaynap/project_ws/install/model_description/share/model_description/package.xml
[0.270s] Invoked command in '/home/zaynap/project_ws/build/model_description' returned '0': CMAKE_PREFIX_PATH=${CMAKE_PREFIX_PATH}:/home/zaynap/project_ws/install/robot_bringup:/opt/ros/humble /usr/bin/cmake --install /home/zaynap/project_ws/build/model_description
