[0.429s] Invoking command in '/home/zaynap/project_ws/build/model_description': CMAKE_PREFIX_PATH=${CMAKE_PREFIX_PATH}:/home/zaynap/project_ws/install/robot_bringup:/home/zaynap/project_ws/install/gap_follower:/opt/ros/humble /usr/bin/cmake --build /home/zaynap/project_ws/build/model_description -- -j8 -l8
[0.840s] Invoked command in '/home/zaynap/project_ws/build/model_description' returned '0': CMAKE_PREFIX_PATH=${CMAKE_PREFIX_PATH}:/home/zaynap/project_ws/install/robot_bringup:/home/zaynap/project_ws/install/gap_follower:/opt/ros/humble /usr/bin/cmake --build /home/zaynap/project_ws/build/model_description -- -j8 -l8
[0.853s] Invoking command in '/home/zaynap/project_ws/build/model_description': CMAKE_PREFIX_PATH=${CMAKE_PREFIX_PATH}:/home/zaynap/project_ws/install/robot_bringup:/home/zaynap/project_ws/install/gap_follower:/opt/ros/humble /usr/bin/cmake --install /home/zaynap/project_ws/build/model_description
[0.863s] -- Install configuration: ""
[0.864s] -- Up-to-date: /home/zaynap/project_ws/install/model_description/share/model_description//worlds
[0.864s] -- Up-to-date: /home/zaynap/project_ws/install/model_description/share/model_description//worlds/install
[0.865s] -- Up-to-date: /home/zaynap/project_ws/install/model_description/share/model_description//worlds/install/setup.bash
[0.865s] -- Up-to-date: /home/zaynap/project_ws/install/model_description/share/model_description//worlds/install/setup.ps1
[0.865s] -- Up-to-date: /home/zaynap/project_ws/install/model_description/share/model_description//worlds/install/_local_setup_util_ps1.py
[0.865s] -- Up-to-date: /home/zaynap/project_ws/install/model_description/share/model_description//worlds/install/_local_setup_util_sh.py
[0.866s] -- Up-to-date: /home/zaynap/project_ws/install/model_description/share/model_description//worlds/install/local_setup.bash
[0.866s] -- Up-to-date: /home/zaynap/project_ws/install/model_description/share/model_description//worlds/install/local_setup.ps1
[0.866s] -- Up-to-date: /home/zaynap/project_ws/install/model_description/share/model_description//worlds/install/COLCON_IGNORE
[0.866s] -- Up-to-date: /home/zaynap/project_ws/install/model_description/share/model_description//worlds/install/setup.zsh
[0.866s] -- Up-to-date: /home/zaynap/project_ws/install/model_description/share/model_description//worlds/install/local_setup.sh
[0.866s] -- Up-to-date: /home/zaynap/project_ws/install/model_description/share/model_description//worlds/install/.colcon_install_layout
[0.866s] -- Up-to-date: /home/zaynap/project_ws/install/model_description/share/model_description//worlds/install/setup.sh
[0.867s] -- Up-to-date: /home/zaynap/project_ws/install/model_description/share/model_description//worlds/install/local_setup.zsh
[0.867s] -- Up-to-date: /home/zaynap/project_ws/install/model_description/share/model_description//worlds/log
[0.867s] -- Up-to-date: /home/zaynap/project_ws/install/model_description/share/model_description//worlds/log/build_2025-03-01_01-52-05
[0.867s] -- Up-to-date: /home/zaynap/project_ws/install/model_description/share/model_description//worlds/log/build_2025-03-01_01-52-05/events.log
[0.867s] -- Up-to-date: /home/zaynap/project_ws/install/model_description/share/model_description//worlds/log/build_2025-03-01_01-52-05/logger_all.log
[0.867s] -- Up-to-date: /home/zaynap/project_ws/install/model_description/share/model_description//worlds/log/latest_build
[0.867s] -- Up-to-date: /home/zaynap/project_ws/install/model_description/share/model_description//worlds/log/COLCON_IGNORE
[0.867s] -- Up-to-date: /home/zaynap/project_ws/install/model_description/share/model_description//worlds/log/latest
[0.868s] -- Up-to-date: /home/zaynap/project_ws/install/model_description/share/model_description//worlds/world.sdf
[0.869s] -- Up-to-date: /home/zaynap/project_ws/install/model_description/share/model_description//worlds/build
[0.870s] -- Up-to-date: /home/zaynap/project_ws/install/model_description/share/model_description//worlds/build/.built_by
[0.870s] -- Up-to-date: /home/zaynap/project_ws/install/model_description/share/model_description//worlds/build/COLCON_IGNORE
[0.871s] -- Up-to-date: /home/zaynap/project_ws/install/model_description/share/model_description//models
[0.872s] -- Up-to-date: /home/zaynap/project_ws/install/model_description/share/model_description//models/model.config
[0.872s] -- Up-to-date: /home/zaynap/project_ws/install/model_description/share/model_description//models/thumbnails
[0.873s] -- Up-to-date: /home/zaynap/project_ws/install/model_description/share/model_description//models/thumbnails/turtlebot3_burger.jpg
[0.874s] -- Up-to-date: /home/zaynap/project_ws/install/model_description/share/model_description//models/meshes
[0.874s] -- Up-to-date: /home/zaynap/project_ws/install/model_description/share/model_description//models/meshes/burger_base.stl
[0.874s] -- Up-to-date: /home/zaynap/project_ws/install/model_description/share/model_description//models/meshes/left_tire.stl
[0.874s] -- Up-to-date: /home/zaynap/project_ws/install/model_description/share/model_description//models/meshes/right_tire.stl
[0.874s] -- Up-to-date: /home/zaynap/project_ws/install/model_description/share/model_description//models/meshes/lds.stl
[0.874s] -- Up-to-date: /home/zaynap/project_ws/install/model_description/share/model_description//models/model.sdf
[0.875s] -- Up-to-date: /home/zaynap/project_ws/install/model_description/share/model_description//rviz
[0.875s] -- Up-to-date: /home/zaynap/project_ws/install/model_description/share/model_description//rviz/model.rviz
[0.875s] -- Up-to-date: /home/zaynap/project_ws/install/model_description/share/ament_index/resource_index/package_run_dependencies/model_description
[0.875s] -- Up-to-date: /home/zaynap/project_ws/install/model_description/share/ament_index/resource_index/parent_prefix_path/model_description
[0.875s] -- Up-to-date: /home/zaynap/project_ws/install/model_description/share/model_description/environment/ament_prefix_path.sh
[0.876s] -- Up-to-date: /home/zaynap/project_ws/install/model_description/share/model_description/environment/ament_prefix_path.dsv
[0.876s] -- Up-to-date: /home/zaynap/project_ws/install/model_description/share/model_description/environment/path.sh
[0.876s] -- Up-to-date: /home/zaynap/project_ws/install/model_description/share/model_description/environment/path.dsv
[0.876s] -- Up-to-date: /home/zaynap/project_ws/install/model_description/share/model_description/local_setup.bash
[0.876s] -- Up-to-date: /home/zaynap/project_ws/install/model_description/share/model_description/local_setup.sh
[0.876s] -- Up-to-date: /home/zaynap/project_ws/install/model_description/share/model_description/local_setup.zsh
[0.876s] -- Up-to-date: /home/zaynap/project_ws/install/model_description/share/model_description/local_setup.dsv
[0.876s] -- Installing: /home/zaynap/project_ws/install/model_description/share/model_description/package.dsv
[0.877s] -- Up-to-date: /home/zaynap/project_ws/install/model_description/share/ament_index/resource_index/packages/model_description
[0.877s] -- Up-to-date: /home/zaynap/project_ws/install/model_description/share/model_description/cmake/model_descriptionConfig.cmake
[0.877s] -- Up-to-date: /home/zaynap/project_ws/install/model_description/share/model_description/cmake/model_descriptionConfig-version.cmake
[0.877s] -- Up-to-date: /home/zaynap/project_ws/install/model_description/share/model_description/package.xml
[0.877s] Invoked command in '/home/zaynap/project_ws/build/model_description' returned '0': CMAKE_PREFIX_PATH=${CMAKE_PREFIX_PATH}:/home/zaynap/project_ws/install/robot_bringup:/home/zaynap/project_ws/install/gap_follower:/opt/ros/humble /usr/bin/cmake --install /home/zaynap/project_ws/build/model_description
