[1.291s] Invoking command in '/home/zaynap/project_ws/src/robot_bringup': PYTHONPATH=/home/zaynap/project_ws/build/robot_bringup/prefix_override:/usr/lib/python3/dist-packages/colcon_core/task/python/colcon_distutils_commands:/home/zaynap/project_ws/install/robot_bringup/lib/python3.10/site-packages:${PYTHONPATH} /usr/bin/python3 -W ignore:setup.py install is deprecated -W ignore:easy_install command is deprecated setup.py egg_info --egg-base ../../build/robot_bringup build --build-base /home/zaynap/project_ws/build/robot_bringup/build install --record /home/zaynap/project_ws/build/robot_bringup/install.log --single-version-externally-managed install_data
[1.474s] /home/zaynap/.local/lib/python3.10/site-packages/setuptools/_distutils/dist.py:270: UserWarning: Unknown distribution option: 'tests_require'
[1.474s]   warnings.warn(msg)
[1.621s] running egg_info
[1.644s] writing ../../build/robot_bringup/robot_bringup.egg-info/PKG-INFO
[1.645s] writing dependency_links to ../../build/robot_bringup/robot_bringup.egg-info/dependency_links.txt
[1.645s] writing requirements to ../../build/robot_bringup/robot_bringup.egg-info/requires.txt
[1.645s] writing top-level names to ../../build/robot_bringup/robot_bringup.egg-info/top_level.txt
[1.697s] reading manifest file '../../build/robot_bringup/robot_bringup.egg-info/SOURCES.txt'
[1.698s] writing manifest file '../../build/robot_bringup/robot_bringup.egg-info/SOURCES.txt'
[1.698s] running build
[1.699s] running build_py
[1.699s] copying robot_bringup/__init__.py -> /home/zaynap/project_ws/build/robot_bringup/build/lib/robot_bringup
[1.699s] running install
[1.704s] running install_lib
[1.730s] running install_data
[1.731s] copying resource/robot_bringup -> /home/zaynap/project_ws/install/robot_bringup/share/ament_index/resource_index/packages
[1.731s] copying package.xml -> /home/zaynap/project_ws/install/robot_bringup/share/robot_bringup
[1.731s] copying launch/bringup_robot.launch.py -> /home/zaynap/project_ws/install/robot_bringup/share/robot_bringup/launch
[1.731s] copying launch/bringup_robot_optimized.launch.py -> /home/zaynap/project_ws/install/robot_bringup/share/robot_bringup/launch
[1.731s] running install_egg_info
[1.758s] removing '/home/zaynap/project_ws/install/robot_bringup/lib/python3.10/site-packages/robot_bringup-0.0.0-py3.10.egg-info' (and everything under it)
[1.758s] Copying ../../build/robot_bringup/robot_bringup.egg-info to /home/zaynap/project_ws/install/robot_bringup/lib/python3.10/site-packages/robot_bringup-0.0.0-py3.10.egg-info
[1.759s] running install_scripts
[1.954s] writing list of installed files to '/home/zaynap/project_ws/build/robot_bringup/install.log'
[2.002s] Invoked command in '/home/zaynap/project_ws/src/robot_bringup' returned '0': PYTHONPATH=/home/zaynap/project_ws/build/robot_bringup/prefix_override:/usr/lib/python3/dist-packages/colcon_core/task/python/colcon_distutils_commands:/home/zaynap/project_ws/install/robot_bringup/lib/python3.10/site-packages:${PYTHONPATH} /usr/bin/python3 -W ignore:setup.py install is deprecated -W ignore:easy_install command is deprecated setup.py egg_info --egg-base ../../build/robot_bringup build --build-base /home/zaynap/project_ws/build/robot_bringup/build install --record /home/zaynap/project_ws/build/robot_bringup/install.log --single-version-externally-managed install_data
