[0.035s] Invoking command in '/home/zaynap/project_ws/build/turtlebot3_navigation2': CMAKE_PREFIX_PATH=${CMAKE_PREFIX_PATH}:/home/zaynap/project_ws/install/robot_bringup:/opt/ros/humble /usr/bin/cmake --build /home/zaynap/project_ws/build/turtlebot3_navigation2 -- -j8 -l8
[0.409s] Invoked command in '/home/zaynap/project_ws/build/turtlebot3_navigation2' returned '0': CMAKE_PREFIX_PATH=${CMAKE_PREFIX_PATH}:/home/zaynap/project_ws/install/robot_bringup:/opt/ros/humble /usr/bin/cmake --build /home/zaynap/project_ws/build/turtlebot3_navigation2 -- -j8 -l8
[0.412s] Invoking command in '/home/zaynap/project_ws/build/turtlebot3_navigation2': CMAKE_PREFIX_PATH=${CMAKE_PREFIX_PATH}:/home/zaynap/project_ws/install/robot_bringup:/opt/ros/humble /usr/bin/cmake --install /home/zaynap/project_ws/build/turtlebot3_navigation2
[0.442s] -- Install configuration: ""
[0.443s] -- Up-to-date: /home/zaynap/project_ws/install/turtlebot3_navigation2/share/turtlebot3_navigation2/launch
[0.443s] -- Up-to-date: /home/zaynap/project_ws/install/turtlebot3_navigation2/share/turtlebot3_navigation2/launch/navigation2.launch.py
[0.443s] -- Up-to-date: /home/zaynap/project_ws/install/turtlebot3_navigation2/share/turtlebot3_navigation2/map
[0.443s] -- Up-to-date: /home/zaynap/project_ws/install/turtlebot3_navigation2/share/turtlebot3_navigation2/map/map.yaml
[0.443s] -- Up-to-date: /home/zaynap/project_ws/install/turtlebot3_navigation2/share/turtlebot3_navigation2/map/map.pgm
[0.443s] -- Up-to-date: /home/zaynap/project_ws/install/turtlebot3_navigation2/share/turtlebot3_navigation2/param
[0.443s] -- Up-to-date: /home/zaynap/project_ws/install/turtlebot3_navigation2/share/turtlebot3_navigation2/param/waffle.yaml
[0.443s] -- Up-to-date: /home/zaynap/project_ws/install/turtlebot3_navigation2/share/turtlebot3_navigation2/param/burger.yaml
[0.443s] -- Up-to-date: /home/zaynap/project_ws/install/turtlebot3_navigation2/share/turtlebot3_navigation2/param/waffle_pi.yaml
[0.443s] -- Up-to-date: /home/zaynap/project_ws/install/turtlebot3_navigation2/share/turtlebot3_navigation2/rviz
[0.444s] -- Up-to-date: /home/zaynap/project_ws/install/turtlebot3_navigation2/share/turtlebot3_navigation2/rviz/tb3_navigation2.rviz
[0.444s] -- Up-to-date: /home/zaynap/project_ws/install/turtlebot3_navigation2/share/ament_index/resource_index/package_run_dependencies/turtlebot3_navigation2
[0.444s] -- Up-to-date: /home/zaynap/project_ws/install/turtlebot3_navigation2/share/ament_index/resource_index/parent_prefix_path/turtlebot3_navigation2
[0.444s] -- Up-to-date: /home/zaynap/project_ws/install/turtlebot3_navigation2/share/turtlebot3_navigation2/environment/ament_prefix_path.sh
[0.444s] -- Up-to-date: /home/zaynap/project_ws/install/turtlebot3_navigation2/share/turtlebot3_navigation2/environment/ament_prefix_path.dsv
[0.444s] -- Up-to-date: /home/zaynap/project_ws/install/turtlebot3_navigation2/share/turtlebot3_navigation2/environment/path.sh
[0.444s] -- Up-to-date: /home/zaynap/project_ws/install/turtlebot3_navigation2/share/turtlebot3_navigation2/environment/path.dsv
[0.444s] -- Up-to-date: /home/zaynap/project_ws/install/turtlebot3_navigation2/share/turtlebot3_navigation2/local_setup.bash
[0.444s] -- Up-to-date: /home/zaynap/project_ws/install/turtlebot3_navigation2/share/turtlebot3_navigation2/local_setup.sh
[0.444s] -- Up-to-date: /home/zaynap/project_ws/install/turtlebot3_navigation2/share/turtlebot3_navigation2/local_setup.zsh
[0.445s] -- Up-to-date: /home/zaynap/project_ws/install/turtlebot3_navigation2/share/turtlebot3_navigation2/local_setup.dsv
[0.445s] -- Installing: /home/zaynap/project_ws/install/turtlebot3_navigation2/share/turtlebot3_navigation2/package.dsv
[0.445s] -- Up-to-date: /home/zaynap/project_ws/install/turtlebot3_navigation2/share/ament_index/resource_index/packages/turtlebot3_navigation2
[0.445s] -- Up-to-date: /home/zaynap/project_ws/install/turtlebot3_navigation2/share/turtlebot3_navigation2/cmake/turtlebot3_navigation2Config.cmake
[0.445s] -- Up-to-date: /home/zaynap/project_ws/install/turtlebot3_navigation2/share/turtlebot3_navigation2/cmake/turtlebot3_navigation2Config-version.cmake
[0.445s] -- Up-to-date: /home/zaynap/project_ws/install/turtlebot3_navigation2/share/turtlebot3_navigation2/package.xml
[0.504s] Invoked command in '/home/zaynap/project_ws/build/turtlebot3_navigation2' returned '0': CMAKE_PREFIX_PATH=${CMAKE_PREFIX_PATH}:/home/zaynap/project_ws/install/robot_bringup:/opt/ros/humble /usr/bin/cmake --install /home/zaynap/project_ws/build/turtlebot3_navigation2
