-- Install configuration: ""
-- Up-to-date: /home/zaynap/project_ws/install/model_description/share/model_description//worlds
-- Up-to-date: /home/zaynap/project_ws/install/model_description/share/model_description//worlds/world.sdf
-- Up-to-date: /home/zaynap/project_ws/install/model_description/share/model_description//models
-- Installing: /home/zaynap/project_ws/install/model_description/share/model_description//models/model.config
-- Up-to-date: /home/zaynap/project_ws/install/model_description/share/model_description//models/thumbnails
-- Installing: /home/zaynap/project_ws/install/model_description/share/model_description//models/thumbnails/2.jpg
-- Installing: /home/zaynap/project_ws/install/model_description/share/model_description//models/thumbnails/4.jpg
-- Installing: /home/zaynap/project_ws/install/model_description/share/model_description//models/thumbnails/3.jpg
-- Up-to-date: /home/zaynap/project_ws/install/model_description/share/model_description//models/thumbnails/turtlebot3_burger.jpg
-- Installing: /home/zaynap/project_ws/install/model_description/share/model_description//models/thumbnails/1.jpg
-- Up-to-date: /home/zaynap/project_ws/install/model_description/share/model_description//models/meshes
-- Installing: /home/zaynap/project_ws/install/model_description/share/model_description//models/meshes/user_rail.dae
-- Installing: /home/zaynap/project_ws/install/model_description/share/model_description//models/meshes/top_plate.dae
-- Installing: /home/zaynap/project_ws/install/model_description/share/model_description//models/meshes/top_chassis.dae
-- Installing: /home/zaynap/project_ws/install/model_description/share/model_description//models/meshes/jpl04_arch_nosensor.stl
-- Up-to-date: /home/zaynap/project_ws/install/model_description/share/model_description//models/meshes/burger_base.stl
-- Installing: /home/zaynap/project_ws/install/model_description/share/model_description//models/meshes/base_link.dae
-- Installing: /home/zaynap/project_ws/install/model_description/share/model_description//models/meshes/spotlight.dae
-- Up-to-date: /home/zaynap/project_ws/install/model_description/share/model_description//models/meshes/left_tire.stl
-- Installing: /home/zaynap/project_ws/install/model_description/share/model_description//models/meshes/bumper.dae
-- Installing: /home/zaynap/project_ws/install/model_description/share/model_description//models/meshes/realsense.dae
-- Installing: /home/zaynap/project_ws/install/model_description/share/model_description//models/meshes/wheel.dae
-- Up-to-date: /home/zaynap/project_ws/install/model_description/share/model_description//models/meshes/right_tire.stl
-- Installing: /home/zaynap/project_ws/install/model_description/share/model_description//models/meshes/VLP16_base_1.dae
-- Up-to-date: /home/zaynap/project_ws/install/model_description/share/model_description//models/meshes/lds.stl
-- Installing: /home/zaynap/project_ws/install/model_description/share/model_description//models/meshes/VLP16_base_2.dae
-- Installing: /home/zaynap/project_ws/install/model_description/share/model_description//models/meshes/VLP16_scan.dae
-- Installing: /home/zaynap/project_ws/install/model_description/share/model_description//models/model.sdf
-- Up-to-date: /home/zaynap/project_ws/install/model_description/share/model_description//models/materials
-- Up-to-date: /home/zaynap/project_ws/install/model_description/share/model_description//models/materials/textures
-- Installing: /home/zaynap/project_ws/install/model_description/share/model_description//models/materials/textures/spotlight.jpg
-- Installing: /home/zaynap/project_ws/install/model_description/share/model_description//models/materials/textures/realsense_diffuse.jpg
-- Up-to-date: /home/zaynap/project_ws/install/model_description/share/ament_index/resource_index/package_run_dependencies/model_description
-- Up-to-date: /home/zaynap/project_ws/install/model_description/share/ament_index/resource_index/parent_prefix_path/model_description
-- Up-to-date: /home/zaynap/project_ws/install/model_description/share/model_description/environment/ament_prefix_path.sh
-- Up-to-date: /home/zaynap/project_ws/install/model_description/share/model_description/environment/ament_prefix_path.dsv
-- Up-to-date: /home/zaynap/project_ws/install/model_description/share/model_description/environment/path.sh
-- Up-to-date: /home/zaynap/project_ws/install/model_description/share/model_description/environment/path.dsv
-- Up-to-date: /home/zaynap/project_ws/install/model_description/share/model_description/local_setup.bash
-- Up-to-date: /home/zaynap/project_ws/install/model_description/share/model_description/local_setup.sh
-- Up-to-date: /home/zaynap/project_ws/install/model_description/share/model_description/local_setup.zsh
-- Up-to-date: /home/zaynap/project_ws/install/model_description/share/model_description/local_setup.dsv
-- Installing: /home/zaynap/project_ws/install/model_description/share/model_description/package.dsv
-- Up-to-date: /home/zaynap/project_ws/install/model_description/share/ament_index/resource_index/packages/model_description
-- Up-to-date: /home/zaynap/project_ws/install/model_description/share/model_description/cmake/model_descriptionConfig.cmake
-- Up-to-date: /home/zaynap/project_ws/install/model_description/share/model_description/cmake/model_descriptionConfig-version.cmake
-- Up-to-date: /home/zaynap/project_ws/install/model_description/share/model_description/package.xml
