[1.247s] Invoking command in '/home/zaynap/project_ws/src/turtlebot3/turtlebot3_teleop': PYTHONPATH=/home/zaynap/project_ws/build/turtlebot3_teleop/prefix_override:/usr/lib/python3/dist-packages/colcon_core/task/python/colcon_distutils_commands:/home/zaynap/project_ws/install/turtlebot3_teleop/lib/python3.10/site-packages:${PYTHONPATH} /usr/bin/python3 -W ignore:setup.py install is deprecated -W ignore:easy_install command is deprecated setup.py egg_info --egg-base ../../../build/turtlebot3_teleop build --build-base /home/zaynap/project_ws/build/turtlebot3_teleop/build install --record /home/zaynap/project_ws/build/turtlebot3_teleop/install.log --single-version-externally-managed install_data
[1.508s] /home/zaynap/.local/lib/python3.10/site-packages/setuptools/_distutils/dist.py:270: UserWarning: Unknown distribution option: 'tests_require'
[1.508s]   warnings.warn(msg)
[1.644s] running egg_info
[1.667s] writing ../../../build/turtlebot3_teleop/turtlebot3_teleop.egg-info/PKG-INFO
[1.667s] writing dependency_links to ../../../build/turtlebot3_teleop/turtlebot3_teleop.egg-info/dependency_links.txt
[1.667s] writing entry points to ../../../build/turtlebot3_teleop/turtlebot3_teleop.egg-info/entry_points.txt
[1.668s] writing requirements to ../../../build/turtlebot3_teleop/turtlebot3_teleop.egg-info/requires.txt
[1.668s] writing top-level names to ../../../build/turtlebot3_teleop/turtlebot3_teleop.egg-info/top_level.txt
[1.715s] reading manifest file '../../../build/turtlebot3_teleop/turtlebot3_teleop.egg-info/SOURCES.txt'
[1.717s] writing manifest file '../../../build/turtlebot3_teleop/turtlebot3_teleop.egg-info/SOURCES.txt'
[1.717s] running build
[1.717s] running build_py
[1.718s] copying turtlebot3_teleop/__init__.py -> /home/zaynap/project_ws/build/turtlebot3_teleop/build/lib/turtlebot3_teleop
[1.718s] copying turtlebot3_teleop/script/teleop_keyboard.py -> /home/zaynap/project_ws/build/turtlebot3_teleop/build/lib/turtlebot3_teleop/script
[1.718s] copying turtlebot3_teleop/script/__init__.py -> /home/zaynap/project_ws/build/turtlebot3_teleop/build/lib/turtlebot3_teleop/script
[1.719s] running install
[1.725s] running install_lib
[1.749s] running install_data
[1.749s] copying resource/turtlebot3_teleop -> /home/zaynap/project_ws/install/turtlebot3_teleop/share/ament_index/resource_index/packages
[1.749s] copying package.xml -> /home/zaynap/project_ws/install/turtlebot3_teleop/share/turtlebot3_teleop
[1.749s] running install_egg_info
[1.773s] removing '/home/zaynap/project_ws/install/turtlebot3_teleop/lib/python3.10/site-packages/turtlebot3_teleop-2.1.5-py3.10.egg-info' (and everything under it)
[1.773s] Copying ../../../build/turtlebot3_teleop/turtlebot3_teleop.egg-info to /home/zaynap/project_ws/install/turtlebot3_teleop/lib/python3.10/site-packages/turtlebot3_teleop-2.1.5-py3.10.egg-info
[1.774s] running install_scripts
[1.956s] Installing teleop_keyboard script to /home/zaynap/project_ws/install/turtlebot3_teleop/lib/turtlebot3_teleop
[1.957s] writing list of installed files to '/home/zaynap/project_ws/build/turtlebot3_teleop/install.log'
[1.987s] Invoked command in '/home/zaynap/project_ws/src/turtlebot3/turtlebot3_teleop' returned '0': PYTHONPATH=/home/zaynap/project_ws/build/turtlebot3_teleop/prefix_override:/usr/lib/python3/dist-packages/colcon_core/task/python/colcon_distutils_commands:/home/zaynap/project_ws/install/turtlebot3_teleop/lib/python3.10/site-packages:${PYTHONPATH} /usr/bin/python3 -W ignore:setup.py install is deprecated -W ignore:easy_install command is deprecated setup.py egg_info --egg-base ../../../build/turtlebot3_teleop build --build-base /home/zaynap/project_ws/build/turtlebot3_teleop/build install --record /home/zaynap/project_ws/build/turtlebot3_teleop/install.log --single-version-externally-managed install_data
