[1.020s] Invoking command in '/home/zaynap/project_ws/src/turtlebot3/turtlebot3_example': AMENT_PREFIX_PATH=/home/zaynap/project_ws/install/turtlebot3_msgs:${AMENT_PREFIX_PATH} CMAKE_PREFIX_PATH=/home/zaynap/project_ws/install/turtlebot3_msgs:${CMAKE_PREFIX_PATH} LD_LIBRARY_PATH=/home/zaynap/project_ws/install/turtlebot3_msgs/lib:${LD_LIBRARY_PATH} PYTHONPATH=/home/zaynap/project_ws/build/turtlebot3_example/prefix_override:/usr/lib/python3/dist-packages/colcon_core/task/python/colcon_distutils_commands:/home/zaynap/project_ws/install/turtlebot3_example/lib/python3.10/site-packages:/home/zaynap/project_ws/install/turtlebot3_msgs/local/lib/python3.10/dist-packages:${PYTHONPATH} /usr/bin/python3 -W ignore:setup.py install is deprecated -W ignore:easy_install command is deprecated setup.py egg_info --egg-base ../../../build/turtlebot3_example build --build-base /home/zaynap/project_ws/build/turtlebot3_example/build install --record /home/zaynap/project_ws/build/turtlebot3_example/install.log --single-version-externally-managed install_data
[1.323s] running egg_info
[1.344s] writing ../../../build/turtlebot3_example/turtlebot3_example.egg-info/PKG-INFO
[1.344s] writing dependency_links to ../../../build/turtlebot3_example/turtlebot3_example.egg-info/dependency_links.txt
[1.345s] writing entry points to ../../../build/turtlebot3_example/turtlebot3_example.egg-info/entry_points.txt
[1.345s] writing requirements to ../../../build/turtlebot3_example/turtlebot3_example.egg-info/requires.txt
[1.345s] writing top-level names to ../../../build/turtlebot3_example/turtlebot3_example.egg-info/top_level.txt
[1.392s] reading manifest file '../../../build/turtlebot3_example/turtlebot3_example.egg-info/SOURCES.txt'
[1.394s] writing manifest file '../../../build/turtlebot3_example/turtlebot3_example.egg-info/SOURCES.txt'
[1.394s] running build
[1.394s] running build_py
[1.394s] copying turtlebot3_example/__init__.py -> /home/zaynap/project_ws/build/turtlebot3_example/build/lib/turtlebot3_example
[1.394s] copying turtlebot3_example/turtlebot3_patrol_server/turtlebot3_patrol_server.py -> /home/zaynap/project_ws/build/turtlebot3_example/build/lib/turtlebot3_example/turtlebot3_patrol_server
[1.395s] copying turtlebot3_example/turtlebot3_patrol_server/__init__.py -> /home/zaynap/project_ws/build/turtlebot3_example/build/lib/turtlebot3_example/turtlebot3_patrol_server
[1.395s] copying turtlebot3_example/turtlebot3_patrol_server/main.py -> /home/zaynap/project_ws/build/turtlebot3_example/build/lib/turtlebot3_example/turtlebot3_patrol_server
[1.395s] copying turtlebot3_example/turtlebot3_patrol_server/turtlebot3_path.py -> /home/zaynap/project_ws/build/turtlebot3_example/build/lib/turtlebot3_example/turtlebot3_patrol_server
[1.395s] copying turtlebot3_example/turtlebot3_obstacle_detection/__init__.py -> /home/zaynap/project_ws/build/turtlebot3_example/build/lib/turtlebot3_example/turtlebot3_obstacle_detection
[1.395s] copying turtlebot3_example/turtlebot3_obstacle_detection/main.py -> /home/zaynap/project_ws/build/turtlebot3_example/build/lib/turtlebot3_example/turtlebot3_obstacle_detection
[1.396s] copying turtlebot3_example/turtlebot3_obstacle_detection/turtlebot3_obstacle_detection.py -> /home/zaynap/project_ws/build/turtlebot3_example/build/lib/turtlebot3_example/turtlebot3_obstacle_detection
[1.396s] copying turtlebot3_example/turtlebot3_position_control/__init__.py -> /home/zaynap/project_ws/build/turtlebot3_example/build/lib/turtlebot3_example/turtlebot3_position_control
[1.396s] copying turtlebot3_example/turtlebot3_position_control/main.py -> /home/zaynap/project_ws/build/turtlebot3_example/build/lib/turtlebot3_example/turtlebot3_position_control
[1.396s] copying turtlebot3_example/turtlebot3_position_control/turtlebot3_position_control.py -> /home/zaynap/project_ws/build/turtlebot3_example/build/lib/turtlebot3_example/turtlebot3_position_control
[1.397s] copying turtlebot3_example/turtlebot3_position_control/turtlebot3_path.py -> /home/zaynap/project_ws/build/turtlebot3_example/build/lib/turtlebot3_example/turtlebot3_position_control
[1.397s] copying turtlebot3_example/turtlebot3_patrol_client/turtlebot3_patrol_client.py -> /home/zaynap/project_ws/build/turtlebot3_example/build/lib/turtlebot3_example/turtlebot3_patrol_client
[1.397s] copying turtlebot3_example/turtlebot3_patrol_client/__init__.py -> /home/zaynap/project_ws/build/turtlebot3_example/build/lib/turtlebot3_example/turtlebot3_patrol_client
[1.397s] copying turtlebot3_example/turtlebot3_patrol_client/main.py -> /home/zaynap/project_ws/build/turtlebot3_example/build/lib/turtlebot3_example/turtlebot3_patrol_client
[1.398s] running install
[1.403s] running install_lib
[1.426s] running install_data
[1.426s] copying resource/turtlebot3_example -> /home/zaynap/project_ws/install/turtlebot3_example/share/ament_index/resource_index/packages
[1.427s] copying package.xml -> /home/zaynap/project_ws/install/turtlebot3_example/share/turtlebot3_example
[1.427s] running install_egg_info
[1.450s] removing '/home/zaynap/project_ws/install/turtlebot3_example/lib/python3.10/site-packages/turtlebot3_example-2.1.5-py3.10.egg-info' (and everything under it)
[1.450s] Copying ../../../build/turtlebot3_example/turtlebot3_example.egg-info to /home/zaynap/project_ws/install/turtlebot3_example/lib/python3.10/site-packages/turtlebot3_example-2.1.5-py3.10.egg-info
[1.451s] running install_scripts
[1.623s] Installing turtlebot3_obstacle_detection script to /home/zaynap/project_ws/install/turtlebot3_example/lib/turtlebot3_example
[1.623s] Installing turtlebot3_patrol_client script to /home/zaynap/project_ws/install/turtlebot3_example/lib/turtlebot3_example
[1.623s] Installing turtlebot3_patrol_server script to /home/zaynap/project_ws/install/turtlebot3_example/lib/turtlebot3_example
[1.624s] Installing turtlebot3_position_control script to /home/zaynap/project_ws/install/turtlebot3_example/lib/turtlebot3_example
[1.624s] writing list of installed files to '/home/zaynap/project_ws/build/turtlebot3_example/install.log'
[1.648s] Invoked command in '/home/zaynap/project_ws/src/turtlebot3/turtlebot3_example' returned '0': AMENT_PREFIX_PATH=/home/zaynap/project_ws/install/turtlebot3_msgs:${AMENT_PREFIX_PATH} CMAKE_PREFIX_PATH=/home/zaynap/project_ws/install/turtlebot3_msgs:${CMAKE_PREFIX_PATH} LD_LIBRARY_PATH=/home/zaynap/project_ws/install/turtlebot3_msgs/lib:${LD_LIBRARY_PATH} PYTHONPATH=/home/zaynap/project_ws/build/turtlebot3_example/prefix_override:/usr/lib/python3/dist-packages/colcon_core/task/python/colcon_distutils_commands:/home/zaynap/project_ws/install/turtlebot3_example/lib/python3.10/site-packages:/home/zaynap/project_ws/install/turtlebot3_msgs/local/lib/python3.10/dist-packages:${PYTHONPATH} /usr/bin/python3 -W ignore:setup.py install is deprecated -W ignore:easy_install command is deprecated setup.py egg_info --egg-base ../../../build/turtlebot3_example build --build-base /home/zaynap/project_ws/build/turtlebot3_example/build install --record /home/zaynap/project_ws/build/turtlebot3_example/install.log --single-version-externally-managed install_data
