[1.132s] Invoking command in '/home/zaynap/project_ws/src/robot_bringup': PYTHONPATH=/home/zaynap/project_ws/build/robot_bringup/prefix_override:/usr/lib/python3/dist-packages/colcon_core/task/python/colcon_distutils_commands:/home/zaynap/project_ws/install/robot_bringup/lib/python3.10/site-packages:${PYTHONPATH} /usr/bin/python3 -W ignore:setup.py install is deprecated -W ignore:easy_install command is deprecated setup.py egg_info --egg-base ../../build/robot_bringup build --build-base /home/zaynap/project_ws/build/robot_bringup/build install --record /home/zaynap/project_ws/build/robot_bringup/install.log --single-version-externally-managed install_data
[1.302s] /home/zaynap/.local/lib/python3.10/site-packages/setuptools/_distutils/dist.py:270: UserWarning: Unknown distribution option: 'tests_require'
[1.302s]   warnings.warn(msg)
[1.437s] running egg_info
[1.460s] writing ../../build/robot_bringup/robot_bringup.egg-info/PKG-INFO
[1.460s] writing dependency_links to ../../build/robot_bringup/robot_bringup.egg-info/dependency_links.txt
[1.460s] writing requirements to ../../build/robot_bringup/robot_bringup.egg-info/requires.txt
[1.461s] writing top-level names to ../../build/robot_bringup/robot_bringup.egg-info/top_level.txt
[1.506s] reading manifest file '../../build/robot_bringup/robot_bringup.egg-info/SOURCES.txt'
[1.507s] writing manifest file '../../build/robot_bringup/robot_bringup.egg-info/SOURCES.txt'
[1.508s] running build
[1.508s] running build_py
[1.508s] copying robot_bringup/__init__.py -> /home/zaynap/project_ws/build/robot_bringup/build/lib/robot_bringup
[1.508s] running install
[1.513s] running install_lib
[1.537s] running install_data
[1.537s] copying resource/robot_bringup -> /home/zaynap/project_ws/install/robot_bringup/share/ament_index/resource_index/packages
[1.538s] copying package.xml -> /home/zaynap/project_ws/install/robot_bringup/share/robot_bringup
[1.538s] copying launch/bringup_robot.launch.py -> /home/zaynap/project_ws/install/robot_bringup/share/robot_bringup/launch
[1.538s] running install_egg_info
[1.561s] removing '/home/zaynap/project_ws/install/robot_bringup/lib/python3.10/site-packages/robot_bringup-0.0.0-py3.10.egg-info' (and everything under it)
[1.561s] Copying ../../build/robot_bringup/robot_bringup.egg-info to /home/zaynap/project_ws/install/robot_bringup/lib/python3.10/site-packages/robot_bringup-0.0.0-py3.10.egg-info
[1.562s] running install_scripts
[1.782s] writing list of installed files to '/home/zaynap/project_ws/build/robot_bringup/install.log'
[1.808s] Invoked command in '/home/zaynap/project_ws/src/robot_bringup' returned '0': PYTHONPATH=/home/zaynap/project_ws/build/robot_bringup/prefix_override:/usr/lib/python3/dist-packages/colcon_core/task/python/colcon_distutils_commands:/home/zaynap/project_ws/install/robot_bringup/lib/python3.10/site-packages:${PYTHONPATH} /usr/bin/python3 -W ignore:setup.py install is deprecated -W ignore:easy_install command is deprecated setup.py egg_info --egg-base ../../build/robot_bringup build --build-base /home/zaynap/project_ws/build/robot_bringup/build install --record /home/zaynap/project_ws/build/robot_bringup/install.log --single-version-externally-managed install_data
