[0.414s] Invoking command in '/home/zaynap/project_ws/build/model_description': CMAKE_PREFIX_PATH=/opt/ros/humble /usr/bin/cmake /home/zaynap/project_ws/src/model_description -DCMAKE_INSTALL_PREFIX=/home/zaynap/project_ws/install/model_description
[0.498s] -- The C compiler identification is GNU 11.4.0
[0.579s] -- The CXX compiler identification is GNU 11.4.0
[0.589s] -- Detecting C compiler ABI info
[0.679s] -- Detecting C compiler ABI info - done
[0.691s] -- Check for working C compiler: /usr/bin/cc - skipped
[0.691s] -- Detecting C compile features
[0.692s] -- Detecting C compile features - done
[0.696s] -- Detecting CXX compiler ABI info
[0.822s] -- Detecting CXX compiler ABI info - done
[0.834s] -- Check for working CXX compiler: /usr/bin/c++ - skipped
[0.834s] -- Detecting CXX compile features
[0.834s] -- Detecting CXX compile features - done
[0.838s] -- Found ament_cmake: 1.3.11 (/opt/ros/humble/share/ament_cmake/cmake)
[1.407s] -- Found Python3: /usr/bin/python3 (found version "3.10.12") found components: Interpreter 
[1.557s] -- Found ament_lint_auto: 0.12.11 (/opt/ros/humble/share/ament_lint_auto/cmake)
[1.751s] -- Added test 'flake8' to check Python code syntax and style conventions
[1.752s] -- Added test 'lint_cmake' to check CMake code style
[1.754s] -- Added test 'pep257' to check Python code against some of the docstring style conventions in PEP 257
[1.758s] -- Added test 'xmllint' to check XML markup files
[1.759s] -- Configuring done
[1.764s] -- Generating done
[1.767s] -- Build files have been written to: /home/zaynap/project_ws/build/model_description
[1.774s] Invoked command in '/home/zaynap/project_ws/build/model_description' returned '0': CMAKE_PREFIX_PATH=/opt/ros/humble /usr/bin/cmake /home/zaynap/project_ws/src/model_description -DCMAKE_INSTALL_PREFIX=/home/zaynap/project_ws/install/model_description
[1.776s] Invoking command in '/home/zaynap/project_ws/build/model_description': CMAKE_PREFIX_PATH=/opt/ros/humble /usr/bin/cmake --build /home/zaynap/project_ws/build/model_description -- -j8 -l8
[1.835s] Invoked command in '/home/zaynap/project_ws/build/model_description' returned '0': CMAKE_PREFIX_PATH=/opt/ros/humble /usr/bin/cmake --build /home/zaynap/project_ws/build/model_description -- -j8 -l8
[1.850s] Invoking command in '/home/zaynap/project_ws/build/model_description': CMAKE_PREFIX_PATH=/opt/ros/humble /usr/bin/cmake --install /home/zaynap/project_ws/build/model_description
[1.861s] -- Install configuration: ""
[1.861s] -- Installing: /home/zaynap/project_ws/install/model_description/share/model_description//worlds
[1.861s] -- Installing: /home/zaynap/project_ws/install/model_description/share/model_description//worlds/install
[1.861s] -- Installing: /home/zaynap/project_ws/install/model_description/share/model_description//worlds/install/setup.bash
[1.861s] -- Installing: /home/zaynap/project_ws/install/model_description/share/model_description//worlds/install/setup.ps1
[1.862s] -- Installing: /home/zaynap/project_ws/install/model_description/share/model_description//worlds/install/_local_setup_util_ps1.py
[1.862s] -- Installing: /home/zaynap/project_ws/install/model_description/share/model_description//worlds/install/_local_setup_util_sh.py
[1.862s] -- Installing: /home/zaynap/project_ws/install/model_description/share/model_description//worlds/install/local_setup.bash
[1.862s] -- Installing: /home/zaynap/project_ws/install/model_description/share/model_description//worlds/install/local_setup.ps1
[1.862s] -- Installing: /home/zaynap/project_ws/install/model_description/share/model_description//worlds/install/COLCON_IGNORE
[1.862s] -- Installing: /home/zaynap/project_ws/install/model_description/share/model_description//worlds/install/setup.zsh
[1.862s] -- Installing: /home/zaynap/project_ws/install/model_description/share/model_description//worlds/install/local_setup.sh
[1.862s] -- Installing: /home/zaynap/project_ws/install/model_description/share/model_description//worlds/install/.colcon_install_layout
[1.863s] -- Installing: /home/zaynap/project_ws/install/model_description/share/model_description//worlds/install/setup.sh
[1.863s] -- Installing: /home/zaynap/project_ws/install/model_description/share/model_description//worlds/install/local_setup.zsh
[1.863s] -- Installing: /home/zaynap/project_ws/install/model_description/share/model_description//worlds/log
[1.863s] -- Installing: /home/zaynap/project_ws/install/model_description/share/model_description//worlds/log/build_2025-03-01_01-52-05
[1.863s] -- Installing: /home/zaynap/project_ws/install/model_description/share/model_description//worlds/log/build_2025-03-01_01-52-05/events.log
[1.863s] -- Installing: /home/zaynap/project_ws/install/model_description/share/model_description//worlds/log/build_2025-03-01_01-52-05/logger_all.log
[1.863s] -- Installing: /home/zaynap/project_ws/install/model_description/share/model_description//worlds/log/latest_build
[1.864s] -- Installing: /home/zaynap/project_ws/install/model_description/share/model_description//worlds/log/COLCON_IGNORE
[1.864s] -- Installing: /home/zaynap/project_ws/install/model_description/share/model_description//worlds/log/latest
[1.864s] -- Installing: /home/zaynap/project_ws/install/model_description/share/model_description//worlds/world.sdf
[1.864s] -- Installing: /home/zaynap/project_ws/install/model_description/share/model_description//worlds/build
[1.864s] -- Installing: /home/zaynap/project_ws/install/model_description/share/model_description//worlds/build/.built_by
[1.864s] -- Installing: /home/zaynap/project_ws/install/model_description/share/model_description//worlds/build/COLCON_IGNORE
[1.865s] -- Installing: /home/zaynap/project_ws/install/model_description/share/model_description//models
[1.865s] -- Installing: /home/zaynap/project_ws/install/model_description/share/model_description//models/model.config
[1.865s] -- Installing: /home/zaynap/project_ws/install/model_description/share/model_description//models/thumbnails
[1.865s] -- Installing: /home/zaynap/project_ws/install/model_description/share/model_description//models/thumbnails/turtlebot3_burger.jpg
[1.865s] -- Installing: /home/zaynap/project_ws/install/model_description/share/model_description//models/meshes
[1.865s] -- Installing: /home/zaynap/project_ws/install/model_description/share/model_description//models/meshes/burger_base.stl
[1.867s] -- Installing: /home/zaynap/project_ws/install/model_description/share/model_description//models/meshes/left_tire.stl
[1.868s] -- Installing: /home/zaynap/project_ws/install/model_description/share/model_description//models/meshes/right_tire.stl
[1.869s] -- Installing: /home/zaynap/project_ws/install/model_description/share/model_description//models/meshes/lds.stl
[1.870s] -- Installing: /home/zaynap/project_ws/install/model_description/share/model_description//models/model.sdf
[1.870s] -- Installing: /home/zaynap/project_ws/install/model_description/share/model_description//rviz
[1.871s] -- Installing: /home/zaynap/project_ws/install/model_description/share/model_description//rviz/model.rviz
[1.871s] -- Installing: /home/zaynap/project_ws/install/model_description/share/ament_index/resource_index/package_run_dependencies/model_description
[1.871s] -- Installing: /home/zaynap/project_ws/install/model_description/share/ament_index/resource_index/parent_prefix_path/model_description
[1.871s] -- Installing: /home/zaynap/project_ws/install/model_description/share/model_description/environment/ament_prefix_path.sh
[1.871s] -- Installing: /home/zaynap/project_ws/install/model_description/share/model_description/environment/ament_prefix_path.dsv
[1.872s] -- Installing: /home/zaynap/project_ws/install/model_description/share/model_description/environment/path.sh
[1.872s] -- Installing: /home/zaynap/project_ws/install/model_description/share/model_description/environment/path.dsv
[1.872s] -- Installing: /home/zaynap/project_ws/install/model_description/share/model_description/local_setup.bash
[1.872s] -- Installing: /home/zaynap/project_ws/install/model_description/share/model_description/local_setup.sh
[1.872s] -- Installing: /home/zaynap/project_ws/install/model_description/share/model_description/local_setup.zsh
[1.873s] -- Installing: /home/zaynap/project_ws/install/model_description/share/model_description/local_setup.dsv
[1.873s] -- Installing: /home/zaynap/project_ws/install/model_description/share/model_description/package.dsv
[1.873s] -- Installing: /home/zaynap/project_ws/install/model_description/share/ament_index/resource_index/packages/model_description
[1.873s] -- Installing: /home/zaynap/project_ws/install/model_description/share/model_description/cmake/model_descriptionConfig.cmake
[1.873s] -- Installing: /home/zaynap/project_ws/install/model_description/share/model_description/cmake/model_descriptionConfig-version.cmake
[1.874s] -- Installing: /home/zaynap/project_ws/install/model_description/share/model_description/package.xml
[1.877s] Invoked command in '/home/zaynap/project_ws/build/model_description' returned '0': CMAKE_PREFIX_PATH=/opt/ros/humble /usr/bin/cmake --install /home/zaynap/project_ws/build/model_description
