[1.132s] Invoking command in '/home/zaynap/project_ws/src/gap_follower': PYTHONPATH=/home/zaynap/project_ws/build/gap_follower/prefix_override:/usr/lib/python3/dist-packages/colcon_core/task/python/colcon_distutils_commands:/home/zaynap/project_ws/install/gap_follower/lib/python3.10/site-packages:${PYTHONPATH} /usr/bin/python3 -W ignore:setup.py install is deprecated -W ignore:easy_install command is deprecated setup.py egg_info --egg-base ../../build/gap_follower build --build-base /home/zaynap/project_ws/build/gap_follower/build install --record /home/zaynap/project_ws/build/gap_follower/install.log --single-version-externally-managed install_data
[1.302s] /home/zaynap/.local/lib/python3.10/site-packages/setuptools/_distutils/dist.py:270: UserWarning: Unknown distribution option: 'tests_require'
[1.302s]   warnings.warn(msg)
[1.439s] running egg_info
[1.461s] creating ../../build/gap_follower/gap_follower.egg-info
[1.461s] writing ../../build/gap_follower/gap_follower.egg-info/PKG-INFO
[1.461s] writing dependency_links to ../../build/gap_follower/gap_follower.egg-info/dependency_links.txt
[1.461s] writing requirements to ../../build/gap_follower/gap_follower.egg-info/requires.txt
[1.462s] writing top-level names to ../../build/gap_follower/gap_follower.egg-info/top_level.txt
[1.462s] writing manifest file '../../build/gap_follower/gap_follower.egg-info/SOURCES.txt'
[1.507s] reading manifest file '../../build/gap_follower/gap_follower.egg-info/SOURCES.txt'
[1.508s] writing manifest file '../../build/gap_follower/gap_follower.egg-info/SOURCES.txt'
[1.508s] running build
[1.508s] running build_py
[1.508s] creating /home/zaynap/project_ws/build/gap_follower/build/lib/gap_follower
[1.509s] copying gap_follower/__init__.py -> /home/zaynap/project_ws/build/gap_follower/build/lib/gap_follower
[1.509s] running install
[1.514s] running install_lib
[1.537s] creating /home/zaynap/project_ws/install/gap_follower/lib/python3.10/site-packages/gap_follower
[1.537s] copying /home/zaynap/project_ws/build/gap_follower/build/lib/gap_follower/__init__.py -> /home/zaynap/project_ws/install/gap_follower/lib/python3.10/site-packages/gap_follower
[1.538s] byte-compiling /home/zaynap/project_ws/install/gap_follower/lib/python3.10/site-packages/gap_follower/__init__.py to __init__.cpython-310.pyc
[1.538s] running install_data
[1.538s] creating /home/zaynap/project_ws/install/gap_follower/share/ament_index/resource_index/packages
[1.538s] copying resource/gap_follower -> /home/zaynap/project_ws/install/gap_follower/share/ament_index/resource_index/packages
[1.539s] copying package.xml -> /home/zaynap/project_ws/install/gap_follower/share/gap_follower
[1.539s] running install_egg_info
[1.562s] Copying ../../build/gap_follower/gap_follower.egg-info to /home/zaynap/project_ws/install/gap_follower/lib/python3.10/site-packages/gap_follower-0.0.0-py3.10.egg-info
[1.563s] running install_scripts
[1.759s] writing list of installed files to '/home/zaynap/project_ws/build/gap_follower/install.log'
[1.792s] Invoked command in '/home/zaynap/project_ws/src/gap_follower' returned '0': PYTHONPATH=/home/zaynap/project_ws/build/gap_follower/prefix_override:/usr/lib/python3/dist-packages/colcon_core/task/python/colcon_distutils_commands:/home/zaynap/project_ws/install/gap_follower/lib/python3.10/site-packages:${PYTHONPATH} /usr/bin/python3 -W ignore:setup.py install is deprecated -W ignore:easy_install command is deprecated setup.py egg_info --egg-base ../../build/gap_follower build --build-base /home/zaynap/project_ws/build/gap_follower/build install --record /home/zaynap/project_ws/build/gap_follower/install.log --single-version-externally-managed install_data
