[1.769s] Invoking command in '/home/zaynap/project_ws/src/gap_follower': PYTHONPATH=/home/zaynap/project_ws/build/gap_follower/prefix_override:/usr/lib/python3/dist-packages/colcon_core/task/python/colcon_distutils_commands:/home/zaynap/project_ws/install/gap_follower/lib/python3.10/site-packages:${PYTHONPATH} /usr/bin/python3 -W ignore:setup.py install is deprecated -W ignore:easy_install command is deprecated setup.py egg_info --egg-base ../../build/gap_follower build --build-base /home/zaynap/project_ws/build/gap_follower/build install --record /home/zaynap/project_ws/build/gap_follower/install.log --single-version-externally-managed install_data
[2.056s] /home/zaynap/.local/lib/python3.10/site-packages/setuptools/_distutils/dist.py:270: UserWarning: Unknown distribution option: 'tests_require'
[2.056s]   warnings.warn(msg)
[2.252s] running egg_info
[2.284s] writing ../../build/gap_follower/gap_follower.egg-info/PKG-INFO
[2.284s] writing dependency_links to ../../build/gap_follower/gap_follower.egg-info/dependency_links.txt
[2.284s] writing entry points to ../../build/gap_follower/gap_follower.egg-info/entry_points.txt
[2.285s] writing requirements to ../../build/gap_follower/gap_follower.egg-info/requires.txt
[2.285s] writing top-level names to ../../build/gap_follower/gap_follower.egg-info/top_level.txt
[2.348s] reading manifest file '../../build/gap_follower/gap_follower.egg-info/SOURCES.txt'
[2.351s] writing manifest file '../../build/gap_follower/gap_follower.egg-info/SOURCES.txt'
[2.351s] running build
[2.351s] running build_py
[2.351s] copying gap_follower/wallfollower.py -> /home/zaynap/project_ws/build/gap_follower/build/lib/gap_follower
[2.352s] copying gap_follower/optimized_gap_follower.py -> /home/zaynap/project_ws/build/gap_follower/build/lib/gap_follower
[2.352s] copying gap_follower/optimized_gap_follower2.py -> /home/zaynap/project_ws/build/gap_follower/build/lib/gap_follower
[2.352s] copying gap_follower/__init__.py -> /home/zaynap/project_ws/build/gap_follower/build/lib/gap_follower
[2.353s] copying gap_follower/naive_gap_follower.py -> /home/zaynap/project_ws/build/gap_follower/build/lib/gap_follower
[2.354s] running install
[2.363s] running install_lib
[2.396s] copying /home/zaynap/project_ws/build/gap_follower/build/lib/gap_follower/wallfollower.py -> /home/zaynap/project_ws/install/gap_follower/lib/python3.10/site-packages/gap_follower
[2.397s] byte-compiling /home/zaynap/project_ws/install/gap_follower/lib/python3.10/site-packages/gap_follower/wallfollower.py to wallfollower.cpython-310.pyc
[2.399s] running install_data
[2.399s] copying resource/gap_follower -> /home/zaynap/project_ws/install/gap_follower/share/ament_index/resource_index/packages
[2.399s] copying package.xml -> /home/zaynap/project_ws/install/gap_follower/share/gap_follower
[2.400s] running install_egg_info
[2.435s] removing '/home/zaynap/project_ws/install/gap_follower/lib/python3.10/site-packages/gap_follower-0.0.0-py3.10.egg-info' (and everything under it)
[2.435s] Copying ../../build/gap_follower/gap_follower.egg-info to /home/zaynap/project_ws/install/gap_follower/lib/python3.10/site-packages/gap_follower-0.0.0-py3.10.egg-info
[2.437s] running install_scripts
[2.692s] Installing naive_gap_follower script to /home/zaynap/project_ws/install/gap_follower/lib/gap_follower
[2.692s] Installing optimized_gap_follower script to /home/zaynap/project_ws/install/gap_follower/lib/gap_follower
[2.693s] Installing optimized_gap_follower2 script to /home/zaynap/project_ws/install/gap_follower/lib/gap_follower
[2.693s] Installing wallfollower script to /home/zaynap/project_ws/install/gap_follower/lib/gap_follower
[2.694s] writing list of installed files to '/home/zaynap/project_ws/build/gap_follower/install.log'
[2.755s] Invoked command in '/home/zaynap/project_ws/src/gap_follower' returned '0': PYTHONPATH=/home/zaynap/project_ws/build/gap_follower/prefix_override:/usr/lib/python3/dist-packages/colcon_core/task/python/colcon_distutils_commands:/home/zaynap/project_ws/install/gap_follower/lib/python3.10/site-packages:${PYTHONPATH} /usr/bin/python3 -W ignore:setup.py install is deprecated -W ignore:easy_install command is deprecated setup.py egg_info --egg-base ../../build/gap_follower build --build-base /home/zaynap/project_ws/build/gap_follower/build install --record /home/zaynap/project_ws/build/gap_follower/install.log --single-version-externally-managed install_data
