[0.034s] Invoking command in '/home/zaynap/project_ws/build/turtlebot3_description': CMAKE_PREFIX_PATH=${CMAKE_PREFIX_PATH}:/home/zaynap/project_ws/install/robot_bringup:/opt/ros/humble /usr/bin/cmake /home/zaynap/project_ws/src/turtlebot3/turtlebot3_description -DCMAKE_INSTALL_PREFIX=/home/zaynap/project_ws/install/turtlebot3_description
[0.506s] -- The C compiler identification is GNU 11.4.0
[0.506s] -- The CXX compiler identification is GNU 11.4.0
[0.506s] -- Detecting C compiler ABI info
[0.506s] -- Detecting C compiler ABI info - done
[0.506s] -- Check for working C compiler: /usr/bin/cc - skipped
[0.506s] -- Detecting C compile features
[0.506s] -- Detecting C compile features - done
[0.507s] -- Detecting CXX compiler ABI info
[0.507s] -- Detecting CXX compiler ABI info - done
[0.507s] -- Check for working CXX compiler: /usr/bin/c++ - skipped
[0.507s] -- Detecting CXX compile features
[0.507s] -- Detecting CXX compile features - done
[0.507s] -- Found ament_cmake: 1.3.11 (/opt/ros/humble/share/ament_cmake/cmake)
[1.148s] -- Found Python3: /usr/bin/python3 (found version "3.10.12") found components: Interpreter 
[1.381s] -- Found urdf: 2.6.1 (/opt/ros/humble/share/urdf/cmake)
[2.130s] -- Configuring done
[2.132s] -- Generating done
[2.134s] -- Build files have been written to: /home/zaynap/project_ws/build/turtlebot3_description
[2.143s] Invoked command in '/home/zaynap/project_ws/build/turtlebot3_description' returned '0': CMAKE_PREFIX_PATH=${CMAKE_PREFIX_PATH}:/home/zaynap/project_ws/install/robot_bringup:/opt/ros/humble /usr/bin/cmake /home/zaynap/project_ws/src/turtlebot3/turtlebot3_description -DCMAKE_INSTALL_PREFIX=/home/zaynap/project_ws/install/turtlebot3_description
[2.146s] Invoking command in '/home/zaynap/project_ws/build/turtlebot3_description': CMAKE_PREFIX_PATH=${CMAKE_PREFIX_PATH}:/home/zaynap/project_ws/install/robot_bringup:/opt/ros/humble /usr/bin/cmake --build /home/zaynap/project_ws/build/turtlebot3_description -- -j8 -l8
[2.175s] Invoked command in '/home/zaynap/project_ws/build/turtlebot3_description' returned '0': CMAKE_PREFIX_PATH=${CMAKE_PREFIX_PATH}:/home/zaynap/project_ws/install/robot_bringup:/opt/ros/humble /usr/bin/cmake --build /home/zaynap/project_ws/build/turtlebot3_description -- -j8 -l8
[2.177s] Invoking command in '/home/zaynap/project_ws/build/turtlebot3_description': CMAKE_PREFIX_PATH=${CMAKE_PREFIX_PATH}:/home/zaynap/project_ws/install/robot_bringup:/opt/ros/humble /usr/bin/cmake --install /home/zaynap/project_ws/build/turtlebot3_description
[2.183s] -- Install configuration: ""
[2.183s] -- Installing: /home/zaynap/project_ws/install/turtlebot3_description/share/turtlebot3_description/meshes
[2.183s] -- Installing: /home/zaynap/project_ws/install/turtlebot3_description/share/turtlebot3_description/meshes/bases
[2.183s] -- Installing: /home/zaynap/project_ws/install/turtlebot3_description/share/turtlebot3_description/meshes/bases/burger_base.stl
[2.188s] -- Installing: /home/zaynap/project_ws/install/turtlebot3_description/share/turtlebot3_description/meshes/bases/waffle_pi_base.stl
[2.193s] -- Installing: /home/zaynap/project_ws/install/turtlebot3_description/share/turtlebot3_description/meshes/bases/waffle_base.stl
[2.204s] -- Installing: /home/zaynap/project_ws/install/turtlebot3_description/share/turtlebot3_description/meshes/sensors
[2.205s] -- Installing: /home/zaynap/project_ws/install/turtlebot3_description/share/turtlebot3_description/meshes/sensors/astra.dae
[2.210s] -- Installing: /home/zaynap/project_ws/install/turtlebot3_description/share/turtlebot3_description/meshes/sensors/r200.jpg
[2.211s] -- Installing: /home/zaynap/project_ws/install/turtlebot3_description/share/turtlebot3_description/meshes/sensors/lds.stl
[2.211s] -- Installing: /home/zaynap/project_ws/install/turtlebot3_description/share/turtlebot3_description/meshes/sensors/r200.dae
[2.211s] -- Installing: /home/zaynap/project_ws/install/turtlebot3_description/share/turtlebot3_description/meshes/sensors/astra.jpg
[2.211s] -- Installing: /home/zaynap/project_ws/install/turtlebot3_description/share/turtlebot3_description/meshes/wheels
[2.211s] -- Installing: /home/zaynap/project_ws/install/turtlebot3_description/share/turtlebot3_description/meshes/wheels/left_tire.stl
[2.212s] -- Installing: /home/zaynap/project_ws/install/turtlebot3_description/share/turtlebot3_description/meshes/wheels/right_tire.stl
[2.213s] -- Installing: /home/zaynap/project_ws/install/turtlebot3_description/share/turtlebot3_description/rviz
[2.213s] -- Installing: /home/zaynap/project_ws/install/turtlebot3_description/share/turtlebot3_description/rviz/model.rviz
[2.213s] -- Installing: /home/zaynap/project_ws/install/turtlebot3_description/share/turtlebot3_description/urdf
[2.213s] -- Installing: /home/zaynap/project_ws/install/turtlebot3_description/share/turtlebot3_description/urdf/turtlebot3_burger.urdf
[2.214s] -- Installing: /home/zaynap/project_ws/install/turtlebot3_description/share/turtlebot3_description/urdf/turtlebot3_waffle.urdf
[2.214s] -- Installing: /home/zaynap/project_ws/install/turtlebot3_description/share/turtlebot3_description/urdf/turtlebot3_waffle_pi.urdf
[2.214s] -- Installing: /home/zaynap/project_ws/install/turtlebot3_description/share/turtlebot3_description/urdf/common_properties.urdf
[2.214s] -- Installing: /home/zaynap/project_ws/install/turtlebot3_description/share/ament_index/resource_index/package_run_dependencies/turtlebot3_description
[2.214s] -- Installing: /home/zaynap/project_ws/install/turtlebot3_description/share/ament_index/resource_index/parent_prefix_path/turtlebot3_description
[2.214s] -- Installing: /home/zaynap/project_ws/install/turtlebot3_description/share/turtlebot3_description/environment/ament_prefix_path.sh
[2.214s] -- Installing: /home/zaynap/project_ws/install/turtlebot3_description/share/turtlebot3_description/environment/ament_prefix_path.dsv
[2.214s] -- Installing: /home/zaynap/project_ws/install/turtlebot3_description/share/turtlebot3_description/environment/path.sh
[2.215s] -- Installing: /home/zaynap/project_ws/install/turtlebot3_description/share/turtlebot3_description/environment/path.dsv
[2.215s] -- Installing: /home/zaynap/project_ws/install/turtlebot3_description/share/turtlebot3_description/local_setup.bash
[2.215s] -- Installing: /home/zaynap/project_ws/install/turtlebot3_description/share/turtlebot3_description/local_setup.sh
[2.215s] -- Installing: /home/zaynap/project_ws/install/turtlebot3_description/share/turtlebot3_description/local_setup.zsh
[2.215s] -- Installing: /home/zaynap/project_ws/install/turtlebot3_description/share/turtlebot3_description/local_setup.dsv
[2.215s] -- Installing: /home/zaynap/project_ws/install/turtlebot3_description/share/turtlebot3_description/package.dsv
[2.215s] -- Installing: /home/zaynap/project_ws/install/turtlebot3_description/share/ament_index/resource_index/packages/turtlebot3_description
[2.215s] -- Installing: /home/zaynap/project_ws/install/turtlebot3_description/share/turtlebot3_description/cmake/turtlebot3_descriptionConfig.cmake
[2.216s] -- Installing: /home/zaynap/project_ws/install/turtlebot3_description/share/turtlebot3_description/cmake/turtlebot3_descriptionConfig-version.cmake
[2.216s] -- Installing: /home/zaynap/project_ws/install/turtlebot3_description/share/turtlebot3_description/package.xml
[2.218s] Invoked command in '/home/zaynap/project_ws/build/turtlebot3_description' returned '0': CMAKE_PREFIX_PATH=${CMAKE_PREFIX_PATH}:/home/zaynap/project_ws/install/robot_bringup:/opt/ros/humble /usr/bin/cmake --install /home/zaynap/project_ws/build/turtlebot3_description
