[0.030s] Invoking command in '/home/zaynap/project_ws/build/turtlebot3_cartographer': CMAKE_PREFIX_PATH=${CMAKE_PREFIX_PATH}:/home/zaynap/project_ws/install/robot_bringup:/opt/ros/humble /usr/bin/cmake /home/zaynap/project_ws/src/turtlebot3/turtlebot3_cartographer -DCMAKE_INSTALL_PREFIX=/home/zaynap/project_ws/install/turtlebot3_cartographer
[0.507s] -- The C compiler identification is GNU 11.4.0
[0.507s] -- The CXX compiler identification is GNU 11.4.0
[0.508s] -- Detecting C compiler ABI info
[0.508s] -- Detecting C compiler ABI info - done
[0.508s] -- Check for working C compiler: /usr/bin/cc - skipped
[0.508s] -- Detecting C compile features
[0.508s] -- Detecting C compile features - done
[0.508s] -- Detecting CXX compiler ABI info
[0.509s] -- Detecting CXX compiler ABI info - done
[0.525s] -- Check for working CXX compiler: /usr/bin/c++ - skipped
[0.526s] -- Detecting CXX compile features
[0.526s] -- Detecting CXX compile features - done
[0.526s] -- Found ament_cmake: 1.3.11 (/opt/ros/humble/share/ament_cmake/cmake)
[1.272s] -- Found Python3: /usr/bin/python3 (found version "3.10.12") found components: Interpreter 
[1.537s] -- Configuring done
[1.539s] -- Generating done
[1.541s] -- Build files have been written to: /home/zaynap/project_ws/build/turtlebot3_cartographer
[1.548s] Invoked command in '/home/zaynap/project_ws/build/turtlebot3_cartographer' returned '0': CMAKE_PREFIX_PATH=${CMAKE_PREFIX_PATH}:/home/zaynap/project_ws/install/robot_bringup:/opt/ros/humble /usr/bin/cmake /home/zaynap/project_ws/src/turtlebot3/turtlebot3_cartographer -DCMAKE_INSTALL_PREFIX=/home/zaynap/project_ws/install/turtlebot3_cartographer
[1.550s] Invoking command in '/home/zaynap/project_ws/build/turtlebot3_cartographer': CMAKE_PREFIX_PATH=${CMAKE_PREFIX_PATH}:/home/zaynap/project_ws/install/robot_bringup:/opt/ros/humble /usr/bin/cmake --build /home/zaynap/project_ws/build/turtlebot3_cartographer -- -j8 -l8
[1.584s] Invoked command in '/home/zaynap/project_ws/build/turtlebot3_cartographer' returned '0': CMAKE_PREFIX_PATH=${CMAKE_PREFIX_PATH}:/home/zaynap/project_ws/install/robot_bringup:/opt/ros/humble /usr/bin/cmake --build /home/zaynap/project_ws/build/turtlebot3_cartographer -- -j8 -l8
[1.594s] Invoking command in '/home/zaynap/project_ws/build/turtlebot3_cartographer': CMAKE_PREFIX_PATH=${CMAKE_PREFIX_PATH}:/home/zaynap/project_ws/install/robot_bringup:/opt/ros/humble /usr/bin/cmake --install /home/zaynap/project_ws/build/turtlebot3_cartographer
[1.602s] -- Install configuration: ""
[1.602s] -- Installing: /home/zaynap/project_ws/install/turtlebot3_cartographer/share/turtlebot3_cartographer/config
[1.603s] -- Installing: /home/zaynap/project_ws/install/turtlebot3_cartographer/share/turtlebot3_cartographer/config/turtlebot3_lds_2d.lua
[1.603s] -- Installing: /home/zaynap/project_ws/install/turtlebot3_cartographer/share/turtlebot3_cartographer/launch
[1.603s] -- Installing: /home/zaynap/project_ws/install/turtlebot3_cartographer/share/turtlebot3_cartographer/launch/cartographer.launch.py
[1.603s] -- Installing: /home/zaynap/project_ws/install/turtlebot3_cartographer/share/turtlebot3_cartographer/launch/occupancy_grid.launch.py
[1.603s] -- Installing: /home/zaynap/project_ws/install/turtlebot3_cartographer/share/turtlebot3_cartographer/rviz
[1.603s] -- Installing: /home/zaynap/project_ws/install/turtlebot3_cartographer/share/turtlebot3_cartographer/rviz/tb3_cartographer.rviz
[1.603s] -- Installing: /home/zaynap/project_ws/install/turtlebot3_cartographer/share/ament_index/resource_index/package_run_dependencies/turtlebot3_cartographer
[1.603s] -- Installing: /home/zaynap/project_ws/install/turtlebot3_cartographer/share/ament_index/resource_index/parent_prefix_path/turtlebot3_cartographer
[1.604s] -- Installing: /home/zaynap/project_ws/install/turtlebot3_cartographer/share/turtlebot3_cartographer/environment/ament_prefix_path.sh
[1.604s] -- Installing: /home/zaynap/project_ws/install/turtlebot3_cartographer/share/turtlebot3_cartographer/environment/ament_prefix_path.dsv
[1.604s] -- Installing: /home/zaynap/project_ws/install/turtlebot3_cartographer/share/turtlebot3_cartographer/environment/path.sh
[1.604s] -- Installing: /home/zaynap/project_ws/install/turtlebot3_cartographer/share/turtlebot3_cartographer/environment/path.dsv
[1.604s] -- Installing: /home/zaynap/project_ws/install/turtlebot3_cartographer/share/turtlebot3_cartographer/local_setup.bash
[1.605s] -- Installing: /home/zaynap/project_ws/install/turtlebot3_cartographer/share/turtlebot3_cartographer/local_setup.sh
[1.605s] -- Installing: /home/zaynap/project_ws/install/turtlebot3_cartographer/share/turtlebot3_cartographer/local_setup.zsh
[1.605s] -- Installing: /home/zaynap/project_ws/install/turtlebot3_cartographer/share/turtlebot3_cartographer/local_setup.dsv
[1.605s] -- Installing: /home/zaynap/project_ws/install/turtlebot3_cartographer/share/turtlebot3_cartographer/package.dsv
[1.606s] -- Installing: /home/zaynap/project_ws/install/turtlebot3_cartographer/share/ament_index/resource_index/packages/turtlebot3_cartographer
[1.606s] -- Installing: /home/zaynap/project_ws/install/turtlebot3_cartographer/share/turtlebot3_cartographer/cmake/turtlebot3_cartographerConfig.cmake
[1.606s] -- Installing: /home/zaynap/project_ws/install/turtlebot3_cartographer/share/turtlebot3_cartographer/cmake/turtlebot3_cartographerConfig-version.cmake
[1.606s] -- Installing: /home/zaynap/project_ws/install/turtlebot3_cartographer/share/turtlebot3_cartographer/package.xml
[1.614s] Invoked command in '/home/zaynap/project_ws/build/turtlebot3_cartographer' returned '0': CMAKE_PREFIX_PATH=${CMAKE_PREFIX_PATH}:/home/zaynap/project_ws/install/robot_bringup:/opt/ros/humble /usr/bin/cmake --install /home/zaynap/project_ws/build/turtlebot3_cartographer
