[1.979s] Invoking command in '/home/zaynap/project_ws/src/gap_follower': PYTHONPATH=/home/zaynap/project_ws/build/gap_follower/prefix_override:/usr/lib/python3/dist-packages/colcon_core/task/python/colcon_distutils_commands:/home/zaynap/project_ws/install/gap_follower/lib/python3.10/site-packages:${PYTHONPATH} /usr/bin/python3 -W ignore:setup.py install is deprecated -W ignore:easy_install command is deprecated setup.py egg_info --egg-base ../../build/gap_follower build --build-base /home/zaynap/project_ws/build/gap_follower/build install --record /home/zaynap/project_ws/build/gap_follower/install.log --single-version-externally-managed install_data
[2.282s] /home/zaynap/.local/lib/python3.10/site-packages/setuptools/_distutils/dist.py:270: UserWarning: Unknown distribution option: 'tests_require'
[2.282s]   warnings.warn(msg)
[2.502s] running egg_info
[2.536s] writing ../../build/gap_follower/gap_follower.egg-info/PKG-INFO
[2.537s] writing dependency_links to ../../build/gap_follower/gap_follower.egg-info/dependency_links.txt
[2.537s] writing entry points to ../../build/gap_follower/gap_follower.egg-info/entry_points.txt
[2.538s] writing requirements to ../../build/gap_follower/gap_follower.egg-info/requires.txt
[2.538s] writing top-level names to ../../build/gap_follower/gap_follower.egg-info/top_level.txt
[2.618s] reading manifest file '../../build/gap_follower/gap_follower.egg-info/SOURCES.txt'
[2.621s] writing manifest file '../../build/gap_follower/gap_follower.egg-info/SOURCES.txt'
[2.621s] running build
[2.621s] running build_py
[2.621s] copying gap_follower/wallfollower.py -> /home/zaynap/project_ws/build/gap_follower/build/lib/gap_follower
[2.623s] copying gap_follower/optimized_gap_follower.py -> /home/zaynap/project_ws/build/gap_follower/build/lib/gap_follower
[2.623s] copying gap_follower/optimized_gap_follower2.py -> /home/zaynap/project_ws/build/gap_follower/build/lib/gap_follower
[2.630s] copying gap_follower/__init__.py -> /home/zaynap/project_ws/build/gap_follower/build/lib/gap_follower
[2.630s] copying gap_follower/naive_gap_follower.py -> /home/zaynap/project_ws/build/gap_follower/build/lib/gap_follower
[2.631s] running install
[2.653s] running install_lib
[2.728s] copying /home/zaynap/project_ws/build/gap_follower/build/lib/gap_follower/wallfollower.py -> /home/zaynap/project_ws/install/gap_follower/lib/python3.10/site-packages/gap_follower
[2.729s] byte-compiling /home/zaynap/project_ws/install/gap_follower/lib/python3.10/site-packages/gap_follower/wallfollower.py to wallfollower.cpython-310.pyc
[2.732s] running install_data
[2.733s] copying resource/gap_follower -> /home/zaynap/project_ws/install/gap_follower/share/ament_index/resource_index/packages
[2.733s] copying package.xml -> /home/zaynap/project_ws/install/gap_follower/share/gap_follower
[2.733s] running install_egg_info
[2.780s] removing '/home/zaynap/project_ws/install/gap_follower/lib/python3.10/site-packages/gap_follower-0.0.0-py3.10.egg-info' (and everything under it)
[2.780s] Copying ../../build/gap_follower/gap_follower.egg-info to /home/zaynap/project_ws/install/gap_follower/lib/python3.10/site-packages/gap_follower-0.0.0-py3.10.egg-info
[2.781s] running install_scripts
[3.073s] Installing naive_gap_follower script to /home/zaynap/project_ws/install/gap_follower/lib/gap_follower
[3.074s] Installing optimized_gap_follower script to /home/zaynap/project_ws/install/gap_follower/lib/gap_follower
[3.074s] Installing optimized_gap_follower2 script to /home/zaynap/project_ws/install/gap_follower/lib/gap_follower
[3.074s] Installing wallfollower script to /home/zaynap/project_ws/install/gap_follower/lib/gap_follower
[3.075s] writing list of installed files to '/home/zaynap/project_ws/build/gap_follower/install.log'
[3.134s] Invoked command in '/home/zaynap/project_ws/src/gap_follower' returned '0': PYTHONPATH=/home/zaynap/project_ws/build/gap_follower/prefix_override:/usr/lib/python3/dist-packages/colcon_core/task/python/colcon_distutils_commands:/home/zaynap/project_ws/install/gap_follower/lib/python3.10/site-packages:${PYTHONPATH} /usr/bin/python3 -W ignore:setup.py install is deprecated -W ignore:easy_install command is deprecated setup.py egg_info --egg-base ../../build/gap_follower build --build-base /home/zaynap/project_ws/build/gap_follower/build install --record /home/zaynap/project_ws/build/gap_follower/install.log --single-version-externally-managed install_data
