[0.370s] Invoking command in '/home/zaynap/project_ws/build/model_description': CMAKE_PREFIX_PATH=${CMAKE_PREFIX_PATH}:/home/zaynap/project_ws/install/robot_bringup:/home/zaynap/project_ws/install/gap_follower:/opt/ros/humble /usr/bin/cmake --build /home/zaynap/project_ws/build/model_description -- -j8 -l8
[0.729s] Invoked command in '/home/zaynap/project_ws/build/model_description' returned '0': CMAKE_PREFIX_PATH=${CMAKE_PREFIX_PATH}:/home/zaynap/project_ws/install/robot_bringup:/home/zaynap/project_ws/install/gap_follower:/opt/ros/humble /usr/bin/cmake --build /home/zaynap/project_ws/build/model_description -- -j8 -l8
[0.743s] Invoking command in '/home/zaynap/project_ws/build/model_description': CMAKE_PREFIX_PATH=${CMAKE_PREFIX_PATH}:/home/zaynap/project_ws/install/robot_bringup:/home/zaynap/project_ws/install/gap_follower:/opt/ros/humble /usr/bin/cmake --install /home/zaynap/project_ws/build/model_description
[0.752s] -- Install configuration: ""
[0.753s] -- Up-to-date: /home/zaynap/project_ws/install/model_description/share/model_description//worlds
[0.753s] -- Up-to-date: /home/zaynap/project_ws/install/model_description/share/model_description//worlds/install
[0.753s] -- Up-to-date: /home/zaynap/project_ws/install/model_description/share/model_description//worlds/install/setup.bash
[0.753s] -- Up-to-date: /home/zaynap/project_ws/install/model_description/share/model_description//worlds/install/setup.ps1
[0.753s] -- Up-to-date: /home/zaynap/project_ws/install/model_description/share/model_description//worlds/install/_local_setup_util_ps1.py
[0.753s] -- Up-to-date: /home/zaynap/project_ws/install/model_description/share/model_description//worlds/install/_local_setup_util_sh.py
[0.754s] -- Up-to-date: /home/zaynap/project_ws/install/model_description/share/model_description//worlds/install/local_setup.bash
[0.754s] -- Up-to-date: /home/zaynap/project_ws/install/model_description/share/model_description//worlds/install/local_setup.ps1
[0.754s] -- Up-to-date: /home/zaynap/project_ws/install/model_description/share/model_description//worlds/install/COLCON_IGNORE
[0.754s] -- Up-to-date: /home/zaynap/project_ws/install/model_description/share/model_description//worlds/install/setup.zsh
[0.754s] -- Up-to-date: /home/zaynap/project_ws/install/model_description/share/model_description//worlds/install/local_setup.sh
[0.754s] -- Up-to-date: /home/zaynap/project_ws/install/model_description/share/model_description//worlds/install/.colcon_install_layout
[0.754s] -- Up-to-date: /home/zaynap/project_ws/install/model_description/share/model_description//worlds/install/setup.sh
[0.755s] -- Up-to-date: /home/zaynap/project_ws/install/model_description/share/model_description//worlds/install/local_setup.zsh
[0.755s] -- Up-to-date: /home/zaynap/project_ws/install/model_description/share/model_description//worlds/log
[0.755s] -- Up-to-date: /home/zaynap/project_ws/install/model_description/share/model_description//worlds/log/build_2025-03-01_01-52-05
[0.755s] -- Up-to-date: /home/zaynap/project_ws/install/model_description/share/model_description//worlds/log/build_2025-03-01_01-52-05/events.log
[0.755s] -- Up-to-date: /home/zaynap/project_ws/install/model_description/share/model_description//worlds/log/build_2025-03-01_01-52-05/logger_all.log
[0.755s] -- Up-to-date: /home/zaynap/project_ws/install/model_description/share/model_description//worlds/log/latest_build
[0.756s] -- Up-to-date: /home/zaynap/project_ws/install/model_description/share/model_description//worlds/log/COLCON_IGNORE
[0.756s] -- Up-to-date: /home/zaynap/project_ws/install/model_description/share/model_description//worlds/log/latest
[0.756s] -- Up-to-date: /home/zaynap/project_ws/install/model_description/share/model_description//worlds/world.sdf
[0.756s] -- Up-to-date: /home/zaynap/project_ws/install/model_description/share/model_description//worlds/build
[0.756s] -- Up-to-date: /home/zaynap/project_ws/install/model_description/share/model_description//worlds/build/.built_by
[0.756s] -- Up-to-date: /home/zaynap/project_ws/install/model_description/share/model_description//worlds/build/COLCON_IGNORE
[0.757s] -- Up-to-date: /home/zaynap/project_ws/install/model_description/share/model_description//models
[0.757s] -- Up-to-date: /home/zaynap/project_ws/install/model_description/share/model_description//models/model.config
[0.758s] -- Up-to-date: /home/zaynap/project_ws/install/model_description/share/model_description//models/thumbnails
[0.758s] -- Up-to-date: /home/zaynap/project_ws/install/model_description/share/model_description//models/thumbnails/turtlebot3_burger.jpg
[0.758s] -- Up-to-date: /home/zaynap/project_ws/install/model_description/share/model_description//models/meshes
[0.758s] -- Up-to-date: /home/zaynap/project_ws/install/model_description/share/model_description//models/meshes/burger_base.stl
[0.758s] -- Up-to-date: /home/zaynap/project_ws/install/model_description/share/model_description//models/meshes/left_tire.stl
[0.759s] -- Up-to-date: /home/zaynap/project_ws/install/model_description/share/model_description//models/meshes/right_tire.stl
[0.759s] -- Up-to-date: /home/zaynap/project_ws/install/model_description/share/model_description//models/meshes/lds.stl
[0.759s] -- Up-to-date: /home/zaynap/project_ws/install/model_description/share/model_description//models/model.sdf
[0.759s] -- Up-to-date: /home/zaynap/project_ws/install/model_description/share/model_description//rviz
[0.759s] -- Up-to-date: /home/zaynap/project_ws/install/model_description/share/model_description//rviz/model.rviz
[0.760s] -- Up-to-date: /home/zaynap/project_ws/install/model_description/share/ament_index/resource_index/package_run_dependencies/model_description
[0.760s] -- Up-to-date: /home/zaynap/project_ws/install/model_description/share/ament_index/resource_index/parent_prefix_path/model_description
[0.760s] -- Up-to-date: /home/zaynap/project_ws/install/model_description/share/model_description/environment/ament_prefix_path.sh
[0.760s] -- Up-to-date: /home/zaynap/project_ws/install/model_description/share/model_description/environment/ament_prefix_path.dsv
[0.760s] -- Up-to-date: /home/zaynap/project_ws/install/model_description/share/model_description/environment/path.sh
[0.760s] -- Up-to-date: /home/zaynap/project_ws/install/model_description/share/model_description/environment/path.dsv
[0.760s] -- Up-to-date: /home/zaynap/project_ws/install/model_description/share/model_description/local_setup.bash
[0.760s] -- Up-to-date: /home/zaynap/project_ws/install/model_description/share/model_description/local_setup.sh
[0.761s] -- Up-to-date: /home/zaynap/project_ws/install/model_description/share/model_description/local_setup.zsh
[0.761s] -- Up-to-date: /home/zaynap/project_ws/install/model_description/share/model_description/local_setup.dsv
[0.761s] -- Installing: /home/zaynap/project_ws/install/model_description/share/model_description/package.dsv
[0.761s] -- Up-to-date: /home/zaynap/project_ws/install/model_description/share/ament_index/resource_index/packages/model_description
[0.761s] -- Up-to-date: /home/zaynap/project_ws/install/model_description/share/model_description/cmake/model_descriptionConfig.cmake
[0.761s] -- Up-to-date: /home/zaynap/project_ws/install/model_description/share/model_description/cmake/model_descriptionConfig-version.cmake
[0.761s] -- Up-to-date: /home/zaynap/project_ws/install/model_description/share/model_description/package.xml
[0.762s] Invoked command in '/home/zaynap/project_ws/build/model_description' returned '0': CMAKE_PREFIX_PATH=${CMAKE_PREFIX_PATH}:/home/zaynap/project_ws/install/robot_bringup:/home/zaynap/project_ws/install/gap_follower:/opt/ros/humble /usr/bin/cmake --install /home/zaynap/project_ws/build/model_description
