-- Install configuration: ""
-- Up-to-date: /home/zaynap/project_ws/install/model_description/share/model_description//worlds
-- Up-to-date: /home/zaynap/project_ws/install/model_description/share/model_description//worlds/world.sdf
-- Up-to-date: /home/zaynap/project_ws/install/model_description/share/model_description//models
-- Up-to-date: /home/zaynap/project_ws/install/model_description/share/model_description//models/model.config
-- Up-to-date: /home/zaynap/project_ws/install/model_description/share/model_description//models/thumbnails
-- Up-to-date: /home/zaynap/project_ws/install/model_description/share/model_description//models/thumbnails/turtlebot3_burger.jpg
-- Up-to-date: /home/zaynap/project_ws/install/model_description/share/model_description//models/meshes
-- Up-to-date: /home/zaynap/project_ws/install/model_description/share/model_description//models/meshes/burger_base.stl
-- Up-to-date: /home/zaynap/project_ws/install/model_description/share/model_description//models/meshes/left_tire.stl
-- Up-to-date: /home/zaynap/project_ws/install/model_description/share/model_description//models/meshes/right_tire.stl
-- Up-to-date: /home/zaynap/project_ws/install/model_description/share/model_description//models/meshes/lds.stl
-- Up-to-date: /home/zaynap/project_ws/install/model_description/share/model_description//models/model.sdf
-- Up-to-date: /home/zaynap/project_ws/install/model_description/share/ament_index/resource_index/package_run_dependencies/model_description
-- Up-to-date: /home/zaynap/project_ws/install/model_description/share/ament_index/resource_index/parent_prefix_path/model_description
-- Up-to-date: /home/zaynap/project_ws/install/model_description/share/model_description/environment/ament_prefix_path.sh
-- Up-to-date: /home/zaynap/project_ws/install/model_description/share/model_description/environment/ament_prefix_path.dsv
-- Up-to-date: /home/zaynap/project_ws/install/model_description/share/model_description/environment/path.sh
-- Up-to-date: /home/zaynap/project_ws/install/model_description/share/model_description/environment/path.dsv
-- Up-to-date: /home/zaynap/project_ws/install/model_description/share/model_description/local_setup.bash
-- Up-to-date: /home/zaynap/project_ws/install/model_description/share/model_description/local_setup.sh
-- Up-to-date: /home/zaynap/project_ws/install/model_description/share/model_description/local_setup.zsh
-- Up-to-date: /home/zaynap/project_ws/install/model_description/share/model_description/local_setup.dsv
-- Installing: /home/zaynap/project_ws/install/model_description/share/model_description/package.dsv
-- Up-to-date: /home/zaynap/project_ws/install/model_description/share/ament_index/resource_index/packages/model_description
-- Up-to-date: /home/zaynap/project_ws/install/model_description/share/model_description/cmake/model_descriptionConfig.cmake
-- Up-to-date: /home/zaynap/project_ws/install/model_description/share/model_description/cmake/model_descriptionConfig-version.cmake
-- Up-to-date: /home/zaynap/project_ws/install/model_description/share/model_description/package.xml
