[0.016s] Invoking command in '/home/zaynap/project_ws/build/model_description': CMAKE_PREFIX_PATH=${CMAKE_PREFIX_PATH}:/home/zaynap/project_ws/install/turtlebot3_teleop:/home/zaynap/project_ws/install/turtlebot3_example:/home/zaynap/project_ws/install/robot_bringup:/opt/ros/humble /usr/bin/cmake --build /home/zaynap/project_ws/build/model_description -- -j8 -l8
[0.256s] Invoked command in '/home/zaynap/project_ws/build/model_description' returned '0': CMAKE_PREFIX_PATH=${CMAKE_PREFIX_PATH}:/home/zaynap/project_ws/install/turtlebot3_teleop:/home/zaynap/project_ws/install/turtlebot3_example:/home/zaynap/project_ws/install/robot_bringup:/opt/ros/humble /usr/bin/cmake --build /home/zaynap/project_ws/build/model_description -- -j8 -l8
[0.265s] Invoking command in '/home/zaynap/project_ws/build/model_description': CMAKE_PREFIX_PATH=${CMAKE_PREFIX_PATH}:/home/zaynap/project_ws/install/turtlebot3_teleop:/home/zaynap/project_ws/install/turtlebot3_example:/home/zaynap/project_ws/install/robot_bringup:/opt/ros/humble /usr/bin/cmake --install /home/zaynap/project_ws/build/model_description
[0.272s] -- Install configuration: ""
[0.272s] -- Up-to-date: /home/zaynap/project_ws/install/model_description/share/model_description//worlds
[0.273s] -- Up-to-date: /home/zaynap/project_ws/install/model_description/share/model_description//worlds/world.sdf
[0.273s] -- Up-to-date: /home/zaynap/project_ws/install/model_description/share/model_description//models
[0.273s] -- Up-to-date: /home/zaynap/project_ws/install/model_description/share/model_description//models/model.config
[0.273s] -- Up-to-date: /home/zaynap/project_ws/install/model_description/share/model_description//models/thumbnails
[0.273s] -- Up-to-date: /home/zaynap/project_ws/install/model_description/share/model_description//models/thumbnails/turtlebot3_burger.jpg
[0.273s] -- Up-to-date: /home/zaynap/project_ws/install/model_description/share/model_description//models/meshes
[0.273s] -- Up-to-date: /home/zaynap/project_ws/install/model_description/share/model_description//models/meshes/burger_base.stl
[0.274s] -- Up-to-date: /home/zaynap/project_ws/install/model_description/share/model_description//models/meshes/left_tire.stl
[0.274s] -- Up-to-date: /home/zaynap/project_ws/install/model_description/share/model_description//models/meshes/right_tire.stl
[0.274s] -- Up-to-date: /home/zaynap/project_ws/install/model_description/share/model_description//models/meshes/lds.stl
[0.274s] -- Up-to-date: /home/zaynap/project_ws/install/model_description/share/model_description//models/model.sdf
[0.274s] -- Up-to-date: /home/zaynap/project_ws/install/model_description/share/ament_index/resource_index/package_run_dependencies/model_description
[0.274s] -- Up-to-date: /home/zaynap/project_ws/install/model_description/share/ament_index/resource_index/parent_prefix_path/model_description
[0.274s] -- Up-to-date: /home/zaynap/project_ws/install/model_description/share/model_description/environment/ament_prefix_path.sh
[0.275s] -- Up-to-date: /home/zaynap/project_ws/install/model_description/share/model_description/environment/ament_prefix_path.dsv
[0.276s] -- Up-to-date: /home/zaynap/project_ws/install/model_description/share/model_description/environment/path.sh
[0.276s] -- Up-to-date: /home/zaynap/project_ws/install/model_description/share/model_description/environment/path.dsv
[0.276s] -- Up-to-date: /home/zaynap/project_ws/install/model_description/share/model_description/local_setup.bash
[0.277s] -- Up-to-date: /home/zaynap/project_ws/install/model_description/share/model_description/local_setup.sh
[0.277s] -- Up-to-date: /home/zaynap/project_ws/install/model_description/share/model_description/local_setup.zsh
[0.277s] -- Up-to-date: /home/zaynap/project_ws/install/model_description/share/model_description/local_setup.dsv
[0.277s] -- Installing: /home/zaynap/project_ws/install/model_description/share/model_description/package.dsv
[0.277s] -- Up-to-date: /home/zaynap/project_ws/install/model_description/share/ament_index/resource_index/packages/model_description
[0.278s] -- Up-to-date: /home/zaynap/project_ws/install/model_description/share/model_description/cmake/model_descriptionConfig.cmake
[0.278s] -- Up-to-date: /home/zaynap/project_ws/install/model_description/share/model_description/cmake/model_descriptionConfig-version.cmake
[0.278s] -- Up-to-date: /home/zaynap/project_ws/install/model_description/share/model_description/package.xml
[0.279s] Invoked command in '/home/zaynap/project_ws/build/model_description' returned '0': CMAKE_PREFIX_PATH=${CMAKE_PREFIX_PATH}:/home/zaynap/project_ws/install/turtlebot3_teleop:/home/zaynap/project_ws/install/turtlebot3_example:/home/zaynap/project_ws/install/robot_bringup:/opt/ros/humble /usr/bin/cmake --install /home/zaynap/project_ws/build/model_description
