running egg_info
writing ../../../build/turtlebot3_teleop/turtlebot3_teleop.egg-info/PKG-INFO
writing dependency_links to ../../../build/turtlebot3_teleop/turtlebot3_teleop.egg-info/dependency_links.txt
writing entry points to ../../../build/turtlebot3_teleop/turtlebot3_teleop.egg-info/entry_points.txt
writing requirements to ../../../build/turtlebot3_teleop/turtlebot3_teleop.egg-info/requires.txt
writing top-level names to ../../../build/turtlebot3_teleop/turtlebot3_teleop.egg-info/top_level.txt
reading manifest file '../../../build/turtlebot3_teleop/turtlebot3_teleop.egg-info/SOURCES.txt'
writing manifest file '../../../build/turtlebot3_teleop/turtlebot3_teleop.egg-info/SOURCES.txt'
running build
running build_py
copying turtlebot3_teleop/__init__.py -> /home/zaynap/project_ws/build/turtlebot3_teleop/build/lib/turtlebot3_teleop
copying turtlebot3_teleop/script/teleop_keyboard.py -> /home/zaynap/project_ws/build/turtlebot3_teleop/build/lib/turtlebot3_teleop/script
copying turtlebot3_teleop/script/__init__.py -> /home/zaynap/project_ws/build/turtlebot3_teleop/build/lib/turtlebot3_teleop/script
running install
running install_lib
running install_data
copying resource/turtlebot3_teleop -> /home/zaynap/project_ws/install/turtlebot3_teleop/share/ament_index/resource_index/packages
copying package.xml -> /home/zaynap/project_ws/install/turtlebot3_teleop/share/turtlebot3_teleop
running install_egg_info
removing '/home/zaynap/project_ws/install/turtlebot3_teleop/lib/python3.10/site-packages/turtlebot3_teleop-2.1.5-py3.10.egg-info' (and everything under it)
Copying ../../../build/turtlebot3_teleop/turtlebot3_teleop.egg-info to /home/zaynap/project_ws/install/turtlebot3_teleop/lib/python3.10/site-packages/turtlebot3_teleop-2.1.5-py3.10.egg-info
running install_scripts
Installing teleop_keyboard script to /home/zaynap/project_ws/install/turtlebot3_teleop/lib/turtlebot3_teleop
writing list of installed files to '/home/zaynap/project_ws/build/turtlebot3_teleop/install.log'
