[1.742s] Invoking command in '/home/zaynap/project_ws/src/gap_follower': PYTHONPATH=/home/zaynap/project_ws/build/gap_follower/prefix_override:/usr/lib/python3/dist-packages/colcon_core/task/python/colcon_distutils_commands:/home/zaynap/project_ws/install/gap_follower/lib/python3.10/site-packages:${PYTHONPATH} /usr/bin/python3 -W ignore:setup.py install is deprecated -W ignore:easy_install command is deprecated setup.py egg_info --egg-base ../../build/gap_follower build --build-base /home/zaynap/project_ws/build/gap_follower/build install --record /home/zaynap/project_ws/build/gap_follower/install.log --single-version-externally-managed install_data
[2.063s] /home/zaynap/.local/lib/python3.10/site-packages/setuptools/_distutils/dist.py:270: UserWarning: Unknown distribution option: 'tests_require'
[2.063s]   warnings.warn(msg)
[2.341s] running egg_info
[2.384s] writing ../../build/gap_follower/gap_follower.egg-info/PKG-INFO
[2.385s] writing dependency_links to ../../build/gap_follower/gap_follower.egg-info/dependency_links.txt
[2.385s] writing entry points to ../../build/gap_follower/gap_follower.egg-info/entry_points.txt
[2.386s] writing requirements to ../../build/gap_follower/gap_follower.egg-info/requires.txt
[2.386s] writing top-level names to ../../build/gap_follower/gap_follower.egg-info/top_level.txt
[2.473s] reading manifest file '../../build/gap_follower/gap_follower.egg-info/SOURCES.txt'
[2.475s] writing manifest file '../../build/gap_follower/gap_follower.egg-info/SOURCES.txt'
[2.475s] running build
[2.475s] running build_py
[2.476s] copying gap_follower/optimized_gap_follower.py -> /home/zaynap/project_ws/build/gap_follower/build/lib/gap_follower
[2.476s] copying gap_follower/__init__.py -> /home/zaynap/project_ws/build/gap_follower/build/lib/gap_follower
[2.476s] copying gap_follower/naive_gap_follower.py -> /home/zaynap/project_ws/build/gap_follower/build/lib/gap_follower
[2.477s] running install
[2.487s] running install_lib
[2.532s] running install_data
[2.532s] copying resource/gap_follower -> /home/zaynap/project_ws/install/gap_follower/share/ament_index/resource_index/packages
[2.533s] copying package.xml -> /home/zaynap/project_ws/install/gap_follower/share/gap_follower
[2.533s] running install_egg_info
[2.582s] removing '/home/zaynap/project_ws/install/gap_follower/lib/python3.10/site-packages/gap_follower-0.0.0-py3.10.egg-info' (and everything under it)
[2.582s] Copying ../../build/gap_follower/gap_follower.egg-info to /home/zaynap/project_ws/install/gap_follower/lib/python3.10/site-packages/gap_follower-0.0.0-py3.10.egg-info
[2.583s] running install_scripts
[2.925s] Installing naive_gap_follower script to /home/zaynap/project_ws/install/gap_follower/lib/gap_follower
[2.926s] Installing optimized_gap_follower script to /home/zaynap/project_ws/install/gap_follower/lib/gap_follower
[2.926s] writing list of installed files to '/home/zaynap/project_ws/build/gap_follower/install.log'
[2.995s] Invoked command in '/home/zaynap/project_ws/src/gap_follower' returned '0': PYTHONPATH=/home/zaynap/project_ws/build/gap_follower/prefix_override:/usr/lib/python3/dist-packages/colcon_core/task/python/colcon_distutils_commands:/home/zaynap/project_ws/install/gap_follower/lib/python3.10/site-packages:${PYTHONPATH} /usr/bin/python3 -W ignore:setup.py install is deprecated -W ignore:easy_install command is deprecated setup.py egg_info --egg-base ../../build/gap_follower build --build-base /home/zaynap/project_ws/build/gap_follower/build install --record /home/zaynap/project_ws/build/gap_follower/install.log --single-version-externally-managed install_data
