[0.099s] Invoking command in '/home/zaynap/project_ws/build/dynamixel_sdk_examples': AMENT_PREFIX_PATH=/home/zaynap/project_ws/install/dynamixel_sdk_custom_interfaces:/home/zaynap/project_ws/install/dynamixel_sdk:${AMENT_PREFIX_PATH} CMAKE_PREFIX_PATH=/home/zaynap/project_ws/install/dynamixel_sdk_custom_interfaces:/home/zaynap/project_ws/install/dynamixel_sdk:/home/zaynap/project_ws/install/model_description:/home/zaynap/project_ws/install/robot_bringup:/opt/ros/humble LD_LIBRARY_PATH=/home/zaynap/project_ws/install/dynamixel_sdk_custom_interfaces/lib:/home/zaynap/project_ws/install/dynamixel_sdk/lib:${LD_LIBRARY_PATH} PYTHONPATH=/home/zaynap/project_ws/install/dynamixel_sdk_custom_interfaces/local/lib/python3.10/dist-packages:${PYTHONPATH} /usr/bin/cmake --build /home/zaynap/project_ws/build/dynamixel_sdk_examples -- -j8 -l8
[0.100s] [35m[1mConsolidate compiler generated dependencies of target read_write_node[0m
[0.109s] [100%] Built target read_write_node
[0.366s] Invoked command in '/home/zaynap/project_ws/build/dynamixel_sdk_examples' returned '0': AMENT_PREFIX_PATH=/home/zaynap/project_ws/install/dynamixel_sdk_custom_interfaces:/home/zaynap/project_ws/install/dynamixel_sdk:${AMENT_PREFIX_PATH} CMAKE_PREFIX_PATH=/home/zaynap/project_ws/install/dynamixel_sdk_custom_interfaces:/home/zaynap/project_ws/install/dynamixel_sdk:/home/zaynap/project_ws/install/model_description:/home/zaynap/project_ws/install/robot_bringup:/opt/ros/humble LD_LIBRARY_PATH=/home/zaynap/project_ws/install/dynamixel_sdk_custom_interfaces/lib:/home/zaynap/project_ws/install/dynamixel_sdk/lib:${LD_LIBRARY_PATH} PYTHONPATH=/home/zaynap/project_ws/install/dynamixel_sdk_custom_interfaces/local/lib/python3.10/dist-packages:${PYTHONPATH} /usr/bin/cmake --build /home/zaynap/project_ws/build/dynamixel_sdk_examples -- -j8 -l8
[0.367s] Invoking command in '/home/zaynap/project_ws/build/dynamixel_sdk_examples': AMENT_PREFIX_PATH=/home/zaynap/project_ws/install/dynamixel_sdk_custom_interfaces:/home/zaynap/project_ws/install/dynamixel_sdk:${AMENT_PREFIX_PATH} CMAKE_PREFIX_PATH=/home/zaynap/project_ws/install/dynamixel_sdk_custom_interfaces:/home/zaynap/project_ws/install/dynamixel_sdk:/home/zaynap/project_ws/install/model_description:/home/zaynap/project_ws/install/robot_bringup:/opt/ros/humble LD_LIBRARY_PATH=/home/zaynap/project_ws/install/dynamixel_sdk_custom_interfaces/lib:/home/zaynap/project_ws/install/dynamixel_sdk/lib:${LD_LIBRARY_PATH} PYTHONPATH=/home/zaynap/project_ws/install/dynamixel_sdk_custom_interfaces/local/lib/python3.10/dist-packages:${PYTHONPATH} /usr/bin/cmake --install /home/zaynap/project_ws/build/dynamixel_sdk_examples
[0.377s] -- Install configuration: ""
[0.377s] -- Up-to-date: /home/zaynap/project_ws/install/dynamixel_sdk_examples/lib/dynamixel_sdk_examples/read_write_node
[0.377s] -- Up-to-date: /home/zaynap/project_ws/install/dynamixel_sdk_examples/share/ament_index/resource_index/package_run_dependencies/dynamixel_sdk_examples
[0.378s] -- Up-to-date: /home/zaynap/project_ws/install/dynamixel_sdk_examples/share/ament_index/resource_index/parent_prefix_path/dynamixel_sdk_examples
[0.378s] -- Up-to-date: /home/zaynap/project_ws/install/dynamixel_sdk_examples/share/dynamixel_sdk_examples/environment/ament_prefix_path.sh
[0.378s] -- Up-to-date: /home/zaynap/project_ws/install/dynamixel_sdk_examples/share/dynamixel_sdk_examples/environment/ament_prefix_path.dsv
[0.378s] -- Up-to-date: /home/zaynap/project_ws/install/dynamixel_sdk_examples/share/dynamixel_sdk_examples/environment/path.sh
[0.378s] -- Up-to-date: /home/zaynap/project_ws/install/dynamixel_sdk_examples/share/dynamixel_sdk_examples/environment/path.dsv
[0.378s] -- Up-to-date: /home/zaynap/project_ws/install/dynamixel_sdk_examples/share/dynamixel_sdk_examples/local_setup.bash
[0.378s] -- Up-to-date: /home/zaynap/project_ws/install/dynamixel_sdk_examples/share/dynamixel_sdk_examples/local_setup.sh
[0.378s] -- Up-to-date: /home/zaynap/project_ws/install/dynamixel_sdk_examples/share/dynamixel_sdk_examples/local_setup.zsh
[0.379s] -- Up-to-date: /home/zaynap/project_ws/install/dynamixel_sdk_examples/share/dynamixel_sdk_examples/local_setup.dsv
[0.379s] -- Installing: /home/zaynap/project_ws/install/dynamixel_sdk_examples/share/dynamixel_sdk_examples/package.dsv
[0.379s] -- Up-to-date: /home/zaynap/project_ws/install/dynamixel_sdk_examples/share/ament_index/resource_index/packages/dynamixel_sdk_examples
[0.379s] -- Up-to-date: /home/zaynap/project_ws/install/dynamixel_sdk_examples/share/dynamixel_sdk_examples/cmake/dynamixel_sdk_examplesConfig.cmake
[0.379s] -- Up-to-date: /home/zaynap/project_ws/install/dynamixel_sdk_examples/share/dynamixel_sdk_examples/cmake/dynamixel_sdk_examplesConfig-version.cmake
[0.379s] -- Up-to-date: /home/zaynap/project_ws/install/dynamixel_sdk_examples/share/dynamixel_sdk_examples/package.xml
[0.384s] Invoked command in '/home/zaynap/project_ws/build/dynamixel_sdk_examples' returned '0': AMENT_PREFIX_PATH=/home/zaynap/project_ws/install/dynamixel_sdk_custom_interfaces:/home/zaynap/project_ws/install/dynamixel_sdk:${AMENT_PREFIX_PATH} CMAKE_PREFIX_PATH=/home/zaynap/project_ws/install/dynamixel_sdk_custom_interfaces:/home/zaynap/project_ws/install/dynamixel_sdk:/home/zaynap/project_ws/install/model_description:/home/zaynap/project_ws/install/robot_bringup:/opt/ros/humble LD_LIBRARY_PATH=/home/zaynap/project_ws/install/dynamixel_sdk_custom_interfaces/lib:/home/zaynap/project_ws/install/dynamixel_sdk/lib:${LD_LIBRARY_PATH} PYTHONPATH=/home/zaynap/project_ws/install/dynamixel_sdk_custom_interfaces/local/lib/python3.10/dist-packages:${PYTHONPATH} /usr/bin/cmake --install /home/zaynap/project_ws/build/dynamixel_sdk_examples
